396554 5537453 1.004875 118.654503 123
396554 398452 6099948 1.134539 108.190522 123 0
396554 395822 6168074 1.138937 107.648196 123 1
396554 396325 6468578 1.134788 108.535023 123 2
396554 398394 6116780 1.150730 106.718680 123 3
396554 396913 6168057 1.128822 108.436746 123 4
396554 398317 6100691 1.146791 106.725680 123 5
396554 398549 6116295 1.145381 107.081896 123 6
396554 395834 6644768 1.229087 99.928717 123 7
396554 398557 6102102 1.090898 108.437233 123 8
396554 396496 6173192 1.168691 104.895468 123 9
396554 397019 6584724 1.222759 100.248537 123 10
396554 397557 6117071 1.083705 113.086408 123 11
396554 396978 6173377 1.161098 105.611262 123 12
396554 398868 6102666 1.134785 108.050937 123 13
396554 399401 6118888 1.109702 110.380943 123 14
396554 396100 7474875 1.371588 89.178303 123 15
396554 397235 6099213 1.100076 111.403616 123 16
396554 396193 6167973 1.164027 105.366811 123 17
396554 397343 6694409 1.219194 100.478557 123 18
396554 399160 6116852 1.148534 106.826567 123 19
396554 396428 6164821 1.136679 107.914678 123 20
396554 397899 6099588 1.099647 111.345597 123 21
396554 399299 6116659 1.131832 108.093578 123 22
396554 397096 6445827 1.205850 101.579962 123 23
396554 397867 6101347 1.132913 108.222389 123 24
396554 396122 6174042 1.139284 107.351686 123 25
396554 396899 7891764 1.474660 82.777530 123 26
396554 398424 6118241 1.128427 108.597589 123 27
396554 398275 6173682 1.136081 107.899446 123 28
396554 398434 6101020 1.127251 108.609685 123 29
396554 398265 6116576 0.988639 109.187609 123 30
396554 396625 6549165 1.194528 102.600943 123 31
396554 397772 6100661 1.110286 110.451922 123 32
396554 395365 6167974 1.150723 106.396270 123 33
396554 396994 6735878 1.239483 98.587805 123 34
396554 398424 6116366 1.129720 108.511127 123 35
396554 395314 6164573 1.128878 108.449525 123 36
396554 398278 6099951 1.139996 107.626061 123 37
396554 397973 6114393 1.167188 105.102382 123 38
396554 396522 6442738 1.151480 106.285744 123 39
396554 398775 6102987 1.109111 110.436757 123 40
396554 396046 6173643 0.991978 109.285602 123 41
396554 396538 8685538 1.602766 75.777838 123 42
396554 397932 6117303 1.126693 108.728419 123 43
396554 395322 6170674 1.168613 105.063476 123 44
396554 398504 6101410 1.129959 108.525570 123 45
396554 397628 6116668 1.119446 109.347180 123 46
396554 397235 6542539 1.211920 101.196557 123 47
396554 398926 6100809 1.116187 109.832766 123 48
396554 397008 6168542 1.159228 105.470603 123 49
396554 396031 6472120 1.070159 102.129362 123 50
396554 399320 6117295 1.110141 110.519771 123 51
396554 396693 6166623 1.133317 107.995079 123 52
396554 397557 6099755 1.122107 109.066478 123 53
396553 398842 6116143 1.122109 109.255281 123 54
396554 396757 6615033 1.250354 98.059715 123 55
396554 397506 6101493 1.118718 109.340748 123 56
396554 396260 6174270 1.144485 106.948780 123 57
396554 395203 6591893 1.236662 99.002548 123 58
396554 398768 6118559 1.125211 108.622788 123 59
396554 396134 6171727 1.157062 105.858606 123 60
396554 397565 6100907 1.130856 108.153961 123 61
396554 398609 6117810 1.157218 106.052493 123 62
396554 396053 7234760 1.334546 91.495424 123 63
396554 396689 6169691 1.088968 112.502726 123 64
396554 396571 6099750 1.128264 108.554498 123 65
396554 397746 6115676 1.141031 107.400922 123 66
396554 395178 6856200 1.298900 94.275942 123 67
396554 399512 6101372 1.120364 109.034449 123 68
396554 396062 6165583 1.144119 107.104249 123 69
396554 395944 6428186 1.169556 104.659734 123 70
396553 398017 6115001 1.124835 109.008530 123 71
396554 396575 6174763 1.165572 104.977840 123 72
396554 399047 6102543 1.141117 107.476374 123 73
396554 399417 6118364 1.139290 107.596934 123 74
396554 395270 6267973 1.157404 105.894329 123 75
396554 397940 6101011 1.129651 108.516812 123 76
396554 396713 6171175 1.138325 107.662186 123 77
396554 396658 6518270 1.178787 103.718841 123 78
396554 398302 6117529 1.133708 108.133993 123 79
396554 397552 6169639 1.153201 106.288982 123 80
396554 397636 6099929 1.141917 107.194491 123 81
396554 399265 6117515 1.158923 105.628356 123 82
396554 396010 6489501 1.177464 104.045207 123 83
396554 397373 6099725 1.110114 110.417912 123 84
396554 396852 6167458 1.148673 106.710646 123 85
396554 396391 6563937 1.206809 101.418861 123 86
396554 398481 6115764 1.103907 110.958099 123 87
396553 396874 6174970 1.151952 106.330494 123 88
396554 398806 6101754 1.147229 106.853972 123 89
396554 399461 6119212 1.140524 107.520111 123 90
396554 396944 6633577 1.067129 98.610847 123 91
396554 397814 6101013 1.136495 107.709061 123 92
396554 395763 6171295 1.155268 105.898089 123 93
396554 396013 6955603 1.286307 95.181437 123 94
396554 399631 6120040 1.157720 105.911151 123 95
396554 396098 6167492 1.144984 107.002189 123 96
396554 397221 6099723 1.131916 108.069153 123 97
396554 399227 6116976 1.129849 108.483727 123 98
396554 396078 6485023 1.214035 100.840514 123 99
396554 397395 6099372 1.134560 107.906599 123 100
396554 397111 6166533 1.115889 109.846537 123 101
396554 396204 6586646 1.227720 99.594230 123 102
396554 397801 6115104 1.109011 110.336018 123 103
396554 395577 6173397 1.156178 105.975341 123 104
396554 396801 6100903 1.115316 109.822338 123 105
396554 398404 6118284 1.097817 111.165811 123 106
396554 397599 6621424 1.236276 98.874145 123 107
396554 397957 6101282 1.153463 106.344219 123 108
396554 396954 6171960 1.150883 106.470144 123 109
396553 396079 7069559 1.282655 95.385248 123 110
396554 397507 6117394 1.129558 108.560392 123 111
396554 398167 6171323 1.136441 107.779894 123 112
396554 397872 6100339 1.126142 108.804141 123 113
396554 397671 6115993 1.129742 108.476017 123 114
396554 396386 6794380 1.250935 97.684636 123 115
396554 399037 6100993 1.143903 107.175108 123 116
396554 396084 6165111 1.136463 107.806904 123 117
396554 395872 6431609 1.167043 104.914311 123 118
396554 398567 6116361 1.133250 108.041866 123 119
396554 397367 6176023 1.144962 107.140301 123 120
396554 397433 6100673 1.134945 107.890259 123 121
396554 398658 6118379 1.115852 109.704579 123 122
396554 398618 6101801 1.113118 109.899943 123 124
396554 395746 6170421 1.131137 108.260424 123 125
396554 395631 6521761 1.193228 102.612851 123 126
396553 397931 6116520 1.126541 108.829767 123 127
