21522060
267537 275675 284224 285467 301156 306891 306657 308357 303913 300373 306173 300682 302980 301175 299636 304246 302171 297828 300162 301128 313562 307742 311759 312091 312559 312232 305719 310441 310717 300792 309196 309343 304608 306505 309716 310320 308858 309322 309288 309933 296601 298584 299489 301475 300011 300354 297197 298458 301415 302077 309068 306920 307510 306781 307958 309855 317412 320707 322745 316854 328314 326502 326098 326660 322678 324886 326091 326039 326717 325127
32948 33734 35082 32130 28978 31338 31364 41963
33763 34648 36255 33357 29963 32081 32084 43524
34612 35421 37833 34513 30775 33187 33589 44294
34782 35507 37828 34446 31064 33340 33544 44956
36604 37649 40074 36411 32935 34939 35308 47236
37433 38332 40351 37069 33479 35895 36306 48026
37561 38315 40519 36760 33192 35682 36299 48329
37758 38421 40885 37293 33646 36035 36186 48133
36906 37629 40125 36891 33028 35643 35774 47917
36840 37399 39743 36116 32794 35049 35106 47326
35681 47666 33854 35320 41107 36330 37091 39124
34726 47677 33154 34622 40413 35702 36442 37946
35471 47760 33735 34905 40499 35892 37111 37607
34982 47727 33343 34591 40339 35810 36583 37800
34629 47730 33062 34327 40310 35582 36350 37646
35463 47792 33691 35205 40853 36486 36632 38124
35196 47914 33492 34804 40169 35711 36827 38058
34527 47245 32795 34442 39597 35750 35987 37485
34630 47375 33207 34831 40309 35766 36224 37820
34871 47751 33408 34665 40210 35838 36616 37769
37781 39827 41822 37616 33871 37110 37041 48494
37423 38757 40690 36784 33206 36424 36350 48108
37689 39022 41368 37116 33541 37194 37154 48675
37875 39072 41847 36992 33818 36653 37141 48693
37761 39082 41698 37376 33781 36879 37262 48720
37944 39062 41674 37184 33641 36602 37414 48711
37100 38279 40679 36514 33087 36326 35792 47942
37721 38943 40977 37439 33555 36682 36803 48321
37844 38660 41347 37031 33646 36549 36970 48670
36307 37541 39884 35823 32566 35718 35751 47202
38559 37434 36833 41037 35893 34184 48357 36899
38782 37551 36885 41781 35497 34040 48633 36174
38118 36827 36277 40852 35416 33719 48083 35316
38413 37021 36194 40939 35388 34021 48377 36152
38943 37646 36670 40961 36364 34322 48740 36070
38794 37590 36685 41702 35972 34473 48743 36361
38987 36940 36655 41391 36006 34058 48804 36017
38780 37121 36803 41408 35781 34117 48906 36406
38720 37497 36501 41468 36152 34006 48804 36140
38776 37283 36900 41403 35895 34483 48811 36382
34399 46953 32685 34080 39881 35414 36151 37038
34714 47652 32984 34159 40074 35432 35848 37721
34604 47874 32963 34537 39973 35719 36191 37628
35126 47902 33216 34717 40539 35677 36531 37767
34496 47856 33472 34625 40451 35841 35695 37575
35022 47803 32953 34752 39995 35443 36089 38297
34509 46939 32952 34169 39842 35300 36081 37405
34850 47651 33007 34408 39818 35445 35890 37389
35045 47910 32842 34839 40342 35851 36406 38180
35287 47947 33177 34979 40504 35664 36257 38262
38698 37998 36741 41842 35004 34415 48483 35887
38399 37014 36819 41086 35285 34149 48727 35441
38680 37140 36642 41036 35395 34265 48803 35549
38237 36869 36301 41295 35052 34333 48714 35980
38452 37461 36613 41096 35245 34441 48731 35919
38965 37398 36746 41436 35764 34486 49083 35977
40219 38322 37385 42637 36347 35474 50236 36792
40114 38816 37858 42974 36781 35662 51180 37322
40622 38699 38152 43408 37212 36222 51004 37426
39891 38737 37481 42513 36319 35083 50214 36616
38902 35315 50859 39120 40966 40109 39541 43502
38732 35218 50791 39089 40863 39901 38767 43141
38793 35342 50745 39047 40274 39993 38891 43013
38484 35186 50768 38923 40776 39975 39539 43009
38268 34724 50750 38364 40326 39262 38223 42761
38449 34984 50773 38503 40591 39484 39107 42995
38775 35088 50785 39200 40612 39599 38907 43125
38376 35008 50741 38859 40645 39571 39145 43694
38377 34916 50812 38756 40882 40242 39335 43397
38832 34789 50835 38605 40438 39614 38868 43146
