16827758
235862 239571 245004 247540 246830 242414 245899 246874 243231 253162 257121 243907 262272 249741 248986 249195 240328 245847 247984 244584 255884 257391 257708 251578 249230 253875 247644 246965 248713 246933 231540 243209 245478 243785 242081 237261 245864 242518 240767 240679 232588 227004 231525 232764 233583 239763 238669 236511 237919 235548 242057 228497 233754 233279 228189 230477 223495 229424 229057 232524 233319 226249 231387 230977 234050 229443 230978 229627 229638 229772
28916 29753 31032 28271 25581 27630 27582 37097
29565 30095 31384 28943 26082 27914 27958 37630
29882 30610 32294 29810 26671 28560 28881 38296
30139 30745 33054 30013 26749 28858 29058 38924
29945 30937 32937 29615 26880 28768 29123 38625
29466 30159 32163 29415 26504 28300 28348 38059
30018 30694 32128 29728 26812 28620 29168 38731
30296 30792 32822 29581 26774 28818 29136 38655
29489 30547 31969 29539 26407 28328 28778 38174
31114 31209 33681 30445 27760 29782 29588 39583
29778 40416 28554 29527 34269 30551 31198 32828
28658 38816 27010 27887 32612 29054 29263 30607
30614 41156 29011 30167 35315 31008 31812 33189
28868 39545 27763 28827 33463 29626 30307 31342
28952 39493 27453 28646 33478 29534 30174 31256
29088 39255 27673 28610 33240 29849 30430 31050
27943 37979 26692 27618 32275 28387 29257 30177
28479 39279 27090 28182 32835 29257 29755 30970
28818 38950 27402 28718 33576 29650 29915 30955
28442 38765 26995 28152 32445 28991 29897 30897
31106 32562 34230 30878 27458 30270 30053 39327
31039 32607 34106 30899 27446 30650 30438 40206
30981 32453 34383 31073 27836 30545 30359 40078
30274 31310 33737 30005 27097 29651 29957 39547
30097 31415 33292 29736 26950 29575 29385 38780
30767 32044 33727 30330 27463 29856 30091 39597
30068 30998 32538 29779 26633 29520 29392 38716
29781 30819 33092 29330 26631 29355 29522 38435
30189 31227 33288 29500 26779 29280 29473 38977
29734 30906 33094 29381 26769 29065 29551 38433
28957 28168 27419 30810 27012 25341 36405 27428
30639 29374 28766 32459 28222 26888 38353 28508
31127 29752 29081 32705 28642 27015 38458 28698
30718 29645 28762 32717 28356 26668 38346 28573
30339 29180 29020 32576 27972 26474 38143 28377
29609 28630 27998 31577 27622 26492 37453 27880
30727 29717 29039 32984 28650 27061 38676 29010
30290 29303 28915 32168 28037 26887 38224 28694
30081 29342 28712 32323 27878 26394 38012 28025
30187 28992 28710 32432 27941 26685 37671 28061
27113 36416 25731 26864 31040 27713 28702 29009
26296 36486 24806 26032 29967 27129 27333 28955
27041 36621 25816 26448 31241 27523 27929 28906
27208 37017 25569 26875 31054 27861 28020 29160
27100 36959 25728 26807 31260 28011 28384 29334
28001 37881 26454 27489 32403 28340 28865 30330
27834 37983 26180 27601 31693 28326 28666 30386
27426 37822 25950 27444 31503 28079 28597 29690
27703 37732 26384 27540 31781 28220 28768 29791
27309 37537 25879 27298 31544 28191 28359 29431
30107 30038 28627 32391 27993 27195 37585 28121
28560 27401 27174 30662 25926 25600 36576 26598
29360 28321 27586 31422 26812 26000 37257 26996
29293 28329 27492 31394 26908 25874 36971 27018
28445 27666 27257 30517 26253 25571 36179 26301
29032 27626 27135 31288 26505 25563 36754 26574
27900 27046 26336 29950 25996 24755 35352 26160
28685 27268 27452 30756 26554 25427 36498 26784
28815 27637 27259 30569 26314 25311 36755 26397
29424 28111 27534 31197 26505 25887 36632 27234
27764 25038 35931 27857 29013 28533 28141 31042
27005 24366 35126 27098 28227 27407 27046 29974
27106 24579 36073 27939 28828 28250 27741 30871
27371 24948 35981 27591 28833 27948 27621 30684
27665 25085 36549 27749 29339 28350 28022 31291
27178 24613 35821 27298 28580 28161 27697 30095
27381 24776 36034 27401 28970 28181 27727 30508
27037 24784 35793 27385 28683 27994 27543 30408
26977 24726 35681 27481 28300 28068 27561 30844
27299 24947 35893 26957 28910 27973 27383 30410
