17052422
254549 248998 245124 242101 247680 257840 252058 249414 243758 249506 236237 235590 248527 243781 240724 224247 240683 247417 243787 244339 247375 253933 259875 255451 246252 211270 214163 258443 250716 247578 248442 248965 256653 253854 250792 249264 253209 250519 245199 247687 245495 241712 237162 235416 232627 242861 241686 235771 235599 237120 245141 241507 237161 246140 246799 244535 189434 237130 243440 257530 240695 237640 235667 248708 245471 239356 241411 238919 250106 253813
31377 31691 33943 30766 27482 29815 29842 39633
30455 31079 32858 30074 27096 29377 29197 38862
30066 30433 32598 29732 26715 28500 28430 38650
29519 29861 31869 29131 26435 28324 28796 38166
29990 31024 33181 30011 26716 28771 29148 38839
31524 32277 33872 31433 28220 30108 30163 40243
30669 31508 33476 30456 27480 29524 29411 39534
30544 31139 33178 30090 27017 29050 29249 39147
29864 29935 32306 29724 26308 28691 28529 38401
30531 31079 32918 30105 27473 28962 29139 39299
27850 37321 26128 27031 31785 28130 28518 29474
27712 36990 26095 26929 31679 28079 28580 29526
28361 39316 27823 28624 33398 29775 29971 31259
28241 38604 27291 27806 32954 28592 29721 30572
28273 38056 26679 27628 31995 28631 29192 30270
26124 35563 24806 25541 30042 26774 27230 28167
28177 38212 26779 27668 31966 28491 29117 30273
28567 39397 27259 28171 33150 29677 30084 31112
28202 38685 26914 28160 32675 29158 29549 30444
28513 38472 27350 28123 32232 29193 29548 30908
30003 31583 32881 29496 26531 29332 29227 38322
30994 31401 33580 30317 27438 30110 30335 39758
31359 32470 34457 31138 28197 30854 30815 40585
30777 32094 33689 30619 27724 30250 30555 39743
29579 30719 32603 29789 26466 28866 29392 38838
25368 26369 28230 24693 22760 25177 25281 33392
26157 26873 28541 26109 22993 25104 25564 32822
31451 32363 34529 31095 27560 30340 30875 40230
30097 31375 33285 29937 26796 30023 29874 39329
29742 31167 32685 29466 26936 29240 29844 38498
31278 30270 29444 33166 29134 27464 38749 28937
30987 30492 29466 32932 29138 27320 39311 29319
32150 31344 30198 34566 29752 28065 40589 29989
31641 30755 30193 33837 29528 28189 40017 29694
31517 30362 29618 33599 29102 27783 39508 29303
30927 30265 29460 33591 28968 27555 39262 29236
31636 30590 30164 33863 29144 27684 40349 29779
31508 30462 29649 33315 29480 27539 39489 29077
30725 29642 29170 32741 28431 26985 38952 28553
30896 30431 29299 33348 28897 27320 38654 28842
28605 38721 26774 28167 32854 29298 29925 31151
28107 38818 26721 27918 32370 28410 28917 30451
27403 38067 26036 27084 31919 28289 28741 29623
27361 37598 26165 27034 31273 28029 28399 29557
26919 36928 26054 26764 31072 27757 27985 29148
28282 38770 26880 28073 32404 28775 28914 30763
28100 38627 26455 27560 32384 28617 29414 30529
27272 37612 26355 27083 31500 27849 28531 29569
27394 37389 26094 27071 31549 27794 28499 29809
27617 37143 26300 27653 31721 28339 28928 29419
30723 29982 28965 32828 28146 27339 38794 28364
30487 29418 28605 32188 27630 26864 38426 27889
29800 28522 27911 31915 27334 26457 37745 27477
30914 29719 29201 32980 28075 27456 39115 28680
31099 29844 29384 32984 28354 27263 39416 28455
30408 29934 28631 32736 28123 27372 38907 28424
23773 23020 22154 25682 21555 21282 29897 22071
29727 28542 27930 31857 27019 26705 37658 27692
30671 29511 28864 32490 27785 27273 38670 28176
32113 30869 30725 34567 29769 28734 40786 29967
28669 25619 37280 28733 30126 29238 29055 31975
28005 25632 37078 28246 29707 29091 28412 31469
27882 25419 36815 28025 29523 28685 28207 31111
29359 27038 38676 29447 31139 30490 29885 32674
29412 26736 38283 28870 30347 29751 29258 32814
28145 25877 37682 28396 29761 29207 28511 31777
28418 25852 37552 29019 30425 29314 28944 31887
28204 25657 36950 28715 29863 28894 28523 32113
29803 26690 38860 30073 31110 30480 29873 33217
30256 27513 39410 30105 31822 30466 30591 33650
