21508210
265730 279004 279619 286378 302536 307055 308238 306055 304474 302386 303978 301306 301715 301462 298887 301815 302234 300493 299573 302092 311290 309614 312330 310722 313180 312451 305326 309499 313111 301466 309180 307297 305704 306056 308940 308465 310730 310248 306108 309558 296976 297687 300605 301199 298586 299147 294240 297911 301031 302521 308319 306279 306306 305913 307420 310099 316306 322519 321514 315265 327259 327398 328322 325605 326990 323032 325861 324470 325154 327707
32737 33049 35446 32069 28698 31128 31153 41450
34093 34886 36843 33670 30436 32846 32752 43478
34141 34507 37089 33945 30492 32539 32680 44226
35000 35706 37998 34406 31036 33264 33908 45060
36801 37891 39923 36924 32891 35511 35346 47249
37386 38303 40796 37229 33535 35861 35879 48066
37722 38470 40978 37122 33465 35957 36150 48374
37525 37782 40545 37330 33097 35877 35747 48152
37418 37852 40487 36750 33140 35282 35681 47864
37255 37630 40097 36280 32945 35412 35502 47265
34946 47867 33851 34983 40820 36368 36651 38492
34931 47671 33772 34388 40640 35416 36637 37851
35345 47755 33327 34606 40240 35785 36728 37929
35202 47724 33524 34541 40109 35969 36530 37863
34602 47735 32929 34082 39924 35690 36234 37691
35077 47831 33385 34774 40404 36184 36471 37689
35194 47910 33567 34594 40230 36017 36524 38198
35098 47186 33156 34653 40469 35706 36478 37747
34520 47390 33126 34559 40271 35665 36365 37677
34984 47739 33409 34731 40451 35961 36938 37879
37374 39306 41219 37610 33358 36761 37079 48583
37590 38862 41387 36721 33266 36483 37257 48048
38083 39039 41740 37606 33301 36828 37087 48646
37171 39123 41110 37211 33377 36878 37148 48704
38043 39269 41401 36997 34026 37452 37289 48703
37900 39455 41583 36961 33769 37017 37061 48705
37199 38156 40625 36685 33016 35654 36058 47933
37579 38773 41040 36989 33324 36658 36740 48396
37978 38975 41272 37584 33704 37545 37406 48647
36461 37839 40138 36163 32496 35210 35935 47224
38852 37361 36708 41254 35960 34035 48518 36492
38696 37250 36568 40956 35765 33775 48651 35636
38104 37003 35884 41293 35756 33884 48059 35721
38366 37338 36222 40495 35651 33813 48354 35817
38467 37530 36648 41266 36070 34120 48713 36126
38586 37368 36791 41012 35671 34139 48792 36106
38788 37800 36923 41646 36106 34474 48787 36206
38936 37547 37014 41402 36147 34056 48841 36305
38243 37296 36249 40533 35643 33543 48840 35761
38823 37172 36953 41753 36020 34007 48838 35992
34397 46917 32653 34264 39806 35582 36131 37226
34453 47625 32676 34425 39543 35385 36087 37493
34931 47849 33119 34791 39730 35910 36263 38012
34795 47928 33037 34785 40409 35664 36625 37956
34331 47817 32915 34520 39652 35629 35954 37768
34776 47882 32900 34609 39828 35753 35754 37645
34200 46912 32354 33895 39066 35285 35501 37027
34588 47650 32632 34455 39763 35472 35881 37470
34938 47907 33191 34910 40200 35699 36293 37893
35035 47935 33470 34893 40498 35832 36531 38327
38522 37950 36666 40943 35244 34476 48447 36071
38471 37087 36320 40983 35051 34134 48721 35512
38473 37502 36327 40791 35044 33860 48805 35504
38433 36976 36086 41159 35265 33851 48713 35430
38462 36857 36399 41408 35397 34163 48736 35998
38935 37643 36670 42125 35417 34281 49082 35946
40111 38047 37241 42531 36289 34955 50233 36899
40720 38812 38181 43133 37067 35905 51162 37539
40623 38795 38065 42818 37284 35738 51037 37154
39571 37595 37455 42519 36211 35229 50209 36476
38643 35185 50607 39002 41093 39556 39744 43429
39189 35533 50770 38776 41131 39651 39024 43324
38678 35258 50752 39189 41232 40382 39455 43376
38721 34989 50780 38673 40642 39812 39063 42925
38770 35238 50737 38827 40891 39861 39359 43307
38080 34646 50794 38379 40100 39437 38659 42937
38836 35018 50841 38714 40859 39619 38911 43063
38447 34793 50778 38555 40654 39359 38746 43138
38386 35031 50836 38543 40627 39645 38915 43171
38621 35475 50809 39048 41152 40078 38907 43617
