16800579
233963 240153 242623 246730 246802 243154 246507 246882 242589 251410 256308 246146 259948 249707 250059 247121 239310 246488 245696 245570 254495 257569 256762 253252 246977 254312 249091 245414 249553 247068 234240 240835 243767 243729 240422 239098 243585 241133 239742 240484 231010 224501 230483 231004 232593 237340 238348 236494 237516 238583 239254 228769 233055 233086 227329 231094 223582 230618 230290 228951 235322 224898 230504 231932 233348 230150 230576 229354 230075 231472
28799 29179 31256 28275 25315 27355 27478 36306
29473 29764 31723 29038 26119 28345 28165 37526
29667 30388 32175 29402 26392 28265 27999 38335
30049 30360 32556 29694 26945 28820 29393 38913
29998 30966 32964 29899 26588 28694 29079 38614
29708 30313 31959 29671 26556 28442 28469 38036
29957 30812 32740 29832 27001 28838 28696 38631
30286 30953 32822 29660 26749 28634 29060 38718
29701 29927 32213 29520 26187 28609 28315 38117
30811 31284 33189 30412 27484 29224 29401 39605
29994 40386 28481 29481 34450 30550 30897 32069
28958 38786 27213 27948 33079 29401 29911 30850
29767 41081 28994 30009 34947 31095 31396 32659
28861 39516 28060 28412 33840 29320 30367 31331
29360 39512 27604 28736 33331 29697 30416 31403
28828 39197 27436 28182 32937 29536 29901 31104
27941 38004 26624 27545 31879 28278 29022 30017
28547 39218 27220 28170 32907 29550 29897 30979
28499 38982 27028 28273 32947 29368 29871 30728
28725 38693 27418 28185 32534 29390 29609 31016
30702 32420 33768 30439 27382 30191 30143 39450
31510 31934 34198 30699 27822 30438 30624 40344
30902 32094 34043 30838 27833 30491 30542 40019
30506 31859 33416 30311 27384 29998 30221 39557
29725 30775 32702 29893 26485 28991 29563 38843
30566 31747 33934 30194 27512 30364 30411 39584
30264 31323 33322 30025 26707 29017 29742 38691
29887 30582 32670 29369 26227 29141 29120 38418
29996 31437 33069 29955 26721 29581 29854 38940
29942 31143 32720 29163 26807 29465 29467 38361
29331 28492 27746 31072 27571 25835 36403 27790
29971 29372 28572 32039 27990 26300 38335 28256
30471 29825 28586 33036 28239 26737 38465 28408
30494 29403 28943 32314 28444 27113 38358 28660
30077 29265 28546 32280 27932 26495 37948 27879
29742 29019 28212 32162 27648 26440 37646 28229
30457 29447 29020 32560 28143 26774 38649 28535
30302 29263 28434 32118 28302 26482 38192 28040
30073 28962 28584 31920 27871 26407 38005 27920
30071 29336 28381 32620 27908 26544 37670 27954
26828 36501 25256 26462 31076 27404 28209 29274
26188 36417 24726 25930 29591 26531 26757 28361
26591 36459 25334 26392 31426 27381 28079 28821
26849 37025 25668 26471 30767 27507 27781 28936
27022 36969 25955 26801 30814 27780 28016 29236
27557 37914 26352 27200 31886 28093 28263 30075
27822 37946 26164 27417 31873 28211 28927 29988
27322 37837 26390 27097 31518 27979 28647 29704
27595 37765 26218 27332 31766 28050 28809 29981
27708 37493 26566 27588 32109 28488 28899 29732
29982 29249 28205 32149 27620 26725 37602 27722
28749 27774 27167 30498 26116 25479 36581 26405
29187 28131 27405 31184 26876 25945 37253 27074
29550 28229 27600 31340 26382 26030 36944 27011
28476 27526 27040 30298 26366 25208 36208 26207
28985 28074 27330 30999 26428 25732 36715 26831
27853 27351 25962 30110 25675 25022 35360 26249
28897 27960 27265 31075 26225 26014 36494 26688
29050 27674 27207 30745 26403 25812 36630 26769
28487 27609 27245 30550 26070 25600 36709 26681
28267 25325 35990 28340 29400 28350 28766 30884
26414 23956 35181 26715 28185 27606 26724 30117
27322 24838 36117 27402 28760 28151 27543 30371
27354 25128 35996 27553 29124 28210 27913 30654
27704 25558 36523 27351 29135 28446 27895 30736
27414 24946 35834 27305 28480 28192 27359 30620
27149 25006 36064 27429 28668 28063 27624 30573
26999 24450 35772 27581 28932 27659 27485 30476
27205 24654 35729 27740 28808 27719 27513 30707
27421 24828 35897 27831 28731 28314 27524 30926
