1
distnocache 43030270 70
533267 554679 563843 571845 603692 613946 614895 614412 608387 602759 610151 601988 604695 602637 598523 606061 604405 598321 599735 603220 624852 617356 624089 622813 625739 624683 611045 619940 623828 602258 618376 616640 610312 612561 618656 618785 619588 619570 615396 619491 593577 596271 600094 602674 598597 599501 591437 596369 602446 604598 617387 613199 613816 612694 615378 619954 633718 643226 644259 632119 655573 653900 654420 652265 649668 647918 651952 650509 651871 652834
65685 66783 70528 64199 57676 62466 62517 83413
67856 69534 73098 67027 60399 64927 64836 87002
68753 69928 74922 68458 61267 65726 66269 88520
69782 71213 75826 68852 62100 66604 67452 90016
73405 75540 79997 73335 65826 70450 70654 94485
74819 76635 81147 74298 67014 71756 72185 96092
75283 76785 81497 73882 66657 71639 72449 96703
75283 76203 81430 74623 66743 71912 71933 96285
74324 75481 80612 73641 66168 70925 71455 95781
74095 75029 79840 72396 65739 70461 70608 94591
70627 95533 67705 70303 81927 72698 73742 77616
69657 95348 66926 69010 81053 71118 73079 75797
70816 95515 67062 69511 80739 71677 73839 75536
70184 95451 66867 69132 80448 71779 73113 75663
69231 95465 65991 68409 80234 71272 72584 75337
70540 95623 67076 69979 81257 72670 73103 75813
70390 95824 67059 69398 80399 71728 73351 76256
69625 94431 65951 69095 80066 71456 72465 75232
69150 94765 66333 69390 80580 71431 72589 75497
69855 95490 66817 69396 80661 71799 73554 75648
75155 79133 83041 75226 67229 73871 74120 97077
75013 77619 82077 73505 66472 72907 73607 96156
75772 78061 83108 74722 66842 74022 74241 97321
75046 78195 82957 74203 67195 73531 74289 97397
75804 78351 83099 74373 67807 74331 74551 97423
75844 78517 83257 74145 67410 73619 74475 97416
74299 76435 81304 73199 66103 71980 71850 95875
75300 77716 82017 74428 66879 73340 73543 96717
75822 77635 82619 74615 67350 74094 74376 97317
72768 75380 80022 71986 65062 70928 71686 94426
77411 74795 73541 82291 71853 68219 96875 73391
77478 74801 73453 82737 71262 67815 97284 71810
76222 73830 72161 82145 71172 67603 96142 71037
76779 74359 72416 81434 71039 67834 96731 71969
77410 75176 73318 82227 72434 68442 97453 72196
77380 74958 73476 82714 71643 68612 97535 72467
77775 74740 73578 83037 72112 68532 97591 72223
77716 74668 73817 82810 71928 68173 97747 72711
76963 74793 72750 82001 71795 67549 97644 71901
77599 74455 73853 83156 71915 68490 97649 72374
68796 93870 65338 68344 79687 70996 72282 74264
69167 95277 65660 68584 79617 70817 71935 75214
69535 95723 66082 69328 79703 71629 72454 75640
69921 95830 66253 69502 80948 71341 73156 75723
68827 95673 66387 69145 80103 71470 71649 75343
69798 95685 65853 69361 79823 71196 71843 75942
68709 93851 65306 68064 78908 70585 71582 74432
69438 95301 65639 68863 79581 70917 71771 74859
69983 95817 66033 69749 80542 71550 72699 76073
70322 95882 66647 69872 81002 71496 72788 76589
77220 75948 73407 82785 70248 68891 96930 71958
76870 74101 73139 82069 70336 68283 97448 70953
77153 74642 72969 81827 70439 68125 97608 71053
76670 73845 72387 82454 70317 68184 97427 71410
76914 74318 73012 82504 70642 68604 97467 71917
77900 75041 73416 83561 71181 68767 98165 71923
80330 76369 74626 85168 72636 70429 100469 73691
80834 77628 76039 86107 73848 71567 102342 74861
81245 77494 76217 86226 74496 71960 102041 74580
79462 76332 74936 85032 72530 70312 100423 73092
77545 70500 101466 78122 82059 79665 79285 86931
77921 70751 101561 77865 81994 79552 77791 86465
77471 70600 101497 78236 81506 80375 78346 86389
77205 70175 101548 77596 81418 79787 78602 85934
77038 69962 101487 77191 81217 79123 77582 86068
76529 69630 101567 76882 80691 78921 77766 85932
77611 70106 101626 77914 81471 79218 77818 86188
76823 69801 101519 77414 81299 78930 77891 86832
76763 69947 101648 77299 81509 79887 78250 86568
77453 70264 101644 77653 81590 79692 77775 86763
