1
distnocache 34122317 70
518428 495367 492803 485443 493843 515826 503535 497552 489748 499941 475239 467558 498226 487782 481381 449553 481578 494516 489589 487298 496531 508157 520170 508907 495968 427617 420891 517018 502148 494192 494016 497429 515688 508002 501738 498901 508806 501761 492573 494367 491900 485049 475338 473088 466385 487183 483596 471294 471359 470908 492524 481786 475094 492671 494018 489094 377248 475749 484580 515890 483821 476410 470669 497065 490484 481035 482463 476384 498268 500335
63826 64967 68583 62445 56085 60742 60748 81032
60647 62014 65195 59891 53860 58025 57989 77746
60262 61357 65442 59877 53591 57394 57639 77241
59276 60073 64232 58531 52895 56719 57321 76396
59819 61907 66076 59693 53489 57319 58049 77491
62905 64370 67985 62574 56484 60368 60527 80613
61455 62907 66495 60769 54829 58907 59082 79091
60926 62135 65907 59850 53875 57838 58746 78275
59865 60664 64760 59598 53124 57400 57528 76809
61097 62017 66289 60327 54872 58364 58410 78565
55681 74679 52660 54485 63760 56584 57322 60068
54875 73858 51868 53434 62643 55682 56517 58681
57405 78733 55371 57370 66925 59418 60213 62791
56493 77168 54364 55954 65709 57495 59419 61180
56380 76149 53396 55283 64341 57078 58300 60454
52393 71153 49662 51522 60000 53783 54784 56256
56116 76322 53581 55315 64302 57017 58399 60526
57119 78849 54440 56424 66315 59126 60033 62210
56915 77346 54080 56682 65896 58430 59127 61113
56793 76944 54192 56033 64543 58029 59176 61588
60246 63415 66136 59468 53198 58851 58544 76673
61663 63441 67356 60923 54575 60357 60455 79387
62654 65271 69172 62378 56392 61623 61515 81165
61325 63690 67588 61078 54962 60136 60594 79534
59793 62029 66129 59494 53430 58528 58938 77627
51360 53812 56943 50572 46141 50655 50888 67246
51404 52699 55697 50926 45302 49608 50132 65123
62760 64818 68871 61773 55404 61303 61593 80496
60476 62909 66956 59875 53866 59526 59879 78661
59461 61871 65799 58803 53779 58228 59219 77032
61994 60220 58603 65896 57609 54361 77452 57881
62170 60471 58995 66053 58084 54667 78514 58475
64967 62724 60698 68975 59999 56712 81228 60385
63728 61667 60427 67955 58898 55970 80015 59342
63163 60535 59416 67299 58324 55289 78992 58720
61998 60435 58987 67008 57894 55249 78676 58654
63566 61532 60316 68069 58938 55909 80580 59896
62818 60730 59664 66733 58609 55397 79101 58709
61729 59888 58629 65850 57091 54062 77930 57394
61776 60187 58858 66491 57429 54664 77462 57500
57357 77225 54040 56641 65807 58743 60093 61994
56360 77648 53278 55968 64651 57453 58336 61355
55165 76124 52549 54217 63817 56607 57575 59284
55167 75252 52217 54497 63036 56527 56923 59469
53981 73853 51887 53586 62394 55710 56320 58654
56909 77433 53799 56110 65275 57567 58449 61641
56024 77256 53094 55569 64675 57406 58388 61184
54758 75296 52079 54387 62749 55728 57138 59159
54994 74782 52261 54296 63072 55720 56911 59323
54517 74310 52017 54819 63126 56392 57078 58649
61540 60622 58292 65794 56621 55085 77498 57072
60687 58030 57186 64441 55000 53785 76847 55810
59639 57519 55901 63919 54551 52958 75534 55073
61848 59687 58412 66051 56618 54903 78110 57042
61959 59632 58774 66244 56792 54871 78910 56836
61142 59418 57247 65910 56381 54321 77785 56890
47129 45743 44472 50560 43329 42154 59845 44016
59737 56904 56378 64062 54536 53285 75327 55520
60929 58545 57501 64764 55520 53836 77220 56265
64802 62298 61391 69111 59202 57556 81632 59898
57766 51485 74589 57855 60405 58877 58487 64357
56164 51294 74151 56931 59489 58273 56874 63234
55413 50656 73635 56161 58893 56952 56443 62516
58978 53785 77282 58945 62191 60493 59737 65654
58337 52978 76551 58062 60804 59855 58683 65214
56725 51802 75341 57031 60130 58879 57604 63523
56828 51873 75107 57828 60519 58680 57769 63859
56128 51167 73913 57129 59165 57961 57029 63892
59337 53538 77607 59274 62297 60534 59588 66093
59542 54052 77755 59182 62719 60640 59971 66474
