1
FarReach 60905819 515
369031 992917 1508348 1854889 1859030 1988052 1825141 3086327 2793431 1935718 936305 1545495 2918637 2814169 2584192 2427068 2486921 2440977 2111946 2764929 1800721 1008975 1478190 2125577 2825570 1919603 2703616 2285251 1655127 1855804
9954 10039 14059 15252 14145 13212 12558 12301 11642 11467 11048 10902 10602 10713 61306 10189
27441 27027 37313 41502 37949 35473 33931 32311 31232 30429 29870 29399 28670 28216 77842 27584
41733 42099 56877 62913 57020 53645 51137 49230 47676 46602 45417 44419 43645 42957 72744 41921
50693 52305 71207 77065 70450 66126 62627 60346 58747 57192 55571 54310 52723 52688 59471 51368
51081 53011 71815 77416 70849 65937 62561 61286 58580 56826 55811 54496 53401 52595 52230 51273
54733 56278 75829 82473 75613 70000 67362 64943 62729 61276 59789 58589 57536 56791 56062 54918
50486 51731 70024 76107 69526 64874 62175 59517 57919 56509 55033 53742 53171 51227 51333 50558
85487 87824 118080 128312 117164 110410 104139 101511 97899 94948 92443 90816 89556 88323 86118 85102
76773 79654 107594 116530 106142 98553 94240 91400 88265 85750 84640 82506 80654 79455 78149 77030
53163 55141 74637 80160 73434 69016 65739 63289 60704 59402 58074 57208 56569 55279 54567 53935
25946 26748 35982 38875 35632 33598 31552 30405 29792 28733 28336 27769 27210 87716 37249 25964
42383 44613 60907 64243 58004 54868 52220 50297 48793 47430 46500 45563 44655 68510 69197 42798
80295 85362 116875 120837 110477 103663 99025 95143 92831 89922 87590 87093 84518 82847 86224 80749
77780 81576 112130 116120 106627 100340 95281 91448 88566 86816 84887 82420 81695 80435 79223 77775
71385 75141 103290 106381 98083 92129 87254 83838 82092 79587 78121 76146 74580 73231 72157 71594
66966 70535 96285 100772 92231 86239 82132 79214 76428 74674 72679 71702 70489 69024 67767 67550
68686 72343 99547 103255 94484 88623 84660 81098 78492 76464 74498 73366 71861 70454 69898 69017
67424 70765 97535 101299 92692 86796 82853 79565 77086 75520 73494 71667 70210 69568 68199 67583
58056 61493 84389 87474 80458 74718 71064 69096 66772 65483 63163 62039 61304 60550 59026 58348
76159 80661 110316 114710 104982 98396 93843 89817 87359 85706 82908 81324 80160 78604 77623 76633
49789 52488 71618 74598 68523 63997 61162 58944 56845 55611 53850 53600 51883 112875 50374 49686
27835 29449 40945 41654 38139 36208 34388 32990 31824 31356 30186 29830 29203 73536 28173 27800
40180 43376 60453 61440 56538 52188 49986 47855 46674 45396 44164 43417 42522 70337 41202 40967
58400 62965 87114 87509 80641 75095 72180 69364 66514 65491 63387 63106 61170 67287 59707 58828
78072 83993 115957 116647 107437 100092 95520 92086 89068 86766 84334 83543 81538 80448 78682 78287
53014 57154 78178 79435 73147 68129 65280 62579 60769 58881 57681 56745 55214 54523 53749 53023
74436 80517 110768 111289 102060 95781 91744 88287 85606 83183 81277 79814 78693 76853 75873 75012
63182 67737 93577 94370 87516 81160 77444 74303 72117 69885 68625 67577 66180 65335 64160 62961
45458 48827 68314 68147 63176 57887 56135 54335 52083 50551 49543 48313 48271 46925 46467 45849
51066 54944 76280 76755 70844 66914 62870 60375 58722 57140 55830 54277 53145 52789 52205 51621
