1
FarReach 31311532 481.5
503743 846852 1090122 1149638 1150722 866065 1153423 1146155 1157776 1137956 677039 1011377 1132479 1107026 1129134 1136727 1113030 1131678 1114897 1144393 603199 903124 1115107 1133080 1132153 1093119 1139875 1087812 1128623 1074544
27558 39779 37330 33878 31167 29859 28973 84179
46609 67288 62345 56327 52935 50221 48485 93417
59941 86218 79974 72269 67999 64788 62095 93107
63890 91159 84104 76952 71586 68192 65565 85386
63815 91525 84384 76550 72299 68159 66127 80036
48107 69349 64495 57289 54057 51646 49553 59365
64721 91379 84823 77314 71971 68489 66359 78993
63565 91771 83971 76606 71430 67939 65719 78913
64894 92316 85327 77146 71963 68911 66193 78754
63217 90839 84095 75986 70669 67432 65458 76676
37805 54625 49534 45056 42172 40356 92359 49595
56449 80683 74561 66670 62967 60545 84991 73080
63077 91412 83188 75201 70664 67939 71441 81573
62065 89243 81440 73450 69139 66069 64384 77001
63319 90867 83261 75465 70237 66838 65112 77240
63359 91287 83984 75731 71058 67687 65303 77549
62285 89614 82024 73622 69594 66248 64127 76083
63378 91700 83025 75047 70283 67180 64834 76886
62459 89936 82419 74073 69491 66198 64132 75133
63985 92426 84002 76061 71581 67804 65904 76956
33903 48700 44293 40174 37696 35827 94244 33676
50405 73409 66164 60064 56341 53477 93201 50376
63222 90494 82056 74289 69222 66289 92993 62227
63943 91898 83126 75057 70965 67369 83789 63153
63900 91805 84063 74916 70747 67515 81379 63397
61735 89217 80585 72744 68255 64946 77473 61226
63895 92123 83988 76859 70746 67936 80419 63368
61739 88883 80050 72203 68312 64563 74108 60706
63480 92165 82616 75265 70241 67570 76972 62997
60976 87732 78915 71347 67017 63804 72877 59752
