workload_name: synthetic
workload_mode: 1
dynamic_periodnum: 7
dynamic_periodinterval: 10
dynamic_ruleprefix: dynamicrules/synthetic-hotin.out
val_t::MAX_VALLEN: 128
ParserIterator::load_batch_size: 10000
client_physical_num: 2
server_physical_num: 2
client_total_logical_num: 1024
server_total_logical_num: 8
server_total_logical_num_for_rotation: 128
max_server_total_logical_num: 8

client_rotationdataserver_port: 1025
client_sendpktserver_port_start: 1026
client_rulemapserver_port_start: 1036
client_worker_port_start: 8888

client_logical_nums[0]: 512
client_ips[0]: 10.0.1.11
client_macs[0]: 3c:fd:fe:bb:ca:79
client_fpports[0]: 11/0
client_pipeidxes[0]: 0
client_logical_nums[1]: 512
client_ips[1]: 10.0.1.15
client_macs[1]: 3c:fd:fe:b5:28:59
client_fpports[1]: 1/0
client_pipeidxes[1]: 1

server_load_factor: 5
server_worker_port_start: 1152
server_evictserver_port_start: 2222
server_snapshotserver_port_start: 3333
server_snapshotdataserver_port_start: 4444
transaction_loadfinishserver_port: 8000

server_worker_corenums[0]: 16
server_total_corenums[0]: 24
server_logical_idxes_list[0]: 0 1 2 3 
server_ips[0]: 10.0.1.16
server_macs[0]: 3c:fd:fe:b5:1f:e1
server_fpports[0]: 16/0
server_pipeidxes[0]: 0
server_ip_for_controller_list[0]: 172.16.112.16
server_worker_corenums[1]: 16
server_total_corenums[1]: 48
server_logical_idxes_list[1]: 4 5 6 7 
server_ips[1]: 10.0.1.13
server_macs[1]: 3c:fd:fe:bb:c9:c8
server_fpports[1]: 13/0
server_pipeidxes[1]: 0
server_ip_for_controller_list[1]: 172.16.112.13

controller ip for server: 172.16.112.16
controller ip for switchos: 172.16.112.16
controller_popserver_port_start: 5555
controller_evictserver_port: 5002
controller_snapshot_period: 10000
controller_warmupfinishserver_port: 5010

switch_partition_count: 32768
switch_kv_bucket_num: 10000
switch_pipeline_num: 2
val_t::SWITCH_MAX_VALLEN: 128
switchos_popserver_port: 5003
switchos ip: 172.16.112.17
switchos_sample_cnt: 10
switchos_snapshotserver_port: 5004
switchos_specialcaseserver_port: 5005
switchos_ptf_popserver_port: 5006
switchos_ptf_snapshotserver_port: 5007

reflector ip for switchos: 172.16.112.16
reflector_dp2cpserver_port: 5008
reflector_cp2dpserver_port: 5009

raw_load_workload_filename for loading phase: synthetic-load.out
server_load_workload_dir for loading phase: synthetic-load-8
raw_warmup_workload_filename for warmup phase: synthetic-warmup.out
raw_run_workload_filename for transaction phase: synthetic-run.out
client_workload_dir for transaction phase: synthetic-run-1024
perserver_keyrange: 8192

[client.sendpktserver] ready
[client] prepare clients ...
[client.rulemapserver] ready
[client 2] Ready.
[client 0] Ready.
[client 5] Ready.
[client 3] Ready.
[client 12] Ready.
[client 14] Ready.
[client 16] Ready.
[client 17] Ready.
[client 15] Ready.
[client 13] Ready.
[client 22] Ready.
[client 19] Ready.
[client 20] Ready.
[client 24] Ready.
[client 18] Ready.
[client 27] Ready.
[client 21] Ready.
[client 28] Ready.
[client 23] Ready.
[client 36] Ready.
[client 26] Ready.
[client 25] Ready.
[client 30] Ready.
[client 29] Ready.
[client 31] Ready.
[client 32] Ready.
[client 34] Ready.
[client 41] Ready.
[client 39] Ready.
[client 42] Ready.
[client 40] Ready.
[client 35] Ready.
[client 43] Ready.
[client 45] Ready.
[client 57] Ready.
[client 58] Ready.
[client 60] Ready.
[client 63] Ready.
[client 61] Ready.
[client 64] Ready.
[client 59] Ready.
[client 65] Ready.
[client 66] Ready.
[client 71] Ready.
[client 67] Ready.
[client 82] Ready.
[client 70] Ready.
[client 87] Ready.
[client 72] Ready.
[client 86] Ready.
[client 68] Ready.
[client 69] Ready.
[client 74] Ready.
[client 85] Ready.
[client 73] Ready.
[client 89] Ready.
[client 88] Ready.
[client 90] Ready.
[client 77] Ready.
[client 84] Ready.
[client 78] Ready.
[client 81] Ready.
[client 92] Ready.
[client 91] Ready.
[client 75] Ready.
[client 76] Ready.
[client 79] Ready.
[client 104] Ready.
[client 108] Ready.
[client 109] Ready.
[client 106] Ready.
[client 105] Ready.
[client 107] Ready.
[client 113] Ready.
[client 114] Ready.
[client 115] Ready.
[client 117] Ready.
[client 111] Ready.
[client 110] Ready.
[client 119] Ready.
[client 112] Ready.
[client 118] Ready.
[client 116] Ready.
[client 120] Ready.
[client 122] Ready.
[client 121] Ready.
[client 136] Ready.
[client 140] Ready.
[client 138] Ready.
[client 139] Ready.
[client 141] Ready.
[client 143] Ready.
[client 142] Ready.
[client 144] Ready.
[client 145] Ready.
[client 146] Ready.
[client 147] Ready.
[client 151] Ready.
[client 152] Ready.
[client 153] Ready.
[client 156] Ready.
[client 154] Ready.
[client 158] Ready.
[client 155] Ready.
[client 157] Ready.
[client 166] Ready.
[client 193] Ready.
[client 191] Ready.
[client 171] Ready.
[client 190] Ready.
[client 168] Ready.
[client 167] Ready.
[client 169] Ready.
[client 194] Ready.
[client 196] Ready.
[client 197] Ready.
[client 192] Ready.
[client 174] Ready.
[client 203] Ready.
[client 175] Ready.
[client 173] Ready.
[client 201] Ready.
[client 195] Ready.
[client 181] Ready.
[client 170] Ready.
[client 200] Ready.
[client 172] Ready.
[client 199] Ready.
[client 198] Ready.
[client 177] Ready.
[client 206] Ready.
[client 202] Ready.
[client 204] Ready.
[client 178] Ready.
[client 182] Ready.
[client 176] Ready.
[client 179] Ready.
[client 207] Ready.
[client 205] Ready.
[client 210] Ready.
[client 209] Ready.
[client 208] Ready.
[client 187] Ready.
[client 212] Ready.
[client 213] Ready.
[client 184] Ready.
[client 189] Ready.
[client 185] Ready.
[client 211] Ready.
[client 214] Ready.
[client 188] Ready.
[client 219] Ready.
[client 221] Ready.
[client 224] Ready.
[client 228] Ready.
[client 231] Ready.
[client 222] Ready.
[client 227] Ready.
[client 232] Ready.
[client 225] Ready.
[client 226] Ready.
[client 230] Ready.
[client 229] Ready.
[client 239] Ready.
[client 236] Ready.
[client 234] Ready.
[client 235] Ready.
[client 238] Ready.
[client 237] Ready.
[client 233] Ready.
[client 242] Ready.
[client 240] Ready.
[client 241] Ready.
[client 10] Ready.
[client 4] Ready.
[client 253] Ready.
[client 7] Ready.
[client 254] Ready.
[client 258] Ready.
[client 316] Ready.
[client 255] Ready.
[client 256] Ready.
[client 257] Ready.
[client 320] Ready.
[client 11] Ready.
[client 262] Ready.
[client 259] Ready.
[client 261] Ready.
[client 265] Ready.
[client 260] Ready.
[client 263] Ready.
[client 266] Ready.
[client 1] Ready.
[client 268] Ready.
[client 264] Ready.
[client 9] Ready.
[client 328] Ready.
[client 330] Ready.
[client 331] Ready.
[client 329] Ready.
[client 271] Ready.
[client 267] Ready.
[client 8] Ready.
[client 327] Ready.
[client 272] Ready.
[client 269] Ready.
[client 333] Ready.
[client 334] Ready.
[client 280] Ready.
[client 338] Ready.
[client 270] Ready.
[client 6] Ready.
[client 33] Ready.
[client 274] Ready.
[client 277] Ready.
[client 273] Ready.
[client 336] Ready.
[client 275] Ready.
[client 332] Ready.
[client 276] Ready.
[client 281] Ready.
[client 344] Ready.
[client 278] Ready.
[client 335] Ready.
[client 282] Ready.
[client 279] Ready.
[client 283] Ready.
[client 337] Ready.
[client 345] Ready.
[client 340] Ready.
[client 342] Ready.
[client 49] Ready.
[client 341] Ready.
[client 343] Ready.
[client 346] Ready.
[client 347] Ready.
[client 349] Ready.
[client 348] Ready.
[client 352] Ready.
[client 354] Ready.
[client 353] Ready.
[client 350] Ready.
[client 351] Ready.
[client 296] Ready.
[client 299] Ready.
[client 360] Ready.
[client 38] Ready.
[client 297] Ready.
[client 355] Ready.
[client 358] Ready.
[client 356] Ready.
[client 357] Ready.
[client 359] Ready.
[client 298] Ready.
[client 302] Ready.
[client 300] Ready.
[client 303] Ready.
[client 301] Ready.
[client 305] Ready.
[client 304] Ready.
[client 306] Ready.
[client 37] Ready.
[client 368] Ready.
[client 370] Ready.
[client 367] Ready.
[client 371] Ready.
[client 369] Ready.
[client 46] Ready.
[client 52] Ready.
[client 53] Ready.
[client 96] Ready.
[client 97] Ready.
[client 126] Ready.
[client 123] Ready.
[client 51] Ready.
[client 47] Ready.
[client 44] Ready.
[client 98] Ready.
[client 131] Ready.
[client 48] Ready.
[client 56] Ready.
[client 102] Ready.
[client 55] Ready.
[client 50] Ready.
[client 54] Ready.
[client 83] Ready.
[client 94] Ready.
[client 93] Ready.
[client 101] Ready.
[client 99] Ready.
[client 130] Ready.
[client 134] Ready.
[client 127] Ready.
[client 161] Ready.
[client 100] Ready.
[client 103] Ready.
[client 133] Ready.
[client 129] Ready.
[client 125] Ready.
[client 132] Ready.
[client 124] Ready.
[client 62] Ready.
[client 149] Ready.
[client 80] Ready.
[client 137] Ready.
[client 95] Ready.
[client 163] Ready.
[client 162] Ready.
[client 165] Ready.
[client 159] Ready.
[client 150] Ready.
[client 128] Ready.
[client 164] Ready.
[client 215] Ready.
[client 148] Ready.
[client 160] Ready.
[client 135] Ready.
[client 218] Ready.
[client 186] Ready.
[client 220] Ready.
[client 252] Ready.
[client 248] Ready.
[client 217] Ready.
[client 247] Ready.
[client 309] Ready.
[client 249] Ready.
[client 294] Ready.
[client 288] Ready.
[client 244] Ready.
[client 314] Ready.
[client 250] Ready.
[client 251] Ready.
[client 286] Ready.
[client 246] Ready.
[client 216] Ready.
[client 223] Ready.
[client 284] Ready.
[client 310] Ready.
[client 313] Ready.
[client 183] Ready.
[client 318] Ready.
[client 180] Ready.
[client 308] Ready.
[client 289] Ready.
[client 293] Ready.
[client 326] Ready.
[client 285] Ready.
[client 315] Ready.
[client 311] Ready.
[client 287] Ready.
[client 312] Ready.
[client 362] Ready.
[client 319] Ready.
[client 292] Ready.
[client 291] Ready.
[client 307] Ready.
[client 375] Ready.
[client 243] Ready.
[client 380] Ready.
[client 361] Ready.
[client 464] Ready.
[client 317] Ready.
[client 245] Ready.
[client 458] Ready.
[client 460] Ready.
[client 321] Ready.
[client 325] Ready.
[client 421] Ready.
[client 463] Ready.
[client 465] Ready.
[client 423] Ready.
[client 422] Ready.
[client 363] Ready.
[client 414] Ready.
[client 420] Ready.
[client 415] Ready.
[client 417] Ready.
[client 459] Ready.
[client 489] Ready.
[client 418] Ready.
[client 419] Ready.
[client 290] Ready.
[client 339] Ready.
[client 411] Ready.
[client 491] Ready.
[client 461] Ready.
[client 413] Ready.
[client 455] Ready.
[client 454] Ready.
[client 457] Ready.
[client 403] Ready.
[client 322] Ready.
[client 453] Ready.
[client 449] Ready.
[client 377] Ready.
[client 443] Ready.
[client 323] Ready.
[client 407] Ready.
[client 365] Ready.
[client 435] Ready.
[client 456] Ready.
[client 451] Ready.
[client 450] Ready.
[client 416] Ready.
[client 447] Ready.
[client 412] Ready.
[client 405] Ready.
[client 381] Ready.
[client 445] Ready.
[client 448] Ready.
[client 404] Ready.
[client 439] Ready.
[client 480] Ready.
[client 373] Ready.
[client 446] Ready.
[client 366] Ready.
[client 400] Ready.
[client 399] Ready.
[client 482] Ready.
[client 409] Ready.
[client 408] Ready.
[client 487] Ready.
[client 436] Ready.
[client 397] Ready.
[client 483] Ready.
[client 485] Ready.
[client 462] Ready.
[client 479] Ready.
[client 488] Ready.
[client 434] Ready.
[client 379] Ready.
[client 396] Ready.
[client 477] Ready.
[client 478] Ready.
[client 484] Ready.
[client 364] Ready.
[client 473] Ready.
[client 410] Ready.
[client 324] Ready.
[client 394] Ready.
[client 481] Ready.
[client 437] Ready.
[client 406] Ready.
[client 393] Ready.
[client 438] Ready.
[client 401] Ready.
[client 398] Ready.
[client 444] Ready.
[client 432] Ready.
[client 452] Ready.
[client 433] Ready.
[client 429] Ready.
[client 402] Ready.
[client 508] Ready.
[client 507] Ready.
[client 510] Ready.
[client 440] Ready.
[client 486] Ready.
[client 511] Ready.
[client 509] Ready.
[client 474] Ready.
[client 427] Ready.
[client 426] Ready.
[client 476] Ready.
[client 424] Ready.
[client 425] Ready.
[client 505] Ready.
[client 441] Ready.
[client 500] Ready.
[client 430] Ready.
[client 431] Ready.
[client 472] Ready.
[client 442] Ready.
[client 428] Ready.
[client 493] Ready.
[client 475] Ready.
[client 497] Ready.
[client 392] Ready.
[client 498] Ready.
[client 496] Ready.
[client 376] Ready.
[client 470] Ready.
[client 382] Ready.
[client 469] Ready.
[client 490] Ready.
[client 468] Ready.
[client 471] Ready.
[client 378] Ready.
[client 466] Ready.
[client 495] Ready.
[client 494] Ready.
[client 467] Ready.
[client 385] Ready.
[client 504] Ready.
[client 391] Ready.
[client 503] Ready.
[client 389] Ready.
[client 388] Ready.
[client 372] Ready.
[client 384] Ready.
[client 492] Ready.
[client 501] Ready.
[client 499] Ready.
[client 386] Ready.
[client 390] Ready.
[client 383] Ready.
[client 387] Ready.
[client 374] Ready.
[client 506] Ready.
[client 295] Ready.
[client 502] Ready.
[client 395] Ready.
[client] all clients ready...
wait to be able to send pkt if necessary
start to send pkt
switch dynamic rulemap from period 0 to 1
switch dynamic rulemap from period 1 to 2
switch dynamic rulemap from period 2 to 3
switch dynamic rulemap from period 3 to 4
switch dynamic rulemap from period 4 to 5
switch dynamic rulemap from period 5 to 6
[client] all clients finish!
[client] processing statistics

thpt interval: 1 s, seccnt: 70

[sec 0]

overall totalpktcnt: 230014, throughput (MOPS): 0.219358

[sec 1]

overall totalpktcnt: 235849, throughput (MOPS): 0.224923

[sec 2]

overall totalpktcnt: 237031, throughput (MOPS): 0.226050

[sec 3]

overall totalpktcnt: 237834, throughput (MOPS): 0.226816

[sec 4]

overall totalpktcnt: 231649, throughput (MOPS): 0.220918

[sec 5]

overall totalpktcnt: 234593, throughput (MOPS): 0.223725

[sec 6]

overall totalpktcnt: 238598, throughput (MOPS): 0.227545

[sec 7]

overall totalpktcnt: 245196, throughput (MOPS): 0.233837

[sec 8]

overall totalpktcnt: 245739, throughput (MOPS): 0.234355

[sec 9]

overall totalpktcnt: 241965, throughput (MOPS): 0.230756

[sec 10]

overall totalpktcnt: 212366, throughput (MOPS): 0.202528

[sec 11]

overall totalpktcnt: 234211, throughput (MOPS): 0.223361

[sec 12]

overall totalpktcnt: 240405, throughput (MOPS): 0.229268

[sec 13]

overall totalpktcnt: 238127, throughput (MOPS): 0.227096

[sec 14]

overall totalpktcnt: 237494, throughput (MOPS): 0.226492

[sec 15]

overall totalpktcnt: 232640, throughput (MOPS): 0.221863

[sec 16]

overall totalpktcnt: 230966, throughput (MOPS): 0.220266

[sec 17]

overall totalpktcnt: 224958, throughput (MOPS): 0.214537

[sec 18]

overall totalpktcnt: 225687, throughput (MOPS): 0.215232

[sec 19]

overall totalpktcnt: 221061, throughput (MOPS): 0.210820

[sec 20]

overall totalpktcnt: 241935, throughput (MOPS): 0.230727

[sec 21]

overall totalpktcnt: 241642, throughput (MOPS): 0.230448

[sec 22]

overall totalpktcnt: 245495, throughput (MOPS): 0.234122

[sec 23]

overall totalpktcnt: 246178, throughput (MOPS): 0.234774

[sec 24]

overall totalpktcnt: 245150, throughput (MOPS): 0.233793

[sec 25]

overall totalpktcnt: 238968, throughput (MOPS): 0.227898

[sec 26]

overall totalpktcnt: 243312, throughput (MOPS): 0.232040

[sec 27]

overall totalpktcnt: 244178, throughput (MOPS): 0.232866

[sec 28]

overall totalpktcnt: 241043, throughput (MOPS): 0.229877

[sec 29]

overall totalpktcnt: 238441, throughput (MOPS): 0.227395

[sec 30]

overall totalpktcnt: 239701, throughput (MOPS): 0.228597

[sec 31]

overall totalpktcnt: 236039, throughput (MOPS): 0.225104

[sec 32]

overall totalpktcnt: 234640, throughput (MOPS): 0.223770

[sec 33]

overall totalpktcnt: 231522, throughput (MOPS): 0.220797

[sec 34]

overall totalpktcnt: 229276, throughput (MOPS): 0.218655

[sec 35]

overall totalpktcnt: 231545, throughput (MOPS): 0.220819

[sec 36]

overall totalpktcnt: 229757, throughput (MOPS): 0.219113

[sec 37]

overall totalpktcnt: 228089, throughput (MOPS): 0.217523

[sec 38]

overall totalpktcnt: 238629, throughput (MOPS): 0.227574

[sec 39]

overall totalpktcnt: 236010, throughput (MOPS): 0.225077

[sec 40]

overall totalpktcnt: 231896, throughput (MOPS): 0.221153

[sec 41]

overall totalpktcnt: 228711, throughput (MOPS): 0.218116

[sec 42]

overall totalpktcnt: 226413, throughput (MOPS): 0.215924

[sec 43]

overall totalpktcnt: 226588, throughput (MOPS): 0.216091

[sec 44]

overall totalpktcnt: 223734, throughput (MOPS): 0.213369

[sec 45]

overall totalpktcnt: 226341, throughput (MOPS): 0.215856

[sec 46]

overall totalpktcnt: 220602, throughput (MOPS): 0.210382

[sec 47]

overall totalpktcnt: 228099, throughput (MOPS): 0.217532

[sec 48]

overall totalpktcnt: 225621, throughput (MOPS): 0.215169

[sec 49]

overall totalpktcnt: 219085, throughput (MOPS): 0.208936

[sec 50]

overall totalpktcnt: 232608, throughput (MOPS): 0.221832

[sec 51]

overall totalpktcnt: 235418, throughput (MOPS): 0.224512

[sec 52]

overall totalpktcnt: 228424, throughput (MOPS): 0.217842

[sec 53]

overall totalpktcnt: 227771, throughput (MOPS): 0.217219

[sec 54]

overall totalpktcnt: 224058, throughput (MOPS): 0.213678

[sec 55]

overall totalpktcnt: 223065, throughput (MOPS): 0.212731

[sec 56]

overall totalpktcnt: 223979, throughput (MOPS): 0.213603

[sec 57]

overall totalpktcnt: 221393, throughput (MOPS): 0.211137

[sec 58]

overall totalpktcnt: 224767, throughput (MOPS): 0.214355

[sec 59]

overall totalpktcnt: 226386, throughput (MOPS): 0.215899

[sec 60]

overall totalpktcnt: 223371, throughput (MOPS): 0.213023

[sec 61]

overall totalpktcnt: 220249, throughput (MOPS): 0.210046

[sec 62]

overall totalpktcnt: 220715, throughput (MOPS): 0.210490

[sec 63]

overall totalpktcnt: 218223, throughput (MOPS): 0.208114

[sec 64]

overall totalpktcnt: 219757, throughput (MOPS): 0.209577

[sec 65]

overall totalpktcnt: 218776, throughput (MOPS): 0.208641

[sec 66]

overall totalpktcnt: 223690, throughput (MOPS): 0.213327

[sec 67]

overall totalpktcnt: 223317, throughput (MOPS): 0.212972

[sec 68]

overall totalpktcnt: 220934, throughput (MOPS): 0.210699

[sec 69]

overall totalpktcnt: 213321, throughput (MOPS): 0.203439

[Latency Statistics of total_latency_list ]
| min | max | avg | 90th | 99th | largest | median | sum |
| 28.938 | 119031 | 2219.94 | 13152.5 | 14444.4 | 119031 | 106.417 | 3.5886e+10 |
[Latency Statistics of perclient_avgsend_latency_list ]
| min | max | avg | 90th | 99th | largest | median | sum |
| 5.21327 | 5.42962 | 5.31332 | 5.36708 | 5.40987 | 5.42962 | 5.31178 | 2720.42 |
[Latency Statistics of perclient_avgwait_latency_list ]
| min | max | avg | 90th | 99th | largest | median | sum |
| 1.5397 | 1.72406 | 1.60714 | 1.64724 | 1.68291 | 1.72406 | 1.60415 | 822.856 |
total_unmatched_cnt: 0
total_timeout_cnt: 0
client-side total pktcnt: 16165292, total time: 70.123717 s, total thpt: 0.219846 MOPS
cache hit pktcnt: 0
per-server pktcnt: 1951450 2120418 2030130 1978650 1935719 1885375 2110872 2152678

per-sec total throughput:
229881 235866 237030 237808 231749 234534 238602 245177 245754 241970 212341 234183 240446 238128 237486 232602 231027 224952 225662 221067 241943 241626 245521 246166 245128 238991 243287 244220 241029 238440 239705 236006 234695 231494 229289 231500 229796 228096 238630 235969 231907 228741 226422 226549 223758 226334 220590 228078 225663 219063 232610 235455 228405 227786 224024 223088 224004 221366 224759 226366 223380 220252 220735 218225 219757 218772 223689 223335 220923 213280

per-sec per-server throughput:
28305 28658 30723 27789 24887 26837 27014 35668
28938 29272 31187 28539 25608 27816 27680 36826
29057 29681 31444 28691 25755 27702 27345 37355
28982 29275 31320 28707 26001 27702 28242 37579
28112 29091 30723 27863 25084 26849 27352 36675
28584 29309 31131 28640 25523 27576 27479 36292
29075 29674 31599 29021 26071 27853 27853 37456
29949 30803 32664 29568 26678 28433 28747 38335
30307 30239 32541 29629 26538 28977 28834 38689
29490 30144 32040 29462 26387 28197 28274 37976
24875 33187 23591 24347 28393 25230 25642 27076
27538 37133 26010 26753 31554 27877 28339 28979
28070 37906 26549 27628 32207 28725 29136 30225
27324 37638 26747 27288 32114 28511 28645 29861
27519 37545 26591 27224 32034 27891 28920 29762
27333 36991 25579 26570 31032 27499 28378 29220
26889 36470 25724 26443 30802 27780 27831 29088
26172 35792 25003 25817 30016 26598 27249 28305
26200 35812 25048 25772 30126 26992 27460 28252
25672 35063 24253 25507 29464 26477 26828 27803
29249 30687 32458 28738 25891 28772 28585 37563
29294 30356 32119 28854 25839 28667 28693 37804
30068 30448 32555 29147 26530 29125 29218 38430
29526 30799 32639 29734 26707 29239 29209 38313
29689 30814 32341 29196 26676 28972 29316 38124
28642 29722 31644 29068 25564 28054 28460 37837
29263 30432 32425 28920 26305 29043 29072 37827
29721 30743 32521 29333 26217 28539 29188 37958
29388 30028 32125 28892 25784 28372 28819 37621
28608 29948 31511 28534 25537 28485 28527 37290
29961 29061 28515 31871 27828 26581 37405 28483
29542 28861 27645 31235 27847 26118 37257 27501
29370 28722 27802 31191 27405 25741 36973 27491
28970 28117 27422 31109 26848 25215 36736 27077
28440 27912 27086 30773 26603 25491 36203 26781
29199 28073 27414 30882 26879 25549 36298 27206
28398 27891 27296 30932 26846 25455 36385 26593
28570 27678 26913 30493 26242 25013 36136 27051
30058 28847 28382 31907 27605 26235 37669 27927
29458 28614 27933 31355 27889 26011 37346 27363
26976 36621 25518 26744 30902 27373 28479 29294
26533 36478 25071 26575 30597 27090 27482 28915
26311 36267 24787 26010 30246 26948 27107 28746
26424 36140 25113 26204 30453 26734 27112 28369
25757 35914 24556 25478 30051 26767 27190 28045
26170 36132 25064 26027 30167 26880 27363 28531
25692 35247 24747 25366 29107 26316 26456 27659
26612 36273 25234 26241 30681 27110 27147 28780
26239 35997 24751 25928 30166 26708 27370 28504
25328 35115 24454 25034 29054 25902 26769 27407
29167 28559 27570 31170 26809 25687 36516 27132
29663 28358 27978 31645 27228 26360 37184 27039
28652 27391 27114 30678 26396 25467 36324 26383
28588 27724 27083 30464 25862 25443 36289 26333
28103 27116 26335 29818 25902 25062 35781 25907
28246 26880 26508 29929 25404 24870 35427 25824
28271 27019 26527 29864 25813 24853 35624 26033
27556 26919 26142 29781 25468 24542 35276 25682
28140 27524 26407 30309 25658 25055 35644 26022
28270 27450 26511 30420 25798 25722 35742 26453
26374 24139 34454 26533 27823 27208 27042 29807
26349 23792 34399 26174 27378 26924 26153 29083
26084 23767 34353 26256 27678 26620 26715 29262
25950 23327 34125 26071 27248 26411 26262 28831
26101 23564 34210 25924 27513 27113 26178 29154
25752 23757 34354 26012 27236 26653 26143 28865
26460 24052 34839 26665 27938 27301 26844 29590
26584 24546 34615 26252 27796 27315 26690 29537
26089 23961 34620 26159 27537 26787 26425 29345
25183 22930 33455 25478 26471 25936 25367 28460
Finish dumping statistics!
