workload_name: synthetic
workload_mode: 1
dynamic_periodnum: 7
dynamic_periodinterval: 10
dynamic_ruleprefix: dynamicrules/synthetic-hotin.out
val_t::MAX_VALLEN: 128
ParserIterator::load_batch_size: 10000
client_physical_num: 2
server_physical_num: 2
client_total_logical_num: 1024
server_total_logical_num: 8
server_total_logical_num_for_rotation: 128
max_server_total_logical_num: 8

client_rotationdataserver_port: 1025
client_sendpktserver_port_start: 1026
client_rulemapserver_port_start: 1036
client_worker_port_start: 8888

client_logical_nums[0]: 512
client_ips[0]: 10.0.1.11
client_macs[0]: 3c:fd:fe:bb:ca:79
client_fpports[0]: 11/0
client_pipeidxes[0]: 0
client_logical_nums[1]: 512
client_ips[1]: 10.0.1.15
client_macs[1]: 3c:fd:fe:b5:28:59
client_fpports[1]: 1/0
client_pipeidxes[1]: 1

server_load_factor: 5
server_worker_port_start: 1152
server_evictserver_port_start: 2222
server_snapshotserver_port_start: 3333
server_snapshotdataserver_port_start: 4444
transaction_loadfinishserver_port: 8000

server_worker_corenums[0]: 16
server_total_corenums[0]: 24
server_logical_idxes_list[0]: 0 1 2 3 
server_ips[0]: 10.0.1.16
server_macs[0]: 3c:fd:fe:b5:1f:e1
server_fpports[0]: 16/0
server_pipeidxes[0]: 0
server_ip_for_controller_list[0]: 172.16.112.16
server_worker_corenums[1]: 16
server_total_corenums[1]: 48
server_logical_idxes_list[1]: 4 5 6 7 
server_ips[1]: 10.0.1.13
server_macs[1]: 3c:fd:fe:bb:c9:c8
server_fpports[1]: 13/0
server_pipeidxes[1]: 0
server_ip_for_controller_list[1]: 172.16.112.13

controller ip for server: 172.16.112.16
controller ip for switchos: 172.16.112.16
controller_popserver_port_start: 5555
controller_evictserver_port: 5002
controller_snapshot_period: 10000
controller_warmupfinishserver_port: 5010

switch_partition_count: 32768
switch_kv_bucket_num: 10000
switch_pipeline_num: 2
val_t::SWITCH_MAX_VALLEN: 128
switchos_popserver_port: 5003
switchos ip: 172.16.112.17
switchos_sample_cnt: 10
switchos_snapshotserver_port: 5004
switchos_specialcaseserver_port: 5005
switchos_ptf_popserver_port: 5006
switchos_ptf_snapshotserver_port: 5007

reflector ip for switchos: 172.16.112.16
reflector_dp2cpserver_port: 5008
reflector_cp2dpserver_port: 5009

raw_load_workload_filename for loading phase: synthetic-load.out
server_load_workload_dir for loading phase: synthetic-load-8
raw_warmup_workload_filename for warmup phase: synthetic-warmup.out
raw_run_workload_filename for transaction phase: synthetic-run.out
client_workload_dir for transaction phase: synthetic-run-1024
perserver_keyrange: 8192

[client] prepare clients ...
[client 6] Ready.
[client 0] Ready.
[client 2] Ready.
[client 4] Ready.
[client 5] Ready.
[client 1] Ready.
[client 3] Ready.
[client 8] Ready.
[client 9] Ready.
[client 12] Ready.
[client 11] Ready.
[client 10] Ready.
[client 16] Ready.
[client 19] Ready.
[client 17] Ready.
[client 18] Ready.
[client 27] Ready.
[client 25] Ready.
[client 26] Ready.
[client 20] Ready.
[client 28] Ready.
[client 30] Ready.
[client 32] Ready.
[client 31] Ready.
[client 34] Ready.
[client 33] Ready.
[client 35] Ready.
[client 36] Ready.
[client 38] Ready.
[client 37] Ready.
[client 39] Ready.
[client 46] Ready.
[client 42] Ready.
[client 43] Ready.
[client 40] Ready.
[client 44] Ready.
[client 47] Ready.
[client 45] Ready.
[client 48] Ready.
[client 50] Ready.
[client 52] Ready.
[client 53] Ready.
[client 51] Ready.
[client 54] Ready.
[client 59] Ready.
[client 65] Ready.
[client 56] Ready.
[client 63] Ready.
[client 76] Ready.
[client 64] Ready.
[client 60] Ready.
[client 69] Ready.
[client 68] Ready.
[client 62] Ready.
[client 58] Ready.
[client 79] Ready.
[client 72] Ready.
[client 77] Ready.
[client 86] Ready.
[client 80] Ready.
[client 81] Ready.
[client 74] Ready.
[client 66] Ready.
[client 83] Ready.
[client 84] Ready.
[client 85] Ready.
[client 82] Ready.
[client 78] Ready.
[client 75] Ready.
[client 92] Ready.
[client 70] Ready.
[client 71] Ready.
[client 88] Ready.
[client 90] Ready.
[client 89] Ready.
[client 73] Ready.
[client 87] Ready.
[client 91] Ready.
[client 93] Ready.
[client 96] Ready.
[client 100] Ready.
[client 99] Ready.
[client 109] Ready.
[client 111] Ready.
[client 114] Ready.
[client 112] Ready.
[client 113] Ready.
[client 117] Ready.
[client 116] Ready.
[client 115] Ready.
[client 120] Ready.
[client 118] Ready.
[client 121] Ready.
[client 126] Ready.
[client 125] Ready.
[client 127] Ready.
[client 132] Ready.
[client 128] Ready.
[client 129] Ready.
[client 146] Ready.
[client 141] Ready.
[client 142] Ready.
[client 174] Ready.
[client 145] Ready.
[client 143] Ready.
[client 171] Ready.
[client 147] Ready.
[client 175] Ready.
[client 172] Ready.
[client 144] Ready.
[client 152] Ready.
[client 148] Ready.
[client 179] Ready.
[client 176] Ready.
[client 173] Ready.
[client 151] Ready.
[client 177] Ready.
[client 153] Ready.
[client 178] Ready.
[client 180] Ready.
[client 157] Ready.
[client 149] Ready.
[client 150] Ready.
[client 154] Ready.
[client 155] Ready.
[client 184] Ready.
[client 158] Ready.
[client 159] Ready.
[client 160] Ready.
[client 185] Ready.
[client 197] Ready.
[client 200] Ready.
[client 205] Ready.
[client 202] Ready.
[client 199] Ready.
[client 201] Ready.
[client 206] Ready.
[client 203] Ready.
[client 204] Ready.
[client 207] Ready.
[client 208] Ready.
[client 213] Ready.
[client 216] Ready.
[client 214] Ready.
[client 13] Ready.
[client 217] Ready.
[client 219] Ready.
[client 218] Ready.
[client 222] Ready.
[client 221] Ready.
[client 278] Ready.
[client 279] Ready.
[client 220] Ready.
[client 223] Ready.
[client 224] Ready.
[client 276] Ready.
[client 225] Ready.
[client 274] Ready.
[client 226] Ready.
[client 277] Ready.
[client 275] Ready.
[client 284] Ready.
[client 7] Ready.
[client 228] Ready.
[client 229] Ready.
[client 280] Ready.
[client 29] Ready.
[client 231] Ready.
[client 281] Ready.
[client 285] Ready.
[client 236] Ready.
[client 230] Ready.
[client 234] Ready.
[client 287] Ready.
[client 286] Ready.
[client 232] Ready.
[client 294] Ready.
[client 233] Ready.
[client 283] Ready.
[client 288] Ready.
[client 290] Ready.
[client 291] Ready.
[client 293] Ready.
[client 289] Ready.
[client 41] Ready.
[client 295] Ready.
[client 292] Ready.
[client 244] Ready.
[client 242] Ready.
[client 21] Ready.
[client 241] Ready.
[client 243] Ready.
[client 246] Ready.
[client 324] Ready.
[client 250] Ready.
[client 248] Ready.
[client 245] Ready.
[client 249] Ready.
[client 251] Ready.
[client 307] Ready.
[client 305] Ready.
[client 247] Ready.
[client 257] Ready.
[client 23] Ready.
[client 254] Ready.
[client 252] Ready.
[client 15] Ready.
[client 22] Ready.
[client 253] Ready.
[client 259] Ready.
[client 310] Ready.
[client 311] Ready.
[client 258] Ready.
[client 256] Ready.
[client 264] Ready.
[client 309] Ready.
[client 313] Ready.
[client 260] Ready.
[client 308] Ready.
[client 263] Ready.
[client 312] Ready.
[client 317] Ready.
[client 262] Ready.
[client 265] Ready.
[client 314] Ready.
[client 261] Ready.
[client 315] Ready.
[client 316] Ready.
[client 318] Ready.
[client 67] Ready.
[client 319] Ready.
[client 272] Ready.
[client 320] Ready.
[client 14] Ready.
[client 321] Ready.
[client 49] Ready.
[client 328] Ready.
[client 331] Ready.
[client 330] Ready.
[client 338] Ready.
[client 340] Ready.
[client 346] Ready.
[client 344] Ready.
[client 342] Ready.
[client 55] Ready.
[client 339] Ready.
[client 343] Ready.
[client 341] Ready.
[client 345] Ready.
[client 351] Ready.
[client 348] Ready.
[client 347] Ready.
[client 353] Ready.
[client 350] Ready.
[client 352] Ready.
[client 57] Ready.
[client 349] Ready.
[client 359] Ready.
[client 98] Ready.
[client 354] Ready.
[client 356] Ready.
[client 355] Ready.
[client 358] Ready.
[client 357] Ready.
[client 61] Ready.
[client 95] Ready.
[client 368] Ready.
[client 371] Ready.
[client 370] Ready.
[client 367] Ready.
[client 366] Ready.
[client 94] Ready.
[client 97] Ready.
[client 24] Ready.
[client 123] Ready.
[client 372] Ready.
[client 374] Ready.
[client 119] Ready.
[client 137] Ready.
[client 124] Ready.
[client 133] Ready.
[client 110] Ready.
[client 130] Ready.
[client 162] Ready.
[client 122] Ready.
[client 102] Ready.
[client 168] Ready.
[client 103] Ready.
[client 104] Ready.
[client 134] Ready.
[client 101] Ready.
[client 193] Ready.
[client 156] Ready.
[client 139] Ready.
[client 136] Ready.
[client 135] Ready.
[client 187] Ready.
[client 191] Ready.
[client 106] Ready.
[client 140] Ready.
[client 195] Ready.
[client 166] Ready.
[client 186] Ready.
[client 190] Ready.
[client 163] Ready.
[client 108] Ready.
[client 105] Ready.
[client 188] Ready.
[client 161] Ready.
[client 138] Ready.
[client 167] Ready.
[client 189] Ready.
[client 192] Ready.
[client 131] Ready.
[client 165] Ready.
[client 164] Ready.
[client 170] Ready.
[client 198] Ready.
[client 169] Ready.
[client 239] Ready.
[client 181] Ready.
[client 196] Ready.
[client 255] Ready.
[client 227] Ready.
[client 238] Ready.
[client 235] Ready.
[client 237] Ready.
[client 240] Ready.
[client 182] Ready.
[client 194] Ready.
[client 301] Ready.
[client 306] Ready.
[client 211] Ready.
[client 270] Ready.
[client 209] Ready.
[client 183] Ready.
[client 268] Ready.
[client 296] Ready.
[client 271] Ready.
[client 273] Ready.
[client 269] Ready.
[client 212] Ready.
[client 215] Ready.
[client 302] Ready.
[client 424] Ready.
[client 282] Ready.
[client 334] Ready.
[client 337] Ready.
[client 304] Ready.
[client 266] Ready.
[client 267] Ready.
[client 329] Ready.
[client 303] Ready.
[client 323] Ready.
[client 325] Ready.
[client 420] Ready.
[client 453] Ready.
[client 423] Ready.
[client 332] Ready.
[client 326] Ready.
[client 484] Ready.
[client 327] Ready.
[client 336] Ready.
[client 422] Ready.
[client 333] Ready.
[client 298] Ready.
[client 322] Ready.
[client 363] Ready.
[client 485] Ready.
[client 486] Ready.
[client 452] Ready.
[client 421] Ready.
[client 369] Ready.
[client 451] Ready.
[client 419] Ready.
[client 299] Ready.
[client 415] Ready.
[client 509] Ready.
[client 511] Ready.
[client 416] Ready.
[client 413] Ready.
[client 510] Ready.
[client 404] Ready.
[client 410] Ready.
[client 297] Ready.
[client 414] Ready.
[client 377] Ready.
[client 480] Ready.
[client 399] Ready.
[client 403] Ready.
[client 362] Ready.
[client 411] Ready.
[client 482] Ready.
[client 379] Ready.
[client 483] Ready.
[client 418] Ready.
[client 405] Ready.
[client 401] Ready.
[client 417] Ready.
[client 402] Ready.
[client 400] Ready.
[client 446] Ready.
[client 448] Ready.
[client 406] Ready.
[client 506] Ready.
[client 440] Ready.
[client 443] Ready.
[client 445] Ready.
[client 481] Ready.
[client 449] Ready.
[client 380] Ready.
[client 441] Ready.
[client 442] Ready.
[client 447] Ready.
[client 508] Ready.
[client 468] Ready.
[client 472] Ready.
[client 444] Ready.
[client 473] Ready.
[client 398] Ready.
[client 469] Ready.
[client 107] Ready.
[client 470] Ready.
[client 360] Ready.
[client 505] Ready.
[client 396] Ready.
[client 407] Ready.
[client 439] Ready.
[client 394] Ready.
[client 433] Ready.
[client 435] Ready.
[client 373] Ready.
[client 408] Ready.
[client 397] Ready.
[client 393] Ready.
[client 476] Ready.
[client 381] Ready.
[client 478] Ready.
[client 479] Ready.
[client 434] Ready.
[client 409] Ready.
[client 471] Ready.
[client 378] Ready.
[client 474] Ready.
[client 475] Ready.
[client 432] Ready.
[client 365] Ready.
[client 477] Ready.
[client 501] Ready.
[client 392] Ready.
[client 364] Ready.
[client 464] Ready.
[client 430] Ready.
[client 375] Ready.
[client 503] Ready.
[client 499] Ready.
[client 502] Ready.
[client 497] Ready.
[client 436] Ready.
[client 507] Ready.
[client 493] Ready.
[client 500] Ready.
[client 496] Ready.
[client 426] Ready.
[client 462] Ready.
[client 427] Ready.
[client 504] Ready.
[client 361] Ready.
[client 498] Ready.
[client 437] Ready.
[client 431] Ready.
[client 425] Ready.
[client 495] Ready.
[client 494] Ready.
[client 466] Ready.
[client 335] Ready.
[client 428] Ready.
[client 489] Ready.
[client 465] Ready.
[client 491] Ready.
[client 490] Ready.
[client 456] Ready.
[client 461] Ready.
[client 429] Ready.
[client 460] Ready.
[client 387] Ready.
[client 459] Ready.
[client 455] Ready.
[client 390] Ready.
[client 391] Ready.
[client 457] Ready.
[client 382] Ready.
[client 385] Ready.
[client 386] Ready.
[client 383] Ready.
[client 388] Ready.
[client 458] Ready.
[client 376] Ready.
[client 488] Ready.
[client 389] Ready.
[client 384] Ready.
[client 492] Ready.
[client 487] Ready.
[client 210] Ready.
[client 454] Ready.
[client 300] Ready.
[client 438] Ready.
[client 412] Ready.
[client 395] Ready.
[client 463] Ready.
[client 450] Ready.
[client 467] Ready.
[client] all clients ready...
start to send pkt
switch dynamic rulemap from period 0 to 1
switch dynamic rulemap from period 1 to 2
switch dynamic rulemap from period 2 to 3
switch dynamic rulemap from period 3 to 4
switch dynamic rulemap from period 4 to 5
switch dynamic rulemap from period 5 to 6
[client] all clients finish!
[client] processing statistics

thpt interval: 1 s, seccnt: 70

[sec 0]

overall totalpktcnt: 225518, throughput (MOPS): 0.215071

[sec 1]

overall totalpktcnt: 234723, throughput (MOPS): 0.223849

[sec 2]

overall totalpktcnt: 238430, throughput (MOPS): 0.227385

[sec 3]

overall totalpktcnt: 239780, throughput (MOPS): 0.228672

[sec 4]

overall totalpktcnt: 233068, throughput (MOPS): 0.222271

[sec 5]

overall totalpktcnt: 231124, throughput (MOPS): 0.220417

[sec 6]

overall totalpktcnt: 239441, throughput (MOPS): 0.228349

[sec 7]

overall totalpktcnt: 244160, throughput (MOPS): 0.232849

[sec 8]

overall totalpktcnt: 246309, throughput (MOPS): 0.234899

[sec 9]

overall totalpktcnt: 243561, throughput (MOPS): 0.232278

[sec 10]

overall totalpktcnt: 212958, throughput (MOPS): 0.203093

[sec 11]

overall totalpktcnt: 233840, throughput (MOPS): 0.223007

[sec 12]

overall totalpktcnt: 239273, throughput (MOPS): 0.228189

[sec 13]

overall totalpktcnt: 238876, throughput (MOPS): 0.227810

[sec 14]

overall totalpktcnt: 237532, throughput (MOPS): 0.226528

[sec 15]

overall totalpktcnt: 233849, throughput (MOPS): 0.223016

[sec 16]

overall totalpktcnt: 231607, throughput (MOPS): 0.220878

[sec 17]

overall totalpktcnt: 225703, throughput (MOPS): 0.215247

[sec 18]

overall totalpktcnt: 224783, throughput (MOPS): 0.214370

[sec 19]

overall totalpktcnt: 223532, throughput (MOPS): 0.213177

[sec 20]

overall totalpktcnt: 242600, throughput (MOPS): 0.231361

[sec 21]

overall totalpktcnt: 244168, throughput (MOPS): 0.232857

[sec 22]

overall totalpktcnt: 246018, throughput (MOPS): 0.234621

[sec 23]

overall totalpktcnt: 245767, throughput (MOPS): 0.234382

[sec 24]

overall totalpktcnt: 243404, throughput (MOPS): 0.232128

[sec 25]

overall totalpktcnt: 242722, throughput (MOPS): 0.231478

[sec 26]

overall totalpktcnt: 242834, throughput (MOPS): 0.231585

[sec 27]

overall totalpktcnt: 243073, throughput (MOPS): 0.231812

[sec 28]

overall totalpktcnt: 240399, throughput (MOPS): 0.229262

[sec 29]

overall totalpktcnt: 240173, throughput (MOPS): 0.229047

[sec 30]

overall totalpktcnt: 238499, throughput (MOPS): 0.227450

[sec 31]

overall totalpktcnt: 232582, throughput (MOPS): 0.221807

[sec 32]

overall totalpktcnt: 234859, throughput (MOPS): 0.223979

[sec 33]

overall totalpktcnt: 234386, throughput (MOPS): 0.223528

[sec 34]

overall totalpktcnt: 230082, throughput (MOPS): 0.219423

[sec 35]

overall totalpktcnt: 230501, throughput (MOPS): 0.219823

[sec 36]

overall totalpktcnt: 231132, throughput (MOPS): 0.220425

[sec 37]

overall totalpktcnt: 228961, throughput (MOPS): 0.218354

[sec 38]

overall totalpktcnt: 240749, throughput (MOPS): 0.229596

[sec 39]

overall totalpktcnt: 235965, throughput (MOPS): 0.225034

[sec 40]

overall totalpktcnt: 233072, throughput (MOPS): 0.222275

[sec 41]

overall totalpktcnt: 230421, throughput (MOPS): 0.219747

[sec 42]

overall totalpktcnt: 227911, throughput (MOPS): 0.217353

[sec 43]

overall totalpktcnt: 226501, throughput (MOPS): 0.216008

[sec 44]

overall totalpktcnt: 223986, throughput (MOPS): 0.213610

[sec 45]

overall totalpktcnt: 229592, throughput (MOPS): 0.218956

[sec 46]

overall totalpktcnt: 221469, throughput (MOPS): 0.211209

[sec 47]

overall totalpktcnt: 230977, throughput (MOPS): 0.220277

[sec 48]

overall totalpktcnt: 225561, throughput (MOPS): 0.215112

[sec 49]

overall totalpktcnt: 220077, throughput (MOPS): 0.209882

[sec 50]

overall totalpktcnt: 233060, throughput (MOPS): 0.222263

[sec 51]

overall totalpktcnt: 235955, throughput (MOPS): 0.225024

[sec 52]

overall totalpktcnt: 229450, throughput (MOPS): 0.218821

[sec 53]

overall totalpktcnt: 227175, throughput (MOPS): 0.216651

[sec 54]

overall totalpktcnt: 225231, throughput (MOPS): 0.214797

[sec 55]

overall totalpktcnt: 223291, throughput (MOPS): 0.212947

[sec 56]

overall totalpktcnt: 225154, throughput (MOPS): 0.214724

[sec 57]

overall totalpktcnt: 221831, throughput (MOPS): 0.211555

[sec 58]

overall totalpktcnt: 224615, throughput (MOPS): 0.214210

[sec 59]

overall totalpktcnt: 224603, throughput (MOPS): 0.214198

[sec 60]

overall totalpktcnt: 224080, throughput (MOPS): 0.213699

[sec 61]

overall totalpktcnt: 220593, throughput (MOPS): 0.210374

[sec 62]

overall totalpktcnt: 221010, throughput (MOPS): 0.210772

[sec 63]

overall totalpktcnt: 218684, throughput (MOPS): 0.208553

[sec 64]

overall totalpktcnt: 219077, throughput (MOPS): 0.208928

[sec 65]

overall totalpktcnt: 221656, throughput (MOPS): 0.211388

[sec 66]

overall totalpktcnt: 223243, throughput (MOPS): 0.212901

[sec 67]

overall totalpktcnt: 221889, throughput (MOPS): 0.211610

[sec 68]

overall totalpktcnt: 222240, throughput (MOPS): 0.211945

[sec 69]

overall totalpktcnt: 214653, throughput (MOPS): 0.204709

[Latency Statistics of total_latency_list ]
| min | max | avg | 90th | 99th | largest | median | sum |
| 27.717 | 119049 | 2216.53 | 13150.9 | 14445.7 | 119049 | 105.93 | 3.58946e+10 |
[Latency Statistics of perclient_avgsend_latency_list ]
| min | max | avg | 90th | 99th | largest | median | sum |
| 4.69455 | 4.96939 | 4.80781 | 4.86545 | 4.90946 | 4.96939 | 4.8068 | 2461.6 |
[Latency Statistics of perclient_avgwait_latency_list ]
| min | max | avg | 90th | 99th | largest | median | sum |
| 1.60347 | 1.8783 | 1.7219 | 1.78757 | 1.84327 | 1.8783 | 1.7174 | 881.614 |
total_unmatched_cnt: 0
total_timeout_cnt: 0
client-side total pktcnt: 16194066, total time: 70.139901 s, total thpt: 0.220187 MOPS
cache hit pktcnt: 0
per-server pktcnt: 1955145 2121126 2032922 1985193 1940363 1888469 2113798 2157050

per-sec total throughput:
225375 234727 238427 239730 233155 231120 239383 244181 246352 243521 212961 233851 239221 238891 237521 233899 231620 225688 224759 223537 242572 244192 246028 245748 243396 242729 242863 243058 240392 240155 238542 232591 234893 234248 230195 230458 231080 229010 240753 235947 233143 230391 227933 226519 223974 229575 221425 230993 225600 220049 233044 235921 229496 227155 225264 223278 225203 221781 224610 224594 224124 220551 221000 218724 219068 221653 223268 221852 222253 214616

per-sec per-server throughput:
27617 28380 29675 27028 24457 26410 26368 35440
28939 29524 30738 28361 25546 27376 27417 36826
29101 29752 31413 29013 25969 27787 28021 37371
29237 29883 31944 29074 25815 27995 28223 37559
28294 29084 30974 28062 25365 26993 27454 36929
28115 28909 30814 27922 25314 27001 26991 36054
29159 29868 31392 28977 26182 27990 28387 37428
29920 30424 32314 29262 26492 28552 28819 38398
30020 30931 32401 29748 26719 28635 29191 38707
29934 30140 32534 29372 26604 28480 28461 37996
24771 33160 23524 24577 28533 25283 25862 27251
27265 37132 25896 26895 31282 27991 27984 29406
27986 37944 26604 27326 32078 28335 28928 30020
27838 37602 26376 27586 32031 28357 28958 30143
27450 37550 26371 27266 31923 28105 28821 30035
27108 37036 25948 26964 31356 27784 28516 29187
27236 36506 25568 26550 30951 27484 28395 28930
26138 35811 25145 25897 30235 26901 27305 28256
26056 35873 24782 25793 30072 26708 27139 28336
25912 35063 24733 25944 30292 26729 26942 27922
29490 30906 32058 29253 25795 28639 28797 37634
29851 30736 32780 29342 26166 28874 28672 37771
29577 31100 32491 29595 26371 29302 29150 38442
29669 30938 32687 29557 26658 28999 28912 38328
29354 30299 32583 29140 26041 28854 28970 38155
29217 30591 32762 28821 26209 28633 28674 37822
29150 30757 32174 29186 26221 28878 28674 37823
29688 30362 31977 29198 26302 28497 29032 38002
29112 30044 31824 28478 25851 28892 28527 37664
29128 30191 32226 28639 25855 28199 28597 37320
29754 28601 28521 31946 27731 26307 37354 28328
29025 28513 27479 30996 26996 25390 37234 26958
29467 28348 28040 31393 27380 25794 36976 27495
29630 28363 27492 31260 27308 26012 36768 27415
29113 27841 27605 30667 26667 25180 36241 26881
29069 27881 27139 30948 26929 25103 36341 27048
28974 28013 27313 30877 26681 25680 36367 27175
28452 27599 27173 30652 26644 25411 36123 26956
30060 29044 28596 32153 27972 26662 37702 28564
29490 28589 28035 31396 27396 26059 37314 27668
27142 36705 25877 27088 30879 27534 28602 29316
26722 36465 25698 26652 30914 27470 27543 28927
26446 36280 24954 26274 30592 27340 27564 28483
26361 36174 24971 25942 29993 27158 27266 28654
26017 35902 24839 25646 29871 26571 27005 28123
27052 36157 25135 26575 30534 27517 27822 28783
25659 35244 24460 25386 29857 26276 26734 27809
26990 36297 25496 26382 31207 27457 27990 29174
26200 35984 24832 26105 29998 26680 26995 28806
25534 35119 24089 25643 29239 26272 26517 27636
29416 28652 27582 31318 26725 25699 36630 27022
29490 28405 28039 31723 27245 26542 37204 27273
28555 27899 27225 30757 26541 25650 36289 26580
28206 27378 26942 30424 25917 25682 36298 26308
28455 27307 26512 30286 25616 25060 35786 26242
27935 27051 26524 30174 25553 24676 35484 25881
28239 27330 26683 30007 26147 25238 35605 25954
27806 26650 26239 30063 25509 24707 35314 25493
28156 27149 26522 30182 26008 24722 35668 26203
27965 26865 26707 29966 25972 25094 35788 26237
26677 23926 34398 26860 27956 27136 27582 29589
26114 23536 34416 26232 27646 26806 26397 29404
26272 23933 34376 26259 27551 26970 26364 29275
26175 23428 34113 26121 27104 26737 25955 29091
25671 23398 34230 26433 27294 26641 26213 29188
26203 23937 34322 26502 27811 27034 26480 29364
26329 24000 34871 26613 27919 26789 27031 29716
26380 23667 34630 26438 27511 27179 26535 29512
26362 23606 34664 26524 27909 27248 26752 29188
25224 23368 33438 25472 26926 26292 25755 28141
Finish dumping statistics!
