workload_name: synthetic
workload_mode: 1
dynamic_periodnum: 7
dynamic_periodinterval: 10
dynamic_ruleprefix: dynamicrules/synthetic-hotin.out
val_t::MAX_VALLEN: 128
ParserIterator::load_batch_size: 10000
client_physical_num: 2
server_physical_num: 2
client_total_logical_num: 1024
server_total_logical_num: 8
server_total_logical_num_for_rotation: 128
max_server_total_logical_num: 8

client_rotationdataserver_port: 1025
client_sendpktserver_port_start: 1026
client_rulemapserver_port_start: 1036
client_worker_port_start: 8888

client_logical_nums[0]: 512
client_ips[0]: 10.0.1.11
client_macs[0]: 3c:fd:fe:bb:ca:79
client_fpports[0]: 11/0
client_pipeidxes[0]: 0
client_logical_nums[1]: 512
client_ips[1]: 10.0.1.15
client_macs[1]: 3c:fd:fe:b5:28:59
client_fpports[1]: 1/0
client_pipeidxes[1]: 1

server_load_factor: 5
server_worker_port_start: 1152
server_evictserver_port_start: 2222
server_snapshotserver_port_start: 3333
server_snapshotdataserver_port_start: 4444
transaction_loadfinishserver_port: 8000

server_worker_corenums[0]: 16
server_total_corenums[0]: 24
server_logical_idxes_list[0]: 0 1 2 3 
server_ips[0]: 10.0.1.16
server_macs[0]: 3c:fd:fe:b5:1f:e1
server_fpports[0]: 16/0
server_pipeidxes[0]: 0
server_ip_for_controller_list[0]: 172.16.112.16
server_worker_corenums[1]: 16
server_total_corenums[1]: 48
server_logical_idxes_list[1]: 4 5 6 7 
server_ips[1]: 10.0.1.13
server_macs[1]: 3c:fd:fe:bb:c9:c8
server_fpports[1]: 13/0
server_pipeidxes[1]: 0
server_ip_for_controller_list[1]: 172.16.112.13

controller ip for server: 172.16.112.16
controller ip for switchos: 172.16.112.16
controller_popserver_port_start: 5555
controller_evictserver_port: 5002
controller_snapshot_period: 10000
controller_warmupfinishserver_port: 5010

switch_partition_count: 32768
switch_kv_bucket_num: 10000
switch_pipeline_num: 2
val_t::SWITCH_MAX_VALLEN: 128
switchos_popserver_port: 5003
switchos ip: 172.16.112.17
switchos_sample_cnt: 10
switchos_snapshotserver_port: 5004
switchos_specialcaseserver_port: 5005
switchos_ptf_popserver_port: 5006
switchos_ptf_snapshotserver_port: 5007

reflector ip for switchos: 172.16.112.16
reflector_dp2cpserver_port: 5008
reflector_cp2dpserver_port: 5009

raw_load_workload_filename for loading phase: synthetic-load.out
server_load_workload_dir for loading phase: synthetic-load-8
raw_warmup_workload_filename for warmup phase: synthetic-warmup.out
raw_run_workload_filename for transaction phase: synthetic-run.out
client_workload_dir for transaction phase: synthetic-run-1024
perserver_keyrange: 8192

[client] prepare clients ...
[client 1] Ready.
[client 0] Ready.
[client 9] Ready.
[client 3] Ready.
[client 2] Ready.
[client 12] Ready.
[client 6] Ready.
[client 16] Ready.
[client 4] Ready.
[client 7] Ready.
[client 8] Ready.
[client 5] Ready.
[client 13] Ready.
[client 11] Ready.
[client 19] Ready.
[client 14] Ready.
[client 15] Ready.
[client 18] Ready.
[client 22] Ready.
[client 25] Ready.
[client 21] Ready.
[client 17] Ready.
[client 28] Ready.
[client 29] Ready.
[client 35] Ready.
[client 30] Ready.
[client 31] Ready.
[client 33] Ready.
[client 39] Ready.
[client 34] Ready.
[client 36] Ready.
[client 40] Ready.
[client 37] Ready.
[client 42] Ready.
[client 38] Ready.
[client 41] Ready.
[client 49] Ready.
[client 43] Ready.
[client 48] Ready.
[client 45] Ready.
[client 44] Ready.
[client 47] Ready.
[client 46] Ready.
[client 51] Ready.
[client 59] Ready.
[client 53] Ready.
[client 60] Ready.
[client 52] Ready.
[client 50] Ready.
[client 56] Ready.
[client 55] Ready.
[client 62] Ready.
[client 58] Ready.
[client 54] Ready.
[client 78] Ready.
[client 61] Ready.
[client 79] Ready.
[client 80] Ready.
[client 81] Ready.
[client 69] Ready.
[client 82] Ready.
[client 66] Ready.
[client 70] Ready.
[client 83] Ready.
[client 86] Ready.
[client 68] Ready.
[client 72] Ready.
[client 75] Ready.
[client 74] Ready.
[client 73] Ready.
[client 85] Ready.
[client 88] Ready.
[client 87] Ready.
[client 76] Ready.
[client 84] Ready.
[client 93] Ready.
[client 90] Ready.
[client 89] Ready.
[client 77] Ready.
[client 95] Ready.
[client 91] Ready.
[client 94] Ready.
[client 97] Ready.
[client 98] Ready.
[client 96] Ready.
[client 100] Ready.
[client 101] Ready.
[client 102] Ready.
[client 103] Ready.
[client 99] Ready.
[client 121] Ready.
[client 118] Ready.
[client 120] Ready.
[client 383] Ready.
[client 119] Ready.
[client 124] Ready.
[client 122] Ready.
[client 127] Ready.
[client 129] Ready.
[client 123] Ready.
[client 126] Ready.
[client 128] Ready.
[client 125] Ready.
[client 131] Ready.
[client 136] Ready.
[client 134] Ready.
[client 132] Ready.
[client 130] Ready.
[client 135] Ready.
[client 137] Ready.
[client 141] Ready.
[client 138] Ready.
[client 133] Ready.
[client 140] Ready.
[client 156] Ready.
[client 153] Ready.
[client 154] Ready.
[client 155] Ready.
[client 157] Ready.
[client 190] Ready.
[client 158] Ready.
[client 183] Ready.
[client 159] Ready.
[client 163] Ready.
[client 160] Ready.
[client 166] Ready.
[client 161] Ready.
[client 187] Ready.
[client 189] Ready.
[client 162] Ready.
[client 194] Ready.
[client 165] Ready.
[client 170] Ready.
[client 191] Ready.
[client 164] Ready.
[client 171] Ready.
[client 193] Ready.
[client 169] Ready.
[client 195] Ready.
[client 192] Ready.
[client 196] Ready.
[client 188] Ready.
[client 202] Ready.
[client 198] Ready.
[client 167] Ready.
[client 197] Ready.
[client 200] Ready.
[client 199] Ready.
[client 203] Ready.
[client 204] Ready.
[client 201] Ready.
[client 205] Ready.
[client 212] Ready.
[client 210] Ready.
[client 209] Ready.
[client 218] Ready.
[client 216] Ready.
[client 214] Ready.
[client 24] Ready.
[client 219] Ready.
[client 223] Ready.
[client 224] Ready.
[client 222] Ready.
[client 225] Ready.
[client 228] Ready.
[client 227] Ready.
[client 226] Ready.
[client 20] Ready.
[client 283] Ready.
[client 232] Ready.
[client 229] Ready.
[client 289] Ready.
[client 284] Ready.
[client 286] Ready.
[client 287] Ready.
[client 233] Ready.
[client 230] Ready.
[client 231] Ready.
[client 234] Ready.
[client 236] Ready.
[client 235] Ready.
[client 288] Ready.
[client 237] Ready.
[client 10] Ready.
[client 291] Ready.
[client 295] Ready.
[client 292] Ready.
[client 293] Ready.
[client 294] Ready.
[client 290] Ready.
[client 298] Ready.
[client 32] Ready.
[client 296] Ready.
[client 247] Ready.
[client 297] Ready.
[client 250] Ready.
[client 306] Ready.
[client 308] Ready.
[client 249] Ready.
[client 254] Ready.
[client 307] Ready.
[client 255] Ready.
[client 310] Ready.
[client 256] Ready.
[client 257] Ready.
[client 261] Ready.
[client 258] Ready.
[client 259] Ready.
[client 316] Ready.
[client 27] Ready.
[client 260] Ready.
[client 263] Ready.
[client 265] Ready.
[client 262] Ready.
[client 266] Ready.
[client 320] Ready.
[client 267] Ready.
[client 26] Ready.
[client 319] Ready.
[client 321] Ready.
[client 318] Ready.
[client 322] Ready.
[client 270] Ready.
[client 23] Ready.
[client 328] Ready.
[client 323] Ready.
[client 272] Ready.
[client 327] Ready.
[client 269] Ready.
[client 324] Ready.
[client 275] Ready.
[client 326] Ready.
[client 330] Ready.
[client 273] Ready.
[client 329] Ready.
[client 332] Ready.
[client 274] Ready.
[client 325] Ready.
[client 331] Ready.
[client 333] Ready.
[client 334] Ready.
[client 271] Ready.
[client 92] Ready.
[client 71] Ready.
[client 57] Ready.
[client 346] Ready.
[client 345] Ready.
[client 64] Ready.
[client 63] Ready.
[client 347] Ready.
[client 348] Ready.
[client 352] Ready.
[client 350] Ready.
[client 349] Ready.
[client 356] Ready.
[client 354] Ready.
[client 353] Ready.
[client 351] Ready.
[client 65] Ready.
[client 357] Ready.
[client 366] Ready.
[client 360] Ready.
[client 364] Ready.
[client 367] Ready.
[client 111] Ready.
[client 104] Ready.
[client 105] Ready.
[client 358] Ready.
[client 363] Ready.
[client 108] Ready.
[client 361] Ready.
[client 369] Ready.
[client 371] Ready.
[client 365] Ready.
[client 368] Ready.
[client 370] Ready.
[client 372] Ready.
[client 110] Ready.
[client 143] Ready.
[client 147] Ready.
[client 67] Ready.
[client 139] Ready.
[client 172] Ready.
[client 148] Ready.
[client 179] Ready.
[client 114] Ready.
[client 145] Ready.
[client 168] Ready.
[client 144] Ready.
[client 112] Ready.
[client 107] Ready.
[client 142] Ready.
[client 106] Ready.
[client 178] Ready.
[client 117] Ready.
[client 149] Ready.
[client 109] Ready.
[client 181] Ready.
[client 146] Ready.
[client 113] Ready.
[client 177] Ready.
[client 116] Ready.
[client 207] Ready.
[client 180] Ready.
[client 173] Ready.
[client 174] Ready.
[client 206] Ready.
[client 150] Ready.
[client 176] Ready.
[client 182] Ready.
[client 115] Ready.
[client 253] Ready.
[client 151] Ready.
[client 152] Ready.
[client 175] Ready.
[client 208] Ready.
[client 211] Ready.
[client 245] Ready.
[client 186] Ready.
[client 241] Ready.
[client 242] Ready.
[client 243] Ready.
[client 239] Ready.
[client 244] Ready.
[client 246] Ready.
[client 240] Ready.
[client 238] Ready.
[client 305] Ready.
[client 299] Ready.
[client 184] Ready.
[client 268] Ready.
[client 185] Ready.
[client 264] Ready.
[client 279] Ready.
[client 213] Ready.
[client 215] Ready.
[client 278] Ready.
[client 281] Ready.
[client 285] Ready.
[client 252] Ready.
[client 276] Ready.
[client 280] Ready.
[client 277] Ready.
[client 251] Ready.
[client 221] Ready.
[client 248] Ready.
[client 282] Ready.
[client 217] Ready.
[client 302] Ready.
[client 355] Ready.
[client 303] Ready.
[client 313] Ready.
[client 304] Ready.
[client 344] Ready.
[client 336] Ready.
[client 470] Ready.
[client 300] Ready.
[client 311] Ready.
[client 335] Ready.
[client 373] Ready.
[client 337] Ready.
[client 359] Ready.
[client 312] Ready.
[client 342] Ready.
[client 499] Ready.
[client 498] Ready.
[client 500] Ready.
[client 427] Ready.
[client 428] Ready.
[client 338] Ready.
[client 469] Ready.
[client 309] Ready.
[client 315] Ready.
[client 468] Ready.
[client 466] Ready.
[client 467] Ready.
[client 464] Ready.
[client 420] Ready.
[client 422] Ready.
[client 424] Ready.
[client 425] Ready.
[client 407] Ready.
[client 423] Ready.
[client 426] Ready.
[client 419] Ready.
[client 416] Ready.
[client 463] Ready.
[client 418] Ready.
[client 409] Ready.
[client 415] Ready.
[client 408] Ready.
[client 403] Ready.
[client 343] Ready.
[client 421] Ready.
[client 465] Ready.
[client 401] Ready.
[client 417] Ready.
[client 378] Ready.
[client 497] Ready.
[client 406] Ready.
[client 400] Ready.
[client 410] Ready.
[client 404] Ready.
[client 458] Ready.
[client 405] Ready.
[client 495] Ready.
[client 382] Ready.
[client 340] Ready.
[client 376] Ready.
[client 413] Ready.
[client 402] Ready.
[client 496] Ready.
[client 460] Ready.
[client 453] Ready.
[client 459] Ready.
[client 444] Ready.
[client 339] Ready.
[client 445] Ready.
[client 462] Ready.
[client 455] Ready.
[client 452] Ready.
[client 457] Ready.
[client 395] Ready.
[client 461] Ready.
[client 396] Ready.
[client 456] Ready.
[client 490] Ready.
[client 398] Ready.
[client 454] Ready.
[client 381] Ready.
[client 341] Ready.
[client 412] Ready.
[client 447] Ready.
[client 411] Ready.
[client 484] Ready.
[client 482] Ready.
[client 393] Ready.
[client 485] Ready.
[client 483] Ready.
[client 399] Ready.
[client 440] Ready.
[client 492] Ready.
[client 394] Ready.
[client 477] Ready.
[client 448] Ready.
[client 379] Ready.
[client 377] Ready.
[client 220] Ready.
[client 493] Ready.
[client 414] Ready.
[client 511] Ready.
[client 494] Ready.
[client 480] Ready.
[client 479] Ready.
[client 380] Ready.
[client 431] Ready.
[client 487] Ready.
[client 439] Ready.
[client 476] Ready.
[client 436] Ready.
[client 489] Ready.
[client 481] Ready.
[client 317] Ready.
[client 510] Ready.
[client 509] Ready.
[client 491] Ready.
[client 392] Ready.
[client 443] Ready.
[client 508] Ready.
[client 374] Ready.
[client 441] Ready.
[client 488] Ready.
[client 473] Ready.
[client 478] Ready.
[client 437] Ready.
[client 442] Ready.
[client 450] Ready.
[client 435] Ready.
[client 451] Ready.
[client 438] Ready.
[client 434] Ready.
[client 486] Ready.
[client 432] Ready.
[client 446] Ready.
[client 362] Ready.
[client 433] Ready.
[client 472] Ready.
[client 389] Ready.
[client 430] Ready.
[client 387] Ready.
[client 384] Ready.
[client 504] Ready.
[client 503] Ready.
[client 385] Ready.
[client 471] Ready.
[client 386] Ready.
[client 388] Ready.
[client 390] Ready.
[client 475] Ready.
[client 501] Ready.
[client 502] Ready.
[client 301] Ready.
[client 314] Ready.
[client 397] Ready.
[client 375] Ready.
[client 449] Ready.
[client 474] Ready.
[client 391] Ready.
[client 506] Ready.
[client 507] Ready.
[client 429] Ready.
[client 505] Ready.
[client] all clients ready...
start to send pkt
switch dynamic rulemap from period 0 to 1
switch dynamic rulemap from period 1 to 2
switch dynamic rulemap from period 2 to 3
switch dynamic rulemap from period 3 to 4
switch dynamic rulemap from period 4 to 5
switch dynamic rulemap from period 5 to 6
[client] all clients finish!
[client] processing statistics

thpt interval: 1 s, seccnt: 70

[sec 0]

overall totalpktcnt: 228968, throughput (MOPS): 0.218361

[sec 1]

overall totalpktcnt: 238123, throughput (MOPS): 0.227092

[sec 2]

overall totalpktcnt: 240703, throughput (MOPS): 0.229552

[sec 3]

overall totalpktcnt: 248148, throughput (MOPS): 0.236652

[sec 4]

overall totalpktcnt: 253443, throughput (MOPS): 0.241702

[sec 5]

overall totalpktcnt: 254524, throughput (MOPS): 0.242733

[sec 6]

overall totalpktcnt: 257427, throughput (MOPS): 0.245502

[sec 7]

overall totalpktcnt: 259119, throughput (MOPS): 0.247115

[sec 8]

overall totalpktcnt: 261318, throughput (MOPS): 0.249212

[sec 9]

overall totalpktcnt: 263455, throughput (MOPS): 0.251250

[sec 10]

overall totalpktcnt: 242149, throughput (MOPS): 0.230931

[sec 11]

overall totalpktcnt: 238140, throughput (MOPS): 0.227108

[sec 12]

overall totalpktcnt: 240365, throughput (MOPS): 0.229230

[sec 13]

overall totalpktcnt: 241668, throughput (MOPS): 0.230473

[sec 14]

overall totalpktcnt: 240664, throughput (MOPS): 0.229515

[sec 15]

overall totalpktcnt: 241131, throughput (MOPS): 0.229960

[sec 16]

overall totalpktcnt: 240340, throughput (MOPS): 0.229206

[sec 17]

overall totalpktcnt: 239919, throughput (MOPS): 0.228805

[sec 18]

overall totalpktcnt: 246737, throughput (MOPS): 0.235307

[sec 19]

overall totalpktcnt: 245020, throughput (MOPS): 0.233669

[sec 20]

overall totalpktcnt: 271371, throughput (MOPS): 0.258800

[sec 21]

overall totalpktcnt: 267231, throughput (MOPS): 0.254851

[sec 22]

overall totalpktcnt: 267971, throughput (MOPS): 0.255557

[sec 23]

overall totalpktcnt: 265718, throughput (MOPS): 0.253408

[sec 24]

overall totalpktcnt: 268008, throughput (MOPS): 0.255592

[sec 25]

overall totalpktcnt: 268034, throughput (MOPS): 0.255617

[sec 26]

overall totalpktcnt: 267413, throughput (MOPS): 0.255025

[sec 27]

overall totalpktcnt: 268736, throughput (MOPS): 0.256287

[sec 28]

overall totalpktcnt: 266182, throughput (MOPS): 0.253851

[sec 29]

overall totalpktcnt: 268759, throughput (MOPS): 0.256309

[sec 30]

overall totalpktcnt: 265686, throughput (MOPS): 0.253378

[sec 31]

overall totalpktcnt: 266341, throughput (MOPS): 0.254003

[sec 32]

overall totalpktcnt: 261121, throughput (MOPS): 0.249024

[sec 33]

overall totalpktcnt: 264351, throughput (MOPS): 0.252105

[sec 34]

overall totalpktcnt: 261688, throughput (MOPS): 0.249565

[sec 35]

overall totalpktcnt: 263692, throughput (MOPS): 0.251476

[sec 36]

overall totalpktcnt: 263907, throughput (MOPS): 0.251681

[sec 37]

overall totalpktcnt: 266456, throughput (MOPS): 0.254112

[sec 38]

overall totalpktcnt: 265556, throughput (MOPS): 0.253254

[sec 39]

overall totalpktcnt: 266471, throughput (MOPS): 0.254127

[sec 40]

overall totalpktcnt: 247416, throughput (MOPS): 0.235954

[sec 41]

overall totalpktcnt: 243729, throughput (MOPS): 0.232438

[sec 42]

overall totalpktcnt: 245336, throughput (MOPS): 0.233971

[sec 43]

overall totalpktcnt: 245735, throughput (MOPS): 0.234351

[sec 44]

overall totalpktcnt: 243742, throughput (MOPS): 0.232450

[sec 45]

overall totalpktcnt: 242451, throughput (MOPS): 0.231219

[sec 46]

overall totalpktcnt: 243863, throughput (MOPS): 0.232566

[sec 47]

overall totalpktcnt: 242655, throughput (MOPS): 0.231414

[sec 48]

overall totalpktcnt: 242716, throughput (MOPS): 0.231472

[sec 49]

overall totalpktcnt: 238666, throughput (MOPS): 0.227610

[sec 50]

overall totalpktcnt: 265403, throughput (MOPS): 0.253108

[sec 51]

overall totalpktcnt: 261567, throughput (MOPS): 0.249450

[sec 52]

overall totalpktcnt: 261439, throughput (MOPS): 0.249328

[sec 53]

overall totalpktcnt: 263852, throughput (MOPS): 0.251629

[sec 54]

overall totalpktcnt: 260037, throughput (MOPS): 0.247991

[sec 55]

overall totalpktcnt: 261061, throughput (MOPS): 0.248967

[sec 56]

overall totalpktcnt: 262793, throughput (MOPS): 0.250619

[sec 57]

overall totalpktcnt: 262531, throughput (MOPS): 0.250369

[sec 58]

overall totalpktcnt: 264634, throughput (MOPS): 0.252375

[sec 59]

overall totalpktcnt: 267101, throughput (MOPS): 0.254727

[sec 60]

overall totalpktcnt: 310700, throughput (MOPS): 0.296307

[sec 61]

overall totalpktcnt: 312009, throughput (MOPS): 0.297555

[sec 62]

overall totalpktcnt: 307927, throughput (MOPS): 0.293662

[sec 63]

overall totalpktcnt: 310078, throughput (MOPS): 0.295713

[sec 64]

overall totalpktcnt: 311091, throughput (MOPS): 0.296679

[sec 65]

overall totalpktcnt: 310052, throughput (MOPS): 0.295689

[sec 66]

overall totalpktcnt: 312117, throughput (MOPS): 0.297658

[sec 67]

overall totalpktcnt: 312072, throughput (MOPS): 0.297615

[sec 68]

overall totalpktcnt: 309907, throughput (MOPS): 0.295550

[sec 69]

overall totalpktcnt: 308237, throughput (MOPS): 0.293958

[Latency Statistics of total_latency_list ]
| min | max | avg | 90th | 99th | largest | median | sum |
| 25.86 | 21636.5 | 1948.14 | 11725.6 | 13077.5 | 21636.5 | 89.794 | 3.58789e+10 |
[Latency Statistics of perclient_avgsend_latency_list ]
| min | max | avg | 90th | 99th | largest | median | sum |
| 4.87958 | 5.20204 | 5.01118 | 5.07809 | 5.13859 | 5.20204 | 5.00859 | 2565.72 |
[Latency Statistics of perclient_avgwait_latency_list ]
| min | max | avg | 90th | 99th | largest | median | sum |
| 1.2096 | 1.5669 | 1.32983 | 1.39416 | 1.44159 | 1.5669 | 1.32559 | 680.872 |
total_unmatched_cnt: 0
total_timeout_cnt: 0
client-side total pktcnt: 18417041, total time: 70.100088 s, total thpt: 0.250554 MOPS
cache hit pktcnt: 0
per-server pktcnt: 2224269 2390281 2333380 2258369 2208335 2148895 2404638 2448874

per-sec total throughput:
228812 238150 240698 248172 253397 254531 257461 259114 261308 263454 242179 238129 240320 241663 240673 241143 240372 239890 246702 245082 271374 267165 268019 265735 267956 267985 267447 268751 266193 268732 265704 266358 261093 264410 261644 263664 263943 266471 265569 266409 247451 243725 245377 245678 243756 242465 243903 242614 242712 238681 265382 261563 261440 263842 260040 261013 262871 262485 264622 267119 310702 311961 307949 310114 311062 310061 312027 312160 309914 308237

per-sec per-server throughput:
28058 28827 30093 27452 24833 26822 26774 35953
29374 29922 31202 28779 25872 27763 27803 37435
29329 30108 31754 29254 26248 28077 28309 37619
30283 30796 33113 30097 26788 28899 29233 38963
30730 31833 33829 30462 27606 29413 29796 39728
30954 31610 33723 30743 27871 29810 29851 39969
31463 32181 33789 31215 27991 29999 30470 40353
31724 32309 34228 30995 28161 30178 30710 40809
31931 32713 34370 31667 28413 30457 30812 40945
32196 32580 35129 31800 28834 30932 30768 41215
28133 37850 26870 27890 32297 28864 29185 31090
27803 37863 26511 27196 31817 28281 28673 29985
28127 37939 26532 27683 32170 28530 29072 30267
27985 38138 26812 27824 32441 28643 29390 30430
27994 38102 26643 27693 32413 28407 29207 30214
28163 38123 26618 27765 32153 28924 29443 29954
27849 37881 26786 27646 32311 28451 29246 30202
27876 38379 26434 27415 32056 28594 28973 30163
28585 38784 27276 28613 33438 29339 29719 30948
28498 38839 27076 28201 32521 29131 29982 30834
33019 34525 36271 32685 29046 32222 31899 41707
32291 33807 35287 32021 28650 31708 31704 41697
32278 33838 35793 32346 28913 31744 31393 41714
31922 33129 35641 31575 28602 31400 31745 41721
32228 33749 35793 32060 29073 31740 31585 41728
32618 33700 35548 32139 28818 31588 31759 41815
32458 33423 35223 31904 28803 32011 31809 41816
32476 33790 35977 32048 28880 31708 32118 41754
32150 33094 35822 31587 28974 31165 31640 41761
32494 33761 35673 31904 29040 31819 32217 41824
33348 32056 31632 35545 30976 28971 41513 31663
33686 32268 31339 35544 31048 29472 41814 31187
33035 31778 31077 34994 30113 28593 41061 30442
33292 31803 31326 35417 30758 29066 41557 31191
32475 31629 31101 34892 30419 29064 41399 30665
32980 31918 31180 35214 30691 29169 41371 31141
32965 31989 31380 35220 30434 29254 41602 31099
33466 32200 31845 35778 30971 29068 41965 31178
33074 32254 31596 35757 30717 29514 41949 30708
33531 32083 31342 35523 31001 29550 42107 31272
28652 38834 27498 28366 33142 29571 30343 31045
28689 38900 26823 28087 32326 28954 29312 30634
28611 38727 26962 28117 32966 29383 29832 30779
28643 38766 27229 28365 33003 29076 29581 31015
28217 38800 26810 28071 32529 28942 29364 31023
28147 38773 26578 28163 32273 28859 29251 30421
28560 38830 26917 28244 32627 28752 29445 30528
28038 38742 26663 28087 32395 29095 29318 30276
27982 38790 27041 27721 32796 28787 29057 30538
27610 38001 26330 27474 31970 28621 28662 30013
33457 32595 31169 35669 30398 29511 41793 30790
32708 31749 31067 35053 30061 29067 41642 30216
32572 31602 31008 35354 30250 29254 41330 30070
33205 31796 31135 35392 30520 29175 41911 30708
32492 31236 30750 34880 29975 28942 41352 30413
32734 31272 31081 34853 30118 28791 41843 30321
33099 31831 31254 35348 30130 29092 41506 30611
33352 31400 30919 35284 29891 29357 41700 30582
33346 32056 31373 35679 30318 29233 41880 30737
33425 32289 31972 36166 30458 29532 42043 31234
36803 33405 47935 36773 38801 37726 37987 41272
36872 33378 48345 37330 39053 38390 37415 41178
36497 33149 48187 36559 38475 37403 36947 40732
36537 33329 48273 37020 38444 37792 37294 41425
36941 33645 48338 36857 38835 38079 37019 41348
36899 33435 48418 36691 38898 37525 37171 41024
36890 33440 48436 37181 39051 38163 37267 41599
37121 33560 48386 37341 39182 38204 37214 41152
36867 33386 48485 36780 38657 37780 36663 41296
36442 32971 48324 36894 38589 37468 36847 40702
Finish dumping statistics!
