workload_name: synthetic
workload_mode: 1
dynamic_periodnum: 7
dynamic_periodinterval: 10
dynamic_ruleprefix: dynamicrules/synthetic-hotin.out
val_t::MAX_VALLEN: 128
ParserIterator::load_batch_size: 10000
client_physical_num: 2
server_physical_num: 2
client_total_logical_num: 1024
server_total_logical_num: 8
server_total_logical_num_for_rotation: 128
max_server_total_logical_num: 8

client_rotationdataserver_port: 1025
client_sendpktserver_port_start: 1026
client_rulemapserver_port_start: 1036
client_worker_port_start: 8888

client_logical_nums[0]: 512
client_ips[0]: 10.0.1.11
client_macs[0]: 3c:fd:fe:bb:ca:79
client_fpports[0]: 11/0
client_pipeidxes[0]: 0
client_logical_nums[1]: 512
client_ips[1]: 10.0.1.15
client_macs[1]: 3c:fd:fe:b5:28:59
client_fpports[1]: 1/0
client_pipeidxes[1]: 1

server_load_factor: 5
server_worker_port_start: 1152
server_evictserver_port_start: 2222
server_snapshotserver_port_start: 3333
server_snapshotdataserver_port_start: 4444
transaction_loadfinishserver_port: 8000

server_worker_corenums[0]: 16
server_total_corenums[0]: 24
server_logical_idxes_list[0]: 0 1 2 3 
server_ips[0]: 10.0.1.16
server_macs[0]: 3c:fd:fe:b5:1f:e1
server_fpports[0]: 16/0
server_pipeidxes[0]: 0
server_ip_for_controller_list[0]: 172.16.112.16
server_worker_corenums[1]: 16
server_total_corenums[1]: 48
server_logical_idxes_list[1]: 4 5 6 7 
server_ips[1]: 10.0.1.13
server_macs[1]: 3c:fd:fe:bb:c9:c8
server_fpports[1]: 13/0
server_pipeidxes[1]: 0
server_ip_for_controller_list[1]: 172.16.112.13

controller ip for server: 172.16.112.16
controller ip for switchos: 172.16.112.16
controller_popserver_port_start: 5555
controller_evictserver_port: 5002
controller_snapshot_period: 10000
controller_warmupfinishserver_port: 5010

switch_partition_count: 32768
switch_kv_bucket_num: 10000
switch_pipeline_num: 2
val_t::SWITCH_MAX_VALLEN: 128
switchos_popserver_port: 5003
switchos ip: 172.16.112.17
switchos_sample_cnt: 10
switchos_snapshotserver_port: 5004
switchos_specialcaseserver_port: 5005
switchos_ptf_popserver_port: 5006
switchos_ptf_snapshotserver_port: 5007

reflector ip for switchos: 172.16.112.16
reflector_dp2cpserver_port: 5008
reflector_cp2dpserver_port: 5009

raw_load_workload_filename for loading phase: synthetic-load.out
server_load_workload_dir for loading phase: synthetic-load-8
raw_warmup_workload_filename for warmup phase: synthetic-warmup.out
raw_run_workload_filename for transaction phase: synthetic-run.out
client_workload_dir for transaction phase: synthetic-run-1024
perserver_keyrange: 8192

[client.sendpktserver] ready
[client] prepare clients ...
[client.rulemapserver] ready
[client 6] Ready.
[client 7] Ready.
[client 2] Ready.
[client 1] Ready.
[client 3] Ready.
[client 0] Ready.
[client 5] Ready.
[client 9] Ready.
[client 10] Ready.
[client 12] Ready.
[client 8] Ready.
[client 4] Ready.
[client 11] Ready.
[client 16] Ready.
[client 14] Ready.
[client 13] Ready.
[client 17] Ready.
[client 21] Ready.
[client 23] Ready.
[client 22] Ready.
[client 27] Ready.
[client 25] Ready.
[client 24] Ready.
[client 26] Ready.
[client 30] Ready.
[client 28] Ready.
[client 29] Ready.
[client 32] Ready.
[client 35] Ready.
[client 37] Ready.
[client 31] Ready.
[client 38] Ready.
[client 39] Ready.
[client 33] Ready.
[client 36] Ready.
[client 43] Ready.
[client 41] Ready.
[client 34] Ready.
[client 42] Ready.
[client 45] Ready.
[client 44] Ready.
[client 50] Ready.
[client 47] Ready.
[client 55] Ready.
[client 54] Ready.
[client 53] Ready.
[client 49] Ready.
[client 58] Ready.
[client 59] Ready.
[client 51] Ready.
[client 52] Ready.
[client 56] Ready.
[client 81] Ready.
[client 82] Ready.
[client 83] Ready.
[client 71] Ready.
[client 87] Ready.
[client 86] Ready.
[client 72] Ready.
[client 84] Ready.
[client 85] Ready.
[client 73] Ready.
[client 77] Ready.
[client 90] Ready.
[client 74] Ready.
[client 89] Ready.
[client 76] Ready.
[client 91] Ready.
[client 75] Ready.
[client 94] Ready.
[client 95] Ready.
[client 88] Ready.
[client 92] Ready.
[client 96] Ready.
[client 99] Ready.
[client 97] Ready.
[client 93] Ready.
[client 100] Ready.
[client 101] Ready.
[client 98] Ready.
[client 104] Ready.
[client 103] Ready.
[client 122] Ready.
[client 116] Ready.
[client 123] Ready.
[client 117] Ready.
[client 118] Ready.
[client 121] Ready.
[client 115] Ready.
[client 120] Ready.
[client 119] Ready.
[client 125] Ready.
[client 126] Ready.
[client 128] Ready.
[client 124] Ready.
[client 130] Ready.
[client 129] Ready.
[client 132] Ready.
[client 127] Ready.
[client 131] Ready.
[client 149] Ready.
[client 145] Ready.
[client 147] Ready.
[client 146] Ready.
[client 150] Ready.
[client 151] Ready.
[client 153] Ready.
[client 154] Ready.
[client 181] Ready.
[client 152] Ready.
[client 148] Ready.
[client 155] Ready.
[client 183] Ready.
[client 186] Ready.
[client 184] Ready.
[client 185] Ready.
[client 158] Ready.
[client 187] Ready.
[client 189] Ready.
[client 188] Ready.
[client 163] Ready.
[client 161] Ready.
[client 196] Ready.
[client 160] Ready.
[client 162] Ready.
[client 195] Ready.
[client 194] Ready.
[client 201] Ready.
[client 197] Ready.
[client 200] Ready.
[client 198] Ready.
[client 173] Ready.
[client 174] Ready.
[client 172] Ready.
[client 203] Ready.
[client 202] Ready.
[client 171] Ready.
[client 176] Ready.
[client 199] Ready.
[client 177] Ready.
[client 175] Ready.
[client 204] Ready.
[client 206] Ready.
[client 207] Ready.
[client 179] Ready.
[client 182] Ready.
[client 178] Ready.
[client 205] Ready.
[client 208] Ready.
[client 211] Ready.
[client 180] Ready.
[client 210] Ready.
[client 213] Ready.
[client 212] Ready.
[client 216] Ready.
[client 214] Ready.
[client 217] Ready.
[client 209] Ready.
[client 215] Ready.
[client 218] Ready.
[client 227] Ready.
[client 229] Ready.
[client 231] Ready.
[client 233] Ready.
[client 232] Ready.
[client 234] Ready.
[client 237] Ready.
[client 238] Ready.
[client 235] Ready.
[client 239] Ready.
[client 242] Ready.
[client 241] Ready.
[client 240] Ready.
[client 244] Ready.
[client 299] Ready.
[client 243] Ready.
[client 298] Ready.
[client 301] Ready.
[client 246] Ready.
[client 245] Ready.
[client 303] Ready.
[client 248] Ready.
[client 302] Ready.
[client 305] Ready.
[client 307] Ready.
[client 308] Ready.
[client 306] Ready.
[client 304] Ready.
[client 251] Ready.
[client 18] Ready.
[client 254] Ready.
[client 252] Ready.
[client 260] Ready.
[client 321] Ready.
[client 320] Ready.
[client 319] Ready.
[client 322] Ready.
[client 318] Ready.
[client 268] Ready.
[client 262] Ready.
[client 20] Ready.
[client 263] Ready.
[client 325] Ready.
[client 271] Ready.
[client 323] Ready.
[client 267] Ready.
[client 265] Ready.
[client 264] Ready.
[client 19] Ready.
[client 324] Ready.
[client 266] Ready.
[client 273] Ready.
[client 272] Ready.
[client 269] Ready.
[client 335] Ready.
[client 274] Ready.
[client 275] Ready.
[client 333] Ready.
[client 270] Ready.
[client 336] Ready.
[client 278] Ready.
[client 281] Ready.
[client 276] Ready.
[client 334] Ready.
[client 282] Ready.
[client 277] Ready.
[client 338] Ready.
[client 345] Ready.
[client 285] Ready.
[client 341] Ready.
[client 280] Ready.
[client 340] Ready.
[client 337] Ready.
[client 339] Ready.
[client 346] Ready.
[client 354] Ready.
[client 342] Ready.
[client 344] Ready.
[client 348] Ready.
[client 352] Ready.
[client 350] Ready.
[client 294] Ready.
[client 347] Ready.
[client 297] Ready.
[client 349] Ready.
[client 355] Ready.
[client 351] Ready.
[client 300] Ready.
[client 353] Ready.
[client 48] Ready.
[client 365] Ready.
[client 370] Ready.
[client 40] Ready.
[client 66] Ready.
[client 371] Ready.
[client 368] Ready.
[client 372] Ready.
[client 366] Ready.
[client 369] Ready.
[client 343] Ready.
[client 64] Ready.
[client 102] Ready.
[client 15] Ready.
[client 135] Ready.
[client 142] Ready.
[client 61] Ready.
[client 62] Ready.
[client 136] Ready.
[client 68] Ready.
[client 63] Ready.
[client 70] Ready.
[client 114] Ready.
[client 65] Ready.
[client 107] Ready.
[client 46] Ready.
[client 60] Ready.
[client 80] Ready.
[client 79] Ready.
[client 169] Ready.
[client 105] Ready.
[client 57] Ready.
[client 134] Ready.
[client 111] Ready.
[client 109] Ready.
[client 110] Ready.
[client 106] Ready.
[client 108] Ready.
[client 112] Ready.
[client 113] Ready.
[client 78] Ready.
[client 166] Ready.
[client 140] Ready.
[client 138] Ready.
[client 141] Ready.
[client 67] Ready.
[client 168] Ready.
[client 164] Ready.
[client 69] Ready.
[client 167] Ready.
[client 165] Ready.
[client 137] Ready.
[client 133] Ready.
[client 143] Ready.
[client 139] Ready.
[client 247] Ready.
[client 144] Ready.
[client 250] Ready.
[client 170] Ready.
[client 157] Ready.
[client 219] Ready.
[client 224] Ready.
[client 225] Ready.
[client 228] Ready.
[client 226] Ready.
[client 221] Ready.
[client 220] Ready.
[client 223] Ready.
[client 258] Ready.
[client 293] Ready.
[client 257] Ready.
[client 256] Ready.
[client 291] Ready.
[client 192] Ready.
[client 255] Ready.
[client 286] Ready.
[client 222] Ready.
[client 259] Ready.
[client 159] Ready.
[client 156] Ready.
[client 279] Ready.
[client 253] Ready.
[client 289] Ready.
[client 190] Ready.
[client 284] Ready.
[client 292] Ready.
[client 326] Ready.
[client 316] Ready.
[client 290] Ready.
[client 329] Ready.
[client 191] Ready.
[client 193] Ready.
[client 331] Ready.
[client 249] Ready.
[client 313] Ready.
[client 287] Ready.
[client 283] Ready.
[client 261] Ready.
[client 311] Ready.
[client 288] Ready.
[client 236] Ready.
[client 362] Ready.
[client 312] Ready.
[client 364] Ready.
[client 309] Ready.
[client 359] Ready.
[client 314] Ready.
[client 230] Ready.
[client 310] Ready.
[client 327] Ready.
[client 361] Ready.
[client 330] Ready.
[client 315] Ready.
[client 317] Ready.
[client 373] Ready.
[client 460] Ready.
[client 427] Ready.
[client 358] Ready.
[client 363] Ready.
[client 360] Ready.
[client 425] Ready.
[client 459] Ready.
[client 296] Ready.
[client 461] Ready.
[client 332] Ready.
[client 423] Ready.
[client 422] Ready.
[client 424] Ready.
[client 421] Ready.
[client 379] Ready.
[client 490] Ready.
[client 377] Ready.
[client 382] Ready.
[client 491] Ready.
[client 426] Ready.
[client 420] Ready.
[client 416] Ready.
[client 419] Ready.
[client 402] Ready.
[client 378] Ready.
[client 412] Ready.
[client 415] Ready.
[client 414] Ready.
[client 381] Ready.
[client 418] Ready.
[client 403] Ready.
[client 492] Ready.
[client 413] Ready.
[client 408] Ready.
[client 417] Ready.
[client 357] Ready.
[client 457] Ready.
[client 453] Ready.
[client 375] Ready.
[client 380] Ready.
[client 452] Ready.
[client 401] Ready.
[client 455] Ready.
[client 450] Ready.
[client 454] Ready.
[client 451] Ready.
[client 456] Ready.
[client 448] Ready.
[client 356] Ready.
[client 458] Ready.
[client 295] Ready.
[client 445] Ready.
[client 449] Ready.
[client 406] Ready.
[client 404] Ready.
[client 407] Ready.
[client 400] Ready.
[client 328] Ready.
[client 439] Ready.
[client 442] Ready.
[client 484] Ready.
[client 440] Ready.
[client 398] Ready.
[client 438] Ready.
[client 441] Ready.
[client 405] Ready.
[client 411] Ready.
[client 483] Ready.
[client 394] Ready.
[client 489] Ready.
[client 487] Ready.
[client 395] Ready.
[client 481] Ready.
[client 485] Ready.
[client 396] Ready.
[client 480] Ready.
[client 409] Ready.
[client 399] Ready.
[client 510] Ready.
[client 476] Ready.
[client 367] Ready.
[client 410] Ready.
[client 478] Ready.
[client 470] Ready.
[client 397] Ready.
[client 437] Ready.
[client 488] Ready.
[client 479] Ready.
[client 511] Ready.
[client 435] Ready.
[client 447] Ready.
[client 393] Ready.
[client 474] Ready.
[client 471] Ready.
[client 508] Ready.
[client 446] Ready.
[client 495] Ready.
[client 482] Ready.
[client 429] Ready.
[client 444] Ready.
[client 509] Ready.
[client 374] Ready.
[client 504] Ready.
[client 502] Ready.
[client 473] Ready.
[client 432] Ready.
[client 497] Ready.
[client 472] Ready.
[client 486] Ready.
[client 499] Ready.
[client 430] Ready.
[client 503] Ready.
[client 506] Ready.
[client 505] Ready.
[client 493] Ready.
[client 494] Ready.
[client 507] Ready.
[client 436] Ready.
[client 434] Ready.
[client 496] Ready.
[client 431] Ready.
[client 475] Ready.
[client 501] Ready.
[client 433] Ready.
[client 428] Ready.
[client 468] Ready.
[client 390] Ready.
[client 464] Ready.
[client 467] Ready.
[client 388] Ready.
[client 385] Ready.
[client 466] Ready.
[client 383] Ready.
[client 465] Ready.
[client 386] Ready.
[client 463] Ready.
[client 462] Ready.
[client 391] Ready.
[client 376] Ready.
[client 498] Ready.
[client 384] Ready.
[client 469] Ready.
[client 389] Ready.
[client 500] Ready.
[client 392] Ready.
[client 387] Ready.
[client 477] Ready.
[client 443] Ready.
[client] all clients ready...
wait to be able to send pkt if necessary
start to send pkt
switch dynamic rulemap from period 0 to 1
switch dynamic rulemap from period 1 to 2
switch dynamic rulemap from period 2 to 3
switch dynamic rulemap from period 3 to 4
switch dynamic rulemap from period 4 to 5
switch dynamic rulemap from period 5 to 6
[client] all clients finish!
[client] processing statistics

thpt interval: 1 s, seccnt: 70

[sec 0]

overall totalpktcnt: 265020, throughput (MOPS): 0.252743

[sec 1]

overall totalpktcnt: 259008, throughput (MOPS): 0.247009

[sec 2]

overall totalpktcnt: 253703, throughput (MOPS): 0.241950

[sec 3]

overall totalpktcnt: 252490, throughput (MOPS): 0.240793

[sec 4]

overall totalpktcnt: 248308, throughput (MOPS): 0.236805

[sec 5]

overall totalpktcnt: 262686, throughput (MOPS): 0.250517

[sec 6]

overall totalpktcnt: 254089, throughput (MOPS): 0.242318

[sec 7]

overall totalpktcnt: 250655, throughput (MOPS): 0.239043

[sec 8]

overall totalpktcnt: 243758, throughput (MOPS): 0.232466

[sec 9]

overall totalpktcnt: 222744, throughput (MOPS): 0.212425

[sec 10]

overall totalpktcnt: 229940, throughput (MOPS): 0.219288

[sec 11]

overall totalpktcnt: 236030, throughput (MOPS): 0.225096

[sec 12]

overall totalpktcnt: 243820, throughput (MOPS): 0.232525

[sec 13]

overall totalpktcnt: 239739, throughput (MOPS): 0.228633

[sec 14]

overall totalpktcnt: 236487, throughput (MOPS): 0.225532

[sec 15]

overall totalpktcnt: 235020, throughput (MOPS): 0.224133

[sec 16]

overall totalpktcnt: 235259, throughput (MOPS): 0.224360

[sec 17]

overall totalpktcnt: 241460, throughput (MOPS): 0.230274

[sec 18]

overall totalpktcnt: 235702, throughput (MOPS): 0.224783

[sec 19]

overall totalpktcnt: 156852, throughput (MOPS): 0.149586

[sec 20]

overall totalpktcnt: 246253, throughput (MOPS): 0.234845

[sec 21]

overall totalpktcnt: 247190, throughput (MOPS): 0.235739

[sec 22]

overall totalpktcnt: 261420, throughput (MOPS): 0.249310

[sec 23]

overall totalpktcnt: 255897, throughput (MOPS): 0.244042

[sec 24]

overall totalpktcnt: 247549, throughput (MOPS): 0.236081

[sec 25]

overall totalpktcnt: 250825, throughput (MOPS): 0.239205

[sec 26]

overall totalpktcnt: 256413, throughput (MOPS): 0.244534

[sec 27]

overall totalpktcnt: 265526, throughput (MOPS): 0.253225

[sec 28]

overall totalpktcnt: 256709, throughput (MOPS): 0.244817

[sec 29]

overall totalpktcnt: 257573, throughput (MOPS): 0.245641

[sec 30]

overall totalpktcnt: 248110, throughput (MOPS): 0.236616

[sec 31]

overall totalpktcnt: 250621, throughput (MOPS): 0.239011

[sec 32]

overall totalpktcnt: 256831, throughput (MOPS): 0.244933

[sec 33]

overall totalpktcnt: 251288, throughput (MOPS): 0.239647

[sec 34]

overall totalpktcnt: 244180, throughput (MOPS): 0.232868

[sec 35]

overall totalpktcnt: 244690, throughput (MOPS): 0.233355

[sec 36]

overall totalpktcnt: 248757, throughput (MOPS): 0.237233

[sec 37]

overall totalpktcnt: 255105, throughput (MOPS): 0.243287

[sec 38]

overall totalpktcnt: 253179, throughput (MOPS): 0.241450

[sec 39]

overall totalpktcnt: 252983, throughput (MOPS): 0.241263

[sec 40]

overall totalpktcnt: 236537, throughput (MOPS): 0.225579

[sec 41]

overall totalpktcnt: 235921, throughput (MOPS): 0.224992

[sec 42]

overall totalpktcnt: 232968, throughput (MOPS): 0.222176

[sec 43]

overall totalpktcnt: 229302, throughput (MOPS): 0.218679

[sec 44]

overall totalpktcnt: 229710, throughput (MOPS): 0.219069

[sec 45]

overall totalpktcnt: 232633, throughput (MOPS): 0.221856

[sec 46]

overall totalpktcnt: 236899, throughput (MOPS): 0.225924

[sec 47]

overall totalpktcnt: 234009, throughput (MOPS): 0.223168

[sec 48]

overall totalpktcnt: 148053, throughput (MOPS): 0.141194

[sec 49]

overall totalpktcnt: 233602, throughput (MOPS): 0.222780

[sec 50]

overall totalpktcnt: 254116, throughput (MOPS): 0.242344

[sec 51]

overall totalpktcnt: 248222, throughput (MOPS): 0.236723

[sec 52]

overall totalpktcnt: 244238, throughput (MOPS): 0.232924

[sec 53]

overall totalpktcnt: 168355, throughput (MOPS): 0.160556

[sec 54]

overall totalpktcnt: 258568, throughput (MOPS): 0.246590

[sec 55]

overall totalpktcnt: 251340, throughput (MOPS): 0.239697

[sec 56]

overall totalpktcnt: 250244, throughput (MOPS): 0.238651

[sec 57]

overall totalpktcnt: 245364, throughput (MOPS): 0.233997

[sec 58]

overall totalpktcnt: 244873, throughput (MOPS): 0.233529

[sec 59]

overall totalpktcnt: 259395, throughput (MOPS): 0.247378

[sec 60]

overall totalpktcnt: 239321, throughput (MOPS): 0.228234

[sec 61]

overall totalpktcnt: 234719, throughput (MOPS): 0.223845

[sec 62]

overall totalpktcnt: 230593, throughput (MOPS): 0.219911

[sec 63]

overall totalpktcnt: 241182, throughput (MOPS): 0.230009

[sec 64]

overall totalpktcnt: 237147, throughput (MOPS): 0.226161

[sec 65]

overall totalpktcnt: 237491, throughput (MOPS): 0.226489

[sec 66]

overall totalpktcnt: 236523, throughput (MOPS): 0.225566

[sec 67]

overall totalpktcnt: 237406, throughput (MOPS): 0.226408

[sec 68]

overall totalpktcnt: 239696, throughput (MOPS): 0.228592

[sec 69]

overall totalpktcnt: 251583, throughput (MOPS): 0.239928

[Latency Statistics of total_latency_list ]
| min | max | avg | 90th | 99th | largest | median | sum |
| 31.491 | 393510 | 2122.14 | 12400.4 | 13647.5 | 393510 | 95.817 | 3.58939e+10 |
[Latency Statistics of perclient_avgsend_latency_list ]
| min | max | avg | 90th | 99th | largest | median | sum |
| 5.08828 | 5.32927 | 5.21492 | 5.27135 | 5.31479 | 5.32927 | 5.21815 | 2670.04 |
[Latency Statistics of perclient_avgwait_latency_list ]
| min | max | avg | 90th | 99th | largest | median | sum |
| 0.866395 | 1.09059 | 0.938642 | 0.986116 | 1.02251 | 1.09059 | 0.931009 | 480.585 |
total_unmatched_cnt: 0
total_timeout_cnt: 0
client-side total pktcnt: 16913976, total time: 70.118977 s, total thpt: 0.230044 MOPS
cache hit pktcnt: 0
per-server pktcnt: 2043158 2207805 2129080 2074214 2022504 1971553 2213351 2252311

per-sec total throughput:
264891 259025 253702 252451 248309 262800 254025 250630 243778 222750 229951 236013 243809 239764 236477 235037 235229 241476 235650 157003 246110 247216 261437 255889 247559 250777 256439 265501 256723 257577 248140 250591 256858 251266 244216 244688 248711 255104 253223 252936 236571 235907 233015 229289 229733 232582 236912 233986 148074 233596 254100 248228 244224 168380 258533 251341 250276 245371 244856 259344 239415 234654 230607 241179 237168 237506 236498 237424 239685 251475

per-sec per-server throughput:
32640 32937 35324 31996 28638 31051 31052 41253
31642 32343 34204 31264 28257 30469 30409 40437
31014 31463 33637 30868 27570 29634 29440 40076
30845 31289 33368 30335 27595 29354 30018 39647
30167 30980 33066 30044 26781 28916 29196 39159
32001 32949 34731 32188 28695 30601 30791 40844
30926 31963 33675 30670 27672 29649 29623 39847
30761 30952 33299 30085 27200 29492 29483 39358
29885 30162 32269 29770 26306 28625 28404 38357
27315 27548 29428 26849 24439 25798 26027 35346
27071 36324 25582 26354 30887 27420 27770 28543
27769 37077 26066 26957 31792 28152 28644 29556
27806 38629 27258 28097 32739 29245 29423 30612
27743 37921 26964 27273 32476 28083 29167 30137
27800 37383 26150 27160 31390 28090 28803 29701
27367 37287 26052 26778 31456 28099 28424 29574
27464 37279 26137 27171 31269 27800 28496 29613
27964 38445 26639 27480 32375 28915 29376 30282
27219 37416 25957 27176 31540 28261 28568 29513
18339 25347 17383 18048 20879 18287 19000 19720
29820 30895 32801 29371 26267 29741 29120 38095
30158 30627 32855 29302 26823 29277 29437 38737
31560 32783 34679 31283 28266 31051 30972 40843
30976 32011 33815 30739 27765 30255 30501 39827
29750 30914 32735 30002 26601 28996 29618 38943
30091 31459 33280 30022 27041 29747 29994 39143
31152 32099 34124 30619 27594 30315 30542 39994
32315 33250 35581 31816 28328 31189 31817 41205
30955 32128 33965 30710 27456 30652 30519 40338
31022 32316 34246 30736 27912 30499 30988 39858
31171 30304 29157 33005 29115 27361 38930 29097
31246 30581 29645 33252 29285 27542 39623 29417
32125 31308 30346 34567 29753 28087 40596 30076
31322 30595 29805 33506 29283 27809 39468 29478
30611 29491 28996 32733 28415 27069 38492 28409
30477 29730 28871 32970 28411 26929 38531 28769
31121 30050 29584 33267 28572 27397 39553 29167
31966 30894 30101 33923 30097 28040 40378 29705
31841 30743 30177 33714 29323 27812 40119 29494
31594 30887 29870 34075 29530 27999 39545 29436
27524 37434 25878 27370 31537 28098 28764 29966
27505 37830 26061 27141 31634 27928 28196 29612
26928 37319 25576 26553 31405 27642 28320 29272
26572 36769 25404 26280 30534 27363 27610 28757
26618 36569 25765 26592 30399 27409 27558 28823
27062 36994 25720 26751 31183 27536 27757 29579
27553 37939 25978 27059 31688 28078 28798 29819
27015 37376 26073 26969 31295 27667 28337 29254
17338 23533 16358 16924 19722 17461 17977 18761
27247 36564 26150 27096 31369 27578 28434 29158
31842 30791 29923 34231 29329 28496 40120 29368
31132 30187 29479 33217 28359 27678 39507 28669
30734 29564 28728 32445 28072 27233 39215 28233
21271 20356 19887 22752 19249 18782 26605 19478
32557 31179 30826 34558 29669 28719 40887 30138
31486 30566 29624 33612 28804 27879 40302 29068
31190 30615 29210 33925 28659 28031 39638 29008
30583 29737 29030 32866 27852 27709 38944 28650
31107 29401 28824 32872 28018 27444 38836 28354
32293 31109 31107 34531 30028 28849 41120 30307
28658 25695 36933 28652 29818 28892 29133 31634
27526 25313 36621 27782 29406 28945 27896 31165
27302 24811 36196 27425 28714 28106 27517 30536
28536 26084 37536 28629 30149 29398 29022 31825
28177 26086 36750 27924 29510 29157 28299 31265
28154 25642 37299 28180 29451 28771 28330 31679
27879 25314 37114 28320 29640 28610 28301 31320
28014 25530 36814 28451 29755 28798 28456 31606
28294 25767 37106 28877 30013 28943 28575 32110
30009 26936 39231 30016 31410 30614 30007 33252
Finish dumping statistics!
