workload_name: synthetic
workload_mode: 1
dynamic_periodnum: 7
dynamic_periodinterval: 10
dynamic_ruleprefix: dynamicrules/synthetic-hotin.out
val_t::MAX_VALLEN: 128
ParserIterator::load_batch_size: 10000
client_physical_num: 2
server_physical_num: 2
client_total_logical_num: 1024
server_total_logical_num: 8
server_total_logical_num_for_rotation: 128
max_server_total_logical_num: 8

client_rotationdataserver_port: 1025
client_sendpktserver_port_start: 1026
client_rulemapserver_port_start: 1036
client_worker_port_start: 8888

client_logical_nums[0]: 512
client_ips[0]: 10.0.1.11
client_macs[0]: 3c:fd:fe:bb:ca:79
client_fpports[0]: 11/0
client_pipeidxes[0]: 0
client_logical_nums[1]: 512
client_ips[1]: 10.0.1.15
client_macs[1]: 3c:fd:fe:b5:28:59
client_fpports[1]: 1/0
client_pipeidxes[1]: 1

server_load_factor: 5
server_worker_port_start: 1152
server_evictserver_port_start: 2222
server_snapshotserver_port_start: 3333
server_snapshotdataserver_port_start: 4444
transaction_loadfinishserver_port: 8000

server_worker_corenums[0]: 16
server_total_corenums[0]: 24
server_logical_idxes_list[0]: 0 1 2 3 
server_ips[0]: 10.0.1.16
server_macs[0]: 3c:fd:fe:b5:1f:e1
server_fpports[0]: 16/0
server_pipeidxes[0]: 0
server_ip_for_controller_list[0]: 172.16.112.16
server_worker_corenums[1]: 16
server_total_corenums[1]: 48
server_logical_idxes_list[1]: 4 5 6 7 
server_ips[1]: 10.0.1.13
server_macs[1]: 3c:fd:fe:bb:c9:c8
server_fpports[1]: 13/0
server_pipeidxes[1]: 0
server_ip_for_controller_list[1]: 172.16.112.13

controller ip for server: 172.16.112.16
controller ip for switchos: 172.16.112.16
controller_popserver_port_start: 5555
controller_evictserver_port: 5002
controller_snapshot_period: 10000
controller_warmupfinishserver_port: 5010

switch_partition_count: 32768
switch_kv_bucket_num: 10000
switch_pipeline_num: 2
val_t::SWITCH_MAX_VALLEN: 128
switchos_popserver_port: 5003
switchos ip: 172.16.112.17
switchos_sample_cnt: 10
switchos_snapshotserver_port: 5004
switchos_specialcaseserver_port: 5005
switchos_ptf_popserver_port: 5006
switchos_ptf_snapshotserver_port: 5007

reflector ip for switchos: 172.16.112.16
reflector_dp2cpserver_port: 5008
reflector_cp2dpserver_port: 5009

raw_load_workload_filename for loading phase: synthetic-load.out
server_load_workload_dir for loading phase: synthetic-load-8
raw_warmup_workload_filename for warmup phase: synthetic-warmup.out
raw_run_workload_filename for transaction phase: synthetic-run.out
client_workload_dir for transaction phase: synthetic-run-1024
perserver_keyrange: 8192

[client.sendpktserver] ready
[client] prepare clients ...
[client.rulemapserver] ready
[client 1] Ready.
[client 3] Ready.
[client 4] Ready.
[client 10] Ready.
[client 8] Ready.
[client 7] Ready.
[client 9] Ready.
[client 2] Ready.
[client 0] Ready.
[client 6] Ready.
[client 11] Ready.
[client 14] Ready.
[client 13] Ready.
[client 17] Ready.
[client 23] Ready.
[client 20] Ready.
[client 18] Ready.
[client 21] Ready.
[client 19] Ready.
[client 22] Ready.
[client 16] Ready.
[client 24] Ready.
[client 27] Ready.
[client 28] Ready.
[client 25] Ready.
[client 26] Ready.
[client 33] Ready.
[client 29] Ready.
[client 31] Ready.
[client 30] Ready.
[client 35] Ready.
[client 36] Ready.
[client 38] Ready.
[client 39] Ready.
[client 32] Ready.
[client 37] Ready.
[client 34] Ready.
[client 41] Ready.
[client 52] Ready.
[client 43] Ready.
[client 47] Ready.
[client 45] Ready.
[client 48] Ready.
[client 49] Ready.
[client 51] Ready.
[client 53] Ready.
[client 65] Ready.
[client 79] Ready.
[client 77] Ready.
[client 67] Ready.
[client 80] Ready.
[client 82] Ready.
[client 83] Ready.
[client 66] Ready.
[client 68] Ready.
[client 70] Ready.
[client 87] Ready.
[client 69] Ready.
[client 72] Ready.
[client 91] Ready.
[client 85] Ready.
[client 81] Ready.
[client 84] Ready.
[client 71] Ready.
[client 89] Ready.
[client 75] Ready.
[client 73] Ready.
[client 88] Ready.
[client 74] Ready.
[client 96] Ready.
[client 76] Ready.
[client 78] Ready.
[client 92] Ready.
[client 90] Ready.
[client 95] Ready.
[client 86] Ready.
[client 93] Ready.
[client 94] Ready.
[client 97] Ready.
[client 109] Ready.
[client 106] Ready.
[client 112] Ready.
[client 111] Ready.
[client 114] Ready.
[client 110] Ready.
[client 113] Ready.
[client 118] Ready.
[client 116] Ready.
[client 119] Ready.
[client 122] Ready.
[client 124] Ready.
[client 115] Ready.
[client 120] Ready.
[client 117] Ready.
[client 125] Ready.
[client 121] Ready.
[client 123] Ready.
[client 136] Ready.
[client 139] Ready.
[client 147] Ready.
[client 142] Ready.
[client 140] Ready.
[client 141] Ready.
[client 143] Ready.
[client 146] Ready.
[client 145] Ready.
[client 149] Ready.
[client 144] Ready.
[client 181] Ready.
[client 152] Ready.
[client 150] Ready.
[client 148] Ready.
[client 184] Ready.
[client 183] Ready.
[client 155] Ready.
[client 182] Ready.
[client 191] Ready.
[client 189] Ready.
[client 195] Ready.
[client 193] Ready.
[client 190] Ready.
[client 192] Ready.
[client 196] Ready.
[client 167] Ready.
[client 198] Ready.
[client 194] Ready.
[client 199] Ready.
[client 197] Ready.
[client 166] Ready.
[client 169] Ready.
[client 171] Ready.
[client 170] Ready.
[client 174] Ready.
[client 179] Ready.
[client 203] Ready.
[client 175] Ready.
[client 178] Ready.
[client 172] Ready.
[client 200] Ready.
[client 180] Ready.
[client 173] Ready.
[client 202] Ready.
[client 176] Ready.
[client 206] Ready.
[client 204] Ready.
[client 177] Ready.
[client 205] Ready.
[client 208] Ready.
[client 210] Ready.
[client 207] Ready.
[client 212] Ready.
[client 211] Ready.
[client 213] Ready.
[client 214] Ready.
[client 222] Ready.
[client 226] Ready.
[client 225] Ready.
[client 227] Ready.
[client 230] Ready.
[client 229] Ready.
[client 228] Ready.
[client 237] Ready.
[client 236] Ready.
[client 232] Ready.
[client 231] Ready.
[client 234] Ready.
[client 233] Ready.
[client 240] Ready.
[client 239] Ready.
[client 235] Ready.
[client 245] Ready.
[client 298] Ready.
[client 238] Ready.
[client 247] Ready.
[client 246] Ready.
[client 46] Ready.
[client 304] Ready.
[client 306] Ready.
[client 303] Ready.
[client 244] Ready.
[client 302] Ready.
[client 307] Ready.
[client 248] Ready.
[client 249] Ready.
[client 12] Ready.
[client 266] Ready.
[client 315] Ready.
[client 314] Ready.
[client 317] Ready.
[client 259] Ready.
[client 318] Ready.
[client 258] Ready.
[client 261] Ready.
[client 264] Ready.
[client 260] Ready.
[client 322] Ready.
[client 268] Ready.
[client 316] Ready.
[client 267] Ready.
[client 320] Ready.
[client 330] Ready.
[client 265] Ready.
[client 321] Ready.
[client 269] Ready.
[client 274] Ready.
[client 319] Ready.
[client 273] Ready.
[client 332] Ready.
[client 270] Ready.
[client 341] Ready.
[client 263] Ready.
[client 331] Ready.
[client 272] Ready.
[client 277] Ready.
[client 271] Ready.
[client 340] Ready.
[client 275] Ready.
[client 336] Ready.
[client 335] Ready.
[client 276] Ready.
[client 339] Ready.
[client 333] Ready.
[client 342] Ready.
[client 334] Ready.
[client 281] Ready.
[client 287] Ready.
[client 278] Ready.
[client 351] Ready.
[client 280] Ready.
[client 338] Ready.
[client 282] Ready.
[client 346] Ready.
[client 343] Ready.
[client 337] Ready.
[client 345] Ready.
[client 348] Ready.
[client 349] Ready.
[client 347] Ready.
[client 344] Ready.
[client 301] Ready.
[client 350] Ready.
[client 297] Ready.
[client 40] Ready.
[client 300] Ready.
[client 42] Ready.
[client 352] Ready.
[client 362] Ready.
[client 44] Ready.
[client 366] Ready.
[client 365] Ready.
[client 363] Ready.
[client 367] Ready.
[client 370] Ready.
[client 364] Ready.
[client 361] Ready.
[client 369] Ready.
[client 59] Ready.
[client 360] Ready.
[client 372] Ready.
[client 371] Ready.
[client 368] Ready.
[client 60] Ready.
[client 99] Ready.
[client 15] Ready.
[client 57] Ready.
[client 56] Ready.
[client 100] Ready.
[client 54] Ready.
[client 130] Ready.
[client 58] Ready.
[client 102] Ready.
[client 61] Ready.
[client 128] Ready.
[client 164] Ready.
[client 50] Ready.
[client 5] Ready.
[client 55] Ready.
[client 165] Ready.
[client 126] Ready.
[client 63] Ready.
[client 104] Ready.
[client 64] Ready.
[client 132] Ready.
[client 108] Ready.
[client 168] Ready.
[client 133] Ready.
[client 131] Ready.
[client 129] Ready.
[client 160] Ready.
[client 98] Ready.
[client 101] Ready.
[client 137] Ready.
[client 162] Ready.
[client 135] Ready.
[client 127] Ready.
[client 156] Ready.
[client 158] Ready.
[client 138] Ready.
[client 161] Ready.
[client 201] Ready.
[client 62] Ready.
[client 103] Ready.
[client 163] Ready.
[client 107] Ready.
[client 157] Ready.
[client 134] Ready.
[client 153] Ready.
[client 105] Ready.
[client 159] Ready.
[client 256] Ready.
[client 154] Ready.
[client 217] Ready.
[client 218] Ready.
[client 221] Ready.
[client 224] Ready.
[client 223] Ready.
[client 255] Ready.
[client 219] Ready.
[client 220] Ready.
[client 294] Ready.
[client 254] Ready.
[client 151] Ready.
[client 243] Ready.
[client 241] Ready.
[client 252] Ready.
[client 209] Ready.
[client 283] Ready.
[client 257] Ready.
[client 293] Ready.
[client 253] Ready.
[client 185] Ready.
[client 296] Ready.
[client 288] Ready.
[client 290] Ready.
[client 262] Ready.
[client 250] Ready.
[client 251] Ready.
[client 284] Ready.
[client 188] Ready.
[client 187] Ready.
[client 242] Ready.
[client 186] Ready.
[client 289] Ready.
[client 309] Ready.
[client 216] Ready.
[client 286] Ready.
[client 285] Ready.
[client 308] Ready.
[client 313] Ready.
[client 353] Ready.
[client 279] Ready.
[client 305] Ready.
[client 311] Ready.
[client 325] Ready.
[client 215] Ready.
[client 292] Ready.
[client 312] Ready.
[client 324] Ready.
[client 310] Ready.
[client 424] Ready.
[client 359] Ready.
[client 374] Ready.
[client 328] Ready.
[client 299] Ready.
[client 489] Ready.
[client 421] Ready.
[client 419] Ready.
[client 418] Ready.
[client 412] Ready.
[client 415] Ready.
[client 327] Ready.
[client 413] Ready.
[client 422] Ready.
[client 420] Ready.
[client 407] Ready.
[client 414] Ready.
[client 403] Ready.
[client 326] Ready.
[client 358] Ready.
[client 416] Ready.
[client 295] Ready.
[client 323] Ready.
[client 488] Ready.
[client 455] Ready.
[client 451] Ready.
[client 392] Ready.
[client 453] Ready.
[client 291] Ready.
[client 402] Ready.
[client 456] Ready.
[client 439] Ready.
[client 417] Ready.
[client 454] Ready.
[client 329] Ready.
[client 405] Ready.
[client 449] Ready.
[client 380] Ready.
[client 406] Ready.
[client 452] Ready.
[client 408] Ready.
[client 436] Ready.
[client 448] Ready.
[client 401] Ready.
[client 410] Ready.
[client 447] Ready.
[client 399] Ready.
[client 357] Ready.
[client 445] Ready.
[client 404] Ready.
[client 435] Ready.
[client 446] Ready.
[client 381] Ready.
[client 484] Ready.
[client 395] Ready.
[client 480] Ready.
[client 478] Ready.
[client 396] Ready.
[client 482] Ready.
[client 483] Ready.
[client 398] Ready.
[client 485] Ready.
[client 355] Ready.
[client 486] Ready.
[client 377] Ready.
[client 438] Ready.
[client 479] Ready.
[client 409] Ready.
[client 411] Ready.
[client 481] Ready.
[client 400] Ready.
[client 437] Ready.
[client 433] Ready.
[client 397] Ready.
[client 469] Ready.
[client 477] Ready.
[client 471] Ready.
[client 475] Ready.
[client 423] Ready.
[client 434] Ready.
[client 394] Ready.
[client 444] Ready.
[client 464] Ready.
[client 476] Ready.
[client 465] Ready.
[client 440] Ready.
[client 450] Ready.
[client 356] Ready.
[client 393] Ready.
[client 511] Ready.
[client 510] Ready.
[client 508] Ready.
[client 442] Ready.
[client 509] Ready.
[client 431] Ready.
[client 432] Ready.
[client 505] Ready.
[client 506] Ready.
[client 474] Ready.
[client 498] Ready.
[client 426] Ready.
[client 429] Ready.
[client 502] Ready.
[client 504] Ready.
[client 441] Ready.
[client 500] Ready.
[client 443] Ready.
[client 427] Ready.
[client 497] Ready.
[client 383] Ready.
[client 472] Ready.
[client 428] Ready.
[client 490] Ready.
[client 468] Ready.
[client 495] Ready.
[client 430] Ready.
[client 466] Ready.
[client 461] Ready.
[client 467] Ready.
[client 375] Ready.
[client 507] Ready.
[client 459] Ready.
[client 470] Ready.
[client 463] Ready.
[client 462] Ready.
[client 354] Ready.
[client 494] Ready.
[client 503] Ready.
[client 473] Ready.
[client 492] Ready.
[client 501] Ready.
[client 460] Ready.
[client 487] Ready.
[client 491] Ready.
[client 457] Ready.
[client 458] Ready.
[client 385] Ready.
[client 388] Ready.
[client 386] Ready.
[client 391] Ready.
[client 373] Ready.
[client 384] Ready.
[client 390] Ready.
[client 376] Ready.
[client 379] Ready.
[client 382] Ready.
[client 389] Ready.
[client 493] Ready.
[client 496] Ready.
[client 499] Ready.
[client 378] Ready.
[client 387] Ready.
[client 425] Ready.
[client] all clients ready...
wait to be able to send pkt if necessary
start to send pkt
switch dynamic rulemap from period 0 to 1
switch dynamic rulemap from period 1 to 2
switch dynamic rulemap from period 2 to 3
switch dynamic rulemap from period 3 to 4
switch dynamic rulemap from period 4 to 5
switch dynamic rulemap from period 5 to 6
[client] all clients finish!
[client] processing statistics

thpt interval: 1 s, seccnt: 70

[sec 0]

overall totalpktcnt: 231313, throughput (MOPS): 0.220597

[sec 1]

overall totalpktcnt: 239879, throughput (MOPS): 0.228766

[sec 2]

overall totalpktcnt: 237982, throughput (MOPS): 0.226957

[sec 3]

overall totalpktcnt: 247398, throughput (MOPS): 0.235937

[sec 4]

overall totalpktcnt: 253411, throughput (MOPS): 0.241672

[sec 5]

overall totalpktcnt: 256213, throughput (MOPS): 0.244344

[sec 6]

overall totalpktcnt: 257592, throughput (MOPS): 0.245659

[sec 7]

overall totalpktcnt: 260105, throughput (MOPS): 0.248055

[sec 8]

overall totalpktcnt: 260026, throughput (MOPS): 0.247980

[sec 9]

overall totalpktcnt: 262247, throughput (MOPS): 0.250098

[sec 10]

overall totalpktcnt: 240939, throughput (MOPS): 0.229777

[sec 11]

overall totalpktcnt: 241358, throughput (MOPS): 0.230177

[sec 12]

overall totalpktcnt: 239652, throughput (MOPS): 0.228550

[sec 13]

overall totalpktcnt: 241293, throughput (MOPS): 0.230115

[sec 14]

overall totalpktcnt: 240381, throughput (MOPS): 0.229245

[sec 15]

overall totalpktcnt: 240970, throughput (MOPS): 0.229807

[sec 16]

overall totalpktcnt: 239293, throughput (MOPS): 0.228208

[sec 17]

overall totalpktcnt: 241189, throughput (MOPS): 0.230016

[sec 18]

overall totalpktcnt: 244340, throughput (MOPS): 0.233021

[sec 19]

overall totalpktcnt: 246449, throughput (MOPS): 0.235032

[sec 20]

overall totalpktcnt: 267985, throughput (MOPS): 0.255570

[sec 21]

overall totalpktcnt: 267059, throughput (MOPS): 0.254687

[sec 22]

overall totalpktcnt: 267706, throughput (MOPS): 0.255304

[sec 23]

overall totalpktcnt: 266993, throughput (MOPS): 0.254624

[sec 24]

overall totalpktcnt: 266021, throughput (MOPS): 0.253697

[sec 25]

overall totalpktcnt: 268292, throughput (MOPS): 0.255863

[sec 26]

overall totalpktcnt: 269607, throughput (MOPS): 0.257117

[sec 27]

overall totalpktcnt: 266389, throughput (MOPS): 0.254048

[sec 28]

overall totalpktcnt: 268911, throughput (MOPS): 0.256454

[sec 29]

overall totalpktcnt: 268173, throughput (MOPS): 0.255750

[sec 30]

overall totalpktcnt: 265975, throughput (MOPS): 0.253654

[sec 31]

overall totalpktcnt: 264584, throughput (MOPS): 0.252327

[sec 32]

overall totalpktcnt: 260751, throughput (MOPS): 0.248672

[sec 33]

overall totalpktcnt: 263791, throughput (MOPS): 0.251571

[sec 34]

overall totalpktcnt: 262571, throughput (MOPS): 0.250407

[sec 35]

overall totalpktcnt: 260776, throughput (MOPS): 0.248695

[sec 36]

overall totalpktcnt: 263189, throughput (MOPS): 0.250997

[sec 37]

overall totalpktcnt: 266229, throughput (MOPS): 0.253896

[sec 38]

overall totalpktcnt: 267055, throughput (MOPS): 0.254683

[sec 39]

overall totalpktcnt: 266025, throughput (MOPS): 0.253701

[sec 40]

overall totalpktcnt: 245531, throughput (MOPS): 0.234157

[sec 41]

overall totalpktcnt: 242902, throughput (MOPS): 0.231649

[sec 42]

overall totalpktcnt: 242778, throughput (MOPS): 0.231531

[sec 43]

overall totalpktcnt: 242866, throughput (MOPS): 0.231615

[sec 44]

overall totalpktcnt: 243162, throughput (MOPS): 0.231897

[sec 45]

overall totalpktcnt: 242192, throughput (MOPS): 0.230972

[sec 46]

overall totalpktcnt: 243917, throughput (MOPS): 0.232617

[sec 47]

overall totalpktcnt: 247068, throughput (MOPS): 0.235622

[sec 48]

overall totalpktcnt: 242201, throughput (MOPS): 0.230981

[sec 49]

overall totalpktcnt: 238576, throughput (MOPS): 0.227524

[sec 50]

overall totalpktcnt: 265221, throughput (MOPS): 0.252934

[sec 51]

overall totalpktcnt: 261659, throughput (MOPS): 0.249537

[sec 52]

overall totalpktcnt: 259492, throughput (MOPS): 0.247471

[sec 53]

overall totalpktcnt: 263762, throughput (MOPS): 0.251543

[sec 54]

overall totalpktcnt: 261787, throughput (MOPS): 0.249660

[sec 55]

overall totalpktcnt: 263337, throughput (MOPS): 0.251138

[sec 56]

overall totalpktcnt: 260416, throughput (MOPS): 0.248352

[sec 57]

overall totalpktcnt: 263010, throughput (MOPS): 0.250826

[sec 58]

overall totalpktcnt: 263724, throughput (MOPS): 0.251507

[sec 59]

overall totalpktcnt: 264834, throughput (MOPS): 0.252565

[sec 60]

overall totalpktcnt: 312563, throughput (MOPS): 0.298083

[sec 61]

overall totalpktcnt: 309438, throughput (MOPS): 0.295103

[sec 62]

overall totalpktcnt: 308463, throughput (MOPS): 0.294173

[sec 63]

overall totalpktcnt: 311247, throughput (MOPS): 0.296828

[sec 64]

overall totalpktcnt: 312560, throughput (MOPS): 0.298080

[sec 65]

overall totalpktcnt: 310813, throughput (MOPS): 0.296414

[sec 66]

overall totalpktcnt: 311989, throughput (MOPS): 0.297536

[sec 67]

overall totalpktcnt: 310746, throughput (MOPS): 0.296350

[sec 68]

overall totalpktcnt: 310124, throughput (MOPS): 0.295757

[sec 69]

overall totalpktcnt: 310083, throughput (MOPS): 0.295718

[Latency Statistics of total_latency_list ]
| min | max | avg | 90th | 99th | largest | median | sum |
| 26.842 | 21610.6 | 1949.88 | 11725.1 | 13076.7 | 21610.6 | 89.657 | 3.58909e+10 |
[Latency Statistics of perclient_avgsend_latency_list ]
| min | max | avg | 90th | 99th | largest | median | sum |
| 5.15485 | 5.40347 | 5.27377 | 5.3314 | 5.36155 | 5.40347 | 5.27514 | 2700.17 |
[Latency Statistics of perclient_avgwait_latency_list ]
| min | max | avg | 90th | 99th | largest | median | sum |
| 0.973913 | 1.14466 | 1.04376 | 1.08352 | 1.1144 | 1.14466 | 1.03937 | 534.406 |
total_unmatched_cnt: 0
total_timeout_cnt: 0
client-side total pktcnt: 18406696, total time: 70.115532 s, total thpt: 0.250358 MOPS
cache hit pktcnt: 0
per-server pktcnt: 2222152 2389359 2332146 2255898 2206345 2148955 2405195 2446646

per-sec total throughput:
231180 239845 238057 247403 253352 256233 257584 260100 259987 262260 240993 241360 239634 241278 240426 240914 239346 241195 244312 246456 268066 266957 267745 266949 266010 268324 269582 266403 268920 268151 265984 264610 260755 263742 262573 260844 263139 266192 267065 266045 245555 242865 242840 242824 243202 242119 243964 247060 242159 238628 265184 261704 259453 263765 261815 263347 260427 262942 263745 264796 312586 309491 308430 311211 312587 310812 311999 310738 310087 309915

per-sec per-server throughput:
28455 28815 30920 27969 25010 26992 27152 35867
29434 29755 31664 28996 26097 28328 28130 37441
29182 29770 31559 28839 25832 27773 27488 37614
30168 30540 32639 29776 27011 28829 29410 39030
30715 31703 33791 30661 27380 29529 29843 39730
31305 32015 33671 31232 27989 29935 30101 39985
31272 32155 34350 31167 28161 30111 29971 40397
31872 32542 34475 31306 28196 30283 30582 40844
31856 31984 34461 31722 28075 30612 30280 40997
32214 32452 34912 31669 28550 30458 30739 41266
28322 37873 26657 27626 32361 28653 29141 30360
28400 37886 26649 27632 32465 28818 29268 30242
27341 37972 26828 27615 32212 28712 28919 30035
27910 38172 27127 27473 32660 28244 29370 30322
28256 38126 26569 27620 31892 28583 29159 30221
28041 38160 26726 27483 32256 28809 29162 30277
27940 37911 26622 27493 31902 28286 29038 30154
27953 38404 26568 27526 32256 28890 29351 30247
28315 38801 26914 28169 32738 29201 29596 30578
28773 38858 27400 28355 32615 29592 29809 31054
32383 34174 35685 31922 28850 31707 31758 41587
32624 33253 35311 31809 28913 31616 31718 41713
32310 33476 35409 32149 28947 31866 31906 41682
32125 33453 35368 32076 28915 31414 31888 41710
31925 33138 35257 32137 28615 31348 31783 41807
32502 33506 35736 31879 28931 31851 32066 41853
32790 33976 36185 32389 28746 31522 32161 41813
32108 33241 35247 31919 28551 31821 31707 41809
32444 33808 35846 31977 29050 31936 32094 41765
32530 33749 35374 31780 29059 31936 31887 41836
33266 32498 31628 35256 31112 29103 41531 31590
33041 32293 31215 35727 30635 29019 41872 30808
32591 31503 30901 34713 30450 28844 41055 30698
32898 32034 31205 35403 30686 29317 41587 30612
32639 31927 31111 35154 30367 28882 41482 31011
32951 31509 30956 34915 30046 28539 41389 30539
32828 31846 31253 35097 30972 28965 41619 30559
33434 32395 31526 35784 30929 29230 41966 30928
33386 32219 31661 35828 31057 29747 41943 31224
33358 32328 31435 35272 30963 29539 42093 31057
28431 38868 27043 28269 32990 29106 30025 30823
28186 38896 26948 27733 32608 28789 29360 30345
28088 38694 26953 27944 32076 29081 29337 30667
28299 38783 27023 27880 32529 28686 28833 30791
28276 38798 26783 28016 32679 28879 29296 30475
27964 38751 26831 27693 32133 28609 29596 30542
28361 38850 27024 28131 32733 28786 29579 30500
28817 38763 27439 28576 33191 29566 29804 30904
28182 38808 26517 28115 32319 28895 28974 30349
27641 38021 26452 27581 31685 28267 29008 29973
33218 32449 31101 35411 30652 29617 41843 30893
32940 31640 31144 35124 29715 29062 41633 30446
32620 31478 30842 34739 29831 28700 41347 29896
32849 32187 30979 35281 30228 29524 41933 30784
32880 31754 30633 35463 29799 29480 41394 30412
33085 31780 31064 35162 30129 29673 41836 30618
32651 31537 30979 34919 29824 28796 41493 30228
32994 31548 30972 35498 30317 29328 41707 30578
32923 31637 31310 35255 30555 29479 41932 30654
33206 31725 31460 35311 30287 29729 42132 30946
37128 34090 48147 36838 39003 38179 37992 41209
36666 33625 48405 36646 38405 37883 36817 41044
36448 33104 48187 36728 38640 37324 36967 41032
36698 33353 48290 37638 39069 37611 37072 41480
37057 33753 48362 37314 38937 37944 37470 41750
36935 33424 48428 37013 38862 37538 37312 41300
37354 33192 48459 37241 39088 38044 37185 41436
36981 33149 48404 36724 38820 38180 37196 41284
36617 33514 48500 36871 38918 37692 36955 41020
36747 32920 48583 37208 38800 37610 37108 40939
Finish dumping statistics!
