16101794
224604 240993 242198 244306 247789 247183 235851 241908 248931 258768 223818 222114 225154 218893 217968 218761 217491 215857 213801 203377 248623 246253 251764 256246 246764 251397 227379 252098 250033 248236 242818 241757 243480 245923 243530 238670 239983 243054 248721 240189 209142 208449 203933 202485 199988 203738 205960 203950 210463 204506 229997 237245 235601 232187 229737 230302 227708 227154 224176 220307 228155 198352 223795 224253 223723 227295 231614 226497 228104 226108
27542 28341 29571 26864 24379 26310 26273 35324
29691 30229 31549 29215 26212 28083 28171 37843
29556 30272 31931 29438 26346 28283 28437 37935
29775 30355 32612 29632 26389 28465 28739 38339
30021 31110 33056 29794 26989 28765 29217 38837
30133 30706 32743 29888 27108 28922 28897 38786
28806 29486 30910 28530 25688 27535 27959 36937
29574 30077 32058 29062 26219 28232 28567 38119
30234 31144 32797 30105 27032 28965 29471 39183
31829 32075 34387 31182 28287 30383 30238 40387
25851 35077 24866 25747 29889 26509 27287 28592
26138 35290 24543 25446 29758 26560 26533 27846
26292 35559 25044 25643 30168 26815 27221 28412
25454 34464 24103 25546 29461 25729 26655 27481
25145 34600 24268 24944 29249 25793 26351 27618
25391 34570 24213 25216 29352 26069 26674 27276
25513 34330 24068 24940 28994 25920 26594 27132
25020 34140 24047 24891 28902 25614 26177 27066
24874 34077 23562 24343 28673 25494 25918 26860
23583 32066 22433 23623 27420 24196 24489 25567
30114 31718 33023 29994 26682 29491 29306 38295
29986 31073 32873 29547 26325 29012 29067 38370
30363 31538 33454 30344 26764 30077 29896 39328
30974 32336 33997 30785 27922 30222 30093 39917
29798 30869 32952 29507 26412 29055 29254 38917
30315 31666 33940 29941 27102 29770 29729 38934
26989 28586 30078 27432 24657 26926 26954 35757
30971 31667 33346 30132 27133 29744 29913 39192
30340 31336 33115 29667 26887 29976 29646 39066
29958 31117 33200 29667 26832 29230 29581 38651
30237 29339 28982 32572 28098 26775 38063 28752
30256 29407 28712 32137 28213 26398 38598 28036
30525 29341 28906 32514 28308 26750 38543 28593
31045 29819 29045 32807 28743 27141 38529 28794
30803 29453 29104 32425 28120 26729 38430 28466
30072 29078 28021 32123 27800 25991 37636 27949
30149 28928 28452 32096 27938 26628 37686 28106
29884 29220 28856 32495 28256 27027 38641 28675
31186 30168 29659 33224 28818 27447 38739 29480
30228 29183 28536 31993 27885 26460 37885 28019
24291 32812 23158 24323 27732 24857 25667 26302
24308 32889 23273 24170 27966 24807 24923 26113
23670 32475 22267 23402 27349 24487 24625 25658
23567 32458 22201 23260 26853 24222 24372 25552
23229 31842 22303 22769 26638 23864 24210 25133
23855 32437 22362 23600 27236 24163 24581 25504
23952 32545 22627 23780 27516 24577 25091 25872
23807 32197 22597 23423 27470 24333 24499 25624
24530 33302 23329 24034 28249 24880 25317 26822
23555 32775 22327 23749 27340 24271 24496 25993
29067 28176 26942 30840 26435 25646 36230 26661
30024 28569 28118 31924 27273 26432 37494 27411
29229 28518 28021 31746 27183 26492 37225 27187
28865 28220 27650 31074 26624 25941 36866 26947
28740 27621 27164 30770 26113 25823 36792 26714
28938 27819 27255 31042 26356 25614 36519 26759
28386 27746 27026 30561 26270 25356 36124 26239
28593 27446 26782 30440 26219 25330 35999 26345
28121 27016 26461 30297 25967 24842 35742 25730
27619 26563 25984 29481 25452 24419 35037 25752
26991 24199 35325 27247 28491 27558 27890 30454
23520 21203 30874 23640 24772 24245 23842 26256
26508 24080 34975 26623 27882 27207 26899 29621
26817 24155 34939 26679 27927 27448 26580 29708
26656 23897 34884 26820 27818 27128 26705 29815
26755 24203 35223 27421 28361 27823 27217 30292
27323 25008 36082 27649 28896 27943 27980 30733
26868 24282 35534 26872 28299 27524 26981 30137
26916 24362 35582 27231 28519 27842 27454 30198
26739 24409 35202 26805 28387 27912 27027 29627
