16972070
276045 257160 254638 250675 254882 260977 258686 257191 253310 261594 212095 214709 223434 217933 215626 210455 212302 227126 223953 220271 250375 247228 265116 254390 251104 251047 253638 263585 257714 251904 243252 248193 262808 257911 250476 250823 255822 260759 253920 250760 219866 223779 213997 214617 214052 211587 221186 220209 219878 218519 259203 249269 245479 244354 254481 247719 246527 236733 236991 258422 250623 243748 242801 252904 253106 244110 243432 241176 249712 249523
34024 34789 36215 33163 29920 32306 32356 43272
31437 32355 33822 31065 27975 29936 29946 40624
30982 31799 33813 30968 27570 29739 30093 39674
30610 30967 33300 30336 27313 29319 29348 39482
30915 31612 33964 30859 27684 29458 30008 40382
31806 32771 34345 31421 28675 30560 30743 40656
31678 32444 34181 31119 28026 30350 30508 40380
31296 32184 33899 30993 27928 29840 30627 40424
31127 31488 33559 30596 27565 29612 29582 39781
31824 32353 34617 31706 28479 30703 30813 41099
24912 33227 23520 24342 28473 25156 25479 26986
25017 34035 23921 24552 28680 25604 25928 26972
26029 35223 24721 25757 30027 26449 26999 28229
25301 34491 24019 25050 29316 25838 26540 27378
25080 34121 24028 24831 28914 25495 26047 27110
24499 33254 23210 24311 28050 25166 25858 26107
24613 33520 23709 24324 28416 25162 25912 26646
26426 36114 24937 26072 30499 27041 27593 28444
26159 35583 24596 25848 30050 26660 26744 28313
25490 34645 24546 25338 29682 26406 26656 27508
30546 31959 33246 29873 26782 29476 29734 38759
29996 30936 33060 29859 26398 29386 29138 38455
32006 33591 35128 31756 28654 31392 31324 41265
30549 32029 33908 30769 27313 29985 30002 39835
30124 31384 33866 29886 27063 29815 29803 39163
30320 31576 33403 30048 27183 29789 29573 39155
30932 31761 33378 30320 27452 29855 30159 39781
31807 33198 34949 31537 28128 31576 31377 41013
31210 32341 34462 30644 27859 30197 30765 40236
30474 31442 33907 29882 27372 29636 29908 39283
30395 29453 28878 32501 28251 26629 38429 28716
31070 30129 29396 33003 28859 27393 39251 29092
33219 31526 31125 35150 30620 29043 41339 30786
32613 31563 30657 34335 30043 28183 40472 30045
31537 30188 29529 33720 29059 27467 39557 29419
31296 30371 29743 33547 29111 27706 39463 29586
31848 30942 30221 34227 29742 28314 40426 30102
32668 31371 31128 34779 30250 28879 40917 30767
31842 30942 30262 34090 29407 27747 40022 29608
31478 30407 29955 33595 28940 27789 39444 29152
25460 34221 24359 25336 29627 26373 26888 27602
26002 35746 24566 25644 29868 26490 27005 28458
24730 34332 23681 24437 28489 25724 25925 26679
25279 33995 23692 24771 28632 25443 25786 27019
24843 33868 23582 24548 28503 25797 25933 26978
24689 33557 23227 24348 28587 25031 25502 26646
25795 34897 24439 25498 29668 26144 26703 28042
25408 35346 24094 25480 29405 26188 26429 27859
25706 35056 24184 25520 29086 26049 26669 27608
25513 34602 24262 25332 29135 25990 26395 27290
32293 32042 30799 34989 29935 28947 40266 29932
31062 30228 29530 33302 28599 27962 39681 28905
30866 29275 29007 32938 28063 27597 39196 28537
30594 29724 28803 32970 28003 27037 38809 28414
31960 30792 30319 34012 29361 28274 40482 29281
30883 29964 29143 33483 28721 27582 39473 28470
30884 29767 29222 33157 28477 27342 38873 28805
29664 28207 28103 31459 27389 26367 37812 27732
29781 28451 28252 31803 27263 26181 37844 27416
32615 31398 30532 34616 29485 28654 40954 30168
29873 26906 38523 30068 31120 30536 30235 33362
29073 26102 37956 29068 30486 29939 28827 32297
28462 25978 37852 29312 30255 29323 29279 32340
30017 27169 39390 30061 31714 30520 30311 33722
30047 27120 39359 30195 31584 30936 30380 33485
28646 26133 38253 29017 30628 29858 29419 32156
28786 26155 37959 28942 30493 29758 29085 32254
28418 26096 37601 28749 29869 29350 29025 32068
29635 27050 38800 29433 30986 30704 29787 33317
29633 26897 38973 29612 31146 30344 29947 32971
