21114278
274429 277584 281225 291776 294948 304643 305186 309047 308172 307730 283518 281375 281300 282429 281040 281970 282882 283235 281661 282085 309184 309177 309860 311941 309482 308859 310550 310918 309572 309570 313834 310558 310116 310689 311113 311022 310756 312620 301197 307716 284263 280559 282270 280740 280755 280836 280789 282459 282080 281473 312148 306591 310376 309342 307948 310242 314148 319782 325324 327420 321045 317935 318883 315594 316143 314755 318618 317134 318877 320532
33825 34609 35987 32957 29757 32106 32185 43003
33970 34943 36524 33550 30094 32364 32293 43846
34292 34946 37411 34204 30533 32788 33182 43869
35534 36332 38704 35162 31662 34099 34378 45905
35796 36879 39236 35697 32321 34193 34525 46301
37174 38039 40058 36774 33193 35666 36058 47681
37371 38085 40296 36595 33063 35529 36152 48095
37815 38513 41002 37402 33707 36059 36253 48296
37477 38174 40670 37377 33539 36186 36279 48470
37731 38294 40750 37019 33528 35911 35967 48530
33110 44207 31276 32729 38031 33652 34272 36241
32546 44488 31070 32429 37779 33338 34207 35518
32701 44486 31360 32355 37712 33229 34431 35026
32957 44610 31309 32324 37758 33753 34376 35342
32544 44659 30930 32333 37809 33431 34007 35327
32856 44679 31110 32564 37866 33564 33994 35337
32833 44728 31325 32606 37798 33563 34446 35583
32985 44622 31528 32889 37661 33915 34150 35485
32708 44729 31032 32402 37544 33569 34233 35444
32473 44689 31026 32815 37834 33669 33919 35660
37220 39344 41398 36796 33281 36575 36812 47758
37170 38973 41088 37157 33501 36477 36609 48202
37685 38870 40928 37119 33307 36863 36728 48360
37816 39062 41771 37000 33552 36960 37250 48530
37492 38616 41350 36755 33586 36520 36713 48450
37287 38585 41104 36813 33340 36334 37105 48291
37762 39042 41425 36906 33569 36538 36773 48535
37765 38785 41440 37350 33610 36970 36415 48583
37512 38829 40728 37323 33579 36316 36859 48426
37702 38596 41184 36871 33456 36565 36742 48454
38953 37718 37122 41951 36637 34914 48901 37638
39002 37581 37150 41335 35810 34349 48962 36369
38932 37811 36873 41660 35838 33950 48963 36089
38658 37624 36839 41669 36090 34733 49006 36070
39206 37534 36695 41401 36099 34361 49033 36784
39058 37699 36933 41295 36364 34375 48998 36300
38990 37489 36834 41683 35896 34583 48971 36310
39186 37439 37162 42249 36403 34366 49126 36689
37685 36340 35642 40245 35175 33176 47647 35287
38718 37286 36382 41140 35726 34028 48452 35984
32885 44734 31318 32785 38111 33920 34902 35608
32560 44895 31070 32253 37795 33243 33703 35040
32860 44839 31321 32376 37568 33689 33911 35706
32608 44868 30744 32496 37582 33349 33799 35294
32525 44738 31115 32106 37771 33354 34017 35129
32359 44713 31169 32498 37730 33503 33547 35317
32689 44753 30886 32429 37409 33195 33700 35728
32674 44736 31342 32599 37779 33532 34256 35541
33009 44770 31039 32551 37840 33511 34028 35332
32797 44794 30734 32390 37489 33567 33922 35780
39326 37961 37008 42021 36129 34387 48871 36445
38509 37050 36515 41415 34742 34054 48643 35663
38878 37644 37086 41577 35693 34643 49067 35788
39067 37153 36629 41482 35585 34546 49103 35777
38246 37174 36690 41141 35186 34401 49030 36080
38713 37648 36879 41564 35573 34571 49080 36214
39567 37984 37249 42022 36181 35106 49569 36470
40333 38548 37754 42929 36580 35606 50970 37062
40794 39373 38332 43558 37303 36366 51789 37809
41218 39211 38683 44019 37725 36599 51842 38123
38283 34647 49721 38334 40162 39082 38487 42329
37584 34365 49698 37928 39771 38681 37991 41917
37900 34445 49677 38163 39698 38932 37830 42238
37484 34101 49131 37779 39151 38891 37390 41667
37283 34100 49091 37630 39392 38623 38304 41720
37213 33812 49425 37545 39389 38326 37507 41538
37743 34316 49608 37665 39799 38924 38203 42360
37754 34183 49652 37985 39503 38397 37786 41874
37584 34258 49686 38264 39746 38676 38147 42516
37885 34161 49812 37869 40130 39184 38617 42874
