21108506
273298 280837 277218 290840 296953 304035 306228 308034 308197 310219 282374 282052 281043 282074 281499 281139 283587 282331 284326 283014 307637 308777 311230 310413 311573 309447 310580 310353 311432 311103 311390 310037 310803 310572 310244 311726 310465 313259 300356 304788 284828 280250 280744 281897 278961 280423 279549 280931 280586 281251 310710 306499 308571 307655 307662 309948 313039 322160 327950 326915 321190 318177 320614 318443 316109 318874 317874 317389 316609 317043
33643 33954 36437 33000 29512 32004 32069 42679
34373 35110 37110 33909 30628 33053 32882 43772
33797 34263 36711 33612 30222 32279 32474 43860
35545 36265 38614 34908 31472 33779 34423 45834
36204 37201 39166 36286 32347 34806 34693 46250
36941 37908 40418 36845 33217 35559 35526 47621
37501 38136 40698 36882 33207 35762 35930 48112
37750 38049 40906 37588 33376 36038 35983 48344
37924 38363 40929 37172 33522 35772 36041 48474
38139 38627 41109 37217 33781 36357 36463 48526
32435 44326 31471 32486 37885 33823 34038 35910
32630 44608 31636 32147 38114 33147 34402 35368
32989 44591 30998 32294 37413 33342 34088 35328
32824 44736 31412 32318 37519 33591 34230 35444
32811 44725 31114 32059 37683 33605 34101 35401
32357 44762 31043 32398 37666 33640 34040 35233
33207 44786 31535 32458 37715 33963 34223 35700
32807 44635 31168 32492 37809 33550 34183 35687
33217 44725 31286 32893 38257 33700 34583 35665
32811 44706 31385 32537 37846 33733 34506 35490
36807 38958 40703 37078 33248 36321 36661 47861
37211 38571 41120 36960 33119 36561 36997 48238
37768 39085 41610 37392 33356 36587 37059 48373
37544 38788 41187 37090 33199 36956 37083 48566
37575 39146 41413 37252 33694 36901 37131 48461
37511 38893 41094 36554 33538 36745 36790 48322
37776 39129 41263 36981 33487 36599 36778 48567
37929 38873 41054 37193 33477 36494 36729 48604
37461 38944 41310 37295 33618 37170 37168 48466
37906 38792 41276 37456 33571 36709 36928 48465
38936 37686 36945 41571 35904 34240 48999 37109
38808 37759 36902 41238 36368 34067 49065 35830
38981 37559 36748 41984 36179 34256 48991 36105
39014 37598 36502 41368 36234 34366 49032 36458
38700 37794 36685 41067 36368 34290 49060 36280
38973 37962 37082 41567 36086 34571 49024 36461
38802 37549 37091 41585 35829 34322 48998 36289
39175 38219 37238 41770 36535 34509 49133 36680
37526 36419 35678 40099 34957 32945 47685 35047
38220 36853 36284 40623 35413 33405 48420 35570
32987 44633 31468 33072 38335 34097 34607 35629
32632 44807 30801 32320 37348 33394 33816 35132
32448 44806 30915 32439 37302 33333 33949 35552
32792 44760 31037 32620 37297 33724 34183 35484
32154 44712 30631 32176 37550 33075 33640 35023
32261 44728 30747 32431 37160 33522 33840 35734
32465 44818 30728 32298 37210 33344 33496 35190
32581 44815 30903 32416 37355 33782 33858 35221
32718 44788 30957 32454 37378 33272 33710 35309
32542 44781 30898 32745 37517 33438 33936 35394
38985 37494 36818 41551 35819 34797 49124 36122
38328 37301 36200 40878 35110 34277 48619 35786
38818 37529 36423 41386 35271 34277 49026 35841
38669 37448 36651 40690 35286 34111 49059 35741
38663 37269 36348 41415 35385 33971 49010 35601
38677 37212 36721 41943 35720 34455 49107 36113
39344 37867 36971 42369 35810 34689 49661 36328
40891 38742 37905 43303 36838 35567 51146 37768
41328 39704 38710 43959 37716 36403 51907 38223
41311 39192 38939 43632 37799 36440 51949 37653
38180 34255 49669 38359 40074 38978 39051 42624
37478 34175 49746 37916 40099 38689 37965 42109
38397 34804 49756 37960 40251 38759 38329 42358
37547 34079 49239 38052 39863 39295 38306 42062
37486 34191 49219 37393 39650 38787 37761 41622
37748 34345 49501 37848 39837 38670 38518 42407
37640 34103 49643 37965 39519 38866 38035 42103
37761 34029 49688 37680 39855 38453 37923 42000
37449 33932 49636 37659 39593 38605 37687 42048
37466 34267 49580 37523 39467 38421 38002 42317
