16097666
229126 242707 240163 243001 248429 248325 235594 242515 248604 257866 222419 224044 224293 218945 219036 217952 217146 215065 214362 202652 248745 245647 251560 256053 249345 247699 228548 252986 250663 247591 243328 244408 245334 242662 244060 239708 238370 242544 247132 238804 206696 207134 202911 203170 198151 202386 204070 202250 209026 206120 229648 237657 234666 232075 228988 229268 227868 226403 224330 222849 229662 197689 223465 223814 224293 225381 231618 228251 227347 232693
28207 28582 30631 27692 24800 26767 26885 35562
29755 30111 32082 29386 26366 28598 28556 37853
29448 29975 31802 29103 26099 28100 27662 37974
29549 29956 32059 29225 26554 28311 28951 38396
30224 31149 33166 30042 26823 28941 29273 38811
30317 31048 32586 30357 27120 28999 29093 38805
28665 29411 31357 28525 25768 27520 27371 36977
29608 30409 32312 29105 26321 28175 28563 38022
30546 30459 32924 30239 26840 29272 29002 39322
31567 32081 34129 31254 28144 29981 30204 40506
26016 35114 24745 25489 29856 26525 26774 27900
26370 35304 24803 25524 30160 26713 27255 27915
25913 35593 24837 25931 29948 26776 27137 28158
25245 34472 24595 25010 29579 26105 26464 27475
25532 34612 24508 25060 29535 25722 26577 27490
25584 34591 24055 24897 29106 25793 26544 27382
25118 34330 24137 24827 29014 26123 26236 27361
25208 34145 23880 24783 28631 25435 26049 26934
24844 34109 23636 24379 28558 25712 26151 26973
23432 32044 22518 23347 27175 24142 24462 25532
30274 31455 33246 29698 26556 29569 29493 38454
29771 31073 32639 29254 26263 29165 29107 38375
30771 31012 33396 29948 27133 29857 29990 39453
30785 32032 33930 30689 27863 30484 30289 39981
30072 31157 32910 29918 27020 29508 29951 38809
29784 31050 32817 29928 26624 28962 29455 39079
27293 28513 30384 27274 24659 27181 27418 35826
31069 31661 33796 30299 27196 29740 30080 39145
30453 31441 33484 30111 26722 29460 29957 39035
29787 31127 32589 29601 26590 29435 29766 38696
30351 29564 28874 32420 28326 27036 38009 28748
30521 29961 28771 32454 28665 27027 38547 28462
30867 29859 29120 32480 28737 27082 38529 28660
30253 29551 28655 32662 28031 26439 38609 28462
30372 29632 28940 32647 28466 27054 38391 28558
30147 29177 28369 32031 27808 26491 37609 28076
29653 28808 28171 31975 27662 26484 37735 27882
29930 29388 28806 32553 28013 26520 38786 28548
31368 29998 29076 32992 28797 27191 38724 28986
29891 28962 28422 31612 27971 26335 37897 27714
23993 32786 22788 23945 27671 24338 25175 26000
24089 32912 22548 24038 27897 24655 24808 26187
23525 32494 22234 23310 27038 24230 24409 25671
23680 32451 22577 23462 27129 23955 24320 25596
22966 31763 21656 22594 26769 23608 24025 24770
23393 32435 22447 23294 27136 24051 24430 25200
23635 32505 22840 23473 26825 24332 24566 25894
23546 32239 22421 23259 27116 23999 24188 25482
24468 33203 23135 24090 28099 24753 25081 26197
23909 32657 22816 23784 27231 24276 25490 25957
28689 28423 27342 30483 26369 25464 36279 26599
29936 28438 28279 31949 27347 26502 37586 27620
29423 28352 27924 31557 27222 26160 37176 26852
29163 27974 27555 30911 26577 26046 36910 26939
28721 27823 26937 30831 26152 25448 36765 26311
28956 27586 27116 30486 26484 25548 36507 26585
28777 27521 27023 30510 25849 25525 36082 26581
28404 27509 26836 30367 26082 24992 36029 26184
28001 27455 26398 30118 25816 24959 35781 25802
27818 26967 26350 29813 25508 25012 34926 26455
27275 24972 35284 27477 28413 28275 27454 30512
23411 21136 30826 23493 24699 24324 23612 26188
26417 24205 34972 26373 27752 26991 26795 29960
26708 23995 35014 26799 28087 27225 26914 29072
26509 24082 34862 26634 28071 27295 26912 29928
26694 24061 35259 26855 28047 27681 26942 29842
27389 25179 36120 27432 28966 28189 27698 30645
26899 24868 35515 26989 28494 27921 27225 30340
27079 24864 35562 26754 28219 27688 27285 29896
27475 25012 36491 27702 29074 28191 27651 31097
