16958333
266803 260761 252130 252387 255919 262018 258709 257538 252976 260522 209103 218187 221834 217974 216728 208417 213633 226794 224506 219432 249707 246816 266900 256189 249989 249936 255680 263480 257122 253938 244304 250709 258757 256922 252274 248488 254284 258963 251211 252586 216665 221793 214796 211956 212905 210388 217974 222692 218477 221719 257114 248923 243207 243527 254541 247533 243712 238633 237341 259852 248974 242446 241542 255285 251856 244602 242554 241665 251728 259002
32852 33195 35554 32211 28808 31267 31300 41616
31865 32548 34459 31468 28487 30691 30598 40645
30882 31212 33449 30697 27396 29409 29262 39823
30782 31309 33361 30336 27577 29378 29991 39653
31127 31546 34110 31000 27554 29775 30060 40747
31960 33164 34491 32127 28677 30525 30676 40398
31385 32507 34458 31102 28195 30268 30314 40480
31804 31851 34160 31062 27911 30129 30179 40442
30894 31275 33634 30835 27385 29690 29434 39829
31864 32246 34404 31369 28659 30218 30586 41176
24681 33207 23249 23877 27988 24976 25139 25986
25664 34175 24074 24861 29415 26053 26434 27511
25344 35213 24708 25575 29796 26541 26872 27785
25173 34527 24588 24902 29417 25585 26464 27318
25365 34141 23983 24950 28961 25724 26227 27377
24444 33313 22954 23631 27760 24827 25474 26014
24831 33570 23795 24650 28539 25356 25955 26937
26477 36201 25047 25903 30395 27085 27259 28427
25891 35591 25051 25713 29935 26845 27271 28209
25565 34686 24235 25143 29089 26309 26698 27707
30245 31575 33279 29904 26690 29728 29529 38757
29918 30660 32862 29297 26694 29308 29352 38725
32520 33501 35277 31899 28848 31468 31658 41729
30912 32109 33951 30831 27769 30235 30635 39747
30052 31211 33131 30043 26890 29587 29838 39237
29872 31234 33156 30194 26930 29584 29763 39203
31044 31900 34033 30476 27543 30226 30593 39865
32109 33161 35239 31506 28097 30887 31520 40961
30964 32150 34023 30905 27675 30599 30591 40215
30661 31879 33724 30344 27459 30076 30581 39214
30711 29716 28821 32417 28584 26959 38317 28779
31194 30831 29647 33121 29382 27742 39376 29416
32298 31259 30557 34799 30064 28144 41354 30282
32210 31356 30477 34431 29764 28406 40357 29921
31632 30555 29891 33717 29265 28029 39473 29712
30978 30238 29302 33427 28784 27439 39353 28967
31599 30718 30232 33967 29478 27828 40408 30054
32702 31386 30652 34516 30260 28567 40780 30100
31362 30341 29895 33443 29299 27721 40046 29104
31585 30994 29764 34110 29431 27855 39418 29429
25177 34418 23594 24827 29048 25752 26188 27661
25780 35602 24442 25713 29715 26128 26550 27863
24894 34224 23696 24537 28763 25571 26019 27092
24619 33966 23609 24252 28450 25133 25606 26321
24565 33816 23689 24561 28231 25454 25547 27042
24525 33492 23456 24171 28116 25003 25292 26333
25403 34946 24019 25029 29237 25694 26184 27462
25692 35377 24433 25544 29689 26563 27126 28268
25523 35074 24316 25021 29275 25690 26367 27211
25685 34555 24905 25634 29511 26274 27183 27972
32321 31341 30445 34868 29594 28703 40342 29500
31281 30148 29459 33077 28644 27812 39574 28928
30547 29704 28689 32493 27730 27055 38987 28002
30762 29331 28798 32625 27918 27085 38627 28381
32133 30712 30300 34005 29126 28313 40429 29523
30997 30101 29164 33301 28408 27596 39369 28597
30352 29605 28490 32737 28017 27200 38815 28496
29864 28969 28057 32152 27295 26963 37674 27659
29909 28515 28120 31750 27117 26674 37793 27463
32613 31381 30980 34613 29666 29002 41091 30506
29484 26680 38475 29778 31316 30053 30400 32788
28559 26077 37989 28872 30214 29721 28784 32230
28610 25991 37843 28633 30197 29537 28921 31810
30208 27673 39488 30331 32013 31168 30629 33775
29941 27540 39323 29684 31216 30762 30058 33332
29011 26434 38254 29006 30507 29743 29218 32429
28621 25853 37974 29049 30434 29325 29075 32223
28446 26031 37572 29063 30225 29315 28782 32231
29730 26931 38940 30233 31491 30683 30081 33639
30894 27903 40334 30860 32206 31407 31201 34197
