1
nocache 42222784 70
547727 558421 558443 582616 591901 608678 611414 617081 616369 617949 565892 563427 562343 564503 562539 563109 566469 565566 565987 565099 616821 617954 621090 622354 621055 618306 621130 621271 621004 620673 625224 620595 620919 621261 621357 622748 621221 625879 601553 612504 569091 560809 563014 562637 559716 561259 560338 563390 562666 562724 622858 613090 618947 616997 615610 620190 627187 641942 653274 654335 642235 636112 639497 634037 632252 633629 636492 634523 635486 637575
67468 68563 72424 65957 59269 64110 64254 85682
68343 70053 73634 67459 60722 65417 65175 87618
68089 69209 74122 67816 60755 65067 65656 87729
71079 72597 77318 70070 63134 67878 68801 91739
72000 74080 78402 71983 64668 68999 69218 92551
74115 75947 80476 73619 66410 71225 71584 95302
74872 76221 80994 73477 66270 71291 72082 96207
75565 76562 81908 74990 67083 72097 72236 96640
75401 76537 81599 74549 67061 71958 72320 96944
75870 76921 81859 74236 67309 72268 72430 97056
65545 88533 62747 65215 75916 67475 68310 72151
65176 89096 62706 64576 75893 66485 68609 70886
65690 89077 62358 64649 75125 66571 68519 70354
65781 89346 62721 64642 75277 67344 68606 70786
65355 89384 62044 64392 75492 67036 68108 70728
65213 89441 62153 64962 75532 67204 68034 70570
66040 89514 62860 65064 75513 67526 68669 71283
65792 89257 62696 65381 75470 67465 68333 71172
65925 89454 62318 65295 75801 67269 68816 71109
65284 89395 62411 65352 75680 67402 68425 71150
74027 78302 82101 73874 66529 72896 73473 95619
74381 77544 82208 74117 66620 73038 73606 96440
75453 77955 82538 74511 66663 73450 73787 96733
75360 77850 82958 74090 66751 73916 74333 97096
75067 77762 82763 74007 67280 73421 73844 96911
74798 77478 82198 73367 66878 73079 73895 96613
75538 78171 82688 73887 67056 73137 73551 97102
75694 77658 82494 74543 67087 73464 73144 97187
74973 77773 82038 74618 67197 73486 74027 96892
75608 77388 82460 74327 67027 73274 73670 96919
77889 75404 74067 83522 72541 69154 97900 74747
77810 75340 74052 82573 72178 68416 98027 72199
77913 75370 73621 83644 72017 68206 97954 72194
77672 75222 73341 83037 72324 69099 98038 72528
77906 75328 73380 82468 72467 68651 98093 73064
78031 75661 74015 82862 72450 68946 98022 72761
77792 75038 73925 83268 71725 68905 97969 72599
78361 75658 74400 84019 72938 68875 98259 73369
75211 72759 71320 80344 70132 66121 95332 70334
76938 74139 72666 81763 71139 67433 96872 71554
65872 89367 62786 65857 76446 68017 69509 71237
65192 89702 61871 64573 75143 66637 67519 70172
65308 89645 62236 64815 74870 67022 67860 71258
65400 89628 61781 65116 74879 67073 67982 70778
64679 89450 61746 64282 75321 66429 67657 70152
64620 89441 61916 64929 74890 67025 67387 71051
65154 89571 61614 64727 74619 66539 67196 70918
65255 89551 62245 65015 75134 67314 68114 70762
65727 89558 61996 65005 75218 66783 67738 70641
65339 89575 61632 65135 75006 67005 67858 71174
78311 75455 73826 83572 71948 69184 97995 72567
76837 74351 72715 82293 69852 68331 97262 71449
77696 75173 73509 82963 70964 68920 98093 71629
77736 74601 73280 82172 70871 68657 98162 71518
76909 74443 73038 82556 70571 68372 98040 71681
77390 74860 73600 83507 71293 69026 98187 72327
78911 75851 74220 84391 71991 69795 99230 72798
81224 77290 75659 86232 73418 71173 102116 74830
82122 79077 77042 87517 75019 72769 103696 76032
82529 78403 77622 87651 75524 73039 103791 75776
76463 68902 99390 76693 80236 78060 77538 84953
75062 68540 99444 75844 79870 77370 75956 84026
76297 69249 99433 76123 79949 77691 76159 84596
75031 68180 98370 75831 79014 78186 75696 83729
74769 68291 98310 75023 79042 77410 76065 83342
74961 68157 98926 75393 79226 76996 76025 83945
75383 68419 99251 75630 79318 77790 76238 84463
75515 68212 99340 75665 79358 76850 75709 83874
75033 68190 99322 75923 79339 77281 75834 84564
75351 68428 99392 75392 79597 77605 76619 85191
