1
nocache 33930403 70
542848 517921 506768 503062 510801 522995 517395 514729 506286 522116 421198 432896 445268 435907 432354 418872 425935 453920 448459 439703 500082 494044 532016 510579 501093 500983 509318 527065 514836 505842 487556 498902 521565 514833 502750 499311 510106 519722 505131 503346 436531 445572 428793 426573 426957 421975 439160 442901 438355 440238 516317 498192 488686 487881 509022 495252 490239 475366 474332 518274 499597 486194 484343 508189 504962 488712 485986 482841 501440 508525
66876 67984 71769 65374 58728 63573 63656 84888
63302 64903 68281 62533 56462 60627 60544 81269
61864 63011 67262 61665 54966 59148 59355 79497
61392 62276 66661 60672 54890 58697 59339 79135
62042 63158 68074 61859 55238 59233 60068 81129
63766 65935 68836 63548 57352 61085 61419 81054
63063 64951 68639 62221 56221 60618 60822 80860
63100 64035 68059 62055 55839 59969 60806 80866
62021 62763 67193 61431 54950 59302 59016 79610
63688 64599 69021 63075 57138 60921 61399 82275
49593 66434 46769 48219 56461 50132 50618 52972
50681 68210 47995 49413 58095 51657 52362 54483
51373 70436 49429 51332 59823 52990 53871 56014
50474 69018 48607 49952 58733 51423 53004 54696
50445 68262 48011 49781 57875 51219 52274 54487
48943 66567 46164 47942 55810 49993 51332 52121
49444 67090 47504 48974 56955 50518 51867 53583
52903 72315 49984 51975 60894 54126 54852 56871
52050 71174 49647 51561 59985 53505 54015 56522
51055 69331 48781 50481 58771 52715 53354 55215
60791 63534 66525 59777 53472 59204 59263 77516
59914 61596 65922 59156 53092 58694 58490 77180
64526 67092 70405 63655 57502 62860 62982 82994
61461 64138 67859 61600 55082 60220 60637 79582
60176 62595 66997 59929 53953 59402 59641 78400
60192 62810 66559 60242 54113 59373 59336 78358
61976 63661 67411 60796 54995 60081 60752 79646
63916 66359 70188 63043 56225 62463 62897 81974
62174 64491 68485 61549 55534 60796 61356 80451
61135 63321 67631 60226 54831 59712 60489 78497
61106 59169 57699 64918 56835 53588 76746 57495
62264 60960 59043 66124 58241 55135 78627 58508
65517 62785 61682 69949 60684 57187 82693 61068
64823 62919 61134 68766 59807 56589 80829 59966
63169 60743 59420 67437 58324 55496 79030 59131
62274 60609 59045 66974 57895 55145 78816 58553
63447 61660 60453 68194 59220 56142 80834 60156
65370 62757 61780 69295 60510 57446 81697 60867
63204 61283 60157 67533 58706 55468 80068 58712
63063 61401 59719 67705 58371 55644 78862 58581
50637 68639 47953 50163 58675 52125 53076 55263
51782 71348 49008 51357 59583 52618 53555 56321
49624 68556 47377 48974 57252 51295 51944 53771
49898 67961 47301 49023 57082 50576 51392 53340
49408 67684 47271 49109 56734 51251 51480 54020
49214 67049 46683 48519 56703 50034 50794 52979
51198 69843 48458 50527 58905 51838 52887 55504
51100 70723 48527 51024 59094 52751 53555 56127
51229 70130 48500 50541 58361 51739 53036 54819
51198 69157 49167 50966 58646 52264 53578 55262
64614 63383 61244 69857 59529 57650 80608 59432
62343 60376 58989 66379 57243 55774 79255 57833
61413 58979 57696 65431 55793 54652 78183 56539
61356 59055 57601 65595 55921 54122 77436 56795
64093 61504 60619 68017 58487 56587 80911 58804
61880 60065 58307 66784 57129 55178 78842 57067
61236 59372 57712 65894 56494 54542 77688 57301
59528 57176 56160 63611 54684 53330 75486 55391
59690 56966 56372 63553 54380 52855 75637 54879
65228 62779 61512 69229 59151 57656 82045 60674
59357 53586 76998 59846 62436 60589 60635 66150
57632 52179 75945 57940 60700 59660 57611 64527
57072 51969 75695 57945 60452 58860 58200 64150
60225 54842 78878 60392 63727 61688 60940 67497
59988 54660 78682 59879 62800 61698 60438 66817
57657 52567 76507 58023 61135 59601 58637 64585
57407 52008 75933 57991 60927 59083 58160 64477
56864 52127 75173 57812 60094 58665 57807 64299
59365 53981 77740 59666 62477 61387 59868 66956
60527 54800 79307 60472 63352 61751 61148 67168
