1
nocache 32199460 70
453730 483700 482361 487307 496218 495508 471445 484423 497535 516634 446237 446158 449447 437838 437004 436713 434637 430922 428163 406029 497368 491900 503324 512299 496109 499096 455927 505084 500696 495827 486146 486165 488814 488585 487590 478378 478353 485598 495853 478993 415838 415583 406844 405655 398139 406124 410030 406200 419489 410626 459645 474902 470267 464262 458725 459570 455576 453557 448506 443156 457817 396041 447260 448067 448016 452676 463232 454748 455451 458801
55749 56923 60202 54556 49179 53077 53158 70886
59446 60340 63631 58601 52578 56681 56727 75696
59004 60247 63733 58541 52445 56383 56099 75909
59324 60311 64671 58857 52943 56776 57690 76735
60245 62259 66222 59836 53812 57706 58490 77648
60450 61754 65329 60245 54228 57921 57990 77591
57471 58897 62267 57055 51456 55055 55330 73914
59182 60486 64370 58167 52540 56407 57130 76141
60780 61603 65721 60344 53872 58237 58473 78505
63396 64156 68516 62436 56431 60364 60442 80893
51867 70191 49611 51236 59745 53034 54061 56492
52508 70594 49346 50970 59918 53273 53788 55761
52205 71152 49881 51574 60116 53591 54358 56570
50699 68936 48698 50556 59040 51834 53119 54956
50677 69212 48776 50004 58784 51515 52928 55108
50975 69161 48268 50113 58458 51862 53218 54658
50631 68660 48205 49767 58008 52043 52830 54493
50228 68285 47927 49674 57533 51049 52226 54000
49718 68186 47198 48722 57231 51206 52069 53833
47015 64110 44951 46970 54595 48338 48951 51099
60388 63173 66269 59692 53238 59060 58799 76749
59757 62146 65512 58801 52588 58177 58174 76745
61134 62550 66850 60292 53897 59934 59886 78781
61759 64368 67927 61474 55785 60706 60382 79898
59870 62026 65862 59425 53432 58563 59205 77726
60099 62716 66757 59869 53726 58732 59184 78013
54282 57099 60462 54706 49316 54107 54372 71583
62040 63328 67142 60431 54329 59484 59993 78337
60793 62777 66599 59778 53609 59436 59603 78101
59745 62244 65789 59268 53422 58665 59347 77347
60588 58903 57856 64992 56424 53811 76072 57500
60777 59368 57483 64591 56878 53425 77145 56498
61392 59200 58026 64994 57045 53832 77072 57253
61298 59370 57700 65469 56774 53580 77138 57256
61175 59085 58044 65072 56586 53783 76821 57024
60219 58255 56390 64154 55608 52482 75245 56025
59802 57736 56623 64071 55600 53112 75421 55988
59814 58608 57662 65048 56269 53547 77427 57223
62554 60166 58735 66216 57615 54638 77463 58466
60119 58145 56958 63605 55856 52795 75782 55733
48284 65598 45946 48268 55403 49195 50842 52302
48397 65801 45821 48208 55863 49462 49731 52300
47195 64969 44501 46712 54387 48717 49034 51329
47247 64909 44778 46722 53982 48177 48692 51148
46195 63605 43959 45363 53407 47472 48235 49903
47248 64872 44809 46894 54372 48214 49011 50704
47587 65050 45467 47253 54341 48909 49657 51766
47353 64436 45018 46682 54586 48332 48687 51106
48998 66505 46464 48124 56348 49633 50398 53019
47464 65432 45143 47533 54571 48547 49986 51950
57756 56599 54284 61323 52804 51110 72509 53260
59960 57007 56397 63873 54620 52934 75080 55031
58652 56870 55945 63303 54405 52652 74401 54039
58028 56194 55205 61985 53201 51987 73776 53886
57461 55444 54101 61601 52265 51271 73557 53025
57894 55405 54371 61528 52840 51162 73026 53344
57163 55267 54049 61071 52119 50881 72206 52820
56997 54955 53618 60807 52301 50322 72028 52529
56122 54471 52859 60415 51783 49801 71523 51532
55437 53530 52334 59294 50960 49431 69963 52207
54266 49171 70609 54724 56904 55833 55344 60966
46931 42339 61700 47133 49471 48569 47454 52444
52925 48285 69947 52996 55634 54198 53694 59581
53525 48150 69953 53478 56014 54673 53494 58780
53165 47979 69746 53454 55889 54423 53617 59743
53449 48264 70482 54276 56408 55504 54159 60134
54712 50187 72202 55081 57862 56132 55678 61378
53767 49150 71049 53861 56793 55445 54206 60477
53995 49226 71144 53985 56738 55530 54739 60094
54214 49421 71693 54507 57461 56103 54678 60724
