workload_name: synthetic
workload_mode: 1
dynamic_periodnum: 7
dynamic_periodinterval: 10
dynamic_ruleprefix: dynamicrules/synthetic-hotin.out
val_t::MAX_VALLEN: 128
ParserIterator::load_batch_size: 10000
client_physical_num: 2
server_physical_num: 2
client_total_logical_num: 128
server_total_logical_num: 2
server_total_logical_num_for_rotation: 128
max_server_total_logical_num: 2

client_rotationdataserver_port: 1025
client_sendpktserver_port_start: 1026
client_rulemapserver_port_start: 1036
client_worker_port_start: 8888

client_logical_nums[0]: 64
client_ips[0]: 10.0.1.11
client_macs[0]: 3c:fd:fe:bb:ca:79
client_fpports[0]: 11/0
client_pipeidxes[0]: 0
client_logical_nums[1]: 64
client_ips[1]: 10.0.1.15
client_macs[1]: 3c:fd:fe:b5:28:59
client_fpports[1]: 1/0
client_pipeidxes[1]: 1

server_load_factor: 5
server_worker_port_start: 1152
server_evictserver_port_start: 2222
server_popserver_port_start: 3333
server_valueupdateserver_port_start: 4224
transaction_loadfinishserver_port: 8000

server_worker_corenums[0]: 16
server_total_corenums[0]: 24
server_logical_idxes_list[0]: 0 
server_ips[0]: 10.0.1.16
server_macs[0]: 3c:fd:fe:b5:1f:e1
server_fpports[0]: 16/0
server_pipeidxes[0]: 0
server_ip_for_controller_list[0]: 172.16.112.16
server_worker_corenums[1]: 16
server_total_corenums[1]: 48
server_logical_idxes_list[1]: 1 
server_ips[1]: 10.0.1.13
server_macs[1]: 3c:fd:fe:bb:c9:c8
server_fpports[1]: 13/0
server_pipeidxes[1]: 0
server_ip_for_controller_list[1]: 172.16.112.13

controller ip for server: 172.16.112.16
controller ip for switchos: 172.16.112.16
controller_popserver_port_start: 5555
controller_evictserver_port: 5002
controller_snapshot_period: 10000
controller_warmupfinishserver_port: 5010

switch_partition_count: 32768
switch_kv_bucket_num: 10000
switch_pipeline_num: 2
val_t::SWITCH_MAX_VALLEN: 128
switchos_popserver_port: 5003
switchos ip: 172.16.112.17
switchos_sample_cnt: 10
switchos_snapshotserver_port: 5004
switchos_specialcaseserver_port: 5005
switchos_ptf_popserver_port: 5006
switchos_ptf_snapshotserver_port: 5007

reflector ip for switchos: 172.16.112.16
reflector_dp2cpserver_port: 5008
reflector_cp2dpserver_port: 5009

raw_load_workload_filename for loading phase: synthetic-load.out
server_load_workload_dir for loading phase: synthetic-load-2
raw_warmup_workload_filename for warmup phase: synthetic-warmup.out
raw_run_workload_filename for transaction phase: synthetic-run.out
client_workload_dir for transaction phase: synthetic-run-128
perserver_keyrange: 32768

[client] prepare clients ...
[client 0] Ready.
[client 16] Ready.
[client 8] Ready.
[client 1] Ready.
[client 4] Ready.
[client 12] Ready.
[client 23] Ready.
[client 19] Ready.
[client 3] Ready.
[client 26] Ready.
[client 24] Ready.
[client 6] Ready.
[client 50] Ready.
[client 37] Ready.
[client 40] Ready.
[client 28] Ready.
[client 9] Ready.
[client 18] Ready.
[client 34] Ready.
[client 46] Ready.
[client 20] Ready.
[client 31] Ready.
[client 32] Ready.
[client 27] Ready.
[client 29] Ready.
[client 47] Ready.
[client 7] Ready.
[client 43] Ready.
[client 2] Ready.
[client 25] Ready.
[client 21] Ready.
[client 59] Ready.
[client 36] Ready.
[client 39] Ready.
[client 35] Ready.
[client 38] Ready.
[client 48] Ready.
[client 56] Ready.
[client 58] Ready.
[client 33] Ready.
[client 53] Ready.
[client 49] Ready.
[client 42] Ready.
[client 11] Ready.
[client 17] Ready.
[client 14] Ready.
[client 45] Ready.
[client 30] Ready.
[client 51] Ready.
[client 41] Ready.
[client 15] Ready.
[client 13] Ready.
[client 5] Ready.
[client 10] Ready.
[client 55] Ready.
[client 22] Ready.
[client 52] Ready.
[client 44] Ready.
[client 61] Ready.
[client 57] Ready.
[client 54] Ready.
[client 62] Ready.
[client 60] Ready.
[client 63] Ready.
[client] all clients ready...
start to send pkt
switch dynamic rulemap from period 0 to 1
switch dynamic rulemap from period 1 to 2
switch dynamic rulemap from period 2 to 3
switch dynamic rulemap from period 3 to 4
switch dynamic rulemap from period 4 to 5
switch dynamic rulemap from period 5 to 6
[client] all clients finish!
[client] processing statistics

thpt interval: 1 s, seccnt: 70

[sec 0]

overall totalpktcnt: 64784, throughput (MOPS): 0.061783

[sec 1]

overall totalpktcnt: 63403, throughput (MOPS): 0.060466

[sec 2]

overall totalpktcnt: 62683, throughput (MOPS): 0.059779

[sec 3]

overall totalpktcnt: 62320, throughput (MOPS): 0.059433

[sec 4]

overall totalpktcnt: 62007, throughput (MOPS): 0.059134

[sec 5]

overall totalpktcnt: 60187, throughput (MOPS): 0.057399

[sec 6]

overall totalpktcnt: 65624, throughput (MOPS): 0.062584

[sec 7]

overall totalpktcnt: 63981, throughput (MOPS): 0.061017

[sec 8]

overall totalpktcnt: 63370, throughput (MOPS): 0.060434

[sec 9]

overall totalpktcnt: 62632, throughput (MOPS): 0.059731

[sec 10]

overall totalpktcnt: 64772, throughput (MOPS): 0.061771

[sec 11]

overall totalpktcnt: 66914, throughput (MOPS): 0.063814

[sec 12]

overall totalpktcnt: 69772, throughput (MOPS): 0.066540

[sec 13]

overall totalpktcnt: 68025, throughput (MOPS): 0.064874

[sec 14]

overall totalpktcnt: 66856, throughput (MOPS): 0.063759

[sec 15]

overall totalpktcnt: 66863, throughput (MOPS): 0.063766

[sec 16]

overall totalpktcnt: 66361, throughput (MOPS): 0.063287

[sec 17]

overall totalpktcnt: 68378, throughput (MOPS): 0.065210

[sec 18]

overall totalpktcnt: 68659, throughput (MOPS): 0.065478

[sec 19]

overall totalpktcnt: 66587, throughput (MOPS): 0.063502

[sec 20]

overall totalpktcnt: 66976, throughput (MOPS): 0.063873

[sec 21]

overall totalpktcnt: 66518, throughput (MOPS): 0.063437

[sec 22]

overall totalpktcnt: 65815, throughput (MOPS): 0.062766

[sec 23]

overall totalpktcnt: 68936, throughput (MOPS): 0.065742

[sec 24]

overall totalpktcnt: 66362, throughput (MOPS): 0.063288

[sec 25]

overall totalpktcnt: 67541, throughput (MOPS): 0.064412

[sec 26]

overall totalpktcnt: 66961, throughput (MOPS): 0.063859

[sec 27]

overall totalpktcnt: 66291, throughput (MOPS): 0.063220

[sec 28]

overall totalpktcnt: 66584, throughput (MOPS): 0.063499

[sec 29]

overall totalpktcnt: 67419, throughput (MOPS): 0.064296

[sec 30]

overall totalpktcnt: 67877, throughput (MOPS): 0.064733

[sec 31]

overall totalpktcnt: 66989, throughput (MOPS): 0.063886

[sec 32]

overall totalpktcnt: 65964, throughput (MOPS): 0.062908

[sec 33]

overall totalpktcnt: 65645, throughput (MOPS): 0.062604

[sec 34]

overall totalpktcnt: 66985, throughput (MOPS): 0.063882

[sec 35]

overall totalpktcnt: 67181, throughput (MOPS): 0.064069

[sec 36]

overall totalpktcnt: 66685, throughput (MOPS): 0.063596

[sec 37]

overall totalpktcnt: 66314, throughput (MOPS): 0.063242

[sec 38]

overall totalpktcnt: 66091, throughput (MOPS): 0.063029

[sec 39]

overall totalpktcnt: 65722, throughput (MOPS): 0.062677

[sec 40]

overall totalpktcnt: 69149, throughput (MOPS): 0.065946

[sec 41]

overall totalpktcnt: 66764, throughput (MOPS): 0.063671

[sec 42]

overall totalpktcnt: 66944, throughput (MOPS): 0.063843

[sec 43]

overall totalpktcnt: 66569, throughput (MOPS): 0.063485

[sec 44]

overall totalpktcnt: 66075, throughput (MOPS): 0.063014

[sec 45]

overall totalpktcnt: 67089, throughput (MOPS): 0.063981

[sec 46]

overall totalpktcnt: 69048, throughput (MOPS): 0.065849

[sec 47]

overall totalpktcnt: 67628, throughput (MOPS): 0.064495

[sec 48]

overall totalpktcnt: 67060, throughput (MOPS): 0.063953

[sec 49]

overall totalpktcnt: 67033, throughput (MOPS): 0.063928

[sec 50]

overall totalpktcnt: 66127, throughput (MOPS): 0.063064

[sec 51]

overall totalpktcnt: 67621, throughput (MOPS): 0.064488

[sec 52]

overall totalpktcnt: 68065, throughput (MOPS): 0.064912

[sec 53]

overall totalpktcnt: 67332, throughput (MOPS): 0.064213

[sec 54]

overall totalpktcnt: 66463, throughput (MOPS): 0.063384

[sec 55]

overall totalpktcnt: 65433, throughput (MOPS): 0.062402

[sec 56]

overall totalpktcnt: 63860, throughput (MOPS): 0.060902

[sec 57]

overall totalpktcnt: 69556, throughput (MOPS): 0.066334

[sec 58]

overall totalpktcnt: 67821, throughput (MOPS): 0.064679

[sec 59]

overall totalpktcnt: 67335, throughput (MOPS): 0.064216

[sec 60]

overall totalpktcnt: 66540, throughput (MOPS): 0.063457

[sec 61]

overall totalpktcnt: 64322, throughput (MOPS): 0.061342

[sec 62]

overall totalpktcnt: 67404, throughput (MOPS): 0.064281

[sec 63]

overall totalpktcnt: 68427, throughput (MOPS): 0.065257

[sec 64]

overall totalpktcnt: 67065, throughput (MOPS): 0.063958

[sec 65]

overall totalpktcnt: 67048, throughput (MOPS): 0.063942

[sec 66]

overall totalpktcnt: 64816, throughput (MOPS): 0.061813

[sec 67]

overall totalpktcnt: 65890, throughput (MOPS): 0.062838

[sec 68]

overall totalpktcnt: 68298, throughput (MOPS): 0.065134

[sec 69]

overall totalpktcnt: 68540, throughput (MOPS): 0.065365

[Latency Statistics of total_latency_list ]
| min | max | avg | 90th | 99th | largest | median | sum |
| 30.716 | 25084.4 | 963.708 | 1891.56 | 2033.46 | 25084.4 | 693.88 | 4.48159e+09 |
[Latency Statistics of perclient_avgsend_latency_list ]
| min | max | avg | 90th | 99th | largest | median | sum |
| 4.09602 | 4.40446 | 4.2352 | 4.3413 | 4.40446 | 4.40446 | 4.22856 | 271.053 |
[Latency Statistics of perclient_avgwait_latency_list ]
| min | max | avg | 90th | 99th | largest | median | sum |
| 1.04787 | 1.35092 | 1.14817 | 1.23733 | 1.35092 | 1.35092 | 1.14606 | 73.4831 |
total_unmatched_cnt: 0
total_timeout_cnt: 0
client-side total pktcnt: 4650359, total time: 70.043983 s, total thpt: 0.063316 MOPS
cache hit pktcnt: 0
per-server pktcnt: 2322409 2327950

per-sec total throughput:
64783 63403 62684 62318 62009 60186 65623 63982 63370 62633 64771 66915 69770 68026 66857 66862 66362 68377 68658 66589 66976 66516 65814 68938 66363 67539 66961 66292 66584 67418 67879 66988 65962 65648 66984 67182 66684 66315 66090 65722 69148 66765 66945 66569 66074 67089 69049 67628 67058 67033 66129 67620 68064 67333 66464 65432 63858 69559 67820 67334 66540 64323 67404 68428 67065 67048 64815 65891 68297 68536

per-sec per-server throughput:
32159 32624
31497 31906
31257 31427
30980 31338
30700 31309
30246 29940
32493 33130
31866 32116
31708 31662
31169 31464
32484 32287
33276 33639
34750 35020
34014 34012
33432 33425
33186 33676
33398 32964
34180 34197
34194 34464
33249 33340
33387 33589
33170 33346
32890 32924
34490 34448
33420 32943
33720 33819
33489 33472
33248 33044
33530 33054
33836 33582
33700 34179
33381 33607
33252 32710
32915 32733
33351 33633
33595 33587
33262 33422
33102 33213
32959 33131
32658 33064
34537 34611
33307 33458
33351 33594
33095 33474
32980 33094
33395 33694
34476 34573
33690 33938
33279 33779
33359 33674
33254 32875
33800 33820
34097 33967
33717 33616
33307 33157
32631 32801
32097 31761
34832 34727
34064 33756
33671 33663
33130 33410
32183 32140
33644 33760
34149 34279
33653 33412
33270 33778
32416 32399
32894 32997
34222 34075
34311 34225
Finish dumping statistics!
