workload_name: synthetic
workload_mode: 1
dynamic_periodnum: 7
dynamic_periodinterval: 10
dynamic_ruleprefix: dynamicrules/synthetic-hotin.out
val_t::MAX_VALLEN: 128
ParserIterator::load_batch_size: 10000
client_physical_num: 2
server_physical_num: 2
client_total_logical_num: 128
server_total_logical_num: 2
server_total_logical_num_for_rotation: 128
max_server_total_logical_num: 2

client_rotationdataserver_port: 1025
client_sendpktserver_port_start: 1026
client_rulemapserver_port_start: 1036
client_worker_port_start: 8888

client_logical_nums[0]: 64
client_ips[0]: 10.0.1.11
client_macs[0]: 3c:fd:fe:bb:ca:79
client_fpports[0]: 11/0
client_pipeidxes[0]: 0
client_logical_nums[1]: 64
client_ips[1]: 10.0.1.15
client_macs[1]: 3c:fd:fe:b5:28:59
client_fpports[1]: 1/0
client_pipeidxes[1]: 1

server_load_factor: 5
server_worker_port_start: 1152
server_evictserver_port_start: 2222
server_popserver_port_start: 3333
server_valueupdateserver_port_start: 4224
transaction_loadfinishserver_port: 8000

server_worker_corenums[0]: 16
server_total_corenums[0]: 24
server_logical_idxes_list[0]: 0 
server_ips[0]: 10.0.1.16
server_macs[0]: 3c:fd:fe:b5:1f:e1
server_fpports[0]: 16/0
server_pipeidxes[0]: 0
server_ip_for_controller_list[0]: 172.16.112.16
server_worker_corenums[1]: 16
server_total_corenums[1]: 48
server_logical_idxes_list[1]: 1 
server_ips[1]: 10.0.1.13
server_macs[1]: 3c:fd:fe:bb:c9:c8
server_fpports[1]: 13/0
server_pipeidxes[1]: 0
server_ip_for_controller_list[1]: 172.16.112.13

controller ip for server: 172.16.112.16
controller ip for switchos: 172.16.112.16
controller_popserver_port_start: 5555
controller_evictserver_port: 5002
controller_snapshot_period: 10000
controller_warmupfinishserver_port: 5010

switch_partition_count: 32768
switch_kv_bucket_num: 10000
switch_pipeline_num: 2
val_t::SWITCH_MAX_VALLEN: 128
switchos_popserver_port: 5003
switchos ip: 172.16.112.17
switchos_sample_cnt: 10
switchos_snapshotserver_port: 5004
switchos_specialcaseserver_port: 5005
switchos_ptf_popserver_port: 5006
switchos_ptf_snapshotserver_port: 5007

reflector ip for switchos: 172.16.112.16
reflector_dp2cpserver_port: 5008
reflector_cp2dpserver_port: 5009

raw_load_workload_filename for loading phase: synthetic-load.out
server_load_workload_dir for loading phase: synthetic-load-2
raw_warmup_workload_filename for warmup phase: synthetic-warmup.out
raw_run_workload_filename for transaction phase: synthetic-run.out
client_workload_dir for transaction phase: synthetic-run-128
perserver_keyrange: 32768

[client.sendpktserver] ready
[client] prepare clients ...
[client.rulemapserver] ready
[client 7] Ready.
[client 0] Ready.
[client 2] Ready.
[client 21] Ready.
[client 19] Ready.
[client 13] Ready.
[client 27] Ready.
[client 15] Ready.
[client 8] Ready.
[client 10] Ready.
[client 20] Ready.
[client 61] Ready.
[client 33] Ready.
[client 3] Ready.
[client 12] Ready.
[client 9] Ready.
[client 48] Ready.
[client 24] Ready.
[client 32] Ready.
[client 41] Ready.
[client 25] Ready.
[client 36] Ready.
[client 14] Ready.
[client 37] Ready.
[client 43] Ready.
[client 51] Ready.
[client 29] Ready.
[client 52] Ready.
[client 38] Ready.
[client 40] Ready.
[client 5] Ready.
[client 11] Ready.
[client 26] Ready.
[client 53] Ready.
[client 4] Ready.
[client 17] Ready.
[client 31] Ready.
[client 1] Ready.
[client 30] Ready.
[client 23] Ready.
[client 39] Ready.
[client 22] Ready.
[client 6] Ready.
[client 34] Ready.
[client 28] Ready.
[client 16] Ready.
[client 49] Ready.
[client 42] Ready.
[client 47] Ready.
[client 35] Ready.
[client 18] Ready.
[client 58] Ready.
[client 56] Ready.
[client 57] Ready.
[client 46] Ready.
[client 62] Ready.
[client 50] Ready.
[client 54] Ready.
[client 45] Ready.
[client 44] Ready.
[client 60] Ready.
[client 59] Ready.
[client 55] Ready.
[client 63] Ready.
[client] all clients ready...
wait to be able to send pkt if necessary
start to send pkt
switch dynamic rulemap from period 0 to 1
switch dynamic rulemap from period 1 to 2
switch dynamic rulemap from period 2 to 3
switch dynamic rulemap from period 3 to 4
switch dynamic rulemap from period 4 to 5
switch dynamic rulemap from period 5 to 6
[client] all clients finish!
[client] processing statistics

thpt interval: 1 s, seccnt: 70

[sec 0]

overall totalpktcnt: 53331, throughput (MOPS): 0.050860

[sec 1]

overall totalpktcnt: 54050, throughput (MOPS): 0.051546

[sec 2]

overall totalpktcnt: 54656, throughput (MOPS): 0.052124

[sec 3]

overall totalpktcnt: 55005, throughput (MOPS): 0.052457

[sec 4]

overall totalpktcnt: 55633, throughput (MOPS): 0.053056

[sec 5]

overall totalpktcnt: 56419, throughput (MOPS): 0.053805

[sec 6]

overall totalpktcnt: 56372, throughput (MOPS): 0.053761

[sec 7]

overall totalpktcnt: 55517, throughput (MOPS): 0.052945

[sec 8]

overall totalpktcnt: 55857, throughput (MOPS): 0.053269

[sec 9]

overall totalpktcnt: 56193, throughput (MOPS): 0.053590

[sec 10]

overall totalpktcnt: 54142, throughput (MOPS): 0.051634

[sec 11]

overall totalpktcnt: 71611, throughput (MOPS): 0.068294

[sec 12]

overall totalpktcnt: 76286, throughput (MOPS): 0.072752

[sec 13]

overall totalpktcnt: 77230, throughput (MOPS): 0.073652

[sec 14]

overall totalpktcnt: 74388, throughput (MOPS): 0.070942

[sec 15]

overall totalpktcnt: 74947, throughput (MOPS): 0.071475

[sec 16]

overall totalpktcnt: 75666, throughput (MOPS): 0.072161

[sec 17]

overall totalpktcnt: 74857, throughput (MOPS): 0.071389

[sec 18]

overall totalpktcnt: 75058, throughput (MOPS): 0.071581

[sec 19]

overall totalpktcnt: 72757, throughput (MOPS): 0.069386

[sec 20]

overall totalpktcnt: 73681, throughput (MOPS): 0.070268

[sec 21]

overall totalpktcnt: 74354, throughput (MOPS): 0.070910

[sec 22]

overall totalpktcnt: 75001, throughput (MOPS): 0.071527

[sec 23]

overall totalpktcnt: 76537, throughput (MOPS): 0.072991

[sec 24]

overall totalpktcnt: 75359, throughput (MOPS): 0.071868

[sec 25]

overall totalpktcnt: 74057, throughput (MOPS): 0.070626

[sec 26]

overall totalpktcnt: 74670, throughput (MOPS): 0.071211

[sec 27]

overall totalpktcnt: 74236, throughput (MOPS): 0.070797

[sec 28]

overall totalpktcnt: 74203, throughput (MOPS): 0.070765

[sec 29]

overall totalpktcnt: 70220, throughput (MOPS): 0.066967

[sec 30]

overall totalpktcnt: 63881, throughput (MOPS): 0.060922

[sec 31]

overall totalpktcnt: 50244, throughput (MOPS): 0.047916

[sec 32]

overall totalpktcnt: 49880, throughput (MOPS): 0.047569

[sec 33]

overall totalpktcnt: 50011, throughput (MOPS): 0.047694

[sec 34]

overall totalpktcnt: 51554, throughput (MOPS): 0.049166

[sec 35]

overall totalpktcnt: 51883, throughput (MOPS): 0.049479

[sec 36]

overall totalpktcnt: 49567, throughput (MOPS): 0.047271

[sec 37]

overall totalpktcnt: 49196, throughput (MOPS): 0.046917

[sec 38]

overall totalpktcnt: 50178, throughput (MOPS): 0.047853

[sec 39]

overall totalpktcnt: 51082, throughput (MOPS): 0.048716

[sec 40]

overall totalpktcnt: 49291, throughput (MOPS): 0.047008

[sec 41]

overall totalpktcnt: 49243, throughput (MOPS): 0.046962

[sec 42]

overall totalpktcnt: 61687, throughput (MOPS): 0.058829

[sec 43]

overall totalpktcnt: 69933, throughput (MOPS): 0.066693

[sec 44]

overall totalpktcnt: 71167, throughput (MOPS): 0.067870

[sec 45]

overall totalpktcnt: 68606, throughput (MOPS): 0.065428

[sec 46]

overall totalpktcnt: 69583, throughput (MOPS): 0.066360

[sec 47]

overall totalpktcnt: 72692, throughput (MOPS): 0.069324

[sec 48]

overall totalpktcnt: 69401, throughput (MOPS): 0.066186

[sec 49]

overall totalpktcnt: 69902, throughput (MOPS): 0.066664

[sec 50]

overall totalpktcnt: 65613, throughput (MOPS): 0.062573

[sec 51]

overall totalpktcnt: 69987, throughput (MOPS): 0.066745

[sec 52]

overall totalpktcnt: 69774, throughput (MOPS): 0.066542

[sec 53]

overall totalpktcnt: 70136, throughput (MOPS): 0.066887

[sec 54]

overall totalpktcnt: 69673, throughput (MOPS): 0.066445

[sec 55]

overall totalpktcnt: 66956, throughput (MOPS): 0.063854

[sec 56]

overall totalpktcnt: 64246, throughput (MOPS): 0.061270

[sec 57]

overall totalpktcnt: 65088, throughput (MOPS): 0.062073

[sec 58]

overall totalpktcnt: 53449, throughput (MOPS): 0.050973

[sec 59]

overall totalpktcnt: 49575, throughput (MOPS): 0.047278

[sec 60]

overall totalpktcnt: 46664, throughput (MOPS): 0.044502

[sec 61]

overall totalpktcnt: 47822, throughput (MOPS): 0.045607

[sec 62]

overall totalpktcnt: 48467, throughput (MOPS): 0.046222

[sec 63]

overall totalpktcnt: 46426, throughput (MOPS): 0.044275

[sec 64]

overall totalpktcnt: 45903, throughput (MOPS): 0.043777

[sec 65]

overall totalpktcnt: 46819, throughput (MOPS): 0.044650

[sec 66]

overall totalpktcnt: 46007, throughput (MOPS): 0.043876

[sec 67]

overall totalpktcnt: 48205, throughput (MOPS): 0.045972

[sec 68]

overall totalpktcnt: 47991, throughput (MOPS): 0.045768

[sec 69]

overall totalpktcnt: 47506, throughput (MOPS): 0.045305

[Latency Statistics of total_latency_list ]
| min | max | avg | 90th | 99th | largest | median | sum |
| 13.036 | 39129.7 | 1039.97 | 2811.04 | 3214.98 | 39129.7 | 508.555 | 4.47977e+09 |
[Latency Statistics of perclient_avgsend_latency_list ]
| min | max | avg | 90th | 99th | largest | median | sum |
| 4.84812 | 5.17007 | 4.97931 | 5.07825 | 5.17007 | 5.17007 | 4.98119 | 318.676 |
[Latency Statistics of perclient_avgwait_latency_list ]
| min | max | avg | 90th | 99th | largest | median | sum |
| 1.20345 | 1.45017 | 1.29912 | 1.35764 | 1.45017 | 1.45017 | 1.2926 | 83.1439 |
total_unmatched_cnt: 0
total_timeout_cnt: 0
client-side total pktcnt: 4307584, total time: 70.037146 s, total thpt: 0.058655 MOPS
cache hit pktcnt: 706253
per-server pktcnt: 1790723 1810608

per-sec total throughput:
53329 54051 54655 55003 55636 56419 56370 55520 55854 56194 54142 71607 76290 77231 74385 74946 75667 74860 75056 72759 73682 74352 75000 76539 75357 74059 74669 74234 74202 70223 63882 50241 49882 50013 51552 51884 49566 49194 50180 51083 49289 49245 61687 69932 71166 68609 69581 72691 69403 69901 65614 69987 69774 70132 69674 66958 64246 65087 53451 49574 46666 47821 48466 46427 45903 46818 46008 48205 47991 47504

per-sec per-server throughput:
20302 21168
20470 21688
20886 21801
20913 22066
21044 22457
21409 22512
21337 22669
21105 22287
21172 22430
21380 22675
23108 23621
30448 30343
32149 32332
32803 32257
31908 30647
31872 31363
31792 32001
31920 31182
31949 30950
30700 30202
32124 31547
31859 30994
31969 31131
32576 31674
32026 31290
31644 30604
31543 31019
31534 30674
31529 30739
29363 29817
27179 27819
20906 21502
20574 21376
20436 21731
21234 22027
21454 22246
20249 21451
20231 21296
20667 21587
21023 21942
21184 21421
20497 21305
25964 26280
29564 29546
30081 29825
28559 29502
29332 29079
30614 30717
28409 29871
28998 29657
28322 28459
29651 29685
29655 29346
29392 29810
29669 29052
28506 27905
27086 27144
27959 26829
22213 22379
20277 21229
19969 20280
19701 20624
20198 20738
19144 20027
19081 19558
19327 20050
19017 19606
19879 20595
19832 20708
19856 20262
Finish dumping statistics!
