workload_name: synthetic
workload_mode: 1
dynamic_periodnum: 7
dynamic_periodinterval: 10
dynamic_ruleprefix: dynamicrules/synthetic-hotin.out
val_t::MAX_VALLEN: 128
ParserIterator::load_batch_size: 10000
client_physical_num: 2
server_physical_num: 2
client_total_logical_num: 128
server_total_logical_num: 2
server_total_logical_num_for_rotation: 128
max_server_total_logical_num: 2

client_rotationdataserver_port: 1025
client_sendpktserver_port_start: 1026
client_rulemapserver_port_start: 1036
client_worker_port_start: 8888

client_logical_nums[0]: 64
client_ips[0]: 10.0.1.11
client_macs[0]: 3c:fd:fe:bb:ca:79
client_fpports[0]: 11/0
client_pipeidxes[0]: 0
client_logical_nums[1]: 64
client_ips[1]: 10.0.1.15
client_macs[1]: 3c:fd:fe:b5:28:59
client_fpports[1]: 1/0
client_pipeidxes[1]: 1

server_load_factor: 5
server_worker_port_start: 1152
server_evictserver_port_start: 2222
server_popserver_port_start: 3333
server_valueupdateserver_port_start: 4224
transaction_loadfinishserver_port: 8000

server_worker_corenums[0]: 16
server_total_corenums[0]: 24
server_logical_idxes_list[0]: 0 
server_ips[0]: 10.0.1.16
server_macs[0]: 3c:fd:fe:b5:1f:e1
server_fpports[0]: 16/0
server_pipeidxes[0]: 0
server_ip_for_controller_list[0]: 172.16.112.16
server_worker_corenums[1]: 16
server_total_corenums[1]: 48
server_logical_idxes_list[1]: 1 
server_ips[1]: 10.0.1.13
server_macs[1]: 3c:fd:fe:bb:c9:c8
server_fpports[1]: 13/0
server_pipeidxes[1]: 0
server_ip_for_controller_list[1]: 172.16.112.13

controller ip for server: 172.16.112.16
controller ip for switchos: 172.16.112.16
controller_popserver_port_start: 5555
controller_evictserver_port: 5002
controller_snapshot_period: 10000
controller_warmupfinishserver_port: 5010

switch_partition_count: 32768
switch_kv_bucket_num: 10000
switch_pipeline_num: 2
val_t::SWITCH_MAX_VALLEN: 128
switchos_popserver_port: 5003
switchos ip: 172.16.112.17
switchos_sample_cnt: 10
switchos_snapshotserver_port: 5004
switchos_specialcaseserver_port: 5005
switchos_ptf_popserver_port: 5006
switchos_ptf_snapshotserver_port: 5007

reflector ip for switchos: 172.16.112.16
reflector_dp2cpserver_port: 5008
reflector_cp2dpserver_port: 5009

raw_load_workload_filename for loading phase: synthetic-load.out
server_load_workload_dir for loading phase: synthetic-load-2
raw_warmup_workload_filename for warmup phase: synthetic-warmup.out
raw_run_workload_filename for transaction phase: synthetic-run.out
client_workload_dir for transaction phase: synthetic-run-128
perserver_keyrange: 32768

[client.sendpktserver] ready
[client] prepare clients ...
[client.rulemapserver] ready
[client 10] Ready.
[client 11] Ready.
[client 13] Ready.
[client 31] Ready.
[client 26] Ready.
[client 2] Ready.
[client 16] Ready.
[client 7] Ready.
[client 36] Ready.
[client 3] Ready.
[client 38] Ready.
[client 9] Ready.
[client 8] Ready.
[client 27] Ready.
[client 32] Ready.
[client 20] Ready.
[client 23] Ready.
[client 49] Ready.
[client 34] Ready.
[client 6] Ready.
[client 47] Ready.
[client 46] Ready.
[client 5] Ready.
[client 61] Ready.
[client 22] Ready.
[client 29] Ready.
[client 21] Ready.
[client 18] Ready.
[client 17] Ready.
[client 1] Ready.
[client 30] Ready.
[client 0] Ready.
[client 43] Ready.
[client 55] Ready.
[client 37] Ready.
[client 15] Ready.
[client 58] Ready.
[client 35] Ready.
[client 19] Ready.
[client 14] Ready.
[client 12] Ready.
[client 28] Ready.
[client 39] Ready.
[client 42] Ready.
[client 4] Ready.
[client 50] Ready.
[client 52] Ready.
[client 25] Ready.
[client 33] Ready.
[client 45] Ready.
[client 48] Ready.
[client 41] Ready.
[client 24] Ready.
[client 40] Ready.
[client 57] Ready.
[client 53] Ready.
[client 54] Ready.
[client 44] Ready.
[client 60] Ready.
[client 56] Ready.
[client 59] Ready.
[client 51] Ready.
[client 63] Ready.
[client 62] Ready.
[client] all clients ready...
wait to be able to send pkt if necessary
start to send pkt
switch dynamic rulemap from period 0 to 1
switch dynamic rulemap from period 1 to 2
switch dynamic rulemap from period 2 to 3
switch dynamic rulemap from period 3 to 4
switch dynamic rulemap from period 4 to 5
switch dynamic rulemap from period 5 to 6
[client] all clients finish!
[client] processing statistics

thpt interval: 1 s, seccnt: 70

[sec 0]

overall totalpktcnt: 64235, throughput (MOPS): 0.061259

[sec 1]

overall totalpktcnt: 63120, throughput (MOPS): 0.060196

[sec 2]

overall totalpktcnt: 62542, throughput (MOPS): 0.059645

[sec 3]

overall totalpktcnt: 62466, throughput (MOPS): 0.059572

[sec 4]

overall totalpktcnt: 61210, throughput (MOPS): 0.058374

[sec 5]

overall totalpktcnt: 60873, throughput (MOPS): 0.058053

[sec 6]

overall totalpktcnt: 65240, throughput (MOPS): 0.062218

[sec 7]

overall totalpktcnt: 64058, throughput (MOPS): 0.061090

[sec 8]

overall totalpktcnt: 63402, throughput (MOPS): 0.060465

[sec 9]

overall totalpktcnt: 62417, throughput (MOPS): 0.059525

[sec 10]

overall totalpktcnt: 64744, throughput (MOPS): 0.061745

[sec 11]

overall totalpktcnt: 67307, throughput (MOPS): 0.064189

[sec 12]

overall totalpktcnt: 69679, throughput (MOPS): 0.066451

[sec 13]

overall totalpktcnt: 67821, throughput (MOPS): 0.064679

[sec 14]

overall totalpktcnt: 66351, throughput (MOPS): 0.063277

[sec 15]

overall totalpktcnt: 66438, throughput (MOPS): 0.063360

[sec 16]

overall totalpktcnt: 66949, throughput (MOPS): 0.063848

[sec 17]

overall totalpktcnt: 68714, throughput (MOPS): 0.065531

[sec 18]

overall totalpktcnt: 68347, throughput (MOPS): 0.065181

[sec 19]

overall totalpktcnt: 66743, throughput (MOPS): 0.063651

[sec 20]

overall totalpktcnt: 66494, throughput (MOPS): 0.063414

[sec 21]

overall totalpktcnt: 66426, throughput (MOPS): 0.063349

[sec 22]

overall totalpktcnt: 65510, throughput (MOPS): 0.062475

[sec 23]

overall totalpktcnt: 68952, throughput (MOPS): 0.065758

[sec 24]

overall totalpktcnt: 66658, throughput (MOPS): 0.063570

[sec 25]

overall totalpktcnt: 67078, throughput (MOPS): 0.063971

[sec 26]

overall totalpktcnt: 67078, throughput (MOPS): 0.063971

[sec 27]

overall totalpktcnt: 66583, throughput (MOPS): 0.063498

[sec 28]

overall totalpktcnt: 66921, throughput (MOPS): 0.063821

[sec 29]

overall totalpktcnt: 67704, throughput (MOPS): 0.064568

[sec 30]

overall totalpktcnt: 67514, throughput (MOPS): 0.064386

[sec 31]

overall totalpktcnt: 66999, throughput (MOPS): 0.063895

[sec 32]

overall totalpktcnt: 66412, throughput (MOPS): 0.063335

[sec 33]

overall totalpktcnt: 66298, throughput (MOPS): 0.063227

[sec 34]

overall totalpktcnt: 66428, throughput (MOPS): 0.063351

[sec 35]

overall totalpktcnt: 67521, throughput (MOPS): 0.064393

[sec 36]

overall totalpktcnt: 66926, throughput (MOPS): 0.063826

[sec 37]

overall totalpktcnt: 66209, throughput (MOPS): 0.063142

[sec 38]

overall totalpktcnt: 65945, throughput (MOPS): 0.062890

[sec 39]

overall totalpktcnt: 65441, throughput (MOPS): 0.062409

[sec 40]

overall totalpktcnt: 69385, throughput (MOPS): 0.066171

[sec 41]

overall totalpktcnt: 66808, throughput (MOPS): 0.063713

[sec 42]

overall totalpktcnt: 66757, throughput (MOPS): 0.063664

[sec 43]

overall totalpktcnt: 66812, throughput (MOPS): 0.063717

[sec 44]

overall totalpktcnt: 65937, throughput (MOPS): 0.062882

[sec 45]

overall totalpktcnt: 67126, throughput (MOPS): 0.064016

[sec 46]

overall totalpktcnt: 69562, throughput (MOPS): 0.066339

[sec 47]

overall totalpktcnt: 67671, throughput (MOPS): 0.064536

[sec 48]

overall totalpktcnt: 66810, throughput (MOPS): 0.063715

[sec 49]

overall totalpktcnt: 67031, throughput (MOPS): 0.063926

[sec 50]

overall totalpktcnt: 66511, throughput (MOPS): 0.063430

[sec 51]

overall totalpktcnt: 67896, throughput (MOPS): 0.064751

[sec 52]

overall totalpktcnt: 68054, throughput (MOPS): 0.064901

[sec 53]

overall totalpktcnt: 67282, throughput (MOPS): 0.064165

[sec 54]

overall totalpktcnt: 66632, throughput (MOPS): 0.063545

[sec 55]

overall totalpktcnt: 65279, throughput (MOPS): 0.062255

[sec 56]

overall totalpktcnt: 64593, throughput (MOPS): 0.061601

[sec 57]

overall totalpktcnt: 69924, throughput (MOPS): 0.066685

[sec 58]

overall totalpktcnt: 67807, throughput (MOPS): 0.064666

[sec 59]

overall totalpktcnt: 67436, throughput (MOPS): 0.064312

[sec 60]

overall totalpktcnt: 66032, throughput (MOPS): 0.062973

[sec 61]

overall totalpktcnt: 64453, throughput (MOPS): 0.061467

[sec 62]

overall totalpktcnt: 67075, throughput (MOPS): 0.063968

[sec 63]

overall totalpktcnt: 68252, throughput (MOPS): 0.065090

[sec 64]

overall totalpktcnt: 67365, throughput (MOPS): 0.064244

[sec 65]

overall totalpktcnt: 66840, throughput (MOPS): 0.063744

[sec 66]

overall totalpktcnt: 64957, throughput (MOPS): 0.061948

[sec 67]

overall totalpktcnt: 65777, throughput (MOPS): 0.062730

[sec 68]

overall totalpktcnt: 68346, throughput (MOPS): 0.065180

[sec 69]

overall totalpktcnt: 68585, throughput (MOPS): 0.065408

[Latency Statistics of total_latency_list ]
| min | max | avg | 90th | 99th | largest | median | sum |
| 31.768 | 25035.8 | 963.577 | 1888.56 | 2032.52 | 25035.8 | 851.375 | 4.48136e+09 |
[Latency Statistics of perclient_avgsend_latency_list ]
| min | max | avg | 90th | 99th | largest | median | sum |
| 4.82429 | 5.21373 | 5.04267 | 5.15153 | 5.21373 | 5.21373 | 5.03582 | 322.731 |
[Latency Statistics of perclient_avgwait_latency_list ]
| min | max | avg | 90th | 99th | largest | median | sum |
| 0.752155 | 1.113 | 0.865815 | 0.964464 | 1.113 | 1.113 | 0.847544 | 55.4122 |
total_unmatched_cnt: 0
total_timeout_cnt: 0
client-side total pktcnt: 4650749, total time: 70.041318 s, total thpt: 0.063324 MOPS
cache hit pktcnt: 0
per-server pktcnt: 2324537 2326212

per-sec total throughput:
64232 63122 62543 62464 61212 60871 65239 64060 63403 62417 64743 67307 69678 67821 66353 66437 66949 68715 68347 66743 66492 66427 65508 68954 66659 67075 67079 66584 66914 67709 67516 66999 66412 66298 66427 67520 66927 66209 65946 65438 69388 66809 66756 66811 65938 67123 69564 67671 66812 67029 66511 67897 68052 67284 66632 65279 64593 69923 67807 67426 66041 64455 67076 68248 67367 66841 64955 65778 68345 68585

per-sec per-server throughput:
32194 32038
31532 31590
31270 31273
31021 31443
30645 30567
30325 30546
32543 32696
31943 32117
31729 31674
31098 31319
32678 32065
33312 33995
34833 34845
34044 33777
33359 32994
33375 33062
33373 33576
34193 34522
34253 34094
33223 33520
33485 33007
33170 33257
32914 32594
34563 34391
33422 33237
33747 33328
33538 33541
33243 33341
33507 33407
33854 33855
33713 33803
33429 33570
33242 33170
32933 33365
33389 33038
33630 33890
33308 33619
33150 33059
32999 32947
32728 32710
34587 34801
33342 33467
33370 33386
33141 33670
33008 32930
33403 33720
34480 35084
33740 33931
33280 33532
33379 33650
33226 33285
33847 34050
34133 33919
33762 33522
33315 33317
32718 32561
32107 32486
34841 35082
34094 33713
33746 33680
33189 32852
32149 32306
33689 33387
34133 34115
33672 33695
33366 33475
32442 32513
32915 32863
34263 34082
34290 34295
Finish dumping statistics!
