workload_name: synthetic
workload_mode: 1
dynamic_periodnum: 7
dynamic_periodinterval: 10
dynamic_ruleprefix: dynamicrules/synthetic-hotin.out
val_t::MAX_VALLEN: 128
ParserIterator::load_batch_size: 10000
client_physical_num: 2
server_physical_num: 2
client_total_logical_num: 128
server_total_logical_num: 2
server_total_logical_num_for_rotation: 128
max_server_total_logical_num: 2

client_rotationdataserver_port: 1025
client_sendpktserver_port_start: 1026
client_rulemapserver_port_start: 1036
client_worker_port_start: 8888

client_logical_nums[0]: 64
client_ips[0]: 10.0.1.11
client_macs[0]: 3c:fd:fe:bb:ca:79
client_fpports[0]: 11/0
client_pipeidxes[0]: 0
client_logical_nums[1]: 64
client_ips[1]: 10.0.1.15
client_macs[1]: 3c:fd:fe:b5:28:59
client_fpports[1]: 1/0
client_pipeidxes[1]: 1

server_load_factor: 5
server_worker_port_start: 1152
server_evictserver_port_start: 2222
server_popserver_port_start: 3333
server_valueupdateserver_port_start: 4224
transaction_loadfinishserver_port: 8000

server_worker_corenums[0]: 16
server_total_corenums[0]: 24
server_logical_idxes_list[0]: 0 
server_ips[0]: 10.0.1.16
server_macs[0]: 3c:fd:fe:b5:1f:e1
server_fpports[0]: 16/0
server_pipeidxes[0]: 0
server_ip_for_controller_list[0]: 172.16.112.16
server_worker_corenums[1]: 16
server_total_corenums[1]: 48
server_logical_idxes_list[1]: 1 
server_ips[1]: 10.0.1.13
server_macs[1]: 3c:fd:fe:bb:c9:c8
server_fpports[1]: 13/0
server_pipeidxes[1]: 0
server_ip_for_controller_list[1]: 172.16.112.13

controller ip for server: 172.16.112.16
controller ip for switchos: 172.16.112.16
controller_popserver_port_start: 5555
controller_evictserver_port: 5002
controller_snapshot_period: 10000
controller_warmupfinishserver_port: 5010

switch_partition_count: 32768
switch_kv_bucket_num: 10000
switch_pipeline_num: 2
val_t::SWITCH_MAX_VALLEN: 128
switchos_popserver_port: 5003
switchos ip: 172.16.112.17
switchos_sample_cnt: 10
switchos_snapshotserver_port: 5004
switchos_specialcaseserver_port: 5005
switchos_ptf_popserver_port: 5006
switchos_ptf_snapshotserver_port: 5007

reflector ip for switchos: 172.16.112.16
reflector_dp2cpserver_port: 5008
reflector_cp2dpserver_port: 5009

raw_load_workload_filename for loading phase: synthetic-load.out
server_load_workload_dir for loading phase: synthetic-load-2
raw_warmup_workload_filename for warmup phase: synthetic-warmup.out
raw_run_workload_filename for transaction phase: synthetic-run.out
client_workload_dir for transaction phase: synthetic-run-128
perserver_keyrange: 32768

[client] prepare clients ...
[client 17] Ready.
[client 13] Ready.
[client 5] Ready.
[client 12] Ready.
[client 10] Ready.
[client 21] Ready.
[client 22] Ready.
[client 41] Ready.
[client 0] Ready.
[client 3] Ready.
[client 39] Ready.
[client 29] Ready.
[client 37] Ready.
[client 24] Ready.
[client 56] Ready.
[client 55] Ready.
[client 1] Ready.
[client 51] Ready.
[client 6] Ready.
[client 4] Ready.
[client 31] Ready.
[client 30] Ready.
[client 49] Ready.
[client 20] Ready.
[client 52] Ready.
[client 16] Ready.
[client 28] Ready.
[client 54] Ready.
[client 19] Ready.
[client 34] Ready.
[client 48] Ready.
[client 32] Ready.
[client 7] Ready.
[client 33] Ready.
[client 23] Ready.
[client 26] Ready.
[client 42] Ready.
[client 35] Ready.
[client 50] Ready.
[client 9] Ready.
[client 8] Ready.
[client 44] Ready.
[client 61] Ready.
[client 15] Ready.
[client 11] Ready.
[client 58] Ready.
[client 36] Ready.
[client 38] Ready.
[client 2] Ready.
[client 14] Ready.
[client 18] Ready.
[client 63] Ready.
[client 43] Ready.
[client 25] Ready.
[client 47] Ready.
[client 27] Ready.
[client 46] Ready.
[client 40] Ready.
[client 45] Ready.
[client 59] Ready.
[client 53] Ready.
[client 57] Ready.
[client 60] Ready.
[client 62] Ready.
[client] all clients ready...
start to send pkt
switch dynamic rulemap from period 0 to 1
switch dynamic rulemap from period 1 to 2
switch dynamic rulemap from period 2 to 3
switch dynamic rulemap from period 3 to 4
switch dynamic rulemap from period 4 to 5
switch dynamic rulemap from period 5 to 6
[client] all clients finish!
[client] processing statistics

thpt interval: 1 s, seccnt: 70

[sec 0]

overall totalpktcnt: 52863, throughput (MOPS): 0.050414

[sec 1]

overall totalpktcnt: 53596, throughput (MOPS): 0.051113

[sec 2]

overall totalpktcnt: 54521, throughput (MOPS): 0.051995

[sec 3]

overall totalpktcnt: 54812, throughput (MOPS): 0.052273

[sec 4]

overall totalpktcnt: 55821, throughput (MOPS): 0.053235

[sec 5]

overall totalpktcnt: 56011, throughput (MOPS): 0.053416

[sec 6]

overall totalpktcnt: 56703, throughput (MOPS): 0.054076

[sec 7]

overall totalpktcnt: 55119, throughput (MOPS): 0.052566

[sec 8]

overall totalpktcnt: 55634, throughput (MOPS): 0.053057

[sec 9]

overall totalpktcnt: 56348, throughput (MOPS): 0.053738

[sec 10]

overall totalpktcnt: 54173, throughput (MOPS): 0.051663

[sec 11]

overall totalpktcnt: 71584, throughput (MOPS): 0.068268

[sec 12]

overall totalpktcnt: 76228, throughput (MOPS): 0.072697

[sec 13]

overall totalpktcnt: 77361, throughput (MOPS): 0.073777

[sec 14]

overall totalpktcnt: 74779, throughput (MOPS): 0.071315

[sec 15]

overall totalpktcnt: 74882, throughput (MOPS): 0.071413

[sec 16]

overall totalpktcnt: 75547, throughput (MOPS): 0.072047

[sec 17]

overall totalpktcnt: 75362, throughput (MOPS): 0.071871

[sec 18]

overall totalpktcnt: 75089, throughput (MOPS): 0.071610

[sec 19]

overall totalpktcnt: 72693, throughput (MOPS): 0.069325

[sec 20]

overall totalpktcnt: 73433, throughput (MOPS): 0.070031

[sec 21]

overall totalpktcnt: 74460, throughput (MOPS): 0.071011

[sec 22]

overall totalpktcnt: 75411, throughput (MOPS): 0.071918

[sec 23]

overall totalpktcnt: 76383, throughput (MOPS): 0.072845

[sec 24]

overall totalpktcnt: 75104, throughput (MOPS): 0.071625

[sec 25]

overall totalpktcnt: 74336, throughput (MOPS): 0.070892

[sec 26]

overall totalpktcnt: 74571, throughput (MOPS): 0.071116

[sec 27]

overall totalpktcnt: 73900, throughput (MOPS): 0.070477

[sec 28]

overall totalpktcnt: 73361, throughput (MOPS): 0.069963

[sec 29]

overall totalpktcnt: 70119, throughput (MOPS): 0.066871

[sec 30]

overall totalpktcnt: 63342, throughput (MOPS): 0.060408

[sec 31]

overall totalpktcnt: 50327, throughput (MOPS): 0.047996

[sec 32]

overall totalpktcnt: 50294, throughput (MOPS): 0.047964

[sec 33]

overall totalpktcnt: 50546, throughput (MOPS): 0.048204

[sec 34]

overall totalpktcnt: 51378, throughput (MOPS): 0.048998

[sec 35]

overall totalpktcnt: 51138, throughput (MOPS): 0.048769

[sec 36]

overall totalpktcnt: 49862, throughput (MOPS): 0.047552

[sec 37]

overall totalpktcnt: 49037, throughput (MOPS): 0.046765

[sec 38]

overall totalpktcnt: 50075, throughput (MOPS): 0.047755

[sec 39]

overall totalpktcnt: 51009, throughput (MOPS): 0.048646

[sec 40]

overall totalpktcnt: 48750, throughput (MOPS): 0.046492

[sec 41]

overall totalpktcnt: 49501, throughput (MOPS): 0.047208

[sec 42]

overall totalpktcnt: 61746, throughput (MOPS): 0.058886

[sec 43]

overall totalpktcnt: 69605, throughput (MOPS): 0.066381

[sec 44]

overall totalpktcnt: 71216, throughput (MOPS): 0.067917

[sec 45]

overall totalpktcnt: 68793, throughput (MOPS): 0.065606

[sec 46]

overall totalpktcnt: 69758, throughput (MOPS): 0.066526

[sec 47]

overall totalpktcnt: 72502, throughput (MOPS): 0.069143

[sec 48]

overall totalpktcnt: 69962, throughput (MOPS): 0.066721

[sec 49]

overall totalpktcnt: 70011, throughput (MOPS): 0.066768

[sec 50]

overall totalpktcnt: 65825, throughput (MOPS): 0.062776

[sec 51]

overall totalpktcnt: 69938, throughput (MOPS): 0.066698

[sec 52]

overall totalpktcnt: 69793, throughput (MOPS): 0.066560

[sec 53]

overall totalpktcnt: 69800, throughput (MOPS): 0.066566

[sec 54]

overall totalpktcnt: 69706, throughput (MOPS): 0.066477

[sec 55]

overall totalpktcnt: 67183, throughput (MOPS): 0.064071

[sec 56]

overall totalpktcnt: 64622, throughput (MOPS): 0.061628

[sec 57]

overall totalpktcnt: 65920, throughput (MOPS): 0.062866

[sec 58]

overall totalpktcnt: 53658, throughput (MOPS): 0.051172

[sec 59]

overall totalpktcnt: 50190, throughput (MOPS): 0.047865

[sec 60]

overall totalpktcnt: 46534, throughput (MOPS): 0.044378

[sec 61]

overall totalpktcnt: 47841, throughput (MOPS): 0.045625

[sec 62]

overall totalpktcnt: 47697, throughput (MOPS): 0.045487

[sec 63]

overall totalpktcnt: 46269, throughput (MOPS): 0.044126

[sec 64]

overall totalpktcnt: 45720, throughput (MOPS): 0.043602

[sec 65]

overall totalpktcnt: 46753, throughput (MOPS): 0.044587

[sec 66]

overall totalpktcnt: 45739, throughput (MOPS): 0.043620

[sec 67]

overall totalpktcnt: 47791, throughput (MOPS): 0.045577

[sec 68]

overall totalpktcnt: 47973, throughput (MOPS): 0.045751

[sec 69]

overall totalpktcnt: 47585, throughput (MOPS): 0.045381

[Latency Statistics of total_latency_list ]
| min | max | avg | 90th | 99th | largest | median | sum |
| 11.603 | 39131.3 | 1040.54 | 2810.57 | 3214.13 | 39131.3 | 508.517 | 4.48015e+09 |
[Latency Statistics of perclient_avgsend_latency_list ]
| min | max | avg | 90th | 99th | largest | median | sum |
| 4.06369 | 4.4049 | 4.21953 | 4.28577 | 4.4049 | 4.4049 | 4.22616 | 270.05 |
[Latency Statistics of perclient_avgwait_latency_list ]
| min | max | avg | 90th | 99th | largest | median | sum |
| 1.0559 | 1.3461 | 1.14666 | 1.23084 | 1.3461 | 1.3461 | 1.13146 | 73.3864 |
total_unmatched_cnt: 0
total_timeout_cnt: 0
client-side total pktcnt: 4305597, total time: 70.032879 s, total thpt: 0.058632 MOPS
cache hit pktcnt: 705210
per-server pktcnt: 1788622 1811765

per-sec total throughput:
52859 53598 54522 54810 55822 56013 56702 55119 55634 56347 54174 71581 76230 77361 74780 74881 75545 75363 75090 72695 73432 74460 75409 76384 75105 74336 74570 73901 73360 70121 63342 50326 50294 50545 51377 51141 49862 49034 50077 51008 48751 49501 61743 69606 71218 68793 69757 72503 69959 70013 65825 69936 69794 69801 69706 67185 64621 65920 53657 50191 46534 47841 47696 46268 45723 46753 45737 47793 47972 47586

per-sec per-server throughput:
19963 21189
20243 21691
20644 21808
20836 22047
20945 22412
21211 22499
21664 22620
20552 22249
21017 22424
21406 22650
23203 23565
30464 30327
32068 32378
32851 32369
31779 31114
31790 31311
31772 31986
32094 31133
31868 31193
30725 30348
31956 31585
31849 31046
31813 31574
32614 31490
31893 31328
31578 30777
31572 31027
31567 30394
31461 30133
29155 29752
26825 27789
21041 21484
20865 21397
20825 21684
21261 22021
20919 22225
20494 21409
20116 21251
20503 21541
20985 21916
20781 21404
20704 21279
26128 26246
29245 29637
30153 30037
28808 29221
29262 29543
30688 30537
28890 29782
29005 29733
28545 28470
29684 29727
29842 29272
29424 29618
29572 29227
28435 28157
27370 27053
28009 27215
22404 22494
20658 21238
19968 20297
19777 20657
19577 20789
19055 20054
18882 19577
19345 20094
18886 19634
19671 20638
19598 20723
19868 20274
Finish dumping statistics!
