11798356
120688 138808 151135 162352 168745 171165 172961 174038 175678 176685 149432 160406 155387 159673 163266 154788 159344 163671 162499 166220 149182 161802 164847 165867 166559 167966 166150 166885 167191 161839 145728 163595 165561 157942 164707 165093 166526 158087 164491 166737 137759 158440 162547 163161 165871 165853 165698 166374 165768 166344 146476 162016 167359 177171 178793 191769 193546 195511 195770 195778 171185 189545 193617 193201 194586 195300 196268 196210 191086 191648
30511 30706
35334 35462
38419 38523
41207 41320
43153 42800
43518 43658
44080 43947
44221 44492
44681 44834
44929 44954
45555 45560
45390 44778
42787 43433
44339 43926
45197 44983
42676 42612
43918 43923
45127 45218
44835 44744
45706 45410
45834 46144
45594 45285
45446 45890
45582 45778
45541 46014
45580 45950
45663 45655
45765 45648
45774 45816
44327 44284
45837 45142
45582 46013
45648 45824
43840 43426
45373 45570
45722 45278
45723 45823
43282 43318
44803 45247
45572 45583
43415 43424
44553 44851
45556 45459
45697 45247
45628 46243
45918 45783
45644 45666
45729 45751
45679 45446
45678 45464
45876 46125
45652 45758
46695 46565
48807 49069
49250 49270
52449 52375
52655 53198
53197 53449
53198 53249
53155 52918
52441 52878
52975 53090
53079 53236
52754 53338
53130 53370
53144 53580
52897 53630
53349 53465
51653 51943
52025 52189
