4650359
64783 63403 62684 62318 62009 60186 65623 63982 63370 62633 64771 66915 69770 68026 66857 66862 66362 68377 68658 66589 66976 66516 65814 68938 66363 67539 66961 66292 66584 67418 67879 66988 65962 65648 66984 67182 66684 66315 66090 65722 69148 66765 66945 66569 66074 67089 69049 67628 67058 67033 66129 67620 68064 67333 66464 65432 63858 69559 67820 67334 66540 64323 67404 68428 67065 67048 64815 65891 68297 68536
32159 32624
31497 31906
31257 31427
30980 31338
30700 31309
30246 29940
32493 33130
31866 32116
31708 31662
31169 31464
32484 32287
33276 33639
34750 35020
34014 34012
33432 33425
33186 33676
33398 32964
34180 34197
34194 34464
33249 33340
33387 33589
33170 33346
32890 32924
34490 34448
33420 32943
33720 33819
33489 33472
33248 33044
33530 33054
33836 33582
33700 34179
33381 33607
33252 32710
32915 32733
33351 33633
33595 33587
33262 33422
33102 33213
32959 33131
32658 33064
34537 34611
33307 33458
33351 33594
33095 33474
32980 33094
33395 33694
34476 34573
33690 33938
33279 33779
33359 33674
33254 32875
33800 33820
34097 33967
33717 33616
33307 33157
32631 32801
32097 31761
34832 34727
34064 33756
33671 33663
33130 33410
32183 32140
33644 33760
34149 34279
33653 33412
33270 33778
32416 32399
32894 32997
34222 34075
34311 34225
