4305597
52859 53598 54522 54810 55822 56013 56702 55119 55634 56347 54174 71581 76230 77361 74780 74881 75545 75363 75090 72695 73432 74460 75409 76384 75105 74336 74570 73901 73360 70121 63342 50326 50294 50545 51377 51141 49862 49034 50077 51008 48751 49501 61743 69606 71218 68793 69757 72503 69959 70013 65825 69936 69794 69801 69706 67185 64621 65920 53657 50191 46534 47841 47696 46268 45723 46753 45737 47793 47972 47586
19963 21189
20243 21691
20644 21808
20836 22047
20945 22412
21211 22499
21664 22620
20552 22249
21017 22424
21406 22650
23203 23565
30464 30327
32068 32378
32851 32369
31779 31114
31790 31311
31772 31986
32094 31133
31868 31193
30725 30348
31956 31585
31849 31046
31813 31574
32614 31490
31893 31328
31578 30777
31572 31027
31567 30394
31461 30133
29155 29752
26825 27789
21041 21484
20865 21397
20825 21684
21261 22021
20919 22225
20494 21409
20116 21251
20503 21541
20985 21916
20781 21404
20704 21279
26128 26246
29245 29637
30153 30037
28808 29221
29262 29543
30688 30537
28890 29782
29005 29733
28545 28470
29684 29727
29842 29272
29424 29618
29572 29227
28435 28157
27370 27053
28009 27215
22404 22494
20658 21238
19968 20297
19777 20657
19577 20789
19055 20054
18882 19577
19345 20094
18886 19634
19671 20638
19598 20723
19868 20274
