4307584
53329 54051 54655 55003 55636 56419 56370 55520 55854 56194 54142 71607 76290 77231 74385 74946 75667 74860 75056 72759 73682 74352 75000 76539 75357 74059 74669 74234 74202 70223 63882 50241 49882 50013 51552 51884 49566 49194 50180 51083 49289 49245 61687 69932 71166 68609 69581 72691 69403 69901 65614 69987 69774 70132 69674 66958 64246 65087 53451 49574 46666 47821 48466 46427 45903 46818 46008 48205 47991 47504
20302 21168
20470 21688
20886 21801
20913 22066
21044 22457
21409 22512
21337 22669
21105 22287
21172 22430
21380 22675
23108 23621
30448 30343
32149 32332
32803 32257
31908 30647
31872 31363
31792 32001
31920 31182
31949 30950
30700 30202
32124 31547
31859 30994
31969 31131
32576 31674
32026 31290
31644 30604
31543 31019
31534 30674
31529 30739
29363 29817
27179 27819
20906 21502
20574 21376
20436 21731
21234 22027
21454 22246
20249 21451
20231 21296
20667 21587
21023 21942
21184 21421
20497 21305
25964 26280
29564 29546
30081 29825
28559 29502
29332 29079
30614 30717
28409 29871
28998 29657
28322 28459
29651 29685
29655 29346
29392 29810
29669 29052
28506 27905
27086 27144
27959 26829
22213 22379
20277 21229
19969 20280
19701 20624
20198 20738
19144 20027
19081 19558
19327 20050
19017 19606
19879 20595
19832 20708
19856 20262
