11768680
114006 132316 144192 154602 160513 169278 171980 174252 175221 176322 149319 160658 154737 160245 163397 154483 159042 163762 162047 166376 148680 161434 163795 166583 167185 166971 165849 167214 166949 162128 146177 163265 165199 158129 166026 165440 166898 158437 165049 166021 136016 157626 164031 164472 165284 166609 165318 165260 165348 165326 146954 162753 167283 178489 178742 191387 193876 195941 197078 194619 172140 190333 192961 194559 194895 195138 196087 196292 191277 198392
29193 28899
33761 33630
36719 36391
39299 39409
40808 40896
43081 43072
43939 43794
44369 44265
44825 44506
44862 44987
45563 45528
45313 45227
42937 43333
44296 44100
45094 45220
42738 42378
43937 43914
45168 44948
44879 44503
45445 45769
45689 45974
45597 45146
45669 45507
45559 46020
45648 45851
45679 45342
45615 45145
45676 45634
45721 45544
44649 44386
45588 45358
45840 45489
45993 45375
43648 43357
45500 45575
45742 45436
45832 45724
43268 43286
45021 45131
45662 45354
43357 42313
44676 44544
45618 45699
45601 45697
45527 45769
45686 46154
45739 45543
45537 45515
45492 45501
45634 45821
46074 45847
45613 45960
46729 46745
49131 49429
49022 49620
51904 53148
52929 53068
53305 53186
53171 53777
53259 53092
52556 52488
53243 53073
52864 53078
53081 53327
53412 53233
53192 53224
53412 53434
53238 53387
51845 51967
53813 53834
