4650749
64232 63122 62543 62464 61212 60871 65239 64060 63403 62417 64743 67307 69678 67821 66353 66437 66949 68715 68347 66743 66492 66427 65508 68954 66659 67075 67079 66584 66914 67709 67516 66999 66412 66298 66427 67520 66927 66209 65946 65438 69388 66809 66756 66811 65938 67123 69564 67671 66812 67029 66511 67897 68052 67284 66632 65279 64593 69923 67807 67426 66041 64455 67076 68248 67367 66841 64955 65778 68345 68585
32194 32038
31532 31590
31270 31273
31021 31443
30645 30567
30325 30546
32543 32696
31943 32117
31729 31674
31098 31319
32678 32065
33312 33995
34833 34845
34044 33777
33359 32994
33375 33062
33373 33576
34193 34522
34253 34094
33223 33520
33485 33007
33170 33257
32914 32594
34563 34391
33422 33237
33747 33328
33538 33541
33243 33341
33507 33407
33854 33855
33713 33803
33429 33570
33242 33170
32933 33365
33389 33038
33630 33890
33308 33619
33150 33059
32999 32947
32728 32710
34587 34801
33342 33467
33370 33386
33141 33670
33008 32930
33403 33720
34480 35084
33740 33931
33280 33532
33379 33650
33226 33285
33847 34050
34133 33919
33762 33522
33315 33317
32718 32561
32107 32486
34841 35082
34094 33713
33746 33680
33189 32852
32149 32306
33689 33387
34133 34115
33672 33695
33366 33475
32442 32513
32915 32863
34263 34082
34290 34295
