1
netcache 8613181 70
106188 107649 109177 109813 111458 112432 113072 110639 111488 112541 108316 143188 152520 154592 149165 149827 151212 150223 150146 145454 147114 148812 150409 152923 150462 148395 149239 148135 147562 140344 127224 100567 100176 100558 102929 103025 99428 98228 100257 102091 98040 98746 123430 139538 142384 137402 139338 145194 139362 139914 131439 139923 139568 139933 139380 134143 128867 131007 107108 99765 93200 95662 96162 92695 91626 93571 91745 95998 95963 95090
40265 42357
40713 43379
41530 43609
41749 44113
41989 44869
42620 45011
43001 45289
41657 44536
42189 44854
42786 45325
46311 47186
60912 60670
64217 64710
65654 64626
63687 61761
63662 62674
63564 63987
64014 62315
63817 62143
61425 60550
64080 63132
63708 62040
63782 62705
65190 63164
63919 62618
63222 61381
63115 62046
63101 61068
62990 60872
58518 59569
54004 55608
41947 42986
41439 42773
41261 43415
42495 44048
42373 44471
40743 42860
40347 42547
41170 43128
42008 43858
41965 42825
41201 42584
52092 52526
58809 59183
60234 59862
57367 58723
58594 58622
61302 61254
57299 59653
58003 59390
56867 56929
59335 59412
59497 58618
58816 59428
59241 58279
56941 56062
54456 54197
55968 54044
44617 44873
40935 42467
39937 40577
39478 41281
39775 41527
38199 40081
37963 39135
38672 40144
37903 39240
39550 41233
39430 41431
39724 40536
