1
netcache 23567036 70
234694 271124 295327 316954 329258 340443 344941 348290 350899 353007 298751 321064 310124 319918 326663 309271 318386 327433 324546 332596 297862 323236 328642 332450 333744 334937 331999 334099 334140 323967 291905 326860 330760 316071 330733 330533 333424 316524 329540 332758 273775 316066 326578 327633 331155 332462 331016 331634 331116 331670 293430 324769 334642 355660 357535 383156 387422 391452 392848 390397 343325 379878 386578 387760 389481 390438 392355 392502 382363 390040
59704 59605
69095 69092
75138 74914
80506 80729
83961 83696
86599 86730
88019 87741
88590 88757
89506 89340
89791 89941
91118 91088
90703 90005
85724 86766
88635 88026
90291 90203
85414 84990
87855 87837
90295 90166
89714 89247
91151 91179
91523 92118
91191 90431
91115 91397
91141 91798
91189 91865
91259 91292
91278 90800
91441 91282
91495 91360
88976 88670
91425 90500
91422 91502
91641 91199
87488 86783
90873 91145
91464 90714
91555 91547
86550 86604
89824 90378
91234 90937
86772 85737
89229 89395
91174 91158
91298 90944
91155 92012
91604 91937
91383 91209
91266 91266
91171 90947
91312 91285
91950 91972
91265 91718
93424 93310
97938 98498
98272 98890
104353 105523
105584 106266
106502 106635
106369 107026
106414 106010
104997 105366
106218 106163
105943 106314
105835 106665
106542 106603
106336 106804
106309 107064
106587 106852
103498 103910
105838 106023
