1
netcache 9301108 70
129015 126525 125227 124782 123221 121057 130862 128042 126773 125050 129514 134222 139448 135847 133210 133299 133311 137092 137005 133332 133468 132943 131322 137892 133022 134614 134040 132876 133498 135127 135395 133987 132374 131946 133411 134702 133611 132524 132036 131160 138536 133574 133701 133380 132012 134212 138613 135299 133870 134062 132640 135517 136116 134617 133096 130711 128451 139482 135627 134760 132581 128778 134480 136676 134432 133889 129770 131669 136642 137121
64353 64662
63029 63496
62527 62700
62001 62781
61345 61876
60571 60486
65036 65826
63809 64233
63437 63336
62267 62783
65162 64352
66588 67634
69583 69865
68058 67789
66791 66419
66561 66738
66771 66540
68373 68719
68447 68558
66472 66860
66872 66596
66340 66603
65804 65518
69053 68839
66842 66180
67467 67147
67027 67013
66491 66385
67037 66461
67690 67437
67413 67982
66810 67177
66494 65880
65848 66098
66740 66671
67225 67477
66570 67041
66252 66272
65958 66078
65386 65774
69124 69412
66649 66925
66721 66980
66236 67144
65988 66024
66798 67414
68956 69657
67430 67869
66559 67311
66738 67324
66480 66160
67647 67870
68230 67886
67479 67138
66622 66474
65349 65362
64204 64247
69673 69809
68158 67469
67417 67343
66319 66262
64332 64446
67333 67147
68282 68394
67325 67107
66636 67253
64858 64912
65809 65860
68485 68157
68601 68520
