workload_name: synthetic
workload_mode: 1
dynamic_periodnum: 7
dynamic_periodinterval: 10
dynamic_ruleprefix: dynamicrules/synthetic-hotin.out
val_t::MAX_VALLEN: 128
ParserIterator::load_batch_size: 10000
client_physical_num: 2
server_physical_num: 2
client_total_logical_num: 1024
server_total_logical_num: 8
server_total_logical_num_for_rotation: 128
max_server_total_logical_num: 8

client_rotationdataserver_port: 1025
client_sendpktserver_port_start: 1026
client_rulemapserver_port_start: 1036
client_worker_port_start: 8888

client_logical_nums[0]: 512
client_ips[0]: 10.0.1.11
client_macs[0]: 3c:fd:fe:bb:ca:79
client_fpports[0]: 11/0
client_pipeidxes[0]: 0
client_logical_nums[1]: 512
client_ips[1]: 10.0.1.15
client_macs[1]: 3c:fd:fe:b5:28:59
client_fpports[1]: 1/0
client_pipeidxes[1]: 1

server_load_factor: 5
server_worker_port_start: 1152
server_evictserver_port_start: 2222
server_popserver_port_start: 3333
server_valueupdateserver_port_start: 4224
transaction_loadfinishserver_port: 8000

server_worker_corenums[0]: 16
server_total_corenums[0]: 24
server_logical_idxes_list[0]: 0 1 2 3 
server_ips[0]: 10.0.1.16
server_macs[0]: 3c:fd:fe:b5:1f:e1
server_fpports[0]: 16/0
server_pipeidxes[0]: 0
server_ip_for_controller_list[0]: 172.16.112.16
server_worker_corenums[1]: 16
server_total_corenums[1]: 48
server_logical_idxes_list[1]: 4 5 6 7 
server_ips[1]: 10.0.1.13
server_macs[1]: 3c:fd:fe:bb:c9:c8
server_fpports[1]: 13/0
server_pipeidxes[1]: 0
server_ip_for_controller_list[1]: 172.16.112.13

controller ip for server: 172.16.112.16
controller ip for switchos: 172.16.112.16
controller_popserver_port_start: 5555
controller_evictserver_port: 5002
controller_snapshot_period: 10000
controller_warmupfinishserver_port: 5010

switch_partition_count: 32768
switch_kv_bucket_num: 10000
switch_pipeline_num: 2
val_t::SWITCH_MAX_VALLEN: 128
switchos_popserver_port: 5003
switchos ip: 172.16.112.17
switchos_sample_cnt: 10
switchos_snapshotserver_port: 5004
switchos_specialcaseserver_port: 5005
switchos_ptf_popserver_port: 5006
switchos_ptf_snapshotserver_port: 5007

reflector ip for switchos: 172.16.112.16
reflector_dp2cpserver_port: 5008
reflector_cp2dpserver_port: 5009

raw_load_workload_filename for loading phase: synthetic-load.out
server_load_workload_dir for loading phase: synthetic-load-8
raw_warmup_workload_filename for warmup phase: synthetic-warmup.out
raw_run_workload_filename for transaction phase: synthetic-run.out
client_workload_dir for transaction phase: synthetic-run-1024
perserver_keyrange: 8192

[client] prepare clients ...
[client 1] Ready.
[client 2] Ready.
[client 5] Ready.
[client 4] Ready.
[client 3] Ready.
[client 0] Ready.
[client 7] Ready.
[client 12] Ready.
[client 19] Ready.
[client 17] Ready.
[client 18] Ready.
[client 14] Ready.
[client 15] Ready.
[client 13] Ready.
[client 25] Ready.
[client 24] Ready.
[client 23] Ready.
[client 28] Ready.
[client 30] Ready.
[client 31] Ready.
[client 27] Ready.
[client 29] Ready.
[client 21] Ready.
[client 33] Ready.
[client 26] Ready.
[client 36] Ready.
[client 37] Ready.
[client 35] Ready.
[client 39] Ready.
[client 41] Ready.
[client 34] Ready.
[client 32] Ready.
[client 40] Ready.
[client 38] Ready.
[client 44] Ready.
[client 45] Ready.
[client 42] Ready.
[client 46] Ready.
[client 47] Ready.
[client 48] Ready.
[client 54] Ready.
[client 53] Ready.
[client 58] Ready.
[client 64] Ready.
[client 60] Ready.
[client 56] Ready.
[client 79] Ready.
[client 61] Ready.
[client 63] Ready.
[client 59] Ready.
[client 55] Ready.
[client 65] Ready.
[client 66] Ready.
[client 57] Ready.
[client 78] Ready.
[client 80] Ready.
[client 81] Ready.
[client 67] Ready.
[client 71] Ready.
[client 70] Ready.
[client 85] Ready.
[client 73] Ready.
[client 72] Ready.
[client 84] Ready.
[client 87] Ready.
[client 86] Ready.
[client 62] Ready.
[client 69] Ready.
[client 83] Ready.
[client 74] Ready.
[client 82] Ready.
[client 76] Ready.
[client 90] Ready.
[client 75] Ready.
[client 88] Ready.
[client 95] Ready.
[client 94] Ready.
[client 96] Ready.
[client 98] Ready.
[client 97] Ready.
[client 112] Ready.
[client 116] Ready.
[client 109] Ready.
[client 114] Ready.
[client 113] Ready.
[client 110] Ready.
[client 118] Ready.
[client 117] Ready.
[client 115] Ready.
[client 119] Ready.
[client 123] Ready.
[client 122] Ready.
[client 124] Ready.
[client 127] Ready.
[client 126] Ready.
[client 128] Ready.
[client 129] Ready.
[client 125] Ready.
[client 139] Ready.
[client 143] Ready.
[client 141] Ready.
[client 145] Ready.
[client 144] Ready.
[client 147] Ready.
[client 150] Ready.
[client 170] Ready.
[client 151] Ready.
[client 174] Ready.
[client 142] Ready.
[client 148] Ready.
[client 146] Ready.
[client 177] Ready.
[client 149] Ready.
[client 154] Ready.
[client 179] Ready.
[client 152] Ready.
[client 173] Ready.
[client 182] Ready.
[client 185] Ready.
[client 156] Ready.
[client 183] Ready.
[client 184] Ready.
[client 155] Ready.
[client 153] Ready.
[client 158] Ready.
[client 181] Ready.
[client 159] Ready.
[client 157] Ready.
[client 187] Ready.
[client 186] Ready.
[client 172] Ready.
[client 199] Ready.
[client 201] Ready.
[client 203] Ready.
[client 206] Ready.
[client 204] Ready.
[client 200] Ready.
[client 202] Ready.
[client 205] Ready.
[client 207] Ready.
[client 214] Ready.
[client 208] Ready.
[client 211] Ready.
[client 213] Ready.
[client 216] Ready.
[client 212] Ready.
[client 215] Ready.
[client 218] Ready.
[client 10] Ready.
[client 225] Ready.
[client 220] Ready.
[client 223] Ready.
[client 221] Ready.
[client 226] Ready.
[client 219] Ready.
[client 217] Ready.
[client 227] Ready.
[client 222] Ready.
[client 228] Ready.
[client 224] Ready.
[client 16] Ready.
[client 282] Ready.
[client 22] Ready.
[client 230] Ready.
[client 229] Ready.
[client 231] Ready.
[client 6] Ready.
[client 283] Ready.
[client 285] Ready.
[client 232] Ready.
[client 286] Ready.
[client 291] Ready.
[client 11] Ready.
[client 292] Ready.
[client 234] Ready.
[client 287] Ready.
[client 288] Ready.
[client 243] Ready.
[client 293] Ready.
[client 294] Ready.
[client 290] Ready.
[client 244] Ready.
[client 295] Ready.
[client 242] Ready.
[client 247] Ready.
[client 251] Ready.
[client 246] Ready.
[client 245] Ready.
[client 306] Ready.
[client 252] Ready.
[client 308] Ready.
[client 249] Ready.
[client 255] Ready.
[client 250] Ready.
[client 248] Ready.
[client 257] Ready.
[client 313] Ready.
[client 311] Ready.
[client 258] Ready.
[client 316] Ready.
[client 310] Ready.
[client 254] Ready.
[client 253] Ready.
[client 9] Ready.
[client 20] Ready.
[client 260] Ready.
[client 256] Ready.
[client 312] Ready.
[client 309] Ready.
[client 262] Ready.
[client 259] Ready.
[client 318] Ready.
[client 8] Ready.
[client 263] Ready.
[client 51] Ready.
[client 314] Ready.
[client 317] Ready.
[client 264] Ready.
[client 261] Ready.
[client 315] Ready.
[client 265] Ready.
[client 43] Ready.
[client 320] Ready.
[client 319] Ready.
[client 275] Ready.
[client 321] Ready.
[client 281] Ready.
[client 274] Ready.
[client 276] Ready.
[client 280] Ready.
[client 284] Ready.
[client 279] Ready.
[client 278] Ready.
[client 322] Ready.
[client 277] Ready.
[client 339] Ready.
[client 50] Ready.
[client 336] Ready.
[client 337] Ready.
[client 342] Ready.
[client 335] Ready.
[client 338] Ready.
[client 341] Ready.
[client 340] Ready.
[client 52] Ready.
[client 343] Ready.
[client 344] Ready.
[client 345] Ready.
[client 348] Ready.
[client 100] Ready.
[client 349] Ready.
[client 347] Ready.
[client 101] Ready.
[client 351] Ready.
[client 93] Ready.
[client 350] Ready.
[client 346] Ready.
[client 356] Ready.
[client 354] Ready.
[client 370] Ready.
[client 371] Ready.
[client 357] Ready.
[client 105] Ready.
[client 355] Ready.
[client 353] Ready.
[client 359] Ready.
[client 352] Ready.
[client 360] Ready.
[client 358] Ready.
[client 362] Ready.
[client 91] Ready.
[client 361] Ready.
[client 373] Ready.
[client 369] Ready.
[client 92] Ready.
[client 372] Ready.
[client 136] Ready.
[client 120] Ready.
[client 138] Ready.
[client 68] Ready.
[client 106] Ready.
[client 121] Ready.
[client 49] Ready.
[client 103] Ready.
[client 89] Ready.
[client 77] Ready.
[client 111] Ready.
[client 163] Ready.
[client 108] Ready.
[client 130] Ready.
[client 133] Ready.
[client 140] Ready.
[client 194] Ready.
[client 104] Ready.
[client 131] Ready.
[client 134] Ready.
[client 197] Ready.
[client 189] Ready.
[client 135] Ready.
[client 99] Ready.
[client 191] Ready.
[client 169] Ready.
[client 168] Ready.
[client 107] Ready.
[client 164] Ready.
[client 161] Ready.
[client 160] Ready.
[client 165] Ready.
[client 195] Ready.
[client 192] Ready.
[client 196] Ready.
[client 162] Ready.
[client 132] Ready.
[client 235] Ready.
[client 175] Ready.
[client 166] Ready.
[client 188] Ready.
[client 137] Ready.
[client 190] Ready.
[client 241] Ready.
[client 198] Ready.
[client 167] Ready.
[client 193] Ready.
[client 240] Ready.
[client 236] Ready.
[client 210] Ready.
[client 233] Ready.
[client 171] Ready.
[client 237] Ready.
[client 239] Ready.
[client 238] Ready.
[client 176] Ready.
[client 266] Ready.
[client 178] Ready.
[client 270] Ready.
[client 301] Ready.
[client 267] Ready.
[client 302] Ready.
[client 272] Ready.
[client 300] Ready.
[client 268] Ready.
[client 271] Ready.
[client 273] Ready.
[client 269] Ready.
[client 324] Ready.
[client 209] Ready.
[client 303] Ready.
[client 323] Ready.
[client 296] Ready.
[client 307] Ready.
[client 304] Ready.
[client 330] Ready.
[client 331] Ready.
[client 305] Ready.
[client 289] Ready.
[client 297] Ready.
[client 299] Ready.
[client 328] Ready.
[client 332] Ready.
[client 325] Ready.
[client 365] Ready.
[client 329] Ready.
[client 422] Ready.
[client 424] Ready.
[client 333] Ready.
[client 334] Ready.
[client 423] Ready.
[client 363] Ready.
[client 484] Ready.
[client 487] Ready.
[client 367] Ready.
[client 327] Ready.
[client 486] Ready.
[client 366] Ready.
[client 326] Ready.
[client 455] Ready.
[client 458] Ready.
[client 485] Ready.
[client 488] Ready.
[client 457] Ready.
[client 483] Ready.
[client 421] Ready.
[client 454] Ready.
[client 298] Ready.
[client 416] Ready.
[client 420] Ready.
[client 406] Ready.
[client 404] Ready.
[client 375] Ready.
[client 415] Ready.
[client 399] Ready.
[client 368] Ready.
[client 419] Ready.
[client 418] Ready.
[client 102] Ready.
[client 456] Ready.
[client 414] Ready.
[client 453] Ready.
[client 480] Ready.
[client 411] Ready.
[client 412] Ready.
[client 441] Ready.
[client 402] Ready.
[client 482] Ready.
[client 413] Ready.
[client 405] Ready.
[client 401] Ready.
[client 451] Ready.
[client 410] Ready.
[client 403] Ready.
[client 434] Ready.
[client 452] Ready.
[client 449] Ready.
[client 450] Ready.
[client 447] Ready.
[client 446] Ready.
[client 409] Ready.
[client 509] Ready.
[client 437] Ready.
[client 376] Ready.
[client 400] Ready.
[client 481] Ready.
[client 443] Ready.
[client 448] Ready.
[client 510] Ready.
[client 397] Ready.
[client 445] Ready.
[client 442] Ready.
[client 444] Ready.
[client 408] Ready.
[client 433] Ready.
[client 396] Ready.
[client 395] Ready.
[client 398] Ready.
[client 478] Ready.
[client 438] Ready.
[client 394] Ready.
[client 501] Ready.
[client 479] Ready.
[client 475] Ready.
[client 439] Ready.
[client 476] Ready.
[client 436] Ready.
[client 470] Ready.
[client 498] Ready.
[client 472] Ready.
[client 387] Ready.
[client 435] Ready.
[client 508] Ready.
[client 431] Ready.
[client 432] Ready.
[client 506] Ready.
[client 440] Ready.
[client 392] Ready.
[client 468] Ready.
[client 393] Ready.
[client 473] Ready.
[client 474] Ready.
[client 471] Ready.
[client 500] Ready.
[client 496] Ready.
[client 503] Ready.
[client 430] Ready.
[client 497] Ready.
[client 504] Ready.
[client 467] Ready.
[client 428] Ready.
[client 388] Ready.
[client 425] Ready.
[client 429] Ready.
[client 477] Ready.
[client 381] Ready.
[client 426] Ready.
[client 391] Ready.
[client 466] Ready.
[client 465] Ready.
[client 464] Ready.
[client 427] Ready.
[client 377] Ready.
[client 374] Ready.
[client 494] Ready.
[client 389] Ready.
[client 460] Ready.
[client 462] Ready.
[client 502] Ready.
[client 495] Ready.
[client 384] Ready.
[client 459] Ready.
[client 505] Ready.
[client 378] Ready.
[client 385] Ready.
[client 499] Ready.
[client 507] Ready.
[client 380] Ready.
[client 382] Ready.
[client 383] Ready.
[client 461] Ready.
[client 390] Ready.
[client 491] Ready.
[client 493] Ready.
[client 180] Ready.
[client 492] Ready.
[client 364] Ready.
[client 417] Ready.
[client 379] Ready.
[client 469] Ready.
[client 407] Ready.
[client 463] Ready.
[client 511] Ready.
[client 489] Ready.
[client 490] Ready.
[client 386] Ready.
[client] all clients ready...
start to send pkt
switch dynamic rulemap from period 0 to 1
switch dynamic rulemap from period 1 to 2
switch dynamic rulemap from period 2 to 3
switch dynamic rulemap from period 3 to 4
switch dynamic rulemap from period 4 to 5
switch dynamic rulemap from period 5 to 6
[client] all clients finish!
[client] processing statistics

thpt interval: 1 s, seccnt: 70

[sec 0]

overall totalpktcnt: 224160, throughput (MOPS): 0.213776

[sec 1]

overall totalpktcnt: 212166, throughput (MOPS): 0.202337

[sec 2]

overall totalpktcnt: 208985, throughput (MOPS): 0.199304

[sec 3]

overall totalpktcnt: 210371, throughput (MOPS): 0.200625

[sec 4]

overall totalpktcnt: 203713, throughput (MOPS): 0.194276

[sec 5]

overall totalpktcnt: 209641, throughput (MOPS): 0.199929

[sec 6]

overall totalpktcnt: 216987, throughput (MOPS): 0.206935

[sec 7]

overall totalpktcnt: 215219, throughput (MOPS): 0.205249

[sec 8]

overall totalpktcnt: 213083, throughput (MOPS): 0.203212

[sec 9]

overall totalpktcnt: 207271, throughput (MOPS): 0.197669

[sec 10]

overall totalpktcnt: 228657, throughput (MOPS): 0.218064

[sec 11]

overall totalpktcnt: 238164, throughput (MOPS): 0.227131

[sec 12]

overall totalpktcnt: 234855, throughput (MOPS): 0.223975

[sec 13]

overall totalpktcnt: 232738, throughput (MOPS): 0.221956

[sec 14]

overall totalpktcnt: 229457, throughput (MOPS): 0.218827

[sec 15]

overall totalpktcnt: 229299, throughput (MOPS): 0.218677

[sec 16]

overall totalpktcnt: 237606, throughput (MOPS): 0.226599

[sec 17]

overall totalpktcnt: 236058, throughput (MOPS): 0.225122

[sec 18]

overall totalpktcnt: 234909, throughput (MOPS): 0.224027

[sec 19]

overall totalpktcnt: 231104, throughput (MOPS): 0.220398

[sec 20]

overall totalpktcnt: 220447, throughput (MOPS): 0.210235

[sec 21]

overall totalpktcnt: 213569, throughput (MOPS): 0.203675

[sec 22]

overall totalpktcnt: 209370, throughput (MOPS): 0.199671

[sec 23]

overall totalpktcnt: 210157, throughput (MOPS): 0.200421

[sec 24]

overall totalpktcnt: 207374, throughput (MOPS): 0.197767

[sec 25]

overall totalpktcnt: 207646, throughput (MOPS): 0.198027

[sec 26]

overall totalpktcnt: 220709, throughput (MOPS): 0.210485

[sec 27]

overall totalpktcnt: 212701, throughput (MOPS): 0.202847

[sec 28]

overall totalpktcnt: 212193, throughput (MOPS): 0.202363

[sec 29]

overall totalpktcnt: 211861, throughput (MOPS): 0.202046

[sec 30]

overall totalpktcnt: 232921, throughput (MOPS): 0.222131

[sec 31]

overall totalpktcnt: 225164, throughput (MOPS): 0.214733

[sec 32]

overall totalpktcnt: 221884, throughput (MOPS): 0.211605

[sec 33]

overall totalpktcnt: 220881, throughput (MOPS): 0.210649

[sec 34]

overall totalpktcnt: 227578, throughput (MOPS): 0.217035

[sec 35]

overall totalpktcnt: 242410, throughput (MOPS): 0.231180

[sec 36]

overall totalpktcnt: 237700, throughput (MOPS): 0.226688

[sec 37]

overall totalpktcnt: 234623, throughput (MOPS): 0.223754

[sec 38]

overall totalpktcnt: 231313, throughput (MOPS): 0.220597

[sec 39]

overall totalpktcnt: 233598, throughput (MOPS): 0.222776

[sec 40]

overall totalpktcnt: 224250, throughput (MOPS): 0.213861

[sec 41]

overall totalpktcnt: 217948, throughput (MOPS): 0.207851

[sec 42]

overall totalpktcnt: 234810, throughput (MOPS): 0.223932

[sec 43]

overall totalpktcnt: 232295, throughput (MOPS): 0.221534

[sec 44]

overall totalpktcnt: 231792, throughput (MOPS): 0.221054

[sec 45]

overall totalpktcnt: 228159, throughput (MOPS): 0.217589

[sec 46]

overall totalpktcnt: 228463, throughput (MOPS): 0.217879

[sec 47]

overall totalpktcnt: 234960, throughput (MOPS): 0.224075

[sec 48]

overall totalpktcnt: 234353, throughput (MOPS): 0.223496

[sec 49]

overall totalpktcnt: 229285, throughput (MOPS): 0.218663

[sec 50]

overall totalpktcnt: 210586, throughput (MOPS): 0.200830

[sec 51]

overall totalpktcnt: 211197, throughput (MOPS): 0.201413

[sec 52]

overall totalpktcnt: 210245, throughput (MOPS): 0.200505

[sec 53]

overall totalpktcnt: 208061, throughput (MOPS): 0.198422

[sec 54]

overall totalpktcnt: 205148, throughput (MOPS): 0.195644

[sec 55]

overall totalpktcnt: 202308, throughput (MOPS): 0.192936

[sec 56]

overall totalpktcnt: 203082, throughput (MOPS): 0.193674

[sec 57]

overall totalpktcnt: 215116, throughput (MOPS): 0.205151

[sec 58]

overall totalpktcnt: 214101, throughput (MOPS): 0.204183

[sec 59]

overall totalpktcnt: 203818, throughput (MOPS): 0.194376

[sec 60]

overall totalpktcnt: 222084, throughput (MOPS): 0.211796

[sec 61]

overall totalpktcnt: 223591, throughput (MOPS): 0.213233

[sec 62]

overall totalpktcnt: 222450, throughput (MOPS): 0.212145

[sec 63]

overall totalpktcnt: 218680, throughput (MOPS): 0.208549

[sec 64]

overall totalpktcnt: 220205, throughput (MOPS): 0.210004

[sec 65]

overall totalpktcnt: 218358, throughput (MOPS): 0.208242

[sec 66]

overall totalpktcnt: 208850, throughput (MOPS): 0.199175

[sec 67]

overall totalpktcnt: 223076, throughput (MOPS): 0.212742

[sec 68]

overall totalpktcnt: 226331, throughput (MOPS): 0.215846

[sec 69]

overall totalpktcnt: 223576, throughput (MOPS): 0.213219

[Latency Statistics of total_latency_list ]
| min | max | avg | 90th | 99th | largest | median | sum |
| 31.416 | 61276.5 | 2319.08 | 13460.5 | 15376.5 | 61276.5 | 109.698 | 3.58895e+10 |
[Latency Statistics of perclient_avgsend_latency_list ]
| min | max | avg | 90th | 99th | largest | median | sum |
| 4.63288 | 4.98068 | 4.75074 | 4.80385 | 4.86597 | 4.98068 | 4.74961 | 2432.38 |
[Latency Statistics of perclient_avgwait_latency_list ]
| min | max | avg | 90th | 99th | largest | median | sum |
| 1.47698 | 1.6855 | 1.55731 | 1.59834 | 1.63731 | 1.6855 | 1.556 | 797.342 |
total_unmatched_cnt: 0
total_timeout_cnt: 0
client-side total pktcnt: 15475772, total time: 70.114199 s, total thpt: 0.210497 MOPS
cache hit pktcnt: 0
per-server pktcnt: 1875311 2058519 1898690 1897942 1820352 1790507 2017257 2117194

per-sec total throughput:
224024 212133 209028 210364 203754 209605 216963 215220 213121 207289 228642 238082 234961 232710 229403 229347 237585 236040 234982 231075 220447 213494 209464 210133 207360 207647 220748 212672 212227 211814 232909 225155 221841 220946 227605 242359 237754 234570 231336 233576 224284 217960 234764 232306 231824 228130 228458 235006 234342 229262 210600 211166 210235 208084 205170 202341 203086 215072 214096 203818 222095 223594 222382 218739 220191 218375 208851 223088 226305 223594

per-sec per-server throughput:
27176 28343 29751 26435 24638 26020 26261 35400
25851 26796 28060 25322 23260 24689 24758 33397
25182 26381 27665 24910 23161 24308 24309 33112
25511 26338 28299 24911 23074 24550 24684 32997
24600 25537 27250 24155 22449 23578 23905 32280
25357 26460 28134 24898 23082 24026 24465 33183
26183 27328 29261 25717 24104 25138 25240 33992
26158 26965 28369 25836 23558 25073 25409 33852
26040 26712 28443 24969 23677 24609 25076 33595
24741 26116 27635 24369 22893 24011 24589 32935
28214 28375 30411 27644 24814 26668 26822 35694
28986 29359 31516 28891 25875 27910 27987 37558
28648 29205 31004 28404 25852 27489 27372 36987
28707 29110 31006 27867 25125 27014 27203 36678
28109 28415 30389 27671 24971 26748 26853 36247
27886 28713 30235 27754 24940 26754 27085 35980
29026 29579 31664 28453 25867 27705 27931 37360
28852 29160 31211 28623 25561 27530 27978 37125
28585 29247 31299 28161 25781 27312 27827 36770
28214 28925 30574 27931 25248 26878 26841 36464
25721 34197 24228 25543 29703 26281 26637 28137
24627 33741 23716 24612 28559 25340 26063 26836
24431 33289 23214 24202 27797 25027 25317 26187
24480 33244 23164 24230 27894 25237 25532 26352
24001 32934 22967 23908 27797 24648 24937 26168
23931 32785 22862 24101 27697 24714 25216 26341
25588 34885 24626 25490 29604 26195 26778 27582
24471 34079 23627 24399 28610 25455 25547 26484
24500 33659 23520 24469 28305 25145 26006 26623
24492 33491 23426 24543 28286 25065 25508 27003
28459 29506 30624 27759 24969 27957 27862 35773
27271 28351 30210 26638 24409 26379 26747 35150
26935 27733 29858 26368 23857 26213 26282 34595
26529 27669 29077 26319 24058 26084 26508 34702
27568 28259 30681 27094 24593 26676 27361 35373
29468 30557 32390 28864 26199 28511 28555 37815
29117 29677 31552 28564 25649 28307 27743 37145
28430 29516 31037 28110 25371 27577 27958 36571
28082 28939 30470 27895 25071 27184 27416 36279
28221 28959 31111 27813 25178 27739 27936 36619
28044 26998 26653 29825 26175 25040 34734 26815
27090 26471 25982 29033 25234 24021 34521 25608
29531 28406 27952 31511 27061 25788 36964 27551
29091 28283 27543 31312 26928 25619 36573 26957
28962 27854 27783 31158 26839 25663 36535 27030
28566 27642 26745 30370 26513 25372 36159 26763
28737 27640 27101 30359 26588 25373 35865 26795
29490 28566 27856 31031 27563 25942 37165 27393
29234 28404 27773 31621 27046 26046 36770 27448
28971 27494 27136 30816 26535 25420 36024 26866
24368 32823 23409 24290 28352 24785 25839 26734
24615 33720 23112 24510 28134 25016 25335 26724
24531 33567 23070 24296 28135 24858 25487 26291
24089 33015 23259 24098 27656 24839 25218 25910
23730 32799 22373 23654 27694 24533 24632 25755
23348 32410 22217 23198 27327 24024 24414 25403
23668 32186 22570 23383 27147 24226 24366 25540
24967 34242 24004 24642 28678 25538 25884 27117
24850 34137 23445 24779 28577 25553 25866 26889
23652 33061 22348 23352 27508 24079 24591 25227
27736 27185 26520 29925 25586 24692 34955 25496
27946 26901 26400 30110 25632 24724 35476 26405
27832 26620 26307 29831 25739 24775 35326 25952
27570 26153 26035 29162 24891 24441 34899 25588
27706 26667 26297 29440 25393 23978 35186 25524
27529 26256 25624 29510 25328 24148 34590 25390
26348 25242 24601 27987 23891 23794 32869 24119
28168 26908 26642 29937 25134 24636 35393 26270
28604 27346 26667 30676 26262 24910 35531 26309
27972 26968 26711 30257 25246 24915 35558 25967
Finish dumping statistics!
