workload_name: synthetic
workload_mode: 1
dynamic_periodnum: 7
dynamic_periodinterval: 10
dynamic_ruleprefix: dynamicrules/synthetic-hotin.out
val_t::MAX_VALLEN: 128
ParserIterator::load_batch_size: 10000
client_physical_num: 2
server_physical_num: 2
client_total_logical_num: 1024
server_total_logical_num: 8
server_total_logical_num_for_rotation: 128
max_server_total_logical_num: 8

client_rotationdataserver_port: 1025
client_sendpktserver_port_start: 1026
client_rulemapserver_port_start: 1036
client_worker_port_start: 8888

client_logical_nums[0]: 512
client_ips[0]: 10.0.1.11
client_macs[0]: 3c:fd:fe:bb:ca:79
client_fpports[0]: 11/0
client_pipeidxes[0]: 0
client_logical_nums[1]: 512
client_ips[1]: 10.0.1.15
client_macs[1]: 3c:fd:fe:b5:28:59
client_fpports[1]: 1/0
client_pipeidxes[1]: 1

server_load_factor: 5
server_worker_port_start: 1152
server_evictserver_port_start: 2222
server_popserver_port_start: 3333
server_valueupdateserver_port_start: 4224
transaction_loadfinishserver_port: 8000

server_worker_corenums[0]: 16
server_total_corenums[0]: 24
server_logical_idxes_list[0]: 0 1 2 3 
server_ips[0]: 10.0.1.16
server_macs[0]: 3c:fd:fe:b5:1f:e1
server_fpports[0]: 16/0
server_pipeidxes[0]: 0
server_ip_for_controller_list[0]: 172.16.112.16
server_worker_corenums[1]: 16
server_total_corenums[1]: 48
server_logical_idxes_list[1]: 4 5 6 7 
server_ips[1]: 10.0.1.13
server_macs[1]: 3c:fd:fe:bb:c9:c8
server_fpports[1]: 13/0
server_pipeidxes[1]: 0
server_ip_for_controller_list[1]: 172.16.112.13

controller ip for server: 172.16.112.16
controller ip for switchos: 172.16.112.16
controller_popserver_port_start: 5555
controller_evictserver_port: 5002
controller_snapshot_period: 10000
controller_warmupfinishserver_port: 5010

switch_partition_count: 32768
switch_kv_bucket_num: 10000
switch_pipeline_num: 2
val_t::SWITCH_MAX_VALLEN: 128
switchos_popserver_port: 5003
switchos ip: 172.16.112.17
switchos_sample_cnt: 10
switchos_snapshotserver_port: 5004
switchos_specialcaseserver_port: 5005
switchos_ptf_popserver_port: 5006
switchos_ptf_snapshotserver_port: 5007

reflector ip for switchos: 172.16.112.16
reflector_dp2cpserver_port: 5008
reflector_cp2dpserver_port: 5009

raw_load_workload_filename for loading phase: synthetic-load.out
server_load_workload_dir for loading phase: synthetic-load-8
raw_warmup_workload_filename for warmup phase: synthetic-warmup.out
raw_run_workload_filename for transaction phase: synthetic-run.out
client_workload_dir for transaction phase: synthetic-run-1024
perserver_keyrange: 8192

[client.sendpktserver] ready
[client] prepare clients ...
[client.rulemapserver] ready
[client 0] Ready.
[client 1] Ready.
[client 4] Ready.
[client 8] Ready.
[client 3] Ready.
[client 7] Ready.
[client 6] Ready.
[client 2] Ready.
[client 10] Ready.
[client 9] Ready.
[client 17] Ready.
[client 16] Ready.
[client 12] Ready.
[client 13] Ready.
[client 11] Ready.
[client 5] Ready.
[client 15] Ready.
[client 20] Ready.
[client 18] Ready.
[client 24] Ready.
[client 25] Ready.
[client 23] Ready.
[client 22] Ready.
[client 21] Ready.
[client 26] Ready.
[client 29] Ready.
[client 34] Ready.
[client 27] Ready.
[client 28] Ready.
[client 31] Ready.
[client 33] Ready.
[client 30] Ready.
[client 32] Ready.
[client 38] Ready.
[client 37] Ready.
[client 40] Ready.
[client 39] Ready.
[client 35] Ready.
[client 41] Ready.
[client 43] Ready.
[client 36] Ready.
[client 42] Ready.
[client 44] Ready.
[client 51] Ready.
[client 50] Ready.
[client 53] Ready.
[client 49] Ready.
[client 52] Ready.
[client 47] Ready.
[client 55] Ready.
[client 54] Ready.
[client 56] Ready.
[client 59] Ready.
[client 57] Ready.
[client 73] Ready.
[client 82] Ready.
[client 83] Ready.
[client 85] Ready.
[client 86] Ready.
[client 80] Ready.
[client 91] Ready.
[client 76] Ready.
[client 72] Ready.
[client 87] Ready.
[client 81] Ready.
[client 70] Ready.
[client 75] Ready.
[client 78] Ready.
[client 77] Ready.
[client 79] Ready.
[client 94] Ready.
[client 95] Ready.
[client 90] Ready.
[client 74] Ready.
[client 88] Ready.
[client 93] Ready.
[client 92] Ready.
[client 96] Ready.
[client 89] Ready.
[client 97] Ready.
[client 98] Ready.
[client 100] Ready.
[client 113] Ready.
[client 110] Ready.
[client 114] Ready.
[client 115] Ready.
[client 117] Ready.
[client 122] Ready.
[client 116] Ready.
[client 118] Ready.
[client 119] Ready.
[client 120] Ready.
[client 123] Ready.
[client 121] Ready.
[client 126] Ready.
[client 124] Ready.
[client 125] Ready.
[client 128] Ready.
[client 129] Ready.
[client 127] Ready.
[client 147] Ready.
[client 146] Ready.
[client 145] Ready.
[client 144] Ready.
[client 152] Ready.
[client 148] Ready.
[client 149] Ready.
[client 153] Ready.
[client 151] Ready.
[client 150] Ready.
[client 154] Ready.
[client 180] Ready.
[client 156] Ready.
[client 182] Ready.
[client 184] Ready.
[client 185] Ready.
[client 159] Ready.
[client 183] Ready.
[client 186] Ready.
[client 161] Ready.
[client 160] Ready.
[client 193] Ready.
[client 191] Ready.
[client 195] Ready.
[client 198] Ready.
[client 192] Ready.
[client 194] Ready.
[client 200] Ready.
[client 196] Ready.
[client 170] Ready.
[client 172] Ready.
[client 171] Ready.
[client 203] Ready.
[client 197] Ready.
[client 173] Ready.
[client 201] Ready.
[client 199] Ready.
[client 202] Ready.
[client 178] Ready.
[client 176] Ready.
[client 175] Ready.
[client 207] Ready.
[client 177] Ready.
[client 206] Ready.
[client 204] Ready.
[client 174] Ready.
[client 179] Ready.
[client 213] Ready.
[client 215] Ready.
[client 181] Ready.
[client 211] Ready.
[client 209] Ready.
[client 214] Ready.
[client 216] Ready.
[client 212] Ready.
[client 210] Ready.
[client 218] Ready.
[client 229] Ready.
[client 226] Ready.
[client 228] Ready.
[client 227] Ready.
[client 231] Ready.
[client 230] Ready.
[client 232] Ready.
[client 233] Ready.
[client 237] Ready.
[client 234] Ready.
[client 239] Ready.
[client 236] Ready.
[client 238] Ready.
[client 247] Ready.
[client 235] Ready.
[client 240] Ready.
[client 242] Ready.
[client 241] Ready.
[client 306] Ready.
[client 302] Ready.
[client 299] Ready.
[client 304] Ready.
[client 307] Ready.
[client 305] Ready.
[client 303] Ready.
[client 14] Ready.
[client 248] Ready.
[client 315] Ready.
[client 46] Ready.
[client 259] Ready.
[client 317] Ready.
[client 316] Ready.
[client 258] Ready.
[client 257] Ready.
[client 318] Ready.
[client 330] Ready.
[client 260] Ready.
[client 262] Ready.
[client 261] Ready.
[client 320] Ready.
[client 264] Ready.
[client 319] Ready.
[client 263] Ready.
[client 266] Ready.
[client 267] Ready.
[client 268] Ready.
[client 331] Ready.
[client 269] Ready.
[client 271] Ready.
[client 265] Ready.
[client 274] Ready.
[client 332] Ready.
[client 329] Ready.
[client 270] Ready.
[client 342] Ready.
[client 337] Ready.
[client 273] Ready.
[client 334] Ready.
[client 345] Ready.
[client 277] Ready.
[client 333] Ready.
[client 336] Ready.
[client 339] Ready.
[client 335] Ready.
[client 350] Ready.
[client 279] Ready.
[client 278] Ready.
[client 276] Ready.
[client 341] Ready.
[client 275] Ready.
[client 281] Ready.
[client 280] Ready.
[client 340] Ready.
[client 347] Ready.
[client 338] Ready.
[client 346] Ready.
[client 292] Ready.
[client 48] Ready.
[client 343] Ready.
[client 344] Ready.
[client 19] Ready.
[client 353] Ready.
[client 351] Ready.
[client 348] Ready.
[client 298] Ready.
[client 349] Ready.
[client 300] Ready.
[client 352] Ready.
[client 371] Ready.
[client 301] Ready.
[client 363] Ready.
[client 45] Ready.
[client 370] Ready.
[client 365] Ready.
[client 368] Ready.
[client 369] Ready.
[client 84] Ready.
[client 364] Ready.
[client 361] Ready.
[client 366] Ready.
[client 61] Ready.
[client 373] Ready.
[client 380] Ready.
[client 99] Ready.
[client 367] Ready.
[client 65] Ready.
[client 131] Ready.
[client 69] Ready.
[client 71] Ready.
[client 62] Ready.
[client 101] Ready.
[client 60] Ready.
[client 132] Ready.
[client 66] Ready.
[client 68] Ready.
[client 58] Ready.
[client 103] Ready.
[client 106] Ready.
[client 109] Ready.
[client 164] Ready.
[client 105] Ready.
[client 102] Ready.
[client 108] Ready.
[client 134] Ready.
[client 111] Ready.
[client 64] Ready.
[client 67] Ready.
[client 135] Ready.
[client 133] Ready.
[client 130] Ready.
[client 143] Ready.
[client 136] Ready.
[client 104] Ready.
[client 138] Ready.
[client 140] Ready.
[client 137] Ready.
[client 142] Ready.
[client 162] Ready.
[client 167] Ready.
[client 112] Ready.
[client 169] Ready.
[client 107] Ready.
[client 63] Ready.
[client 141] Ready.
[client 165] Ready.
[client 139] Ready.
[client 155] Ready.
[client 222] Ready.
[client 158] Ready.
[client 168] Ready.
[client 223] Ready.
[client 219] Ready.
[client 244] Ready.
[client 205] Ready.
[client 294] Ready.
[client 256] Ready.
[client 224] Ready.
[client 255] Ready.
[client 252] Ready.
[client 243] Ready.
[client 166] Ready.
[client 221] Ready.
[client 297] Ready.
[client 225] Ready.
[client 187] Ready.
[client 254] Ready.
[client 208] Ready.
[client 250] Ready.
[client 157] Ready.
[client 293] Ready.
[client 189] Ready.
[client 283] Ready.
[client 253] Ready.
[client 272] Ready.
[client 249] Ready.
[client 220] Ready.
[client 251] Ready.
[client 296] Ready.
[client 322] Ready.
[client 163] Ready.
[client 288] Ready.
[client 246] Ready.
[client 328] Ready.
[client 285] Ready.
[client 190] Ready.
[client 287] Ready.
[client 282] Ready.
[client 284] Ready.
[client 291] Ready.
[client 286] Ready.
[client 188] Ready.
[client 323] Ready.
[client 245] Ready.
[client 289] Ready.
[client 311] Ready.
[client 321] Ready.
[client 309] Ready.
[client 325] Ready.
[client 217] Ready.
[client 310] Ready.
[client 313] Ready.
[client 357] Ready.
[client 359] Ready.
[client 290] Ready.
[client 312] Ready.
[client 314] Ready.
[client 354] Ready.
[client 308] Ready.
[client 326] Ready.
[client 362] Ready.
[client 360] Ready.
[client 355] Ready.
[client 382] Ready.
[client 459] Ready.
[client 327] Ready.
[client 420] Ready.
[client 424] Ready.
[client 419] Ready.
[client 414] Ready.
[client 417] Ready.
[client 422] Ready.
[client 423] Ready.
[client 416] Ready.
[client 418] Ready.
[client 458] Ready.
[client 378] Ready.
[client 372] Ready.
[client 413] Ready.
[client 491] Ready.
[client 455] Ready.
[client 415] Ready.
[client 457] Ready.
[client 449] Ready.
[client 454] Ready.
[client 421] Ready.
[client 403] Ready.
[client 452] Ready.
[client 451] Ready.
[client 438] Ready.
[client 453] Ready.
[client 447] Ready.
[client 448] Ready.
[client 490] Ready.
[client 356] Ready.
[client 433] Ready.
[client 444] Ready.
[client 432] Ready.
[client 445] Ready.
[client 450] Ready.
[client 489] Ready.
[client 405] Ready.
[client 377] Ready.
[client 409] Ready.
[client 446] Ready.
[client 408] Ready.
[client 397] Ready.
[client 375] Ready.
[client 400] Ready.
[client 485] Ready.
[client 404] Ready.
[client 483] Ready.
[client 406] Ready.
[client 456] Ready.
[client 488] Ready.
[client 410] Ready.
[client 412] Ready.
[client 441] Ready.
[client 481] Ready.
[client 295] Ready.
[client 487] Ready.
[client 402] Ready.
[client 411] Ready.
[client 394] Ready.
[client 395] Ready.
[client 482] Ready.
[client 484] Ready.
[client 480] Ready.
[client 324] Ready.
[client 407] Ready.
[client 479] Ready.
[client 477] Ready.
[client 478] Ready.
[client 439] Ready.
[client 434] Ready.
[client 486] Ready.
[client 401] Ready.
[client 443] Ready.
[client 398] Ready.
[client 476] Ready.
[client 376] Ready.
[client 393] Ready.
[client 435] Ready.
[client 503] Ready.
[client 436] Ready.
[client 509] Ready.
[client 396] Ready.
[client 430] Ready.
[client 507] Ready.
[client 499] Ready.
[client 358] Ready.
[client 437] Ready.
[client 428] Ready.
[client 427] Ready.
[client 467] Ready.
[client 470] Ready.
[client 469] Ready.
[client 440] Ready.
[client 381] Ready.
[client 471] Ready.
[client 508] Ready.
[client 510] Ready.
[client 399] Ready.
[client 426] Ready.
[client 506] Ready.
[client 429] Ready.
[client 442] Ready.
[client 500] Ready.
[client 511] Ready.
[client 425] Ready.
[client 504] Ready.
[client 505] Ready.
[client 493] Ready.
[client 497] Ready.
[client 468] Ready.
[client 501] Ready.
[client 385] Ready.
[client 475] Ready.
[client 495] Ready.
[client 473] Ready.
[client 374] Ready.
[client 472] Ready.
[client 392] Ready.
[client 464] Ready.
[client 463] Ready.
[client 474] Ready.
[client 462] Ready.
[client 502] Ready.
[client 388] Ready.
[client 431] Ready.
[client 390] Ready.
[client 496] Ready.
[client 492] Ready.
[client 494] Ready.
[client 461] Ready.
[client 387] Ready.
[client 498] Ready.
[client 386] Ready.
[client 466] Ready.
[client 389] Ready.
[client 384] Ready.
[client 460] Ready.
[client 465] Ready.
[client 391] Ready.
[client 379] Ready.
[client 383] Ready.
[client] all clients ready...
wait to be able to send pkt if necessary
start to send pkt
switch dynamic rulemap from period 0 to 1
switch dynamic rulemap from period 1 to 2
switch dynamic rulemap from period 2 to 3
switch dynamic rulemap from period 3 to 4
switch dynamic rulemap from period 4 to 5
switch dynamic rulemap from period 5 to 6
[client] all clients finish!
[client] processing statistics

thpt interval: 1 s, seccnt: 70

[sec 0]

overall totalpktcnt: 229114, throughput (MOPS): 0.218500

[sec 1]

overall totalpktcnt: 225991, throughput (MOPS): 0.215522

[sec 2]

overall totalpktcnt: 234645, throughput (MOPS): 0.223775

[sec 3]

overall totalpktcnt: 238428, throughput (MOPS): 0.227383

[sec 4]

overall totalpktcnt: 225655, throughput (MOPS): 0.215201

[sec 5]

overall totalpktcnt: 227228, throughput (MOPS): 0.216702

[sec 6]

overall totalpktcnt: 223127, throughput (MOPS): 0.212790

[sec 7]

overall totalpktcnt: 221947, throughput (MOPS): 0.211665

[sec 8]

overall totalpktcnt: 224383, throughput (MOPS): 0.213988

[sec 9]

overall totalpktcnt: 223525, throughput (MOPS): 0.213170

[sec 10]

overall totalpktcnt: 234468, throughput (MOPS): 0.223606

[sec 11]

overall totalpktcnt: 224619, throughput (MOPS): 0.214213

[sec 12]

overall totalpktcnt: 219402, throughput (MOPS): 0.209238

[sec 13]

overall totalpktcnt: 217409, throughput (MOPS): 0.207337

[sec 14]

overall totalpktcnt: 219061, throughput (MOPS): 0.208913

[sec 15]

overall totalpktcnt: 219958, throughput (MOPS): 0.209768

[sec 16]

overall totalpktcnt: 220381, throughput (MOPS): 0.210172

[sec 17]

overall totalpktcnt: 220050, throughput (MOPS): 0.209856

[sec 18]

overall totalpktcnt: 222602, throughput (MOPS): 0.212290

[sec 19]

overall totalpktcnt: 223707, throughput (MOPS): 0.213344

[sec 20]

overall totalpktcnt: 208878, throughput (MOPS): 0.199202

[sec 21]

overall totalpktcnt: 215601, throughput (MOPS): 0.205613

[sec 22]

overall totalpktcnt: 218329, throughput (MOPS): 0.208215

[sec 23]

overall totalpktcnt: 214927, throughput (MOPS): 0.204970

[sec 24]

overall totalpktcnt: 210777, throughput (MOPS): 0.201013

[sec 25]

overall totalpktcnt: 210584, throughput (MOPS): 0.200829

[sec 26]

overall totalpktcnt: 218623, throughput (MOPS): 0.208495

[sec 27]

overall totalpktcnt: 217132, throughput (MOPS): 0.207073

[sec 28]

overall totalpktcnt: 213346, throughput (MOPS): 0.203463

[sec 29]

overall totalpktcnt: 215191, throughput (MOPS): 0.205222

[sec 30]

overall totalpktcnt: 217385, throughput (MOPS): 0.207314

[sec 31]

overall totalpktcnt: 214348, throughput (MOPS): 0.204418

[sec 32]

overall totalpktcnt: 215006, throughput (MOPS): 0.205046

[sec 33]

overall totalpktcnt: 217384, throughput (MOPS): 0.207314

[sec 34]

overall totalpktcnt: 218225, throughput (MOPS): 0.208116

[sec 35]

overall totalpktcnt: 224615, throughput (MOPS): 0.214210

[sec 36]

overall totalpktcnt: 221405, throughput (MOPS): 0.211148

[sec 37]

overall totalpktcnt: 221645, throughput (MOPS): 0.211377

[sec 38]

overall totalpktcnt: 222058, throughput (MOPS): 0.211771

[sec 39]

overall totalpktcnt: 221240, throughput (MOPS): 0.210991

[sec 40]

overall totalpktcnt: 235612, throughput (MOPS): 0.224697

[sec 41]

overall totalpktcnt: 229145, throughput (MOPS): 0.218530

[sec 42]

overall totalpktcnt: 188399, throughput (MOPS): 0.179671

[sec 43]

overall totalpktcnt: 228876, throughput (MOPS): 0.218273

[sec 44]

overall totalpktcnt: 230907, throughput (MOPS): 0.220210

[sec 45]

overall totalpktcnt: 220558, throughput (MOPS): 0.210340

[sec 46]

overall totalpktcnt: 224620, throughput (MOPS): 0.214214

[sec 47]

overall totalpktcnt: 194921, throughput (MOPS): 0.185891

[sec 48]

overall totalpktcnt: 223228, throughput (MOPS): 0.212887

[sec 49]

overall totalpktcnt: 225168, throughput (MOPS): 0.214737

[sec 50]

overall totalpktcnt: 211056, throughput (MOPS): 0.201279

[sec 51]

overall totalpktcnt: 210172, throughput (MOPS): 0.200436

[sec 52]

overall totalpktcnt: 212553, throughput (MOPS): 0.202706

[sec 53]

overall totalpktcnt: 210708, throughput (MOPS): 0.200947

[sec 54]

overall totalpktcnt: 208297, throughput (MOPS): 0.198647

[sec 55]

overall totalpktcnt: 210030, throughput (MOPS): 0.200300

[sec 56]

overall totalpktcnt: 208246, throughput (MOPS): 0.198599

[sec 57]

overall totalpktcnt: 199883, throughput (MOPS): 0.190623

[sec 58]

overall totalpktcnt: 194152, throughput (MOPS): 0.185158

[sec 59]

overall totalpktcnt: 186943, throughput (MOPS): 0.178283

[sec 60]

overall totalpktcnt: 216840, throughput (MOPS): 0.206795

[sec 61]

overall totalpktcnt: 217758, throughput (MOPS): 0.207670

[sec 62]

overall totalpktcnt: 141596, throughput (MOPS): 0.135036

[sec 63]

overall totalpktcnt: 215554, throughput (MOPS): 0.205568

[sec 64]

overall totalpktcnt: 210488, throughput (MOPS): 0.200737

[sec 65]

overall totalpktcnt: 209306, throughput (MOPS): 0.199610

[sec 66]

overall totalpktcnt: 209924, throughput (MOPS): 0.200199

[sec 67]

overall totalpktcnt: 208718, throughput (MOPS): 0.199049

[sec 68]

overall totalpktcnt: 209816, throughput (MOPS): 0.200096

[sec 69]

overall totalpktcnt: 214412, throughput (MOPS): 0.204479

[Latency Statistics of total_latency_list ]
| min | max | avg | 90th | 99th | largest | median | sum |
| 12.267 | 372010 | 2370.38 | 12977.5 | 23306.1 | 372010 | 80.281 | 3.58884e+10 |
[Latency Statistics of perclient_avgsend_latency_list ]
| min | max | avg | 90th | 99th | largest | median | sum |
| 4.87853 | 5.2078 | 5.04198 | 5.11113 | 5.15621 | 5.2078 | 5.04384 | 2581.49 |
[Latency Statistics of perclient_avgwait_latency_list ]
| min | max | avg | 90th | 99th | largest | median | sum |
| 1.42329 | 1.59659 | 1.49316 | 1.53277 | 1.57642 | 1.59659 | 1.49032 | 764.5 |
total_unmatched_cnt: 0
total_timeout_cnt: 0
client-side total pktcnt: 15140375, total time: 70.124111 s, total thpt: 0.205906 MOPS
cache hit pktcnt: 2893562
per-server pktcnt: 1472165 1609535 1497020 1487227 1466783 1460014 1610939 1643130

per-sec total throughput:
228996 225946 234737 238353 225761 227110 223193 221914 224380 223593 234430 224588 219423 217415 219063 219960 220354 220051 222647 223786 208796 215600 218293 215046 210681 210580 218619 217132 213305 215239 217372 214374 214981 217429 218153 224674 221390 221629 221997 221314 235610 229121 188400 228862 230945 220540 224641 194930 223204 225162 211076 210179 212562 210714 208268 210030 208270 199869 194183 186893 216825 217781 141600 215565 210492 209276 209907 208736 209836 214287

per-sec per-server throughput:
21584 21929 23980 21082 20922 20619 21022 28368
21056 21829 23213 20888 21341 20533 20568 27214
22061 22706 24072 21487 22384 21285 21120 28399
22423 22916 24124 21859 22893 21386 21873 29058
21079 21632 23138 20627 19861 22227 20715 27190
20947 22271 23452 21354 19881 22169 20541 27404
20940 21361 22881 20684 19378 22036 20366 26632
20596 21456 22609 20537 19245 21932 20229 26429
21269 21355 22889 20599 19431 22140 20405 26880
21152 21318 22883 20639 19387 22229 20294 26663
23906 24212 25595 23619 21983 23634 23603 30008
22259 22476 23861 21880 20429 20989 22869 27480
21356 21786 23174 21247 20016 20804 22291 27303
21172 21573 23057 20906 19673 20694 22013 26878
21002 22003 23375 21240 19802 20355 22337 27196
21564 21760 23078 21124 19917 20732 22451 27135
21642 22131 23173 21152 19991 20739 22369 27319
21551 22052 23195 21167 19892 20847 22155 27138
21653 22107 23658 21567 20049 21042 22874 27405
22013 22387 23803 21501 20235 21165 22516 27366
20589 27043 19593 20183 22642 20926 22260 21790
20684 26920 19853 20288 23061 20706 22597 21764
20754 27424 20059 20389 23096 20828 22843 21950
20140 26799 19800 20234 22646 20597 22526 21689
19739 26236 19205 19857 22222 20029 22172 20759
19913 26133 18991 19657 21999 20280 22243 20917
20499 27052 19932 20431 22920 21133 22833 21570
20197 27045 19840 20426 22703 20805 22897 21660
19996 26558 19591 19836 22316 20168 22593 21184
20465 26714 19744 20036 22359 20305 22656 21734
21942 22555 23572 21962 20124 21388 22771 27163
20928 21658 22719 20988 19191 20675 22238 26315
20998 21443 22930 20399 19495 20629 22090 26545
21345 22162 23078 20819 19582 20529 22222 26499
21194 21833 23149 20815 19855 20840 22527 26497
21844 22804 23673 21640 20143 21331 23132 27606
21669 22072 23292 21331 19807 22639 21056 26863
21718 22235 23606 21447 20067 22668 20937 26992
21417 22173 23512 21351 19907 22743 21450 27115
21591 22392 23229 21289 19960 22721 21429 26927
24332 23876 23500 25545 22980 22951 30094 22896
23144 22606 22034 24750 21706 22283 28776 21855
19246 18626 18136 20350 17595 18367 23745 17757
23011 22547 21903 24620 21518 22042 28449 21462
23311 22562 22150 24570 21686 22218 28904 21823
22034 21208 21046 23378 20898 21636 27237 20951
22310 22047 21604 23762 21294 21698 27838 21256
19459 19232 18843 20737 18540 18607 24797 18519
22384 21852 21301 23598 20793 21653 27647 21229
22550 22526 21552 23782 21294 21812 27831 21325
20928 26958 20172 20263 22780 22033 20999 21567
19984 26384 19603 20052 22077 21770 20845 21245
20048 26835 19511 20206 22563 21589 20981 21416
19967 26500 19213 19697 22149 21649 20455 21006
19767 26379 18931 19531 21864 21678 20219 20799
19739 26704 19225 19813 22279 21536 20346 21145
19586 26732 18796 19479 22235 21235 20027 20698
19025 25045 18177 18747 22673 19404 19431 19937
18174 24332 17898 18031 22041 18758 18760 19443
17660 23409 16973 17530 21400 18006 18611 18729
22358 21742 21431 23971 21820 20364 27776 21137
22033 21562 20858 23452 21590 20339 27405 20669
14198 14252 13827 15476 14239 12886 17717 13249
21707 21201 20463 23162 21370 19769 26968 20397
20977 20733 20285 22492 21241 19414 25792 20076
20969 20613 19995 22476 21020 19350 26217 19555
21104 20567 20178 22202 20967 19293 26181 19784
21070 20389 19991 22264 20842 19099 26027 19773
21073 20497 20304 22196 21020 19272 25958 19881
21139 21079 20519 22529 21474 19781 26775 20514
Finish dumping statistics!
