workload_name: synthetic
workload_mode: 1
dynamic_periodnum: 7
dynamic_periodinterval: 10
dynamic_ruleprefix: dynamicrules/synthetic-hotin.out
val_t::MAX_VALLEN: 128
ParserIterator::load_batch_size: 10000
client_physical_num: 2
server_physical_num: 2
client_total_logical_num: 1024
server_total_logical_num: 8
server_total_logical_num_for_rotation: 128
max_server_total_logical_num: 8

client_rotationdataserver_port: 1025
client_sendpktserver_port_start: 1026
client_rulemapserver_port_start: 1036
client_worker_port_start: 8888

client_logical_nums[0]: 512
client_ips[0]: 10.0.1.11
client_macs[0]: 3c:fd:fe:bb:ca:79
client_fpports[0]: 11/0
client_pipeidxes[0]: 0
client_logical_nums[1]: 512
client_ips[1]: 10.0.1.15
client_macs[1]: 3c:fd:fe:b5:28:59
client_fpports[1]: 1/0
client_pipeidxes[1]: 1

server_load_factor: 5
server_worker_port_start: 1152
server_evictserver_port_start: 2222
server_popserver_port_start: 3333
server_valueupdateserver_port_start: 4224
transaction_loadfinishserver_port: 8000

server_worker_corenums[0]: 16
server_total_corenums[0]: 24
server_logical_idxes_list[0]: 0 1 2 3 
server_ips[0]: 10.0.1.16
server_macs[0]: 3c:fd:fe:b5:1f:e1
server_fpports[0]: 16/0
server_pipeidxes[0]: 0
server_ip_for_controller_list[0]: 172.16.112.16
server_worker_corenums[1]: 16
server_total_corenums[1]: 48
server_logical_idxes_list[1]: 4 5 6 7 
server_ips[1]: 10.0.1.13
server_macs[1]: 3c:fd:fe:bb:c9:c8
server_fpports[1]: 13/0
server_pipeidxes[1]: 0
server_ip_for_controller_list[1]: 172.16.112.13

controller ip for server: 172.16.112.16
controller ip for switchos: 172.16.112.16
controller_popserver_port_start: 5555
controller_evictserver_port: 5002
controller_snapshot_period: 10000
controller_warmupfinishserver_port: 5010

switch_partition_count: 32768
switch_kv_bucket_num: 10000
switch_pipeline_num: 2
val_t::SWITCH_MAX_VALLEN: 128
switchos_popserver_port: 5003
switchos ip: 172.16.112.17
switchos_sample_cnt: 10
switchos_snapshotserver_port: 5004
switchos_specialcaseserver_port: 5005
switchos_ptf_popserver_port: 5006
switchos_ptf_snapshotserver_port: 5007

reflector ip for switchos: 172.16.112.16
reflector_dp2cpserver_port: 5008
reflector_cp2dpserver_port: 5009

raw_load_workload_filename for loading phase: synthetic-load.out
server_load_workload_dir for loading phase: synthetic-load-8
raw_warmup_workload_filename for warmup phase: synthetic-warmup.out
raw_run_workload_filename for transaction phase: synthetic-run.out
client_workload_dir for transaction phase: synthetic-run-1024
perserver_keyrange: 8192

[client] prepare clients ...
[client 7] Ready.
[client 1] Ready.
[client 3] Ready.
[client 8] Ready.
[client 12] Ready.
[client 0] Ready.
[client 2] Ready.
[client 6] Ready.
[client 4] Ready.
[client 11] Ready.
[client 10] Ready.
[client 15] Ready.
[client 9] Ready.
[client 16] Ready.
[client 23] Ready.
[client 22] Ready.
[client 21] Ready.
[client 24] Ready.
[client 25] Ready.
[client 26] Ready.
[client 29] Ready.
[client 31] Ready.
[client 33] Ready.
[client 28] Ready.
[client 27] Ready.
[client 30] Ready.
[client 34] Ready.
[client 39] Ready.
[client 32] Ready.
[client 35] Ready.
[client 42] Ready.
[client 38] Ready.
[client 36] Ready.
[client 37] Ready.
[client 45] Ready.
[client 48] Ready.
[client 40] Ready.
[client 41] Ready.
[client 47] Ready.
[client 43] Ready.
[client 44] Ready.
[client 46] Ready.
[client 51] Ready.
[client 49] Ready.
[client 50] Ready.
[client 53] Ready.
[client 55] Ready.
[client 54] Ready.
[client 52] Ready.
[client 59] Ready.
[client 57] Ready.
[client 75] Ready.
[client 64] Ready.
[client 65] Ready.
[client 61] Ready.
[client 79] Ready.
[client 63] Ready.
[client 62] Ready.
[client 77] Ready.
[client 81] Ready.
[client 70] Ready.
[client 80] Ready.
[client 72] Ready.
[client 69] Ready.
[client 82] Ready.
[client 73] Ready.
[client 88] Ready.
[client 76] Ready.
[client 84] Ready.
[client 68] Ready.
[client 91] Ready.
[client 85] Ready.
[client 78] Ready.
[client 89] Ready.
[client 66] Ready.
[client 86] Ready.
[client 87] Ready.
[client 83] Ready.
[client 74] Ready.
[client 71] Ready.
[client 92] Ready.
[client 90] Ready.
[client 94] Ready.
[client 93] Ready.
[client 109] Ready.
[client 108] Ready.
[client 113] Ready.
[client 115] Ready.
[client 105] Ready.
[client 110] Ready.
[client 112] Ready.
[client 116] Ready.
[client 114] Ready.
[client 120] Ready.
[client 117] Ready.
[client 111] Ready.
[client 118] Ready.
[client 119] Ready.
[client 127] Ready.
[client 126] Ready.
[client 124] Ready.
[client 130] Ready.
[client 128] Ready.
[client 132] Ready.
[client 131] Ready.
[client 129] Ready.
[client 135] Ready.
[client 134] Ready.
[client 151] Ready.
[client 177] Ready.
[client 179] Ready.
[client 147] Ready.
[client 150] Ready.
[client 153] Ready.
[client 148] Ready.
[client 154] Ready.
[client 152] Ready.
[client 160] Ready.
[client 182] Ready.
[client 180] Ready.
[client 155] Ready.
[client 181] Ready.
[client 156] Ready.
[client 183] Ready.
[client 178] Ready.
[client 185] Ready.
[client 184] Ready.
[client 159] Ready.
[client 164] Ready.
[client 187] Ready.
[client 157] Ready.
[client 167] Ready.
[client 162] Ready.
[client 163] Ready.
[client 165] Ready.
[client 201] Ready.
[client 205] Ready.
[client 198] Ready.
[client 203] Ready.
[client 202] Ready.
[client 200] Ready.
[client 208] Ready.
[client 209] Ready.
[client 207] Ready.
[client 204] Ready.
[client 214] Ready.
[client 206] Ready.
[client 210] Ready.
[client 212] Ready.
[client 219] Ready.
[client 218] Ready.
[client 221] Ready.
[client 220] Ready.
[client 222] Ready.
[client 223] Ready.
[client 5] Ready.
[client 226] Ready.
[client 224] Ready.
[client 225] Ready.
[client 228] Ready.
[client 229] Ready.
[client 286] Ready.
[client 231] Ready.
[client 230] Ready.
[client 279] Ready.
[client 287] Ready.
[client 280] Ready.
[client 285] Ready.
[client 292] Ready.
[client 288] Ready.
[client 235] Ready.
[client 290] Ready.
[client 295] Ready.
[client 293] Ready.
[client 240] Ready.
[client 239] Ready.
[client 291] Ready.
[client 289] Ready.
[client 294] Ready.
[client 302] Ready.
[client 303] Ready.
[client 314] Ready.
[client 247] Ready.
[client 246] Ready.
[client 304] Ready.
[client 245] Ready.
[client 241] Ready.
[client 243] Ready.
[client 244] Ready.
[client 18] Ready.
[client 242] Ready.
[client 252] Ready.
[client 251] Ready.
[client 305] Ready.
[client 253] Ready.
[client 255] Ready.
[client 250] Ready.
[client 17] Ready.
[client 14] Ready.
[client 19] Ready.
[client 310] Ready.
[client 261] Ready.
[client 317] Ready.
[client 254] Ready.
[client 257] Ready.
[client 256] Ready.
[client 259] Ready.
[client 313] Ready.
[client 263] Ready.
[client 320] Ready.
[client 260] Ready.
[client 319] Ready.
[client 258] Ready.
[client 316] Ready.
[client 315] Ready.
[client 266] Ready.
[client 13] Ready.
[client 321] Ready.
[client 322] Ready.
[client 318] Ready.
[client 265] Ready.
[client 264] Ready.
[client 324] Ready.
[client 323] Ready.
[client 325] Ready.
[client 326] Ready.
[client 278] Ready.
[client 275] Ready.
[client 56] Ready.
[client 336] Ready.
[client 277] Ready.
[client 276] Ready.
[client 283] Ready.
[client 282] Ready.
[client 281] Ready.
[client 284] Ready.
[client 341] Ready.
[client 338] Ready.
[client 340] Ready.
[client 60] Ready.
[client 342] Ready.
[client 337] Ready.
[client 347] Ready.
[client 343] Ready.
[client 95] Ready.
[client 349] Ready.
[client 353] Ready.
[client 344] Ready.
[client 345] Ready.
[client 356] Ready.
[client 352] Ready.
[client 350] Ready.
[client 346] Ready.
[client 355] Ready.
[client 58] Ready.
[client 351] Ready.
[client 359] Ready.
[client 354] Ready.
[client 363] Ready.
[client 361] Ready.
[client 362] Ready.
[client 357] Ready.
[client 360] Ready.
[client 366] Ready.
[client 364] Ready.
[client 103] Ready.
[client 378] Ready.
[client 380] Ready.
[client 67] Ready.
[client 136] Ready.
[client 98] Ready.
[client 20] Ready.
[client 365] Ready.
[client 122] Ready.
[client 96] Ready.
[client 121] Ready.
[client 100] Ready.
[client 104] Ready.
[client 172] Ready.
[client 102] Ready.
[client 97] Ready.
[client 106] Ready.
[client 174] Ready.
[client 168] Ready.
[client 173] Ready.
[client 140] Ready.
[client 123] Ready.
[client 139] Ready.
[client 166] Ready.
[client 149] Ready.
[client 125] Ready.
[client 142] Ready.
[client 141] Ready.
[client 188] Ready.
[client 107] Ready.
[client 143] Ready.
[client 195] Ready.
[client 196] Ready.
[client 133] Ready.
[client 144] Ready.
[client 169] Ready.
[client 145] Ready.
[client 99] Ready.
[client 137] Ready.
[client 194] Ready.
[client 171] Ready.
[client 189] Ready.
[client 170] Ready.
[client 146] Ready.
[client 186] Ready.
[client 192] Ready.
[client 138] Ready.
[client 191] Ready.
[client 190] Ready.
[client 161] Ready.
[client 158] Ready.
[client 193] Ready.
[client 234] Ready.
[client 175] Ready.
[client 227] Ready.
[client 238] Ready.
[client 273] Ready.
[client 232] Ready.
[client 237] Ready.
[client 249] Ready.
[client 217] Ready.
[client 236] Ready.
[client 233] Ready.
[client 199] Ready.
[client 213] Ready.
[client 298] Ready.
[client 197] Ready.
[client 262] Ready.
[client 269] Ready.
[client 272] Ready.
[client 176] Ready.
[client 216] Ready.
[client 248] Ready.
[client 271] Ready.
[client 299] Ready.
[client 312] Ready.
[client 270] Ready.
[client 301] Ready.
[client 296] Ready.
[client 267] Ready.
[client 274] Ready.
[client 333] Ready.
[client 306] Ready.
[client 335] Ready.
[client 215] Ready.
[client 297] Ready.
[client 358] Ready.
[client 308] Ready.
[client 307] Ready.
[client 424] Ready.
[client 423] Ready.
[client 421] Ready.
[client 311] Ready.
[client 367] Ready.
[client 268] Ready.
[client 309] Ready.
[client 101] Ready.
[client 370] Ready.
[client 331] Ready.
[client 369] Ready.
[client 327] Ready.
[client 300] Ready.
[client 348] Ready.
[client 329] Ready.
[client 422] Ready.
[client 334] Ready.
[client 372] Ready.
[client 330] Ready.
[client 459] Ready.
[client 420] Ready.
[client 416] Ready.
[client 412] Ready.
[client 404] Ready.
[client 417] Ready.
[client 414] Ready.
[client 401] Ready.
[client 489] Ready.
[client 419] Ready.
[client 373] Ready.
[client 461] Ready.
[client 328] Ready.
[client 418] Ready.
[client 413] Ready.
[client 339] Ready.
[client 460] Ready.
[client 411] Ready.
[client 486] Ready.
[client 410] Ready.
[client 490] Ready.
[client 488] Ready.
[client 389] Ready.
[client 399] Ready.
[client 409] Ready.
[client 487] Ready.
[client 402] Ready.
[client 403] Ready.
[client 398] Ready.
[client 397] Ready.
[client 400] Ready.
[client 458] Ready.
[client 456] Ready.
[client 437] Ready.
[client 405] Ready.
[client 455] Ready.
[client 453] Ready.
[client 454] Ready.
[client 510] Ready.
[client 509] Ready.
[client 408] Ready.
[client 438] Ready.
[client 452] Ready.
[client 451] Ready.
[client 450] Ready.
[client 457] Ready.
[client 434] Ready.
[client 511] Ready.
[client 446] Ready.
[client 478] Ready.
[client 395] Ready.
[client 392] Ready.
[client 447] Ready.
[client 396] Ready.
[client 479] Ready.
[client 448] Ready.
[client 391] Ready.
[client 435] Ready.
[client 377] Ready.
[client 432] Ready.
[client 332] Ready.
[client 393] Ready.
[client 407] Ready.
[client 394] Ready.
[client 449] Ready.
[client 484] Ready.
[client 477] Ready.
[client 442] Ready.
[client 475] Ready.
[client 406] Ready.
[client 497] Ready.
[client 375] Ready.
[client 508] Ready.
[client 440] Ready.
[client 483] Ready.
[client 500] Ready.
[client 480] Ready.
[client 441] Ready.
[client 505] Ready.
[client 436] Ready.
[client 499] Ready.
[client 498] Ready.
[client 482] Ready.
[client 474] Ready.
[client 439] Ready.
[client 379] Ready.
[client 430] Ready.
[client 433] Ready.
[client 481] Ready.
[client 502] Ready.
[client 428] Ready.
[client 470] Ready.
[client 476] Ready.
[client 494] Ready.
[client 507] Ready.
[client 443] Ready.
[client 431] Ready.
[client 426] Ready.
[client 427] Ready.
[client 504] Ready.
[client 471] Ready.
[client 429] Ready.
[client 503] Ready.
[client 468] Ready.
[client 469] Ready.
[client 444] Ready.
[client 472] Ready.
[client 466] Ready.
[client 384] Ready.
[client 506] Ready.
[client 495] Ready.
[client 390] Ready.
[client 381] Ready.
[client 492] Ready.
[client 374] Ready.
[client 501] Ready.
[client 388] Ready.
[client 383] Ready.
[client 386] Ready.
[client 385] Ready.
[client 368] Ready.
[client 462] Ready.
[client 467] Ready.
[client 382] Ready.
[client 493] Ready.
[client 211] Ready.
[client 464] Ready.
[client 465] Ready.
[client 473] Ready.
[client 445] Ready.
[client 415] Ready.
[client 371] Ready.
[client 376] Ready.
[client 463] Ready.
[client 387] Ready.
[client 485] Ready.
[client 425] Ready.
[client 496] Ready.
[client 491] Ready.
[client] all clients ready...
start to send pkt
switch dynamic rulemap from period 0 to 1
switch dynamic rulemap from period 1 to 2
switch dynamic rulemap from period 2 to 3
switch dynamic rulemap from period 3 to 4
switch dynamic rulemap from period 4 to 5
switch dynamic rulemap from period 5 to 6
[client] all clients finish!
[client] processing statistics

thpt interval: 1 s, seccnt: 70

[sec 0]

overall totalpktcnt: 489548, throughput (MOPS): 0.466869

[sec 1]

overall totalpktcnt: 542858, throughput (MOPS): 0.517710

[sec 2]

overall totalpktcnt: 600354, throughput (MOPS): 0.572542

[sec 3]

overall totalpktcnt: 626920, throughput (MOPS): 0.597878

[sec 4]

overall totalpktcnt: 651773, throughput (MOPS): 0.621579

[sec 5]

overall totalpktcnt: 663876, throughput (MOPS): 0.633121

[sec 6]

overall totalpktcnt: 663061, throughput (MOPS): 0.632344

[sec 7]

overall totalpktcnt: 665969, throughput (MOPS): 0.635118

[sec 8]

overall totalpktcnt: 665395, throughput (MOPS): 0.634570

[sec 9]

overall totalpktcnt: 664215, throughput (MOPS): 0.633445

[sec 10]

overall totalpktcnt: 614972, throughput (MOPS): 0.586483

[sec 11]

overall totalpktcnt: 649448, throughput (MOPS): 0.619362

[sec 12]

overall totalpktcnt: 647847, throughput (MOPS): 0.617835

[sec 13]

overall totalpktcnt: 646158, throughput (MOPS): 0.616224

[sec 14]

overall totalpktcnt: 655660, throughput (MOPS): 0.625286

[sec 15]

overall totalpktcnt: 667875, throughput (MOPS): 0.636935

[sec 16]

overall totalpktcnt: 665896, throughput (MOPS): 0.635048

[sec 17]

overall totalpktcnt: 663237, throughput (MOPS): 0.632512

[sec 18]

overall totalpktcnt: 668064, throughput (MOPS): 0.637115

[sec 19]

overall totalpktcnt: 643128, throughput (MOPS): 0.613335

[sec 20]

overall totalpktcnt: 601081, throughput (MOPS): 0.573236

[sec 21]

overall totalpktcnt: 644021, throughput (MOPS): 0.614186

[sec 22]

overall totalpktcnt: 654544, throughput (MOPS): 0.624222

[sec 23]

overall totalpktcnt: 658931, throughput (MOPS): 0.628406

[sec 24]

overall totalpktcnt: 664745, throughput (MOPS): 0.633950

[sec 25]

overall totalpktcnt: 658046, throughput (MOPS): 0.627562

[sec 26]

overall totalpktcnt: 670611, throughput (MOPS): 0.639544

[sec 27]

overall totalpktcnt: 668823, throughput (MOPS): 0.637839

[sec 28]

overall totalpktcnt: 672190, throughput (MOPS): 0.641050

[sec 29]

overall totalpktcnt: 668082, throughput (MOPS): 0.637133

[sec 30]

overall totalpktcnt: 639136, throughput (MOPS): 0.609528

[sec 31]

overall totalpktcnt: 672098, throughput (MOPS): 0.640963

[sec 32]

overall totalpktcnt: 671852, throughput (MOPS): 0.640728

[sec 33]

overall totalpktcnt: 674508, throughput (MOPS): 0.643261

[sec 34]

overall totalpktcnt: 667793, throughput (MOPS): 0.636857

[sec 35]

overall totalpktcnt: 669774, throughput (MOPS): 0.638746

[sec 36]

overall totalpktcnt: 656686, throughput (MOPS): 0.626265

[sec 37]

overall totalpktcnt: 645722, throughput (MOPS): 0.615808

[sec 38]

overall totalpktcnt: 646924, throughput (MOPS): 0.616955

[sec 39]

overall totalpktcnt: 643744, throughput (MOPS): 0.613922

[sec 40]

overall totalpktcnt: 621238, throughput (MOPS): 0.592459

[sec 41]

overall totalpktcnt: 669431, throughput (MOPS): 0.638419

[sec 42]

overall totalpktcnt: 667373, throughput (MOPS): 0.636456

[sec 43]

overall totalpktcnt: 664617, throughput (MOPS): 0.633828

[sec 44]

overall totalpktcnt: 663596, throughput (MOPS): 0.632854

[sec 45]

overall totalpktcnt: 667223, throughput (MOPS): 0.636313

[sec 46]

overall totalpktcnt: 670813, throughput (MOPS): 0.639737

[sec 47]

overall totalpktcnt: 670319, throughput (MOPS): 0.639266

[sec 48]

overall totalpktcnt: 669408, throughput (MOPS): 0.638397

[sec 49]

overall totalpktcnt: 671729, throughput (MOPS): 0.640611

[sec 50]

overall totalpktcnt: 632153, throughput (MOPS): 0.602868

[sec 51]

overall totalpktcnt: 668078, throughput (MOPS): 0.637129

[sec 52]

overall totalpktcnt: 670169, throughput (MOPS): 0.639123

[sec 53]

overall totalpktcnt: 653885, throughput (MOPS): 0.623593

[sec 54]

overall totalpktcnt: 652361, throughput (MOPS): 0.622140

[sec 55]

overall totalpktcnt: 662092, throughput (MOPS): 0.631420

[sec 56]

overall totalpktcnt: 656288, throughput (MOPS): 0.625885

[sec 57]

overall totalpktcnt: 678199, throughput (MOPS): 0.646781

[sec 58]

overall totalpktcnt: 713955, throughput (MOPS): 0.680881

[sec 59]

overall totalpktcnt: 719886, throughput (MOPS): 0.686537

[sec 60]

overall totalpktcnt: 677191, throughput (MOPS): 0.645820

[sec 61]

overall totalpktcnt: 716860, throughput (MOPS): 0.683651

[sec 62]

overall totalpktcnt: 719092, throughput (MOPS): 0.685780

[sec 63]

overall totalpktcnt: 718316, throughput (MOPS): 0.685040

[sec 64]

overall totalpktcnt: 712711, throughput (MOPS): 0.679694

[sec 65]

overall totalpktcnt: 717021, throughput (MOPS): 0.683805

[sec 66]

overall totalpktcnt: 717052, throughput (MOPS): 0.683834

[sec 67]

overall totalpktcnt: 717188, throughput (MOPS): 0.683964

[sec 68]

overall totalpktcnt: 720283, throughput (MOPS): 0.686915

[sec 69]

overall totalpktcnt: 728207, throughput (MOPS): 0.694472

[Latency Statistics of total_latency_list ]
| min | max | avg | 90th | 99th | largest | median | sum |
| 11.412 | 17221.7 | 773.343 | 2057.76 | 9004.28 | 17221.7 | 77.706 | 3.58775e+10 |
[Latency Statistics of perclient_avgsend_latency_list ]
| min | max | avg | 90th | 99th | largest | median | sum |
| 5.96392 | 6.8426 | 6.4056 | 6.67213 | 6.80834 | 6.8426 | 6.40587 | 3279.67 |
[Latency Statistics of perclient_avgwait_latency_list ]
| min | max | avg | 90th | 99th | largest | median | sum |
| 1.66345 | 2.12815 | 1.87104 | 1.99391 | 2.0661 | 2.12815 | 1.86901 | 957.971 |
total_unmatched_cnt: 0
total_timeout_cnt: 0
client-side total pktcnt: 46392702, total time: 70.139026 s, total thpt: 0.630798 MOPS
cache hit pktcnt: 22487018
per-server pktcnt: 2988422 2991743 2987843 2987582 2986227 2984769 2986357 2992741

per-sec total throughput:
489237 542727 600326 626803 651845 663787 663115 665948 665434 664294 614948 649525 647838 646173 655612 667865 665938 663273 668063 643065 601098 644028 654532 658923 664755 657974 670661 668833 672196 668037 639139 672169 671796 674590 667686 669838 656785 645626 646901 643707 621186 669527 667356 664619 663622 667168 670914 670293 669414 671668 632208 668042 670252 653887 652265 662028 656378 678195 713942 719916 677209 716784 719135 718344 712724 716958 717074 717128 720292 727856

per-sec per-server throughput:
31230 31407 30884 31014 30845 31111 30652 31132
34445 34574 34593 34556 34588 34891 34420 34401
38275 38205 38076 38244 38013 37944 38247 37989
39796 40007 39975 39465 39837 39942 40179 39774
41463 41283 41292 41383 41253 41440 41124 41763
42198 42016 42149 42177 42232 42073 42064 42334
42059 41795 42381 42082 42312 42168 42303 42053
42294 42411 42371 42585 42439 42180 42537 42478
42442 42743 42328 42511 42058 42294 42490 42632
41878 42549 42400 42412 42484 42264 41957 42035
42268 42048 41972 41779 41928 42550 42194 41976
41290 41516 41430 41447 41780 41255 41772 41405
41798 41466 41280 41204 41339 41128 41105 41514
41299 41316 41092 41469 41056 41201 41076 41394
41818 41653 41703 41774 41743 41669 41557 42292
42651 42535 42844 42670 42426 42441 42471 42346
42945 42534 42447 42318 42494 42404 42539 42680
42564 42073 42454 42233 42606 42444 42419 42285
42614 42761 42513 42939 42675 42315 42576 42939
40755 41469 41283 40904 41180 40953 40985 40746
40961 41084 40931 40750 41473 41015 40913 40865
41521 41186 40980 41515 41293 41046 41176 41322
42060 41812 41405 41765 41911 41543 41773 42202
42243 41934 41926 42451 41875 42146 42318 42211
42193 42417 42220 42548 42667 42450 42648 42553
41892 42283 42465 41742 41820 42116 42056 42096
43120 42926 42885 43216 42662 42707 42585 43079
42852 42584 42606 43077 42866 42807 42811 42597
43003 43339 43143 42995 42840 42780 42760 43204
43066 42828 42655 42795 42439 42933 42532 42905
43230 43701 43341 43175 43092 43257 43162 43247
42812 43079 43302 42939 42914 43010 42845 42881
43010 42893 42991 42783 42939 43101 42933 42856
43127 42822 43269 43338 43437 42897 42830 43556
42716 42808 43099 42919 42589 42642 42819 42846
42871 42536 43091 42969 43140 42875 42825 42892
42287 42078 41474 42519 41925 41938 42285 42422
41122 41373 41504 41586 41462 41335 40993 41668
41631 41538 41614 41374 41403 41314 41377 41497
41290 41578 41269 41522 41173 41300 40967 41242
42656 42572 42280 42636 42512 42050 42267 42345
42853 43004 43059 42822 42796 43106 42693 43210
42880 42701 42997 42585 42896 43005 42690 42687
42640 42782 42351 42733 42651 42626 42789 42835
42847 43035 42241 42265 42537 42666 42920 42927
42835 42972 42764 42718 43078 42748 42907 42778
42974 43161 43022 43251 43063 43025 42949 42907
43067 43345 42905 42898 43085 43062 42966 43068
42686 43083 42848 43100 43059 42771 43181 42993
43088 43413 42852 42915 43182 42875 43003 43079
42944 43212 43323 43548 42995 43073 43394 43256
42806 43000 43181 42847 42718 42884 42961 43248
42852 42959 43056 43483 43123 43298 43071 43256
42195 42288 42186 42494 41866 42332 41931 41740
41914 42117 41876 42189 41757 41736 42170 41987
42546 42717 42433 42201 43068 42308 42564 42738
42219 42728 42484 41965 42330 41819 41656 42034
43590 43582 43798 43424 43674 43666 43598 43991
46043 45912 45809 45851 46221 45807 46045 46011
46268 46330 46496 46150 46289 46310 46179 46248
46056 46170 46416 45858 46490 46374 46562 46217
46379 46583 45957 46188 45777 46279 46505 46430
46343 46725 46411 46055 46063 46278 46478 46751
46068 46561 46089 46436 46351 46112 46627 46401
46204 45854 45953 45902 45628 45863 46557 46270
46422 46287 46593 46113 46019 46269 46515 46162
46208 45983 46770 46092 46288 46525 46406 46301
46418 46556 46421 46399 46119 46154 46324 46548
46395 46108 46716 46491 46528 46591 46238 46861
46856 46768 46841 46741 46779 47198 46852 47079
Finish dumping statistics!
