workload_name: synthetic
workload_mode: 1
dynamic_periodnum: 7
dynamic_periodinterval: 10
dynamic_ruleprefix: dynamicrules/synthetic-hotin.out
val_t::MAX_VALLEN: 128
ParserIterator::load_batch_size: 10000
client_physical_num: 2
server_physical_num: 2
client_total_logical_num: 1024
server_total_logical_num: 8
server_total_logical_num_for_rotation: 128
max_server_total_logical_num: 8

client_rotationdataserver_port: 1025
client_sendpktserver_port_start: 1026
client_rulemapserver_port_start: 1036
client_worker_port_start: 8888

client_logical_nums[0]: 512
client_ips[0]: 10.0.1.11
client_macs[0]: 3c:fd:fe:bb:ca:79
client_fpports[0]: 11/0
client_pipeidxes[0]: 0
client_logical_nums[1]: 512
client_ips[1]: 10.0.1.15
client_macs[1]: 3c:fd:fe:b5:28:59
client_fpports[1]: 1/0
client_pipeidxes[1]: 1

server_load_factor: 5
server_worker_port_start: 1152
server_evictserver_port_start: 2222
server_popserver_port_start: 3333
server_valueupdateserver_port_start: 4224
transaction_loadfinishserver_port: 8000

server_worker_corenums[0]: 16
server_total_corenums[0]: 24
server_logical_idxes_list[0]: 0 1 2 3 
server_ips[0]: 10.0.1.16
server_macs[0]: 3c:fd:fe:b5:1f:e1
server_fpports[0]: 16/0
server_pipeidxes[0]: 0
server_ip_for_controller_list[0]: 172.16.112.16
server_worker_corenums[1]: 16
server_total_corenums[1]: 48
server_logical_idxes_list[1]: 4 5 6 7 
server_ips[1]: 10.0.1.13
server_macs[1]: 3c:fd:fe:bb:c9:c8
server_fpports[1]: 13/0
server_pipeidxes[1]: 0
server_ip_for_controller_list[1]: 172.16.112.13

controller ip for server: 172.16.112.16
controller ip for switchos: 172.16.112.16
controller_popserver_port_start: 5555
controller_evictserver_port: 5002
controller_snapshot_period: 10000
controller_warmupfinishserver_port: 5010

switch_partition_count: 32768
switch_kv_bucket_num: 10000
switch_pipeline_num: 2
val_t::SWITCH_MAX_VALLEN: 128
switchos_popserver_port: 5003
switchos ip: 172.16.112.17
switchos_sample_cnt: 10
switchos_snapshotserver_port: 5004
switchos_specialcaseserver_port: 5005
switchos_ptf_popserver_port: 5006
switchos_ptf_snapshotserver_port: 5007

reflector ip for switchos: 172.16.112.16
reflector_dp2cpserver_port: 5008
reflector_cp2dpserver_port: 5009

raw_load_workload_filename for loading phase: synthetic-load.out
server_load_workload_dir for loading phase: synthetic-load-8
raw_warmup_workload_filename for warmup phase: synthetic-warmup.out
raw_run_workload_filename for transaction phase: synthetic-run.out
client_workload_dir for transaction phase: synthetic-run-1024
perserver_keyrange: 8192

[client.sendpktserver] ready
[client] prepare clients ...
[client.rulemapserver] ready
[client 0] Ready.
[client 1] Ready.
[client 2] Ready.
[client 7] Ready.
[client 5] Ready.
[client 6] Ready.
[client 4] Ready.
[client 9] Ready.
[client 10] Ready.
[client 8] Ready.
[client 11] Ready.
[client 3] Ready.
[client 12] Ready.
[client 14] Ready.
[client 13] Ready.
[client 15] Ready.
[client 16] Ready.
[client 17] Ready.
[client 22] Ready.
[client 27] Ready.
[client 28] Ready.
[client 23] Ready.
[client 26] Ready.
[client 31] Ready.
[client 24] Ready.
[client 25] Ready.
[client 29] Ready.
[client 30] Ready.
[client 34] Ready.
[client 32] Ready.
[client 37] Ready.
[client 36] Ready.
[client 33] Ready.
[client 38] Ready.
[client 39] Ready.
[client 42] Ready.
[client 40] Ready.
[client 43] Ready.
[client 35] Ready.
[client 46] Ready.
[client 44] Ready.
[client 41] Ready.
[client 45] Ready.
[client 51] Ready.
[client 55] Ready.
[client 52] Ready.
[client 53] Ready.
[client 54] Ready.
[client 58] Ready.
[client 56] Ready.
[client 59] Ready.
[client 83] Ready.
[client 84] Ready.
[client 87] Ready.
[client 73] Ready.
[client 75] Ready.
[client 72] Ready.
[client 89] Ready.
[client 85] Ready.
[client 71] Ready.
[client 86] Ready.
[client 78] Ready.
[client 90] Ready.
[client 88] Ready.
[client 74] Ready.
[client 76] Ready.
[client 77] Ready.
[client 95] Ready.
[client 91] Ready.
[client 92] Ready.
[client 96] Ready.
[client 94] Ready.
[client 99] Ready.
[client 97] Ready.
[client 101] Ready.
[client 102] Ready.
[client 100] Ready.
[client 104] Ready.
[client 98] Ready.
[client 105] Ready.
[client 103] Ready.
[client 120] Ready.
[client 125] Ready.
[client 123] Ready.
[client 121] Ready.
[client 126] Ready.
[client 124] Ready.
[client 119] Ready.
[client 133] Ready.
[client 122] Ready.
[client 130] Ready.
[client 127] Ready.
[client 128] Ready.
[client 129] Ready.
[client 132] Ready.
[client 135] Ready.
[client 134] Ready.
[client 131] Ready.
[client 137] Ready.
[client 155] Ready.
[client 149] Ready.
[client 150] Ready.
[client 153] Ready.
[client 154] Ready.
[client 152] Ready.
[client 186] Ready.
[client 184] Ready.
[client 185] Ready.
[client 156] Ready.
[client 183] Ready.
[client 188] Ready.
[client 162] Ready.
[client 161] Ready.
[client 187] Ready.
[client 189] Ready.
[client 193] Ready.
[client 190] Ready.
[client 164] Ready.
[client 191] Ready.
[client 199] Ready.
[client 163] Ready.
[client 165] Ready.
[client 195] Ready.
[client 192] Ready.
[client 166] Ready.
[client 168] Ready.
[client 167] Ready.
[client 169] Ready.
[client 197] Ready.
[client 182] Ready.
[client 198] Ready.
[client 203] Ready.
[client 201] Ready.
[client 202] Ready.
[client 200] Ready.
[client 205] Ready.
[client 178] Ready.
[client 176] Ready.
[client 204] Ready.
[client 180] Ready.
[client 208] Ready.
[client 173] Ready.
[client 175] Ready.
[client 179] Ready.
[client 209] Ready.
[client 177] Ready.
[client 206] Ready.
[client 210] Ready.
[client 217] Ready.
[client 181] Ready.
[client 212] Ready.
[client 213] Ready.
[client 211] Ready.
[client 219] Ready.
[client 214] Ready.
[client 215] Ready.
[client 216] Ready.
[client 231] Ready.
[client 229] Ready.
[client 232] Ready.
[client 235] Ready.
[client 233] Ready.
[client 234] Ready.
[client 21] Ready.
[client 236] Ready.
[client 240] Ready.
[client 237] Ready.
[client 239] Ready.
[client 238] Ready.
[client 242] Ready.
[client 241] Ready.
[client 314] Ready.
[client 304] Ready.
[client 299] Ready.
[client 244] Ready.
[client 300] Ready.
[client 245] Ready.
[client 246] Ready.
[client 301] Ready.
[client 302] Ready.
[client 305] Ready.
[client 247] Ready.
[client 249] Ready.
[client 306] Ready.
[client 243] Ready.
[client 303] Ready.
[client 248] Ready.
[client 307] Ready.
[client 308] Ready.
[client 309] Ready.
[client 312] Ready.
[client 311] Ready.
[client 310] Ready.
[client 253] Ready.
[client 254] Ready.
[client 261] Ready.
[client 265] Ready.
[client 267] Ready.
[client 325] Ready.
[client 321] Ready.
[client 264] Ready.
[client 323] Ready.
[client 268] Ready.
[client 324] Ready.
[client 266] Ready.
[client 322] Ready.
[client 326] Ready.
[client 272] Ready.
[client 270] Ready.
[client 269] Ready.
[client 333] Ready.
[client 271] Ready.
[client 276] Ready.
[client 335] Ready.
[client 279] Ready.
[client 281] Ready.
[client 20] Ready.
[client 277] Ready.
[client 273] Ready.
[client 280] Ready.
[client 18] Ready.
[client 19] Ready.
[client 275] Ready.
[client 274] Ready.
[client 337] Ready.
[client 278] Ready.
[client 282] Ready.
[client 338] Ready.
[client 339] Ready.
[client 63] Ready.
[client 284] Ready.
[client 341] Ready.
[client 336] Ready.
[client 285] Ready.
[client 283] Ready.
[client 340] Ready.
[client 342] Ready.
[client 345] Ready.
[client 344] Ready.
[client 286] Ready.
[client 349] Ready.
[client 348] Ready.
[client 347] Ready.
[client 352] Ready.
[client 351] Ready.
[client 350] Ready.
[client 355] Ready.
[client 346] Ready.
[client 354] Ready.
[client 359] Ready.
[client 48] Ready.
[client 360] Ready.
[client 353] Ready.
[client 356] Ready.
[client 358] Ready.
[client 357] Ready.
[client 361] Ready.
[client 370] Ready.
[client 49] Ready.
[client 62] Ready.
[client 47] Ready.
[client 371] Ready.
[client 67] Ready.
[client 372] Ready.
[client 61] Ready.
[client 106] Ready.
[client 109] Ready.
[client 66] Ready.
[client 57] Ready.
[client 107] Ready.
[client 93] Ready.
[client 139] Ready.
[client 80] Ready.
[client 65] Ready.
[client 146] Ready.
[client 50] Ready.
[client 64] Ready.
[client 60] Ready.
[client 118] Ready.
[client 141] Ready.
[client 68] Ready.
[client 110] Ready.
[client 148] Ready.
[client 69] Ready.
[client 138] Ready.
[client 111] Ready.
[client 115] Ready.
[client 108] Ready.
[client 79] Ready.
[client 145] Ready.
[client 112] Ready.
[client 114] Ready.
[client 172] Ready.
[client 147] Ready.
[client 113] Ready.
[client 170] Ready.
[client 142] Ready.
[client 116] Ready.
[client 82] Ready.
[client 144] Ready.
[client 81] Ready.
[client 151] Ready.
[client 143] Ready.
[client 70] Ready.
[client 171] Ready.
[client 140] Ready.
[client 117] Ready.
[client 136] Ready.
[client 227] Ready.
[client 160] Ready.
[client 250] Ready.
[client 221] Ready.
[client 218] Ready.
[client 174] Ready.
[client 224] Ready.
[client 220] Ready.
[client 255] Ready.
[client 158] Ready.
[client 223] Ready.
[client 225] Ready.
[client 294] Ready.
[client 251] Ready.
[client 222] Ready.
[client 159] Ready.
[client 157] Ready.
[client 293] Ready.
[client 257] Ready.
[client 290] Ready.
[client 262] Ready.
[client 295] Ready.
[client 258] Ready.
[client 263] Ready.
[client 256] Ready.
[client 260] Ready.
[client 196] Ready.
[client 259] Ready.
[client 313] Ready.
[client 228] Ready.
[client 194] Ready.
[client 252] Ready.
[client 289] Ready.
[client 207] Ready.
[client 296] Ready.
[client 334] Ready.
[client 328] Ready.
[client 298] Ready.
[client 320] Ready.
[client 288] Ready.
[client 330] Ready.
[client 287] Ready.
[client 329] Ready.
[client 226] Ready.
[client 331] Ready.
[client 230] Ready.
[client 332] Ready.
[client 318] Ready.
[client 315] Ready.
[client 316] Ready.
[client 327] Ready.
[client 291] Ready.
[client 317] Ready.
[client 464] Ready.
[client 374] Ready.
[client 363] Ready.
[client 376] Ready.
[client 297] Ready.
[client 496] Ready.
[client 364] Ready.
[client 423] Ready.
[client 465] Ready.
[client 368] Ready.
[client 430] Ready.
[client 463] Ready.
[client 428] Ready.
[client 424] Ready.
[client 429] Ready.
[client 367] Ready.
[client 319] Ready.
[client 366] Ready.
[client 425] Ready.
[client 362] Ready.
[client 378] Ready.
[client 373] Ready.
[client 426] Ready.
[client 460] Ready.
[client 402] Ready.
[client 414] Ready.
[client 466] Ready.
[client 418] Ready.
[client 422] Ready.
[client 427] Ready.
[client 495] Ready.
[client 415] Ready.
[client 407] Ready.
[client 421] Ready.
[client 497] Ready.
[client 292] Ready.
[client 416] Ready.
[client 420] Ready.
[client 419] Ready.
[client 445] Ready.
[client 409] Ready.
[client 403] Ready.
[client 417] Ready.
[client 405] Ready.
[client 404] Ready.
[client 459] Ready.
[client 494] Ready.
[client 455] Ready.
[client 456] Ready.
[client 461] Ready.
[client 457] Ready.
[client 439] Ready.
[client 454] Ready.
[client 438] Ready.
[client 399] Ready.
[client 487] Ready.
[client 449] Ready.
[client 369] Ready.
[client 462] Ready.
[client 453] Ready.
[client 486] Ready.
[client 381] Ready.
[client 450] Ready.
[client 458] Ready.
[client 452] Ready.
[client 406] Ready.
[client 491] Ready.
[client 442] Ready.
[client 397] Ready.
[client 395] Ready.
[client 489] Ready.
[client 413] Ready.
[client 451] Ready.
[client 396] Ready.
[client 490] Ready.
[client 488] Ready.
[client 443] Ready.
[client 375] Ready.
[client 412] Ready.
[client 400] Ready.
[client 484] Ready.
[client 492] Ready.
[client 380] Ready.
[client 447] Ready.
[client 410] Ready.
[client 411] Ready.
[client 440] Ready.
[client 444] Ready.
[client 398] Ready.
[client 483] Ready.
[client 437] Ready.
[client 482] Ready.
[client 476] Ready.
[client 377] Ready.
[client 493] Ready.
[client 441] Ready.
[client 408] Ready.
[client 401] Ready.
[client 343] Ready.
[client 477] Ready.
[client 505] Ready.
[client 365] Ready.
[client 499] Ready.
[client 394] Ready.
[client 507] Ready.
[client 511] Ready.
[client 448] Ready.
[client 435] Ready.
[client 508] Ready.
[client 446] Ready.
[client 485] Ready.
[client 434] Ready.
[client 509] Ready.
[client 475] Ready.
[client 431] Ready.
[client 383] Ready.
[client 432] Ready.
[client 474] Ready.
[client 481] Ready.
[client 498] Ready.
[client 436] Ready.
[client 393] Ready.
[client 379] Ready.
[client 478] Ready.
[client 390] Ready.
[client 472] Ready.
[client 433] Ready.
[client 479] Ready.
[client 388] Ready.
[client 470] Ready.
[client 469] Ready.
[client 500] Ready.
[client 473] Ready.
[client 510] Ready.
[client 389] Ready.
[client 392] Ready.
[client 503] Ready.
[client 467] Ready.
[client 502] Ready.
[client 387] Ready.
[client 385] Ready.
[client 471] Ready.
[client 386] Ready.
[client 480] Ready.
[client 391] Ready.
[client 468] Ready.
[client 382] Ready.
[client 384] Ready.
[client 501] Ready.
[client 504] Ready.
[client 506] Ready.
[client] all clients ready...
wait to be able to send pkt if necessary
start to send pkt
switch dynamic rulemap from period 0 to 1
switch dynamic rulemap from period 1 to 2
switch dynamic rulemap from period 2 to 3
switch dynamic rulemap from period 3 to 4
switch dynamic rulemap from period 4 to 5
switch dynamic rulemap from period 5 to 6
[client] all clients finish!
[client] processing statistics

thpt interval: 1 s, seccnt: 70

[sec 0]

overall totalpktcnt: 486063, throughput (MOPS): 0.463546

[sec 1]

overall totalpktcnt: 544853, throughput (MOPS): 0.519612

[sec 2]

overall totalpktcnt: 601606, throughput (MOPS): 0.573736

[sec 3]

overall totalpktcnt: 635583, throughput (MOPS): 0.606139

[sec 4]

overall totalpktcnt: 651512, throughput (MOPS): 0.621330

[sec 5]

overall totalpktcnt: 666123, throughput (MOPS): 0.635264

[sec 6]

overall totalpktcnt: 672842, throughput (MOPS): 0.641672

[sec 7]

overall totalpktcnt: 671035, throughput (MOPS): 0.639949

[sec 8]

overall totalpktcnt: 671684, throughput (MOPS): 0.640568

[sec 9]

overall totalpktcnt: 667755, throughput (MOPS): 0.636821

[sec 10]

overall totalpktcnt: 617561, throughput (MOPS): 0.588952

[sec 11]

overall totalpktcnt: 655780, throughput (MOPS): 0.625401

[sec 12]

overall totalpktcnt: 652920, throughput (MOPS): 0.622673

[sec 13]

overall totalpktcnt: 650144, throughput (MOPS): 0.620026

[sec 14]

overall totalpktcnt: 654254, throughput (MOPS): 0.623945

[sec 15]

overall totalpktcnt: 673597, throughput (MOPS): 0.642392

[sec 16]

overall totalpktcnt: 666981, throughput (MOPS): 0.636083

[sec 17]

overall totalpktcnt: 674362, throughput (MOPS): 0.643122

[sec 18]

overall totalpktcnt: 669332, throughput (MOPS): 0.638325

[sec 19]

overall totalpktcnt: 643822, throughput (MOPS): 0.613997

[sec 20]

overall totalpktcnt: 602554, throughput (MOPS): 0.574640

[sec 21]

overall totalpktcnt: 645066, throughput (MOPS): 0.615183

[sec 22]

overall totalpktcnt: 654167, throughput (MOPS): 0.623862

[sec 23]

overall totalpktcnt: 666545, throughput (MOPS): 0.635667

[sec 24]

overall totalpktcnt: 668823, throughput (MOPS): 0.637839

[sec 25]

overall totalpktcnt: 665101, throughput (MOPS): 0.634290

[sec 26]

overall totalpktcnt: 675605, throughput (MOPS): 0.644307

[sec 27]

overall totalpktcnt: 677816, throughput (MOPS): 0.646416

[sec 28]

overall totalpktcnt: 678049, throughput (MOPS): 0.646638

[sec 29]

overall totalpktcnt: 673961, throughput (MOPS): 0.642739

[sec 30]

overall totalpktcnt: 640440, throughput (MOPS): 0.610771

[sec 31]

overall totalpktcnt: 677406, throughput (MOPS): 0.646025

[sec 32]

overall totalpktcnt: 677064, throughput (MOPS): 0.645699

[sec 33]

overall totalpktcnt: 677770, throughput (MOPS): 0.646372

[sec 34]

overall totalpktcnt: 675017, throughput (MOPS): 0.643746

[sec 35]

overall totalpktcnt: 675572, throughput (MOPS): 0.644276

[sec 36]

overall totalpktcnt: 661730, throughput (MOPS): 0.631075

[sec 37]

overall totalpktcnt: 647725, throughput (MOPS): 0.617719

[sec 38]

overall totalpktcnt: 651367, throughput (MOPS): 0.621192

[sec 39]

overall totalpktcnt: 648812, throughput (MOPS): 0.618755

[sec 40]

overall totalpktcnt: 621013, throughput (MOPS): 0.592244

[sec 41]

overall totalpktcnt: 671062, throughput (MOPS): 0.639975

[sec 42]

overall totalpktcnt: 668378, throughput (MOPS): 0.637415

[sec 43]

overall totalpktcnt: 672029, throughput (MOPS): 0.640897

[sec 44]

overall totalpktcnt: 669537, throughput (MOPS): 0.638520

[sec 45]

overall totalpktcnt: 670113, throughput (MOPS): 0.639070

[sec 46]

overall totalpktcnt: 671758, throughput (MOPS): 0.640638

[sec 47]

overall totalpktcnt: 676358, throughput (MOPS): 0.645025

[sec 48]

overall totalpktcnt: 671408, throughput (MOPS): 0.640305

[sec 49]

overall totalpktcnt: 677517, throughput (MOPS): 0.646131

[sec 50]

overall totalpktcnt: 639017, throughput (MOPS): 0.609414

[sec 51]

overall totalpktcnt: 676986, throughput (MOPS): 0.645624

[sec 52]

overall totalpktcnt: 672805, throughput (MOPS): 0.641637

[sec 53]

overall totalpktcnt: 659289, throughput (MOPS): 0.628747

[sec 54]

overall totalpktcnt: 655918, throughput (MOPS): 0.625532

[sec 55]

overall totalpktcnt: 661704, throughput (MOPS): 0.631050

[sec 56]

overall totalpktcnt: 661458, throughput (MOPS): 0.630816

[sec 57]

overall totalpktcnt: 683362, throughput (MOPS): 0.651705

[sec 58]

overall totalpktcnt: 722702, throughput (MOPS): 0.689222

[sec 59]

overall totalpktcnt: 726297, throughput (MOPS): 0.692651

[sec 60]

overall totalpktcnt: 684434, throughput (MOPS): 0.652727

[sec 61]

overall totalpktcnt: 724373, throughput (MOPS): 0.690816

[sec 62]

overall totalpktcnt: 726734, throughput (MOPS): 0.693068

[sec 63]

overall totalpktcnt: 731480, throughput (MOPS): 0.697594

[sec 64]

overall totalpktcnt: 726550, throughput (MOPS): 0.692892

[sec 65]

overall totalpktcnt: 728773, throughput (MOPS): 0.695012

[sec 66]

overall totalpktcnt: 729661, throughput (MOPS): 0.695859

[sec 67]

overall totalpktcnt: 728048, throughput (MOPS): 0.694321

[sec 68]

overall totalpktcnt: 726306, throughput (MOPS): 0.692659

[sec 69]

overall totalpktcnt: 724857, throughput (MOPS): 0.691278

[Latency Statistics of total_latency_list ]
| min | max | avg | 90th | 99th | largest | median | sum |
| 11.718 | 17198.8 | 767.736 | 2051.02 | 8997.03 | 17198.8 | 66.73 | 3.58751e+10 |
[Latency Statistics of perclient_avgsend_latency_list ]
| min | max | avg | 90th | 99th | largest | median | sum |
| 5.5864 | 5.98282 | 5.82155 | 5.91507 | 5.95895 | 5.98282 | 5.82788 | 2980.63 |
[Latency Statistics of perclient_avgwait_latency_list ]
| min | max | avg | 90th | 99th | largest | median | sum |
| 1.10626 | 1.27476 | 1.19148 | 1.23671 | 1.26796 | 1.27476 | 1.18849 | 610.04 |
total_unmatched_cnt: 0
total_timeout_cnt: 1
client-side total pktcnt: 46728474, total time: 70.117976 s, total thpt: 0.635554 MOPS
cache hit pktcnt: 22664065
per-server pktcnt: 3010444 3012228 3009741 3005592 3005461 3005680 3006296 3008967

per-sec total throughput:
485788 544806 601567 635547 651375 666301 672716 671160 671630 667739 617608 655703 652997 650152 654266 673545 667085 674267 669277 643959 602509 645054 654085 666645 668790 665133 675549 677855 678061 673899 640416 677482 676935 677910 675016 675525 661793 647752 651275 648878 620938 671100 668320 672091 669444 670214 671765 676256 671489 677506 638995 677049 672703 659176 656137 661674 661497 683300 722763 726220 684329 724498 726588 731528 726620 728754 729580 728089 726294 724875

per-sec per-server throughput:
30924 30761 31221 30972 30745 30965 30729 31008
34613 34492 34376 34494 34783 34479 34558 34668
38119 38604 38146 38506 38211 38482 38222 38120
40538 40124 40286 40221 40154 40098 40209 40272
41560 41647 41336 41028 41574 41451 41466 41176
42079 42295 42725 42467 42580 42275 41999 42334
42636 42889 42548 42825 42475 42765 42457 42973
42696 42682 42592 42568 42382 42751 42678 42705
42778 42851 42556 42350 42986 42564 42942 42832
42131 42396 42248 42341 42381 42779 42596 42617
42340 42175 42299 42218 41787 42290 42419 42315
41772 41995 41537 41863 42186 41720 41865 42029
41798 42121 41491 41655 41548 41632 41675 41629
41578 41570 41446 41695 41598 41656 41540 41301
41984 42098 42040 41764 41596 41470 41405 41797
42727 43195 42912 42726 43330 42822 42751 42663
42505 42749 42693 42164 42924 42514 42833 42649
43088 42785 43006 42825 42813 42588 42645 43459
42725 42600 42844 42676 42818 42675 42724 42356
41337 41014 40989 40861 41070 41251 40816 41177
41077 40695 40998 41109 41203 41306 41013 41134
40883 41806 40810 41527 41084 41584 40954 41343
41986 41862 41702 42042 41846 42023 42173 41798
42589 42783 42396 42320 42333 42617 42738 42716
42869 43112 42762 42618 42616 42381 42693 43096
42447 42731 42630 42732 42318 42018 42416 42695
43153 43307 43270 43202 43192 42948 43121 43186
43869 42933 42976 43382 43451 43014 43290 43442
43441 43425 43518 43092 43684 43024 43033 43779
42882 43526 42976 43096 43327 43233 43115 42751
43625 43684 43549 43506 43163 43659 43402 43550
43152 43254 43403 43442 43210 43387 43230 43326
43827 43378 43403 43221 43420 43452 43193 43227
43272 43426 43361 42938 43470 43583 43310 43571
43629 43260 43167 42805 43353 43340 43152 43322
43138 43200 43131 43451 43484 43360 43146 43406
42289 42103 42153 42147 42574 42443 42491 42093
41566 41304 41685 41545 41523 41303 41667 41452
42036 41997 41873 41504 41511 41239 41761 41777
41831 41705 41838 41770 41334 41314 41372 41545
42113 42143 42407 42447 42477 41990 42469 42133
43287 43029 42936 43171 42864 43276 43111 42943
42541 42874 42994 42604 43273 42772 43143 42692
43582 43171 43183 42733 42992 42892 43020 43203
42919 42909 42984 43140 43058 42909 43107 42861
42791 43238 43190 43121 43429 42774 43230 42632
43256 43081 42839 43071 43232 43040 43349 42719
43407 43666 43258 43284 43117 43460 43299 43359
43461 43375 43666 42974 42880 43044 43083 42950
43772 42945 43253 43698 43375 43379 43313 43770
43606 43706 43649 43326 43627 43933 43409 43327
43630 43298 43419 43614 43087 43502 43185 43476
43150 43293 43642 43437 42918 43206 43063 43592
42388 42408 42543 42485 42492 42216 42321 42369
42090 42394 42089 42277 42656 42113 42061 42341
42285 42969 42883 42624 42333 42311 42408 42505
42077 42542 42929 42450 42386 42148 42131 42586
43956 44080 44189 43991 43578 44290 43851 44045
46563 46488 46437 46510 46607 46820 46417 46196
47070 47258 46685 46370 46320 46345 46870 46874
46837 46902 46609 46886 46241 47076 46895 46488
46262 46755 46827 46742 46277 46518 47039 46476
47408 46728 46811 46572 46761 46554 47021 47112
47251 47193 47077 47080 47415 47118 46881 47231
46891 46821 47103 46654 46206 46929 46875 46966
46764 46919 46891 47088 47089 46698 47006 47320
46861 47220 47254 46882 46761 46984 46985 46839
47042 46879 47021 46663 46849 46827 46978 46801
46695 46679 47219 47257 46690 46978 46917 46981
46953 46694 46824 46738 46394 47081 47024 46852
Finish dumping statistics!
