workload_name: synthetic
workload_mode: 1
dynamic_periodnum: 7
dynamic_periodinterval: 10
dynamic_ruleprefix: dynamicrules/synthetic-hotin.out
val_t::MAX_VALLEN: 128
ParserIterator::load_batch_size: 10000
client_physical_num: 2
server_physical_num: 2
client_total_logical_num: 1024
server_total_logical_num: 8
server_total_logical_num_for_rotation: 128
max_server_total_logical_num: 8

client_rotationdataserver_port: 1025
client_sendpktserver_port_start: 1026
client_rulemapserver_port_start: 1036
client_worker_port_start: 8888

client_logical_nums[0]: 512
client_ips[0]: 10.0.1.11
client_macs[0]: 3c:fd:fe:bb:ca:79
client_fpports[0]: 11/0
client_pipeidxes[0]: 0
client_logical_nums[1]: 512
client_ips[1]: 10.0.1.15
client_macs[1]: 3c:fd:fe:b5:28:59
client_fpports[1]: 1/0
client_pipeidxes[1]: 1

server_load_factor: 5
server_worker_port_start: 1152
server_evictserver_port_start: 2222
server_popserver_port_start: 3333
server_valueupdateserver_port_start: 4224
transaction_loadfinishserver_port: 8000

server_worker_corenums[0]: 16
server_total_corenums[0]: 24
server_logical_idxes_list[0]: 0 1 2 3 
server_ips[0]: 10.0.1.16
server_macs[0]: 3c:fd:fe:b5:1f:e1
server_fpports[0]: 16/0
server_pipeidxes[0]: 0
server_ip_for_controller_list[0]: 172.16.112.16
server_worker_corenums[1]: 16
server_total_corenums[1]: 48
server_logical_idxes_list[1]: 4 5 6 7 
server_ips[1]: 10.0.1.13
server_macs[1]: 3c:fd:fe:bb:c9:c8
server_fpports[1]: 13/0
server_pipeidxes[1]: 0
server_ip_for_controller_list[1]: 172.16.112.13

controller ip for server: 172.16.112.16
controller ip for switchos: 172.16.112.16
controller_popserver_port_start: 5555
controller_evictserver_port: 5002
controller_snapshot_period: 10000
controller_warmupfinishserver_port: 5010

switch_partition_count: 32768
switch_kv_bucket_num: 10000
switch_pipeline_num: 2
val_t::SWITCH_MAX_VALLEN: 128
switchos_popserver_port: 5003
switchos ip: 172.16.112.17
switchos_sample_cnt: 10
switchos_snapshotserver_port: 5004
switchos_specialcaseserver_port: 5005
switchos_ptf_popserver_port: 5006
switchos_ptf_snapshotserver_port: 5007

reflector ip for switchos: 172.16.112.16
reflector_dp2cpserver_port: 5008
reflector_cp2dpserver_port: 5009

raw_load_workload_filename for loading phase: synthetic-load.out
server_load_workload_dir for loading phase: synthetic-load-8
raw_warmup_workload_filename for warmup phase: synthetic-warmup.out
raw_run_workload_filename for transaction phase: synthetic-run.out
client_workload_dir for transaction phase: synthetic-run-1024
perserver_keyrange: 8192

[client] prepare clients ...
[client 0] Ready.
[client 7] Ready.
[client 8] Ready.
[client 10] Ready.
[client 2] Ready.
[client 1] Ready.
[client 4] Ready.
[client 12] Ready.
[client 3] Ready.
[client 6] Ready.
[client 5] Ready.
[client 15] Ready.
[client 11] Ready.
[client 17] Ready.
[client 13] Ready.
[client 14] Ready.
[client 26] Ready.
[client 20] Ready.
[client 21] Ready.
[client 31] Ready.
[client 27] Ready.
[client 30] Ready.
[client 25] Ready.
[client 29] Ready.
[client 24] Ready.
[client 36] Ready.
[client 28] Ready.
[client 34] Ready.
[client 35] Ready.
[client 33] Ready.
[client 32] Ready.
[client 43] Ready.
[client 38] Ready.
[client 37] Ready.
[client 40] Ready.
[client 44] Ready.
[client 41] Ready.
[client 42] Ready.
[client 39] Ready.
[client 45] Ready.
[client 46] Ready.
[client 51] Ready.
[client 48] Ready.
[client 53] Ready.
[client 50] Ready.
[client 47] Ready.
[client 52] Ready.
[client 54] Ready.
[client 49] Ready.
[client 63] Ready.
[client 57] Ready.
[client 55] Ready.
[client 56] Ready.
[client 59] Ready.
[client 64] Ready.
[client 66] Ready.
[client 79] Ready.
[client 69] Ready.
[client 82] Ready.
[client 65] Ready.
[client 76] Ready.
[client 75] Ready.
[client 83] Ready.
[client 88] Ready.
[client 77] Ready.
[client 78] Ready.
[client 67] Ready.
[client 80] Ready.
[client 68] Ready.
[client 81] Ready.
[client 70] Ready.
[client 84] Ready.
[client 86] Ready.
[client 72] Ready.
[client 85] Ready.
[client 74] Ready.
[client 87] Ready.
[client 71] Ready.
[client 92] Ready.
[client 91] Ready.
[client 90] Ready.
[client 97] Ready.
[client 89] Ready.
[client 94] Ready.
[client 95] Ready.
[client 98] Ready.
[client 100] Ready.
[client 96] Ready.
[client 105] Ready.
[client 103] Ready.
[client 118] Ready.
[client 116] Ready.
[client 117] Ready.
[client 120] Ready.
[client 121] Ready.
[client 115] Ready.
[client 124] Ready.
[client 122] Ready.
[client 119] Ready.
[client 125] Ready.
[client 130] Ready.
[client 126] Ready.
[client 128] Ready.
[client 127] Ready.
[client 129] Ready.
[client 134] Ready.
[client 131] Ready.
[client 135] Ready.
[client 136] Ready.
[client 147] Ready.
[client 179] Ready.
[client 146] Ready.
[client 150] Ready.
[client 149] Ready.
[client 148] Ready.
[client 153] Ready.
[client 152] Ready.
[client 154] Ready.
[client 151] Ready.
[client 155] Ready.
[client 160] Ready.
[client 183] Ready.
[client 157] Ready.
[client 156] Ready.
[client 158] Ready.
[client 187] Ready.
[client 163] Ready.
[client 186] Ready.
[client 159] Ready.
[client 162] Ready.
[client 191] Ready.
[client 197] Ready.
[client 190] Ready.
[client 161] Ready.
[client 164] Ready.
[client 192] Ready.
[client 193] Ready.
[client 189] Ready.
[client 165] Ready.
[client 188] Ready.
[client 167] Ready.
[client 195] Ready.
[client 196] Ready.
[client 202] Ready.
[client 194] Ready.
[client 201] Ready.
[client 200] Ready.
[client 208] Ready.
[client 207] Ready.
[client 214] Ready.
[client 203] Ready.
[client 210] Ready.
[client 209] Ready.
[client 213] Ready.
[client 222] Ready.
[client 211] Ready.
[client 230] Ready.
[client 221] Ready.
[client 226] Ready.
[client 220] Ready.
[client 283] Ready.
[client 219] Ready.
[client 278] Ready.
[client 224] Ready.
[client 282] Ready.
[client 280] Ready.
[client 227] Ready.
[client 284] Ready.
[client 281] Ready.
[client 228] Ready.
[client 225] Ready.
[client 231] Ready.
[client 234] Ready.
[client 286] Ready.
[client 236] Ready.
[client 237] Ready.
[client 295] Ready.
[client 233] Ready.
[client 287] Ready.
[client 285] Ready.
[client 232] Ready.
[client 235] Ready.
[client 238] Ready.
[client 290] Ready.
[client 289] Ready.
[client 291] Ready.
[client 245] Ready.
[client 296] Ready.
[client 294] Ready.
[client 293] Ready.
[client 18] Ready.
[client 298] Ready.
[client 22] Ready.
[client 297] Ready.
[client 19] Ready.
[client 299] Ready.
[client 254] Ready.
[client 251] Ready.
[client 249] Ready.
[client 257] Ready.
[client 253] Ready.
[client 252] Ready.
[client 258] Ready.
[client 256] Ready.
[client 255] Ready.
[client 265] Ready.
[client 264] Ready.
[client 260] Ready.
[client 315] Ready.
[client 316] Ready.
[client 261] Ready.
[client 23] Ready.
[client 73] Ready.
[client 312] Ready.
[client 321] Ready.
[client 314] Ready.
[client 262] Ready.
[client 16] Ready.
[client 259] Ready.
[client 263] Ready.
[client 9] Ready.
[client 318] Ready.
[client 268] Ready.
[client 320] Ready.
[client 317] Ready.
[client 269] Ready.
[client 267] Ready.
[client 323] Ready.
[client 313] Ready.
[client 322] Ready.
[client 328] Ready.
[client 266] Ready.
[client 326] Ready.
[client 279] Ready.
[client 324] Ready.
[client 327] Ready.
[client 277] Ready.
[client 60] Ready.
[client 341] Ready.
[client 61] Ready.
[client 343] Ready.
[client 58] Ready.
[client 348] Ready.
[client 342] Ready.
[client 352] Ready.
[client 347] Ready.
[client 340] Ready.
[client 62] Ready.
[client 355] Ready.
[client 350] Ready.
[client 356] Ready.
[client 351] Ready.
[client 344] Ready.
[client 368] Ready.
[client 353] Ready.
[client 359] Ready.
[client 358] Ready.
[client 361] Ready.
[client 363] Ready.
[client 360] Ready.
[client 362] Ready.
[client 357] Ready.
[client 367] Ready.
[client 369] Ready.
[client 101] Ready.
[client 365] Ready.
[client 109] Ready.
[client 99] Ready.
[client 102] Ready.
[client 108] Ready.
[client 104] Ready.
[client 106] Ready.
[client 111] Ready.
[client 382] Ready.
[client 132] Ready.
[client 107] Ready.
[client 177] Ready.
[client 141] Ready.
[client 139] Ready.
[client 145] Ready.
[client 143] Ready.
[client 110] Ready.
[client 166] Ready.
[client 93] Ready.
[client 138] Ready.
[client 113] Ready.
[client 169] Ready.
[client 112] Ready.
[client 168] Ready.
[client 140] Ready.
[client 137] Ready.
[client 176] Ready.
[client 142] Ready.
[client 178] Ready.
[client 170] Ready.
[client 144] Ready.
[client 175] Ready.
[client 123] Ready.
[client 173] Ready.
[client 133] Ready.
[client 205] Ready.
[client 114] Ready.
[client 185] Ready.
[client 171] Ready.
[client 174] Ready.
[client 172] Ready.
[client 182] Ready.
[client 223] Ready.
[client 180] Ready.
[client 206] Ready.
[client 229] Ready.
[client 212] Ready.
[client 247] Ready.
[client 244] Ready.
[client 301] Ready.
[client 250] Ready.
[client 243] Ready.
[client 218] Ready.
[client 198] Ready.
[client 239] Ready.
[client 199] Ready.
[client 242] Ready.
[client 241] Ready.
[client 305] Ready.
[client 184] Ready.
[client 288] Ready.
[client 273] Ready.
[client 300] Ready.
[client 270] Ready.
[client 271] Ready.
[client 274] Ready.
[client 246] Ready.
[client 248] Ready.
[client 181] Ready.
[client 276] Ready.
[client 302] Ready.
[client 272] Ready.
[client 304] Ready.
[client 204] Ready.
[client 275] Ready.
[client 216] Ready.
[client 306] Ready.
[client 215] Ready.
[client 311] Ready.
[client 338] Ready.
[client 303] Ready.
[client 310] Ready.
[client 292] Ready.
[client 308] Ready.
[client 346] Ready.
[client 309] Ready.
[client 240] Ready.
[client 329] Ready.
[client 319] Ready.
[client 307] Ready.
[client 334] Ready.
[client 330] Ready.
[client 333] Ready.
[client 325] Ready.
[client 331] Ready.
[client 364] Ready.
[client 335] Ready.
[client 498] Ready.
[client 428] Ready.
[client 500] Ready.
[client 429] Ready.
[client 337] Ready.
[client 499] Ready.
[client 354] Ready.
[client 501] Ready.
[client 372] Ready.
[client 339] Ready.
[client 366] Ready.
[client 463] Ready.
[client 464] Ready.
[client 465] Ready.
[client 462] Ready.
[client 427] Ready.
[client 378] Ready.
[client 422] Ready.
[client 424] Ready.
[client 426] Ready.
[client 419] Ready.
[client 425] Ready.
[client 448] Ready.
[client 423] Ready.
[client 421] Ready.
[client 460] Ready.
[client 370] Ready.
[client 461] Ready.
[client 495] Ready.
[client 418] Ready.
[client 459] Ready.
[client 412] Ready.
[client 371] Ready.
[client 497] Ready.
[client 420] Ready.
[client 496] Ready.
[client 410] Ready.
[client 406] Ready.
[client 408] Ready.
[client 383] Ready.
[client 454] Ready.
[client 415] Ready.
[client 392] Ready.
[client 458] Ready.
[client 336] Ready.
[client 456] Ready.
[client 494] Ready.
[client 452] Ready.
[client 455] Ready.
[client 407] Ready.
[client 345] Ready.
[client 457] Ready.
[client 411] Ready.
[client 482] Ready.
[client 451] Ready.
[client 377] Ready.
[client 404] Ready.
[client 477] Ready.
[client 405] Ready.
[client 488] Ready.
[client 476] Ready.
[client 409] Ready.
[client 453] Ready.
[client 450] Ready.
[client 439] Ready.
[client 485] Ready.
[client 478] Ready.
[client 492] Ready.
[client 449] Ready.
[client 444] Ready.
[client 486] Ready.
[client 491] Ready.
[client 402] Ready.
[client 481] Ready.
[client 442] Ready.
[client 480] Ready.
[client 395] Ready.
[client 413] Ready.
[client 414] Ready.
[client 507] Ready.
[client 400] Ready.
[client 446] Ready.
[client 483] Ready.
[client 487] Ready.
[client 489] Ready.
[client 417] Ready.
[client 398] Ready.
[client 436] Ready.
[client 399] Ready.
[client 484] Ready.
[client 401] Ready.
[client 447] Ready.
[client 389] Ready.
[client 396] Ready.
[client 443] Ready.
[client 440] Ready.
[client 403] Ready.
[client 437] Ready.
[client 397] Ready.
[client 479] Ready.
[client 441] Ready.
[client 509] Ready.
[client 493] Ready.
[client 511] Ready.
[client 438] Ready.
[client 490] Ready.
[client 388] Ready.
[client 374] Ready.
[client 431] Ready.
[client 393] Ready.
[client 380] Ready.
[client 394] Ready.
[client 504] Ready.
[client 432] Ready.
[client 434] Ready.
[client 433] Ready.
[client 506] Ready.
[client 510] Ready.
[client 474] Ready.
[client 349] Ready.
[client 473] Ready.
[client 379] Ready.
[client 502] Ready.
[client 471] Ready.
[client 373] Ready.
[client 469] Ready.
[client 332] Ready.
[client 435] Ready.
[client 375] Ready.
[client 430] Ready.
[client 376] Ready.
[client 470] Ready.
[client 475] Ready.
[client 384] Ready.
[client 416] Ready.
[client 390] Ready.
[client 386] Ready.
[client 472] Ready.
[client 391] Ready.
[client 385] Ready.
[client 468] Ready.
[client 467] Ready.
[client 505] Ready.
[client 503] Ready.
[client 466] Ready.
[client 387] Ready.
[client 381] Ready.
[client 217] Ready.
[client 445] Ready.
[client 508] Ready.
[client] all clients ready...
start to send pkt
switch dynamic rulemap from period 0 to 1
switch dynamic rulemap from period 1 to 2
switch dynamic rulemap from period 2 to 3
switch dynamic rulemap from period 3 to 4
switch dynamic rulemap from period 4 to 5
switch dynamic rulemap from period 5 to 6
[client] all clients finish!
[client] processing statistics

thpt interval: 1 s, seccnt: 70

[sec 0]

overall totalpktcnt: 225404, throughput (MOPS): 0.214962

[sec 1]

overall totalpktcnt: 225539, throughput (MOPS): 0.215091

[sec 2]

overall totalpktcnt: 235786, throughput (MOPS): 0.224863

[sec 3]

overall totalpktcnt: 238385, throughput (MOPS): 0.227342

[sec 4]

overall totalpktcnt: 229036, throughput (MOPS): 0.218426

[sec 5]

overall totalpktcnt: 225295, throughput (MOPS): 0.214858

[sec 6]

overall totalpktcnt: 223713, throughput (MOPS): 0.213349

[sec 7]

overall totalpktcnt: 219707, throughput (MOPS): 0.209529

[sec 8]

overall totalpktcnt: 223495, throughput (MOPS): 0.213141

[sec 9]

overall totalpktcnt: 223330, throughput (MOPS): 0.212984

[sec 10]

overall totalpktcnt: 235714, throughput (MOPS): 0.224794

[sec 11]

overall totalpktcnt: 222123, throughput (MOPS): 0.211833

[sec 12]

overall totalpktcnt: 219649, throughput (MOPS): 0.209474

[sec 13]

overall totalpktcnt: 218910, throughput (MOPS): 0.208769

[sec 14]

overall totalpktcnt: 216837, throughput (MOPS): 0.206792

[sec 15]

overall totalpktcnt: 219839, throughput (MOPS): 0.209655

[sec 16]

overall totalpktcnt: 219147, throughput (MOPS): 0.208995

[sec 17]

overall totalpktcnt: 215828, throughput (MOPS): 0.205830

[sec 18]

overall totalpktcnt: 223676, throughput (MOPS): 0.213314

[sec 19]

overall totalpktcnt: 222565, throughput (MOPS): 0.212255

[sec 20]

overall totalpktcnt: 208307, throughput (MOPS): 0.198657

[sec 21]

overall totalpktcnt: 213250, throughput (MOPS): 0.203371

[sec 22]

overall totalpktcnt: 216546, throughput (MOPS): 0.206514

[sec 23]

overall totalpktcnt: 216935, throughput (MOPS): 0.206885

[sec 24]

overall totalpktcnt: 212671, throughput (MOPS): 0.202819

[sec 25]

overall totalpktcnt: 210084, throughput (MOPS): 0.200352

[sec 26]

overall totalpktcnt: 219179, throughput (MOPS): 0.209025

[sec 27]

overall totalpktcnt: 219161, throughput (MOPS): 0.209008

[sec 28]

overall totalpktcnt: 213446, throughput (MOPS): 0.203558

[sec 29]

overall totalpktcnt: 217653, throughput (MOPS): 0.207570

[sec 30]

overall totalpktcnt: 218005, throughput (MOPS): 0.207906

[sec 31]

overall totalpktcnt: 214698, throughput (MOPS): 0.204752

[sec 32]

overall totalpktcnt: 213558, throughput (MOPS): 0.203665

[sec 33]

overall totalpktcnt: 213037, throughput (MOPS): 0.203168

[sec 34]

overall totalpktcnt: 217143, throughput (MOPS): 0.207084

[sec 35]

overall totalpktcnt: 226343, throughput (MOPS): 0.215858

[sec 36]

overall totalpktcnt: 221365, throughput (MOPS): 0.211110

[sec 37]

overall totalpktcnt: 220796, throughput (MOPS): 0.210567

[sec 38]

overall totalpktcnt: 223746, throughput (MOPS): 0.213381

[sec 39]

overall totalpktcnt: 222284, throughput (MOPS): 0.211987

[sec 40]

overall totalpktcnt: 232181, throughput (MOPS): 0.221425

[sec 41]

overall totalpktcnt: 228316, throughput (MOPS): 0.217739

[sec 42]

overall totalpktcnt: 190830, throughput (MOPS): 0.181990

[sec 43]

overall totalpktcnt: 224760, throughput (MOPS): 0.214348

[sec 44]

overall totalpktcnt: 231512, throughput (MOPS): 0.220787

[sec 45]

overall totalpktcnt: 222177, throughput (MOPS): 0.211884

[sec 46]

overall totalpktcnt: 222228, throughput (MOPS): 0.211933

[sec 47]

overall totalpktcnt: 191514, throughput (MOPS): 0.182642

[sec 48]

overall totalpktcnt: 224553, throughput (MOPS): 0.214150

[sec 49]

overall totalpktcnt: 224027, throughput (MOPS): 0.213649

[sec 50]

overall totalpktcnt: 209666, throughput (MOPS): 0.199953

[sec 51]

overall totalpktcnt: 210953, throughput (MOPS): 0.201180

[sec 52]

overall totalpktcnt: 210100, throughput (MOPS): 0.200367

[sec 53]

overall totalpktcnt: 211760, throughput (MOPS): 0.201950

[sec 54]

overall totalpktcnt: 209590, throughput (MOPS): 0.199881

[sec 55]

overall totalpktcnt: 209227, throughput (MOPS): 0.199534

[sec 56]

overall totalpktcnt: 207085, throughput (MOPS): 0.197492

[sec 57]

overall totalpktcnt: 198973, throughput (MOPS): 0.189755

[sec 58]

overall totalpktcnt: 192573, throughput (MOPS): 0.183652

[sec 59]

overall totalpktcnt: 188337, throughput (MOPS): 0.179612

[sec 60]

overall totalpktcnt: 212158, throughput (MOPS): 0.202330

[sec 61]

overall totalpktcnt: 215335, throughput (MOPS): 0.205359

[sec 62]

overall totalpktcnt: 142331, throughput (MOPS): 0.135737

[sec 63]

overall totalpktcnt: 211119, throughput (MOPS): 0.201339

[sec 64]

overall totalpktcnt: 211447, throughput (MOPS): 0.201652

[sec 65]

overall totalpktcnt: 212149, throughput (MOPS): 0.202321

[sec 66]

overall totalpktcnt: 207621, throughput (MOPS): 0.198003

[sec 67]

overall totalpktcnt: 209153, throughput (MOPS): 0.199464

[sec 68]

overall totalpktcnt: 209974, throughput (MOPS): 0.200247

[sec 69]

overall totalpktcnt: 210788, throughput (MOPS): 0.201023

[Latency Statistics of total_latency_list ]
| min | max | avg | 90th | 99th | largest | median | sum |
| 11.647 | 372074 | 2374.84 | 13494.4 | 23306.8 | 372074 | 80.496 | 3.58712e+10 |
[Latency Statistics of perclient_avgsend_latency_list ]
| min | max | avg | 90th | 99th | largest | median | sum |
| 4.61079 | 4.83529 | 4.71684 | 4.76871 | 4.82051 | 4.83529 | 4.71578 | 2415.02 |
[Latency Statistics of perclient_avgwait_latency_list ]
| min | max | avg | 90th | 99th | largest | median | sum |
| 1.53194 | 1.75243 | 1.62778 | 1.68455 | 1.72042 | 1.75243 | 1.62522 | 833.423 |
total_unmatched_cnt: 0
total_timeout_cnt: 1
client-side total pktcnt: 15104680, total time: 70.104756 s, total thpt: 0.205477 MOPS
cache hit pktcnt: 2882961
per-server pktcnt: 1468584 1605643 1494175 1485814 1465167 1455298 1606384 1640654

per-sec total throughput:
225242 225695 235672 238393 229113 225178 223744 219676 223508 223336 235709 222142 219658 218908 216819 219836 219132 215812 223687 222570 208455 213102 216574 216851 212779 210065 219119 219206 213434 217622 218048 214680 213551 212957 217216 226320 221450 220759 223745 222318 232160 228283 190842 224714 231589 222156 222212 191532 224573 223969 209712 210968 210015 211766 209642 209237 207047 199010 192590 188315 212166 215338 142331 211072 211509 212257 207521 209149 209975 210761

per-sec per-server throughput:
21198 21945 22994 20629 20648 20535 20565 28105
21325 22038 22835 20992 21401 20301 20329 27170
21896 22787 23983 21735 22295 21512 21414 28618
22438 23115 24732 21920 22761 21338 21673 28755
21290 22071 23515 21139 20442 22112 20845 27660
21130 21980 23545 20759 19594 22108 20175 27003
21002 21660 22682 20751 19526 21987 20259 26617
20643 21304 22275 19992 19036 21847 20170 26315
20909 21632 22914 20379 19632 22099 20552 26510
20862 21404 23106 20459 19268 22219 20374 26487
23967 24491 25620 23974 22274 23906 23704 30311
21830 22055 23640 21586 19888 20862 22922 27433
21774 21790 22853 21434 20032 20665 22237 27561
21385 21937 23119 20961 19890 20467 21979 27158
20954 21520 22727 20982 19402 20565 22335 26912
21354 21868 23393 21154 19954 20768 22433 27050
21371 21823 23087 21284 19835 20500 22383 26942
20932 21336 22973 20757 19505 20514 22129 26726
21828 22148 23650 21579 20232 20876 22843 27690
21558 22278 23231 21477 20311 21163 22582 27120
20547 26735 19848 20409 23056 20696 22332 21666
20215 26636 19726 20176 22631 20815 22475 21428
20648 27335 20010 20548 22649 20589 22803 21661
20502 27135 19835 20246 22745 20862 22655 21573
19956 26573 19495 20213 22220 20321 22048 21300
19689 26136 19038 19735 22007 20008 22238 20913
20481 27272 20002 20477 22974 21063 22797 21754
20418 27364 20147 20710 23192 20900 22921 21662
20036 26774 19551 19822 22437 20104 22550 21311
20449 27090 19672 20301 22589 20938 22670 21576
21873 22427 23940 21640 20342 21750 22754 27398
21157 21921 22825 20739 19408 20476 22238 26349
20894 21334 22978 20536 19392 20154 22092 26390
20766 21275 22678 20667 19316 19927 22208 26241
21178 21631 23062 20924 19732 20398 22554 26378
22250 22998 24019 21479 20389 21728 22942 27750
21438 22036 23464 21367 19947 22640 20847 27036
21545 22120 23329 21353 20033 22676 21069 27005
21802 22386 23796 21430 20020 22718 21405 27492
21639 22298 23273 21442 19747 22726 21310 27295
23826 23300 23133 25336 22827 22942 29560 23117
23035 22408 22305 24360 21591 22278 28560 21795
19449 18884 18498 20585 17909 18279 23820 18297
22689 22153 21462 23950 21020 22065 27920 21028
23226 22638 22176 24960 21593 22216 29116 21691
22078 21642 21193 23770 20880 21606 27737 20942
22250 21659 21308 23315 20736 21744 27411 21256
19531 18682 18131 20481 18180 18608 24237 18191
22394 22011 21398 23933 21175 21638 28181 21293
22442 21715 21461 24113 20851 21780 27922 21162
20730 27099 19815 20231 22857 22040 21014 21617
20159 26478 19533 20358 22393 21769 20758 21251
19996 26515 19339 19951 21999 21659 20438 20989
20071 26330 19282 20172 22260 21645 20530 21433
19709 26726 19104 19622 22297 21642 20454 20742
19556 26776 19075 19669 22320 21536 20082 20820
19453 26413 18774 19406 22126 21503 19799 20554
18759 25089 18189 18726 22658 18853 19481 19872
17999 24157 17722 18036 22026 18200 18533 19447
17781 23765 17217 17569 21413 18274 18215 18790
21891 21280 21124 23136 21772 20244 27378 20674
21630 21125 20897 23214 21621 19838 27210 20465
14382 14305 13825 15687 14181 12933 17966 13291
21216 20473 20300 22461 21391 19250 26429 19901
21343 20679 20333 22661 21229 19235 26315 20159
21418 20783 20418 22754 21090 19501 26549 20312
20967 20388 20135 21930 20869 18927 25505 19491
21071 20438 19977 22511 20866 19056 25949 19982
21136 20487 20225 22406 21004 19008 26212 19751
21253 20572 20248 22330 21263 19180 26263 20009
Finish dumping statistics!
