46317325
464602 517147 565940 582880 605087 606835 628361 630796 618940 612366 577479 612340 633887 634508 639119 636691 640162 644628 644191 645010 608417 647052 649747 646381 650727 669716 676434 671334 674650 675864 632988 690745 703286 707656 699514 700122 702283 699885 697979 702432 649949 699523 690985 676795 676927 677266 688590 698849 702813 701939 654156 704485 701566 698609 698856 700704 694744 703356 703603 701984 653534 678210 680955 680740 680230 687069 694760 696954 693827 696423
29289 29784 29340 29412 29309 29652 29442 29552
32870 32949 32892 32948 32891 33219 32910 32846
35858 36232 36158 35984 36050 35724 35764 35888
37202 36981 36989 36930 36979 37159 37486 36843
38317 38523 38408 38324 38295 38518 38199 38650
38844 38439 38580 38465 38526 38453 38275 38965
39725 39667 39911 40081 39901 40068 40163 39719
40210 39897 40061 39900 40411 39997 40281 40088
39211 39788 39593 39708 39189 39472 39293 39535
38953 39032 39036 39122 38916 38775 38795 38978
38988 39521 39516 39529 39366 39523 39349 39398
39235 39156 38990 38587 38980 39195 39198 39006
40388 40530 40348 40571 40651 40263 40656 40207
40773 40426 40557 40510 40550 40409 40456 40410
40737 40809 40505 40717 40895 40624 40475 41222
40707 40399 40524 40916 40416 40704 40554 40536
41111 40811 40850 40818 40350 40894 40865 40872
41255 40947 40978 41086 41346 41186 41247 41107
41144 40997 41176 41226 41361 41315 41081 41263
41143 41285 41108 41183 41245 41038 41054 41251
41345 42055 41699 41891 42145 41780 41934 41764
41573 41721 41564 41251 41477 41433 41541 40922
41527 41545 41099 41794 41687 41391 41189 41796
41587 41118 41192 41507 41331 41123 41470 41364
41685 41803 41520 41772 41466 41481 41592 41665
42488 42832 42941 42841 42930 42738 42975 42956
43010 43397 43240 43140 43007 43637 43245 43262
43102 42937 42785 43278 42817 42979 42831 42822
43128 43142 43145 43404 43267 43175 43005 43095
43429 43546 43157 43173 42923 43184 43242 43445
44262 43787 43825 43908 43546 43817 43664 43842
44583 44622 44254 44008 43670 44341 44090 44152
44765 44740 44959 44962 45273 44882 45112 44923
44729 45438 45569 45260 45377 45891 44935 45374
44985 44398 44924 44686 44845 44478 44518 45034
44988 44800 44843 44851 44850 44574 44962 44656
44867 44681 45211 45344 45037 45242 45086 45067
44964 45105 44604 45235 44827 44580 44754 45086
44986 44842 44838 44810 44687 44611 44284 44985
44874 45294 44775 45200 44914 45446 44897 44946
45108 45278 45051 45243 45332 44729 45203 44746
44974 45006 44904 44629 44964 45011 44773 44740
44352 44214 44504 44300 44242 44367 44483 44669
43574 43484 43222 43328 43734 43511 43309 43562
43461 43696 43101 43373 43380 43564 43511 43592
43499 43821 43274 43294 43643 43474 44072 43472
44303 44396 44361 44215 44441 44684 43911 43768
44859 45256 44429 44855 44996 44647 44697 45230
44875 45054 45052 45021 45119 44942 45346 45126
44920 45380 45111 45277 45115 44647 44884 44780
45148 45456 45020 45501 45162 45694 45512 45456
44896 45364 45316 45075 45298 45416 45572 45491
44873 45203 45234 45565 45102 45474 45073 44851
45074 45076 44882 45148 44925 44879 44605 44837
44898 45355 44786 45103 44780 44702 45303 44707
45058 45111 45169 44787 45618 44853 44909 44927
44997 45080 44486 44662 44926 44650 44537 44677
44979 45211 45397 44976 45513 45434 44937 45148
44956 45131 45118 44753 45471 45059 45498 45601
44978 45359 45152 44908 45379 45345 45077 44833
45220 45290 44841 44681 45075 45076 45525 45240
43948 44182 43599 43639 43568 43927 43786 43482
43729 44196 43937 43710 43711 43899 43659 44074
43714 43871 43652 43826 43905 43451 44449 43929
43799 43900 43737 43703 43442 43955 44252 43667
44263 44137 44742 44389 44284 44383 44366 44213
44730 44688 44880 44716 44861 44807 45061 44693
44898 44761 45565 44619 44681 45312 44950 44979
45034 44925 44469 44739 44759 44668 44684 44867
44928 44913 44983 45082 44746 44850 44450 45019
