16506287
227432 225146 223754 238411 244114 243724 248140 234032 253607 250271 252311 254166 254047 260006 265986 244952 242373 244792 239379 244633 238723 238043 226861 238080 231903 240048 235469 230326 232406 222488 228125 239619 222614 227756 225239 224231 222961 237840 242339 231321 183310 247643 237914 233139 237850 239382 243348 243276 240302 240587 239627 234792 229385 232034 231756 227212 232032 231571 230274 237965 236724 231803 227305 238518 233457 229940 229058 224432 225350 228415
21473 22134 23259 20792 20202 21928 20714 27672
21219 21805 22795 20806 19739 22177 20388 26963
21112 21716 22658 20534 19574 22315 20410 26630
22499 23270 24524 22114 21168 23282 22323 28381
22900 23632 25266 22454 22916 21817 22394 29604
22857 23448 25162 22546 23093 21791 22038 28978
23445 24015 25432 22940 23295 22333 22560 29600
21889 22531 23802 21246 22794 21353 21347 28101
23940 24643 26164 23395 23587 22853 23395 30856
23580 24224 25599 22964 23771 22486 22776 29987
25812 25761 27452 25472 24466 24956 24603 32221
24923 25408 26736 24668 24286 23852 23700 31703
25243 25495 26725 24743 24275 23714 23955 31418
25440 25796 27440 24899 24558 24491 24450 32871
26172 26264 28075 25879 25315 24956 25594 33694
23940 24417 25889 23523 21811 24661 23287 30329
23628 23851 25371 23472 21717 24465 23003 29459
24032 24316 25502 23521 22046 24740 23245 30179
23428 23671 25210 23061 21467 22282 24227 29491
23917 24493 25600 23922 21721 24064 23674 30099
23616 30774 22727 23393 26200 24548 24722 24631
22677 30495 21756 22325 25092 24232 23616 24008
21424 28430 20535 21155 23763 21555 24006 23004
22357 30578 21723 22370 25003 23141 24324 23821
21759 29057 21171 21506 24528 24069 22466 23074
22665 30853 21943 22289 26161 23296 23824 23790
21895 29404 21419 21904 24952 23993 23089 23668
21842 28718 20858 21525 25261 23120 22240 22893
21837 29357 21282 21597 24398 23533 22445 23096
20729 27739 20215 20772 24401 21196 22571 22158
23206 23691 25212 22914 21422 22779 23946 29406
23510 24047 25497 23025 22970 22829 22943 29814
21678 22404 23374 21308 20146 21458 22964 27359
22182 22800 24038 22028 20298 21703 23089 28337
21898 22751 23562 21704 20427 21415 22973 27455
21752 22280 23410 21684 20088 21461 23083 27417
21811 22029 23374 21258 20064 21208 22933 27293
23248 23880 24924 23091 21210 23769 23497 29701
23778 24200 25793 23290 21706 22990 23167 31613
22452 23104 24402 22299 20571 22026 22119 29839
19179 18549 18439 20483 18220 17518 24035 18668
25049 24289 23772 26485 23393 22511 32486 23364
24087 23086 22895 25251 22404 21934 31153 22532
23573 22691 22134 24465 21845 21211 30575 22191
23798 23188 22779 25193 22372 21781 31026 22380
24159 23056 22897 25569 22445 21850 31508 22558
24613 23505 23204 25968 22893 22199 31585 22913
24622 23458 23472 25903 22713 22232 31607 22832
24267 23319 22795 25568 22326 21655 31608 22776
24112 23406 22737 25519 22599 21645 31470 22786
23578 31705 22910 23443 26616 23979 24791 25057
22321 31181 21528 22261 25196 22750 22698 23531
21672 30471 20849 21415 24427 21991 22187 23090
21927 30736 21094 21716 24443 22275 22458 23163
21729 30673 20901 21791 24492 22336 22521 23444
21572 30204 20812 21272 24103 21831 21998 22593
21926 30595 21144 21812 24914 22172 22353 23205
21943 30495 21057 21834 24561 22336 22202 23484
21480 30522 20823 21837 24196 21879 22139 23273
22685 31390 21507 22229 25405 22749 23186 23999
25000 24431 23758 26302 22969 22201 30943 23179
23885 22737 22339 25005 21884 21361 30584 22063
23132 22358 21753 24341 21333 20730 30371 21596
24734 23281 22870 25891 22277 21832 31105 22664
23509 22680 22525 24963 21721 21386 30663 22222
23056 22295 22264 24296 21496 21140 30497 21363
23100 22532 22182 24261 21417 21115 30055 21593
22697 21869 21580 23759 20882 20294 29714 21156
22388 21928 21546 23811 20948 20829 29829 21335
22873 22474 21949 24032 21354 20957 30117 21493
