15709218
223233 211621 209233 207132 207949 212081 219107 214948 211932 207266 231388 238985 234829 230113 227246 229466 239581 240584 235161 228841 222496 215290 209823 211594 210015 209192 219792 208830 209069 210676 242310 234843 230860 231250 237105 234265 230991 229450 227859 232759 235797 224179 241140 235188 232003 228562 227122 240343 234730 237445 211147 219102 215743 208781 210301 210741 211776 219691 215003 213055 237644 235910 230148 225165 225641 232685 238762 232522 230561 228926
27013 28294 29647 26351 24539 25955 26177 35257
25845 26674 27997 25286 23194 24573 24688 33364
25195 26460 27735 24886 23176 24367 24327 33087
25126 25948 27793 24530 22720 24160 24332 32523
25124 26028 27841 24659 22967 24093 24346 32891
25672 26760 28561 25230 23350 24277 24748 33483
26479 27552 29430 25927 24353 25411 25537 34418
26139 26957 28348 25840 23495 25026 25313 33830
25814 26606 28282 24822 23509 24494 25029 33376
24727 26062 27643 24408 22928 23954 24583 32961
28549 28760 30827 27942 25096 26995 27106 36113
29095 29521 31518 29014 25942 28024 28144 37727
28641 29185 31019 28389 25875 27502 27287 36931
28321 28764 30743 27547 24827 26716 26893 36302
27963 28086 30003 27383 24752 26522 26598 35939
27863 28697 30266 27822 24931 26745 27118 36024
29274 29963 31907 28615 26116 27915 28184 37607
29344 29601 31903 29306 26105 28049 28498 37778
28646 29414 31190 28167 25758 27364 27735 36887
27983 28529 30234 27569 25047 26650 26706 36123
25911 34608 24553 25741 29921 26580 26896 28286
24900 33930 23866 24841 28783 25511 26343 27116
24470 33291 23321 24223 27938 25024 25339 26217
24601 33634 23283 24435 28074 25340 25671 26556
24264 33261 23206 24251 28157 25040 25397 26439
24088 33093 23085 24332 27992 24837 25246 26519
25413 34760 24459 25367 29359 26164 26711 27559
24152 33408 23271 23999 28081 24951 25037 25931
24156 33174 23091 23961 27961 24810 25640 26276
24325 33264 23313 24467 28113 24993 25423 26778
29497 30750 31968 28893 25960 29006 28940 37296
28384 29496 31563 27831 25491 27459 28019 36600
28062 28848 31028 27408 24774 27244 27272 36224
27827 28905 30658 27659 25218 27375 27748 35860
28738 29559 31728 28184 25488 27814 28543 37051
28462 29493 31132 27816 25523 27698 27317 36824
28397 28800 30693 27678 24906 27407 27097 36013
27635 28899 30336 27765 24754 26898 27316 35847
27884 28469 30104 27204 24711 26832 27083 35572
27965 28882 31060 27855 25052 27609 27810 36526
29427 28370 28053 31382 27486 26356 36515 28208
28023 27214 26695 29931 25888 24536 35532 26360
30232 29251 28766 32314 27866 26575 38048 28088
29518 28545 27958 31647 27170 26005 36994 27351
28982 27929 27577 31155 26999 25751 36535 27075
28575 27853 26932 30285 26499 25337 36101 26980
28595 27395 26755 30300 26545 25167 35798 26567
29807 29031 28687 31965 27995 26673 38076 28109
29509 28521 27722 31649 27024 26064 36949 27292
30246 28385 28109 31768 27753 26183 37010 27991
24227 33174 23438 24411 28377 24772 25978 26770
25577 34859 23867 25569 29149 26163 26428 27490
25118 34240 23864 24826 29033 25441 26006 27215
24166 33314 23176 24203 27759 24965 25238 25960
24283 33841 23045 24005 28474 25119 25267 26267
24458 33377 23332 24171 28239 25107 25444 26613
24591 33865 23545 24432 28183 25196 25374 26590
25512 34922 24186 25346 29307 26130 26395 27893
24877 34425 23583 24858 29016 25511 25975 26758
24734 33937 23587 24433 28583 25348 25727 26706
29698 29259 28218 32055 27450 26413 37185 27366
29484 28291 27862 31691 27106 26168 37417 27891
28790 27487 27310 30855 26532 25723 36631 26820
28438 27251 26816 30037 25792 24916 35851 26064
28430 27229 26760 30341 25919 24864 35973 26125
29267 28024 27361 31215 26616 25939 37014 27249
30338 28875 28345 31937 27401 26555 37508 27803
29294 27900 27524 31694 26513 25564 36841 27192
28869 27864 27603 31040 26267 25797 36541 26580
28673 27882 27383 30609 26359 25387 36225 26408
