46625908
463195 517719 567614 586959 600629 615355 630840 634322 621893 612208 582363 619189 636323 644157 638750 640021 643271 652847 643339 645549 606907 659117 655353 652584 655887 671064 677702 675966 674679 679431 640582 699388 708019 702718 705729 707393 706473 707308 705640 704715 654274 702872 702314 679956 680437 683292 696279 703811 707544 701938 654596 707816 705310 710293 702632 706837 706991 711398 701559 709234 658583 684835 682076 682033 686568 696987 700960 702284 704435 703928
28993 29277 29798 29552 29397 29541 29659 29548
33001 32806 32740 32808 32913 32889 32821 32858
35916 36443 35833 36274 36158 36061 36046 36091
37284 37136 37240 37047 36993 37134 37298 37215
38434 38280 38228 38069 38137 38341 37921 38173
38932 39002 39540 39074 39435 38914 38770 38804
39966 40317 39873 40044 39877 40324 40022 40240
40425 40390 40280 40259 40217 40381 40238 40406
39428 39752 39279 39471 39650 39723 39517 39666
39156 38906 38986 38883 39097 39058 39081 39168
39002 39303 39578 39194 39372 39458 39675 39519
39485 39516 39425 39891 39335 39398 39757 39396
40632 40777 40405 40567 40645 40659 40544 40651
40941 41370 40932 41074 40973 40992 41087 41085
40861 40870 40812 41177 40830 40948 40655 40870
40917 41174 40513 40708 40716 40933 40908 40485
41071 41220 41142 40689 41480 40984 40963 40719
41458 41881 41729 41497 41867 41683 41365 41757
41380 40864 41192 40886 41013 40764 41110 40897
41333 41094 41386 41452 41401 41315 41209 41485
41620 41552 41309 41287 41831 41656 41316 41532
41717 42050 41774 42354 42037 42470 42099 42040
41716 42095 41828 42076 41616 42148 41806 42034
41758 41699 41530 41854 41688 42053 41863 41717
41883 42339 42147 41728 41844 41954 41782 41949
42819 43234 43013 42811 42697 42732 43076 43036
43320 43698 43100 43675 43144 42809 43260 43747
43374 43433 42773 43202 43166 43205 43284 43344
43445 42623 43199 43031 43199 43127 42940 43001
43676 43483 43739 43254 43733 43303 43574 43664
44349 44664 44175 44241 44565 44567 44229 44159
44922 44996 44640 44665 44576 44757 44827 44727
45178 45403 45541 45261 45271 45434 45310 45237
45333 45146 45086 44873 44991 45089 44714 45066
45303 45143 44772 44894 45425 45703 45152 45485
45254 45160 45408 45193 45669 45589 45324 45117
45338 45218 45034 45150 45152 45252 45211 45113
45346 45071 45495 45585 45492 45288 45482 45101
45340 45285 45229 44990 45215 45322 45314 45100
45318 45435 45630 44955 44863 44428 45219 45159
45348 45406 45402 45408 45281 45229 45434 45065
45354 45091 45128 45180 45194 45284 45121 45235
44618 45109 44959 45006 45251 44787 45399 44750
43870 43743 43335 43358 43592 43790 43749 43788
43716 43662 43786 43712 43986 43664 44111 43374
43836 43955 43984 43949 44067 43821 43819 43471
44591 44817 44558 44758 44748 44629 44845 44478
45264 45297 44882 45083 45393 45134 45093 44755
45327 45685 46016 45217 45182 45480 45405 45023
45374 45068 44866 44970 44904 45177 44682 44991
45458 44619 45360 45193 45425 45911 45079 45464
45408 45335 45504 45572 45323 45496 45084 45386
45303 45531 45432 45851 45231 45115 45232 45554
45253 45760 45841 45666 45927 45746 45332 45621
45334 45522 45238 45267 45128 44999 45231 45089
45303 45818 45251 45434 45730 45476 45483 45335
45247 45314 45750 45597 45317 45524 45329 45388
45387 46216 45516 45595 45568 45761 45533 45727
45391 45314 45272 45085 45135 45357 44912 44987
45398 45885 45759 45541 45440 45509 45798 45467
45532 45764 45566 45409 45044 45445 45338 45214
44199 44251 44018 43769 43556 44046 44547 43706
44062 44029 43733 43689 43689 44175 44065 43777
44070 43917 43747 43912 44024 43729 43826 43878
44073 44007 44124 44004 44329 44133 44085 44343
44579 44975 45520 44880 44761 44781 44580 44974
45125 45087 45112 45292 45054 45042 45146 44738
45312 45229 45296 45005 45177 45471 45265 44862
45316 45520 45262 45629 45309 45062 45639 45311
45380 45275 45431 45481 45197 45770 45211 45664
