16503209
223986 224904 224818 241001 247267 244877 246552 239105 253609 253061 250664 253944 252223 258485 265884 247261 240073 242791 239347 247428 239418 239762 228652 238213 232630 236243 235693 231825 230687 221948 228417 236991 223207 225712 224483 222850 221891 240220 241622 229812 183783 247482 237501 234132 237283 240568 244496 240810 242075 240093 239857 233712 231576 231462 231554 228038 230215 231177 228938 237426 233777 233283 228669 235224 231603 232195 226680 222840 225061 233806
21159 21447 23234 20707 19900 21432 20625 27064
21156 21645 23037 20705 19659 22253 20479 26539
21088 21740 22739 20711 19938 22386 20255 26891
22730 23031 24533 22130 21579 23470 22887 28835
23234 23955 25368 22736 23006 22353 22720 29979
22607 23793 24901 22815 23204 22086 22255 29343
23226 23877 25336 22616 23312 22257 22352 29519
22505 23041 24560 22099 22838 21404 21789 28615
24096 24317 26266 23469 23654 22911 23066 30673
24056 24522 26055 23538 23740 23018 22818 30667
25762 25868 27142 25051 24506 24453 24385 31579
24767 25588 26822 24368 24278 24098 23923 31315
24801 24979 26623 24464 24291 23642 23812 31040
25049 25747 27446 24803 24535 24165 24381 32609
26275 26706 27993 25714 25378 24891 25390 33977
24393 24465 26157 23734 21894 24545 23366 30819
23426 23817 25199 23434 21482 24445 22403 29252
23778 24305 25321 23316 21557 24553 22967 30125
23381 23567 25119 23302 21350 22584 24174 29300
24253 24855 25683 23808 22615 24583 23815 30597
23541 30718 22505 23031 26323 24198 25200 24946
22761 30657 21982 22402 25072 24099 23770 24264
21640 28428 20567 21381 24252 21912 24123 22676
22383 30505 21524 22369 25071 23191 24500 23657
21760 28946 21125 21853 24139 24216 22806 23150
22197 29946 21574 21975 25863 23040 23985 23606
22068 29728 21518 21598 24801 24039 22990 23521
21882 28904 20987 21761 25489 23018 22481 22956
21572 28870 20974 21588 24134 23560 22156 23106
21095 27715 20218 20849 24233 21056 22715 22294
23140 23881 24738 22755 21376 22768 23903 29243
23145 24145 25156 22612 22707 22881 22658 29299
21602 22498 23575 21516 20083 21164 23029 27574
22010 22639 23535 21786 20075 21522 23114 28020
22063 22520 23720 21510 20153 21366 23023 27307
21564 22143 23314 21567 19996 21459 23076 27121
21705 21928 23323 21352 19884 21258 22978 27097
23637 24097 25411 23209 21492 23798 23757 29922
23630 24370 25666 23215 21606 23078 22939 31580
22421 23077 24126 22299 20809 21915 22209 29826
19227 19022 18247 20219 18175 17408 24076 18589
24931 24395 23906 26322 23466 22626 32475 23243
23959 23015 22751 25191 22659 21710 31064 22737
23269 22905 22348 24873 22082 21320 30664 22072
23723 23107 22535 24680 22548 21687 31123 22465
24148 23559 22765 25581 22559 21937 31560 22567
24968 23842 23567 26103 22460 22292 31640 22815
24339 23255 23224 25508 22596 21773 31623 22712
24336 23596 23314 25563 22818 21824 31627 22711
24399 23514 22822 25550 22670 21817 31522 22811
23453 31761 22904 23426 26237 23953 24369 24940
22134 31119 21108 22143 25023 22563 22729 23415
21944 30487 21210 21582 24616 22382 22370 23191
21951 30689 20839 21898 24298 22176 22399 23279
21490 30729 20993 21650 24555 22236 22684 23281
21410 30214 20866 21543 24204 21949 21914 22894
21757 30682 20748 21672 24280 22351 22088 23117
21897 30592 20965 21867 24398 22155 22541 23320
21390 30617 20615 21388 24032 21874 22033 23232
22594 31480 21450 22425 25325 22956 23347 23908
24321 23883 23060 25960 22787 22268 31010 22682
23826 22969 22942 25029 21715 21398 30656 22420
23170 22035 22145 24564 21604 21160 30307 21545
23833 22924 22434 25188 22318 21577 31133 22338
23431 22808 22120 24726 21462 21082 30688 22000
23672 22704 22441 24464 21616 21333 30472 21950
22911 22193 21711 23935 21140 20707 30083 21452
22403 21916 21427 23490 20644 20170 29675 20822
22298 22193 21540 23804 21123 20520 29878 21193
23345 22734 22423 24978 21721 20980 30894 22169
