15713639
217295 213090 208988 204792 207358 213075 218584 213789 211837 208370 230108 239811 235665 231717 228474 229798 240152 238870 234742 228700 221023 214665 210615 212933 210761 209989 219879 209118 209680 211518 243481 232484 233290 230005 238557 234983 229576 229403 229045 235023 232337 223467 241330 235606 232561 227885 226351 240701 236433 236762 209540 218802 214067 210357 213752 207567 212872 219196 217482 212679 238318 236397 232102 223941 226350 231623 237888 231256 230457 233983
26478 27325 29331 25814 23717 25112 25520 33998
26002 26526 28678 25206 23501 24740 25076 33361
25408 26228 27870 24715 23235 24338 24167 33027
24824 25311 27164 24373 22590 23902 24033 32595
24979 25928 27636 24430 22920 23948 24609 32908
25534 26594 28641 25295 23445 24830 25111 33625
26374 27540 29007 26227 24157 25222 25659 34398
25845 26662 28741 25472 23543 24779 24900 33847
25652 26642 28415 24936 23362 24533 24932 33365
25294 25701 27812 24706 23004 24266 24606 32981
28065 28468 30564 28013 25011 26866 26900 36221
29455 29865 31857 28921 26107 27809 28045 37752
29148 29408 31284 28254 25558 27528 27569 36916
28228 28864 30721 27974 25187 27171 27264 36308
27638 28337 30578 27656 24968 26737 26627 35933
28002 28785 30568 27718 25202 26390 27094 36039
29674 30014 31909 28958 25885 28024 28036 37652
29164 29677 31484 28779 25877 28003 28098 37788
28846 29244 31320 28159 25326 27478 27482 36887
27814 28773 29806 27650 25261 26483 26789 36124
25682 34758 24276 25372 29524 26596 26893 27922
24946 33946 23849 24759 28669 25687 25801 27008
24640 33274 23407 24000 28013 25132 25518 26631
24788 33606 23462 24533 28797 25125 25916 26706
24365 33233 23300 24342 28341 25150 25471 26559
24228 33158 23175 24261 27952 25112 25803 26300
25517 34698 24351 25275 29553 26207 26782 27496
24026 33352 23013 24295 27815 24831 25290 26496
24466 33187 23107 23986 28039 25026 25582 26287
24449 33220 23782 24390 28191 24940 25936 26610
29636 30918 32659 29262 26079 28749 28922 37256
28083 29025 30756 27859 24747 27741 27683 36590
28063 29397 30933 27765 25264 27674 27876 36318
27840 28986 30679 27050 24957 27347 27261 35885
29075 30094 31525 28397 25860 28077 28424 37105
28661 29544 31117 28139 25361 27558 27831 36772
27826 28716 30661 27356 24630 27154 27171 36062
27830 28627 30269 27633 24835 27109 27248 35852
27873 28618 30196 27451 24626 27388 27306 35587
28401 29282 31101 28250 25442 27736 28198 36613
29157 28260 27672 31040 26774 25499 36475 27460
28133 26889 26409 29850 26008 24597 35522 26059
30252 29265 28757 32239 28226 26475 38168 27948
29343 28757 27849 31903 27371 26040 36996 27347
29325 28020 27356 31010 27153 25738 36530 27429
28480 27812 27029 30090 26566 25152 36085 26671
28118 27633 26816 30250 26407 24959 35769 26399
29846 29146 28581 31916 28076 26715 38264 28157
29903 28635 28068 31651 27174 26214 37110 27678
29414 28874 28161 31637 27745 26320 37039 27572
24414 33135 23233 23900 28069 24737 25630 26422
25357 34965 24248 25093 29131 25871 26510 27627
24795 34250 23682 24670 28407 25297 25977 26989
24611 33196 23192 24344 28362 24994 25352 26306
24743 33829 23605 24669 28750 25645 25737 26774
23999 33386 22891 24071 27616 24580 25041 25983
24561 33928 23429 24575 28323 25334 25749 26973
25480 34884 24049 25381 29006 26199 26595 27602
25034 34382 23848 25126 28924 26113 26357 27698
24788 33936 23504 24607 28337 25041 25856 26610
29887 29217 28085 32036 27358 26568 37486 27681
29478 28964 27779 31705 26988 26663 37420 27400
29332 27903 27439 31249 26558 25961 36618 27042
28088 27028 26133 29928 25480 25344 36015 25925
28416 27290 27030 30463 26002 25125 35700 26324
28802 27995 27221 31095 26675 25790 37203 26842
30065 28580 28177 31786 27603 26338 37585 27754
28877 27676 27452 31039 26543 25875 36860 26934
28871 28032 27326 30996 26235 25636 36523 26838
29479 28581 27665 31061 26820 26074 37231 27072
