1
netcache 33009496 70
451418 450050 448572 479412 491381 488601 494692 473137 507216 503332 502975 508110 506270 518491 531870 492213 482446 487583 478726 492061 478141 477805 455513 476293 464533 476291 471162 462151 463093 444436 456542 476610 445821 453468 449722 447081 444852 478060 483961 461133 367093 495125 475415 467271 475133 479950 487844 484086 482377 480680 479484 468504 460961 463496 463310 455250 462247 462748 459212 475391 470501 465086 455974 473742 465060 462135 455738 447272 450411 462221
42632 43581 46493 41499 40102 43360 41339 54736
42375 43450 45832 41511 39398 44430 40867 53502
42200 43456 45397 41245 39512 44701 40665 53521
45229 46301 49057 44244 42747 46752 45210 57216
46134 47587 50634 45190 45922 44170 45114 59583
45464 47241 50063 45361 46297 43877 44293 58321
46671 47892 50768 45556 46607 44590 44912 59119
44394 45572 48362 43345 45632 42757 43136 56716
48036 48960 52430 46864 47241 45764 46461 61529
47636 48746 51654 46502 47511 45504 45594 60654
51574 51629 54594 50523 48972 49409 48988 63800
49690 50996 53558 49036 48564 47950 47623 63018
50044 50474 53348 49207 48566 47356 47767 62458
50489 51543 54886 49702 49093 48656 48831 65480
52447 52970 56068 51593 50693 49847 50984 67671
48333 48882 52046 47257 43705 49206 46653 61148
47054 47668 50570 46906 43199 48910 45406 58711
47810 48621 50823 46837 43603 49293 46212 60304
46809 47238 50329 46363 42817 44866 48401 58791
48170 49348 51283 47730 44336 48647 47489 60696
47157 61492 45232 46424 52523 48746 49922 49577
45438 61152 43738 44727 50164 48331 47386 48272
43064 56858 41102 42536 48015 43467 48129 45680
44740 61083 43247 44739 50074 46332 48824 47478
43519 58003 42296 43359 48667 48285 45272 46224
44862 60799 43517 44264 52024 46336 47809 47396
43963 59132 42937 43502 49753 48032 46079 47189
43724 57622 41845 43286 50750 46138 44721 45849
43409 58227 42256 43185 48532 47093 44601 46202
41824 55454 40433 41621 48634 42252 45286 44452
46346 47572 49950 45669 42798 45547 47849 58649
46655 48192 50653 45637 45677 45710 45601 59113
43280 44902 46949 42824 40229 42622 45993 54933
44192 45439 47573 43814 40373 43225 46203 56357
43961 45271 47282 43214 40580 42781 45996 54762
43316 44423 46724 43251 40084 42920 46159 54538
43516 43957 46697 42610 39948 42466 45911 54390
46885 47977 50335 46300 42702 47567 47254 59623
47408 48570 51459 46505 43312 46068 46106 63193
44873 46181 48528 44598 41380 43941 44328 59665
38406 37571 36686 40702 36395 34926 48111 37257
49980 48684 47678 52807 46859 45137 64961 46607
48046 46101 45646 50442 45063 43644 62217 45269
46842 45596 44482 49338 43927 42531 61239 44263
47521 46295 45314 49873 44920 43468 62149 44845
48307 46615 45662 51150 45004 43787 63068 45125
49581 47347 46771 52071 45353 44491 63225 45728
48961 46713 46696 51411 45309 44005 63230 45544
48603 46915 46109 51131 45144 43479 63235 45487
48511 46920 45559 51069 45269 43462 62992 45597
47031 63466 45814 46869 52853 47932 49160 49997
44455 62300 42636 44404 50219 45313 45427 46946
43616 60958 42059 42997 49043 44373 44557 46281
43878 61425 41933 43614 48741 44451 44857 46442
43219 61402 41894 43441 49047 44572 45205 46725
42982 60418 41678 42815 48307 43780 43912 45487
43683 61277 41892 43484 49194 44523 44441 46322
43840 61087 42022 43701 48959 44491 44743 46804
42870 61139 41438 43225 48228 43753 44172 46505
45279 62870 42957 44654 50730 45705 46533 47907
49321 48314 46818 52262 45756 44469 61953 45861
47711 45706 45281 50034 43599 42759 61240 44483
46302 44393 43898 48905 42937 41890 60678 43141
48567 46205 45304 51079 44595 43409 62238 45002
46940 45488 44645 49689 43183 42468 61351 44222
46728 44999 44705 48760 43112 42473 60969 43313
46011 44725 43893 48196 42557 41822 60138 43045
45100 43785 43007 47249 41526 40464 59389 41978
44686 44121 43086 47615 42071 41349 59707 42528
46218 45208 44372 49010 43075 41937 61011 43662
