1
netcache 31422857 70
440528 424711 418221 411924 415307 425156 437691 428737 423769 415636 461496 478796 470494 461830 455720 459264 479733 479454 469903 457541 443519 429955 420438 424527 420776 419181 439671 417948 418749 422194 485791 467327 464150 461255 475662 469248 460567 458853 456904 467782 468134 447646 482470 470794 464564 456447 453473 481044 471163 474207 420687 437904 429810 419138 424053 418308 424648 438887 432485 425734 475962 472307 462250 449106 451991 464308 476650 463778 461018 462909
53491 55619 58978 52165 48256 51067 51697 69255
51847 53200 56675 50492 46695 49313 49764 66725
50603 52688 55605 49601 46411 48705 48494 66114
49950 51259 54957 48903 45310 48062 48365 65118
50103 51956 55477 49089 45887 48041 48955 65799
51206 53354 57202 50525 46795 49107 49859 67108
52853 55092 58437 52154 48510 50633 51196 68816
51984 53619 57089 51312 47038 49805 50213 67677
51466 53248 56697 49758 46871 49027 49961 66741
50021 51763 55455 49114 45932 48220 49189 65942
56614 57228 61391 55955 50107 53861 54006 72334
58550 59386 63375 57935 52049 55833 56189 75479
57789 58593 62303 56643 51433 55030 54856 73847
56549 57628 61464 55521 50014 53887 54157 72610
55601 56423 60581 55039 49720 53259 53225 71872
55865 57482 60834 55540 50133 53135 54212 72063
58948 59977 63816 57573 52001 55939 56220 75259
58508 59278 63387 58085 51982 56052 56596 75566
57492 58658 62510 56326 51084 54842 55217 73774
55797 57302 60040 55219 50308 53133 53495 72247
51593 69366 48829 51113 59445 53176 53789 56208
49846 67876 47715 49600 57452 51198 52144 54124
49110 66565 46728 48223 55951 50156 50857 52848
49389 67240 46745 48968 56871 50465 51587 53262
48629 66494 46506 48593 56498 50190 50868 52998
48316 66251 46260 48593 55944 49949 51049 52819
50930 69458 48810 50642 58912 52371 53493 55055
48178 66760 46284 48294 55896 49782 50327 52427
48622 66361 46198 47947 56000 49836 51222 52563
48774 66484 47095 48857 56304 49933 51359 53388
59133 61668 64627 58155 52039 57755 57862 74552
56467 58521 62319 55690 50238 55200 55702 73190
56125 58245 61961 55173 50038 54918 55148 72542
55667 57891 61337 54709 50175 54722 55009 71745
57813 59653 63253 56581 51348 55891 56967 74156
57123 59037 62249 55955 50884 55256 55148 73596
56223 57516 61354 55034 49536 54561 54268 72075
55465 57526 60605 55398 49589 54007 54564 71699
55757 57087 60300 54655 49337 54220 54389 71159
56366 58164 62161 56105 50494 55345 56008 73139
58584 56630 55725 62422 54260 51855 72990 55668
56156 54103 53104 59781 51896 49133 71054 52419
60484 58516 57523 64553 56092 53050 76216 56036
58861 57302 55807 63550 54541 52045 73990 54698
58307 55949 54933 62165 54152 51489 73065 54504
57055 55665 53961 60375 53065 50489 72186 53651
56713 55028 53571 60550 52952 50126 71567 52966
59653 58177 57268 63881 56071 53388 76340 56266
59412 57156 55790 63300 54198 52278 74059 54970
59660 57259 56270 63405 55498 52503 74049 55563
48641 66309 46671 48311 56446 49509 51608 53192
50934 69824 48115 50662 58280 52034 52938 55117
49913 68490 47546 49496 57440 50738 51983 54204
48777 66510 46368 48547 56121 49959 50590 52266
49026 67670 46650 48674 57224 50764 51004 53041
48457 66763 46223 48242 55855 49687 50485 52596
49152 67793 46974 49007 56506 50530 51123 53563
50992 69806 48235 50727 58313 52329 52990 55495
49911 68807 47431 49984 57940 51624 52332 54456
49522 67873 47091 49040 56920 50389 51583 53316
59585 58476 56303 64091 54808 52981 74671 55047
58962 57255 55641 63396 54094 52831 74837 55291
58122 55390 54749 62104 53090 51684 73249 53862
56526 54279 52949 59965 51272 50260 71866 51989
56846 54519 53790 60804 51921 49989 71673 52449
58069 56019 54582 62310 53291 51729 74217 54091
60403 57455 56522 63723 55004 52893 75093 55557
58171 55576 54976 62733 53056 51439 73701 54126
57740 55896 54929 62036 52502 51433 73064 53418
58152 56463 55048 61670 53179 51461 73456 53480
