1
netcache 92943233 70
927797 1034866 1133554 1169839 1205716 1222190 1259201 1265118 1240833 1224574 1159842 1231529 1270210 1278665 1277869 1276712 1283433 1297475 1287530 1290559 1215324 1306169 1305100 1298965 1306614 1340780 1354136 1347300 1349329 1355295 1273570 1390133 1411305 1410374 1405243 1407515 1408756 1407193 1403619 1407147 1304223 1402395 1393299 1356751 1357364 1360558 1384869 1402660 1410357 1403877 1308752 1412301 1406876 1408902 1401488 1407541 1401735 1414754 1405162 1411218 1312117 1363045 1363031 1362773 1366798 1384056 1395720 1399238 1398262 1400351
58282 59061 59138 58964 58706 59193 59101 59100
65871 65755 65632 65756 65804 66108 65731 65704
71774 72675 71991 72258 72208 71785 71810 71979
74486 74117 74229 73977 73972 74293 74784 74058
76751 76803 76636 76393 76432 76859 76120 76823
77776 77441 78120 77539 77961 77367 77045 77769
79691 79984 79784 80125 79778 80392 80185 79959
80635 80287 80341 80159 80628 80378 80519 80494
78639 79540 78872 79179 78839 79195 78810 79201
78109 77938 78022 78005 78013 77833 77876 78146
77990 78824 79094 78723 78738 78981 79024 78917
78720 78672 78415 78478 78315 78593 78955 78402
81020 81307 80753 81138 81296 80922 81200 80858
81714 81796 81489 81584 81523 81401 81543 81495
81598 81679 81317 81894 81725 81572 81130 82092
81624 81573 81037 81624 81132 81637 81462 81021
82182 82031 81992 81507 81830 81878 81828 81591
82713 82828 82707 82583 83213 82869 82612 82864
82524 81861 82368 82112 82374 82079 82191 82160
82476 82379 82494 82635 82646 82353 82263 82736
82965 83607 83008 83178 83976 83436 83250 83296
83290 83771 83338 83605 83514 83903 83640 82962
83243 83640 82927 83870 83303 83539 82995 83830
83345 82817 82722 83361 83019 83176 83333 83081
83568 84142 83667 83500 83310 83435 83374 83614
85307 86066 85954 85652 85627 85470 86051 85992
86330 87095 86340 86815 86151 86446 86505 87009
86476 86370 85558 86480 85983 86184 86115 86166
86573 85765 86344 86435 86466 86302 85945 86096
87105 87029 86896 86427 86656 86487 86816 87109
88611 88451 88000 88149 88111 88384 87893 88001
89505 89618 88894 88673 88246 89098 88917 88879
89943 90143 90500 90223 90544 90316 90422 90160
90062 90584 90655 90133 90368 90980 89649 90440
90288 89541 89696 89580 90270 90181 89670 90519
90242 89960 90251 90044 90519 90163 90286 89773
90205 89899 90245 90494 90189 90494 90297 90180
90310 90176 90099 90820 90319 89868 90236 90187
90326 90127 90067 89800 89902 89933 89598 90085
90192 90729 90405 90155 89777 89874 90116 90105
90456 90684 90453 90651 90613 89958 90637 89811
90328 90097 90032 89809 90158 90295 89894 89975
88970 89323 89463 89306 89493 89154 89882 89419
87444 87227 86557 86686 87326 87301 87058 87350
87177 87358 86887 87085 87366 87228 87622 86966
87335 87776 87258 87243 87710 87295 87891 86943
88894 89213 88919 88973 89189 89313 88756 88246
90123 90553 89311 89938 90389 89781 89790 89985
90202 90739 91068 90238 90301 90422 90751 90149
90294 90448 89977 90247 90019 89824 89566 89771
90606 90075 90380 90694 90587 91605 90591 90920
90304 90699 90820 90647 90621 90912 90656 90877
90176 90734 90666 91416 90333 90589 90305 90405
90327 90836 90723 90814 90852 90625 89937 90458
90232 90877 90024 90370 89908 89701 90534 89796
90361 90929 90420 90221 91348 90329 90392 90262
90244 90394 90236 90259 90243 90174 89866 90065
90366 91427 90913 90571 91081 91195 90470 90875
90347 90445 90390 89838 90606 90416 90410 90588
90376 91244 90911 90449 90819 90854 90875 90300
90752 91054 90407 90090 90119 90521 90863 90454
88147 88433 87617 87408 87124 87973 88333 87188
87791 88225 87670 87399 87400 88074 87724 87851
87784 87788 87399 87738 87929 87180 88275 87807
87872 87907 87861 87707 87771 88088 88337 88010
88842 89112 90262 89269 89045 89164 88946 89187
89855 89775 89992 90008 89915 89849 90207 89431
90210 89990 90861 89624 89858 90783 90215 89841
90350 90445 89731 90368 90068 89730 90323 90178
90308 90188 90414 90563 89943 90620 89661 90683
