1
FarReach 60962838 70
962259 890617 868133 932067 902337 867688 905438 907307 869070 854230 836753 871291 840779 930705 885517 852401 892058 914670 869035 853910 824603 851036 848910 916695 898528 862397 899779 916671 856940 834933 815060 843700 851105 909822 893612 850072 881635 901533 860648 840505 830025 871219 845677 910476 890033 863627 895599 906660 862338 845836 824711 861744 854331 910311 883993 843718 870442 898530 725706 847765 810787 866650 855393 906073 895276 861013 867727 902600 854259 835261
121708 122514 122320 122575
113328 112995 113372 113201
110592 110831 109947 110150
118593 118004 118746 118263
114630 114508 114490 114754
110633 109931 110295 109951
115116 115112 114800 114776
114809 115536 115633 115203
110316 110261 110514 110735
109058 108769 109127 108971
119682 119669 119389 119026
112309 112119 111837 112349
108267 107241 107217 106732
117664 118726 119134 119743
112726 113259 113221 112974
108977 108891 108744 108983
113938 113654 114047 114378
117022 116814 116924 116442
111598 111136 110791 111049
109797 109335 109707 109400
117678 117997 117486 117173
110458 109951 110472 110428
108701 109055 109349 108950
118053 116694 118238 117482
115450 115672 115315 115243
110832 110448 110919 110541
115337 115415 115411 115366
117024 117922 117845 117366
110131 109722 110348 109576
107389 107673 107582 107191
116093 115547 115772 115938
110398 110614 109529 110592
109433 109009 109424 109899
117517 117130 117317 116933
114557 115121 114604 115303
109661 109872 109155 109301
113097 113480 113322 113799
116742 116175 115855 116026
110705 110667 110460 110953
108763 108570 108095 108195
118135 117356 118098 116886
113239 114325 114087 113823
109075 108979 108906 110413
117996 118010 117831 117233
115371 114567 114830 114864
111424 111435 111274 111214
114775 115695 115709 115506
116781 117013 117028 116694
111502 111181 111764 110735
109533 109294 109626 109314
117309 116797 117559 117996
113242 112568 112723 112575
110126 111040 111097 110750
118281 117668 118514 117397
114485 115322 114059 114305
109058 109579 109006 109477
112619 112883 113529 112585
116116 115999 116502 116850
94459 94267 93254 94103
110014 110344 109940 109715
116589 116438 116154 115633
113801 114273 113962 113136
110742 111476 110947 111583
117701 117471 117297 117486
116139 115937 117107 116937
111943 111593 112187 111847
113253 113055 112676 113302
117306 117011 117451 117636
111630 110984 111316 110763
109081 108310 108340 108199
