1
FarReach 19367206 70
323128 303683 299514 296111 282705 315420 309064 303780 298478 291049 260669 275384 278469 273554 275384 285346 281603 277949 276777 276938 255635 274824 272704 271381 285357 285666 281798 277915 271764 281840 249865 272142 269058 266891 279136 276659 271350 266365 267876 279032 243928 270439 269056 269313 285648 279971 271701 268028 265296 282285 244078 265497 268506 270885 279529 278660 272837 270846 274664 279381 241738 265468 268002 274474 276976 278288 272536 271947 281480 283302
81330 82738
77512 77018
76288 76019
75262 75364
71932 71823
79851 80359
78908 78554
77366 77050
76041 75627
74950 74238
79799 80146
78269 78585
77339 78291
76409 76172
76605 77261
79357 79320
78302 78197
77143 76927
75985 77082
76999 77012
78776 78657
77631 77672
76931 76395
75933 75761
79482 80400
79732 79532
78010 78581
76747 77907
75630 75518
78683 78933
77772 77400
77295 77351
75832 75410
74812 75307
78414 77635
77664 77305
76080 75378
74200 74055
74463 74748
78942 77820
76982 76809
76795 76817
75856 75800
75053 75991
79753 80620
78028 78189
76015 75492
74775 74861
74413 73451
79565 79072
77254 77818
75998 75404
75906 76056
75876 76618
78624 78309
78258 78067
76510 76321
75693 75731
76934 76479
78500 77859
77184 76279
76103 76369
75951 75895
78196 76995
78632 77401
78524 77479
76973 75624
76273 75578
78974 78042
79746 78335
