1
FarReach 18777087 70
313273 297037 284165 287710 283785 312279 301237 295912 291211 289081 217267 263872 263075 259094 256772 281530 275702 270869 266185 263419 245992 263649 268408 265902 263072 282203 277558 269049 267530 263155 251290 260444 264538 261505 258642 278731 272029 266337 261769 258822 247359 252592 263640 261594 258745 273670 271969 271640 264181 262993 249917 249216 267126 265182 260118 274113 276060 268816 266921 263002 239547 262573 268705 264497 262110 276155 274424 267041 261053 257942
79494 79676
75623 75291
72223 72505
73238 73078
72696 71786
78799 79663
76519 76031
75078 74927
74246 73759
73457 73393
69538 69584
75841 76192
74695 74482
72919 72715
72217 72032
78801 78713
76834 77156
75219 75750
74081 74076
73140 73422
78085 77815
75023 75956
75092 75822
74145 74585
73599 73495
78699 79306
77191 77697
75374 74941
74516 74455
73453 73593
78952 78429
75080 74800
75619 74795
73848 73666
72472 72487
78071 77871
75571 75874
74573 74251
73222 72992
72349 72028
77238 77135
72898 73790
74530 74735
73388 73465
72568 72585
77180 76482
76428 76480
75730 76210
74376 74022
73311 73762
77560 77820
71484 72556
75075 75819
73907 75006
72810 73526
76560 77721
77047 77720
75038 75427
74216 75112
73345 73979
75208 74601
76088 75662
76297 76040
74846 74026
74032 73320
77187 77159
77000 76917
74880 74484
73043 73578
72497 72195
