1
FarReach 72451989 70
1136207 1079429 1058306 1036969 1023840 1081500 1107601 1064620 1050474 1039311 915539 1092154 1090508 1063234 1018079 963145 1041122 1117495 1085070 1056574 934095 1026444 1074693 1084883 1063570 1021572 1031655 1026101 1122185 1063876 941551 1011959 1014023 1074068 1104530 1055502 932208 1029294 1012955 1103806 959421 1024374 1020091 1022060 1038951 1092779 1057079 975703 1027589 1024092 985309 1061043 1028471 1022505 1001886 1002650 978169 1063826 1034900 1009129 915166 1015729 1081674 1046048 1021597 1004111 995743 1043826 1038378 1008427
72267 72376 72310 72082 71936 72469 72416 72047
68544 68781 68307 68617 68539 68498 68496 68213
67380 67009 67564 67061 67110 67150 66845 67212
65737 65783 65761 65971 66090 65979 65757 65880
65126 65171 64752 65330 64993 65311 65292 65533
68676 68795 68466 68728 68808 69202 68804 68859
70361 70314 70211 70210 70208 70464 70710 70428
68109 68142 67802 67495 67617 67485 67551 67822
66970 66985 67033 66893 66852 66772 66231 66595
65928 65632 66163 66054 66442 66406 65920 66184
65191 64975 64832 65177 65184 65139 65137 65250
69576 69988 69773 70154 69963 70391 70297 70042
69627 70136 69207 69642 69820 70371 69873 69599
68109 67529 67528 68093 67902 68250 67958 68352
65134 65100 65291 65141 64796 64992 65032 65221
61163 61807 61580 61514 61047 61511 61699 61935
66971 66065 66346 66886 66181 66603 66322 66624
71572 71545 71332 71657 71271 71269 71448 71605
69397 69722 69289 69372 69337 69355 69045 68994
67383 67212 67609 67231 67494 67538 67419 67069
66882 66053 65663 65820 66394 66053 65307 66154
65813 65587 66661 66096 66333 66577 66214 65917
69484 69113 68648 69164 69084 69153 68810 68650
69467 69321 69638 69931 69781 69639 69721 69311
68349 68453 68524 68130 67804 68087 68232 68367
66019 65441 65741 65359 65066 65470 65659 65599
66058 66153 65734 66435 66224 66505 66465 66529
65814 66112 65853 65754 65847 65747 66171 65707
71955 72441 71630 71998 71995 71802 72015 71826
68332 68516 67819 68314 68450 68543 67935 68096
66853 66951 66635 66274 66283 66018 66474 66696
65753 65410 65825 65950 65279 65384 65110 65745
65323 65140 65016 65821 64941 65549 65388 65341
69297 69433 69374 69502 69039 68951 69146 69009
70709 71246 71014 71385 71128 71131 71226 70930
68124 67827 68027 67666 67739 67850 67824 68019
60410 59857 60076 59672 60175 60241 59954 59890
66437 66379 66062 66056 66285 66484 66525 66266
65502 65660 64837 65370 64614 65073 65523 65238
70922 71566 70895 70997 70642 71372 70910 71392
68274 67430 67744 67868 67717 67016 67703 67327
66913 66630 66966 66722 66076 66903 66869 66592
66587 65888 65899 66378 65787 65777 65636 65497
66083 66194 66001 66349 65782 66331 66044 66180
67622 66894 67012 67193 66907 67357 66837 67215
70672 70988 69791 70563 70582 70627 70893 70990
68182 68692 68239 68226 68121 67984 68060 68224
63094 62767 62655 63557 62941 63060 62530 63291
66349 66407 66298 66547 66373 66407 66308 66713
65936 66150 66170 66294 65964 66103 66050 66155
69844 70102 69873 69218 69421 70173 69674 69973
69349 68799 69052 68751 69381 69338 69493 69578
66889 67155 66875 66770 66302 66634 66590 66583
66215 66605 66710 66051 66492 66366 66379 66455
64651 65238 64672 65360 65109 64627 64907 64915
64866 65044 64768 65234 64959 64827 65510 65221
63000 63763 62985 64295 63294 63432 63346 63599
69081 69481 68600 69112 68908 69042 69317 68684
67193 67667 66705 66915 67512 67169 66828 67170
66152 65259 65664 65692 65678 64854 65545 65236
65747 65585 65506 65017 64975 64779 65097 65332
66435 67035 66741 66895 66348 66814 66191 67241
70225 70424 70070 70625 70046 70287 70310 70743
68070 68520 68197 68232 68157 67600 68027 68322
66668 66740 66341 67020 66111 66493 66367 66450
65771 65478 64641 65118 65694 65802 65469 65555
65005 64987 64786 64727 64656 64405 64660 64897
68052 68195 68029 68015 67807 68202 68012 67559
67516 67311 67530 67652 67579 67678 67319 68028
65585 65591 65184 65841 65795 65869 65716 65917
