1
FarReach 13627080 70
229811 218759 211055 223860 219532 214355 218822 226535 216897 206421 178363 190421 188059 196981 197357 191470 187725 202242 179735 189184 180276 190876 189147 191560 200571 194325 189729 201613 193760 188311 169656 188428 186666 184950 203063 194551 190266 177208 196450 190614 171549 195283 191135 187310 199793 193530 189518 197274 199801 193031 170473 194664 188197 185347 197791 195386 190772 193953 198375 191489 165494 198240 191336 188172 196253 195708 189807 190177 203183 194432
116988
111174
107588
114545
111718
108980
111344
115043
110553
104555
114719
112711
109405
114308
113773
109595
107837
116111
103133
108460
114757
112761
109759
110738
115504
111522
108440
115460
111225
107924
108947
112027
108691
107807
117857
111767
109092
101385
112608
109340
109555
115721
111122
108637
115401
111696
109181
113477
114767
110832
108719
114882
110168
107722
114419
112935
109807
111510
114086
109830
106976
117055
111570
108821
113007
113028
109370
109519
116298
111479
