1
FarReach 151675041 70
2580664 2444009 2352137 2318737 2306987 2565563 2415941 2352947 2300323 2261697 1087245 645516 2442086 2339924 2266099 2272632 2562876 2436430 2374256 2318279 2116815 1990671 1268816 2363611 2291985 2281295 2089472 2510561 2378489 2348805 2113207 2208483 2005899 1190898 2371096 1688298 2265414 2060740 2491357 2380219 2113917 2237237 2229503 2058805 2048380 2324836 2307477 2048733 2498318 2393256 2083122 2249659 2252508 2457155 2388194 2310788 1854816 2202951 2461045 2144540 1792051 2233054 2233966 2384251 1963363 1585101 1754788 1833871 2271952 1890174
81801 81854 82226 82029 81914 82381 82157 81917 81543 82058 82118 82047 82304 81693 81969 82147
78118 77664 77853 76815 77581 77430 77234 77800 77423 77705 77941 77715 77665 77686 77501 77458
74912 74561 74792 74692 74873 74900 74731 74607 74490 75238 74965 74435 74169 74547 74326 75394
73779 73669 73770 73754 73574 73892 73573 73558 73481 73750 73714 74029 73903 73623 73789 73771
73249 73396 73616 73666 73598 72835 73303 73476 73196 73595 73451 73306 73069 73283 73333 73496
81123 81247 81454 81668 81250 81874 81321 81765 81149 81777 81673 81694 82377 81312 81323 81764
76826 77267 77546 76698 76652 76401 77255 76666 76502 77385 76335 76800 76503 77007 77054 76775
74755 75158 75200 74645 74749 74859 74917 74763 74831 74717 74579 74964 74986 74549 74791 74893
72859 73451 73041 73447 72771 73375 73274 72978 73726 73449 73210 73425 73353 72852 73320 72908
72260 71939 71503 72248 72154 71922 71814 71790 71901 72069 71365 71998 72128 71695 71828 72073
38280 37246 37800 38566 38320 37822 38199 37993 38321 38551 38210 37940 38337 37922 37964 38306
20484 21562 21776 20315 20940 20801 20840 21059 20954 21173 20871 21153 20730 21056 20722 20736
78062 78543 78349 77759 77785 77976 78395 78663 77967 78253 78272 77855 77647 78559 78062 78435
75444 74850 74525 74874 74827 74378 74872 74933 74834 74618 74882 75076 75035 75286 75010 75224
72422 72510 72839 73058 72879 72635 72517 72291 72046 72873 72706 72139 72455 72603 72807 72846
72818 73110 73023 73286 72572 72577 73335 72396 72348 72584 72795 72640 72046 72781 72927 72914
82289 82628 81862 81413 82142 81957 82436 81736 81869 82341 81619 81952 82187 81809 82024 82537
78162 78209 78325 78130 77561 78258 77822 77785 77963 77932 78447 77814 77653 78396 77972 78261
75792 76119 75900 75575 76258 76024 75726 76194 75502 76148 76266 76216 75569 76033 75599 75697
74117 74585 74020 74255 74154 73839 73891 73881 74147 73962 74044 74013 73812 74282 74857 74515
73011 73765 72550 73411 72260 73606 72835 72841 74536 74139 72709 73704 72638 72941 72741 73474
63840 64090 63879 64770 63842 64052 64547 64332 64828 64144 63944 64200 64118 64120 64252 64550
41819 41352 40630 41282 41123 40997 40740 40946 40414 41482 41025 40757 40741 40886 40442 40826
76566 76527 75999 76046 76154 76427 76769 75495 76096 76510 76072 75948 76164 76902 76012 76515
73855 74653 73637 73849 74233 73643 74471 74218 73506 73850 74251 74020 73433 74199 73496 74383
73610 73817 73754 73737 73306 73330 74079 72885 73606 73884 73881 73398 73649 74076 73901 73773
67663 67257 67302 67853 67104 67303 66891 67286 67368 68092 67293 66779 67808 67515 67259 67589
81589 80949 81282 80917 80759 80837 80916 81186 81309 80670 81073 80563 81000 81233 80270 80502
76802 76957 76507 76985 76541 76496 77059 76795 76640 77094 76554 76978 76504 76782 77001 76589
76217 75859 75982 75487 75937 76181 76185 75269 75578 75422 75810 75207 75717 75937 75887 75805
73466 73512 73168 74178 73544 74054 74196 73080 72990 73014 73435 73508 73005 73096 72703 73937
71709 71471 71686 72670 71751 71052 71754 71717 71262 71625 71850 71477 71706 71280 71744 70442
65146 65536 65323 65375 64832 65042 64914 65068 65168 64448 64224 65176 65285 65406 64799 65873
37937 38746 38966 38217 38719 38387 38708 38386 38965 40149 38448 38961 38204 38506 38740 38582
77150 76552 76963 76874 76874 77008 77088 76592 76279 77416 76421 77433 77163 77135 76479 76907
54865 54810 54866 55278 54960 54431 54446 54008 54382 54888 55068 55320 54854 54512 54580 54540
74011 73704 73653 73848 72841 73320 74010 72967 73493 73572 73397 73771 73703 73405 73555 73153
67493 67321 67206 67026 66386 66724 67241 66688 66102 66599 66696 66948 67009 67557 66883 66906
81119 80647 81284 81072 80637 81066 80486 80312 79990 81057 80140 81244 80838 81701 80768 80119
77489 77362 76957 76753 77292 77254 77392 77002 77280 77037 77522 77405 77348 77831 77185 77270
74882 74420 74091 74293 73976 73855 74236 73784 73829 74373 73681 73849 74089 74098 73947 73768
73612 72523 72648 72983 73595 72990 72854 72876 72622 73084 73054 73482 73296 72880 73701 72503
73583 72457 72564 72997 73015 72373 72677 72789 72474 72480 72401 73116 72880 73052 72777 72334
66956 66833 66897 67158 66684 66946 67359 66599 67184 67310 67586 67496 67274 67099 67448 67439
66771 66680 66768 66554 66493 66692 66792 66994 66548 66879 67355 66980 66891 66861 66889 66598
75917 75883 75656 75751 75752 75880 75985 75836 75950 75765 76348 76220 75846 76088 75719 75569
75414 74952 75460 75115 75172 75580 75353 74883 74769 75386 74716 75528 75689 75111 75077 75391
66573 66856 66929 67279 66882 66548 66500 66524 66404 66618 66947 66649 66967 66808 67403 67118
82292 81137 81382 80909 81379 81495 81139 81376 80875 81772 81656 81378 81527 81426 81274 81131
78442 77979 78048 77705 78408 78218 77810 78007 77740 78764 78219 78111 77901 78567 78113 78416
72856 73699 72916 74898 73041 73848 73106 73469 72925 74159 73638 73799 72623 73429 72930 73709
73872 73414 73721 74183 73459 73558 73889 73840 73358 74300 73954 74288 74533 73832 73740 74008
73291 73393 73960 73762 73707 73689 74060 73372 73308 73929 73744 74224 74222 73625 74214 74188
80605 80599 80913 80532 80607 80339 80804 80259 80112 81094 80266 80550 80320 80954 80794 80328
78138 78261 78337 78012 78410 78504 78180 77877 78396 78702 78268 78495 78631 78400 78078 78023
75654 75470 75538 76201 75585 75673 76367 75668 75991 76233 75525 76608 75816 76165 75701 75403
60479 60375 60898 61602 60939 60730 60728 60452 61295 60880 60684 60729 61059 60531 60389 60709
71889 71956 72241 71723 72191 72364 72134 71915 71887 72531 72226 72325 72302 72898 72255 72093
81267 80425 80415 80625 80386 79999 80440 80441 80933 80592 80609 80544 80434 81482 80870 80682
69920 69933 70210 70972 70537 69848 70866 69960 70295 70273 70225 70285 70592 70328 70234 70178
65407 63832 65075 64338 64608 65117 65074 64397 64175 64151 64060 64827 64030 64175 65164 64306
73793 73925 73789 74010 73530 73474 74706 73293 73211 74209 74439 74018 74224 74096 73745 73850
73043 73869 73266 73571 73944 73223 73445 73300 72783 73638 73259 73611 73407 73168 73633 74405
78851 78075 78275 78509 78815 78938 78440 78635 78079 78913 78405 78416 78244 78935 78335 77665
64841 64082 64318 64211 64474 64147 64525 64889 64822 65052 64783 64709 64661 64589 64565 64325
52223 52011 52205 52200 52053 52220 52368 52270 51884 51780 52128 52631 52022 52756 52353 52102
57356 58038 57309 57888 57880 57476 58039 57324 57844 58849 57662 57661 57787 57266 58216 57775
60861 59971 60041 60171 60184 60905 60571 60666 60030 60559 60178 60596 60194 60273 60460 60381
75029 74430 74489 74586 74807 74753 74521 74586 74609 75659 74889 75323 75011 74522 74405 74738
62186 62242 61760 62390 62682 62340 62372 61834 61987 62093 62639 62341 61904 62570 61911 62372
