1
FarReach 222591399 70
3937261 3702533 3561036 3521594 3397827 3288946 3401647 3615019 3642379 3554530 2879510 3038070 3095414 3378194 3584273 3439809 3408423 3377942 3365673 3270651 3116801 3297438 3263958 3177246 3183897 3085628 3090350 3538892 3563505 3512029 2762765 2934225 2989219 3038159 3620732 3400685 3339291 3248979 3227303 3262949 2762599 3379039 3279940 3240408 3191960 3166011 3103691 3344582 3666419 3485275 2785602 2905922 2838788 3023337 2566797 2387413 2253727 2180313 2082882 2755727 2635607 2781333 2812050 3389950 3390386 3296127 3215163 3122376 3163844 3260851
125226 124920 125076 125010 125138 125589 124990 125207 124750 125567 125339 125243 125112 125205 124942 125302
118026 117611 117609 117766 116929 117359 118231 118005 117173 117657 117882 118413 117860 117235 117200 117987
113665 113544 113503 113025 112994 113322 112534 112992 112951 113630 113715 112472 112849 112630 112973 113722
111354 111963 112423 112149 111673 111563 112571 111570 111670 112283 111750 111810 112191 111935 112049 111964
107388 107631 108689 108549 108184 107842 108349 107899 107725 107571 107691 108037 107902 108026 108072 108295
104697 104799 104736 104504 104162 104796 104610 103894 104310 105172 104830 104844 104777 104441 105097 105013
107951 108043 108399 107608 108059 107894 108065 107915 108391 108463 108019 108097 107777 108351 108137 107802
114984 115010 115203 114936 115888 114619 115230 114555 114919 115466 115295 115114 114922 114597 114699 114307
115969 115989 115987 116037 115707 115731 115768 115706 116312 115898 115582 115847 115398 116032 115831 115619
112875 113633 113168 113073 112910 112976 112333 113514 112880 112941 113755 112955 113502 112827 113087 113659
108793 110086 108725 110047 110016 110148 109522 110537 109250 110178 109283 109512 109366 109664 109698 110208
106930 107617 107726 107284 106557 107393 107375 109291 106957 107510 106405 107397 106976 106729 107859 107137
105977 106747 106739 107397 106036 106044 106727 107247 106887 106756 106200 106188 106694 106950 105758 105621
113317 113624 114467 112617 113497 113247 113940 113986 113752 114367 113961 113716 113671 113834 113650 113781
117991 119149 118020 118448 118864 118936 119110 117975 119606 118939 119063 116968 117681 119174 119675 118842
113593 113012 113312 114196 113100 113962 113051 112066 112859 113558 113172 114130 112752 113028 113487 112887
110873 110656 111212 111535 110568 111234 110830 110894 111261 109848 111332 116437 110894 111136 111198 110521
108897 109492 110384 109560 109872 110036 109554 109678 110114 109608 109607 110130 109568 109788 109609 109698
108743 109613 110161 109500 109590 109509 109379 108889 109021 108615 109398 109964 109441 109143 109573 109921
106630 106325 107227 106702 105704 106571 106330 106114 106280 105646 105995 106239 106042 106670 106127 105780
119347 120846 120411 120924 120910 120720 121037 120341 120470 120259 120146 121180 119962 120622 120337 120190
117600 117883 118489 118162 118836 118693 118731 118282 118430 117578 118730 119522 117596 118931 117748 118944
113419 113066 113891 113256 112989 113703 113531 114772 113567 112005 113116 113552 112018 113649 113980 114655
107660 108160 108006 109634 108712 108269 109137 108611 109386 107773 108864 108836 108698 107561 108299 107758
107090 108155 107400 109252 108174 107435 109321 108540 108635 107215 108983 108660 107137 106979 107531 107996
103761 103630 103405 104096 103305 102613 103628 103456 103598 102968 103588 102859 102816 102072 102299 102756
101455 102434 102589 102401 101938 102059 102016 102445 102348 101811 102553 102305 102501 100895 101924 101891
116289 116697 116732 117134 116632 115194 116686 116262 116574 116323 117352 116228 116183 116405 116986 116426
116508 116957 117245 117158 117666 116540 117314 116780 117139 117078 117146 117036 117314 116909 117699 116484
113708 114836 115634 115710 115170 115310 116125 115522 115038 115013 115455 114700 115309 114797 115346 116091
107809 108508 108900 108373 108626 108102 108509 107014 108996 107672 107691 107699 107533 107320 107897 107693
106730 107302 106085 106285 107021 106394 107743 106681 107141 106594 106989 106615 107628 107030 106485 107211
104941 106150 105479 105050 106017 105791 105716 105010 105444 105270 105875 104993 105293 106073 104905 106102
103966 105491 105616 104588 105195 105414 106789 105329 105530 104922 104790 105304 105708 104649 105467 105962
122553 123449 124062 123292 123888 125588 124820 123609 126053 123608 123670 124412 124411 123239 123929 124635
114532 115538 116163 115633 115809 115657 116954 114521 116098 115110 115482 116172 116455 115906 115824 115781
111442 111931 112751 112290 112988 112208 112533 111814 112358 112512 112182 111945 111963 111794 113152 112692
107664 107992 109389 108392 109414 108272 109722 108227 109178 108488 108404 107701 109089 107519 108834 108720
106320 107232 106814 107858 107079 106798 107523 106062 107395 106887 107141 106702 107203 106839 107256 106826
106820 107261 107871 107926 108576 107642 109323 107533 108522 107826 108212 107407 107900 107828 108364 108070
108379 108404 108362 108201 108039 107965 108760 108475 108225 107688 108656 107788 108571 108706 109418 107848
122273 123581 124201 124112 122680 123561 124021 122880 123466 122195 123267 123350 122710 123484 123547 123566
114786 115281 116317 116176 115749 115216 116532 114767 116477 115421 116531 115984 116456 115536 116210 116841
111601 113200 111204 112668 113073 111685 112850 111205 112636 111656 112294 111740 113090 111545 112349 111890
108939 109075 109050 109364 110213 108848 110010 108885 109719 108730 109208 109242 109269 109304 108893 109083
106516 106896 107193 107926 108117 106791 107989 107102 107734 107467 107737 107504 107550 108639 108390 107404
103465 103622 103557 104996 104615 103882 105217 104100 104673 103323 104176 104252 105038 104177 104474 103982
111570 111368 111695 112754 111213 110976 113100 111223 112085 111247 111695 111457 111855 111360 111137 111693
121126 121634 122251 123520 121886 120852 124153 121994 122418 121379 123053 121483 122474 122937 122762 122513
115156 115903 115756 117071 115141 115235 117238 116408 115901 115551 116204 115791 115532 116652 116654 115849
109832 111066 111189 110404 110604 110092 111892 110758 112360 110393 111443 111171 110829 111328 111578 110457
107004 106311 107335 107334 107460 106210 107796 106180 107815 106691 107620 106763 107979 106772 107976 106336
101882 101421 102080 102023 101363 100918 101578 101564 101891 101448 102180 100870 101864 101922 102548 101645
104806 106924 106518 106901 106140 105518 106160 106392 106546 105094 106450 106073 106318 106764 106453 105731
88018 89357 88383 89385 88911 88029 88921 89445 89566 89003 89029 89750 89877 88695 88411 88530
80848 82601 81535 81556 81844 82104 82871 82003 82630 81713 82459 82336 81533 81938 81396 80713
76188 77250 77303 77793 76611 76943 77289 77194 78169 76570 77468 76944 76212 77135 76717 76772
73965 74223 74086 74847 74324 73886 75345 74217 73300 74327 74829 74152 73897 73786 74182 74463
70347 70313 70572 71440 70359 70323 70710 71170 70858 69546 71033 69880 70322 70142 70081 70338
92581 93096 93914 93892 93080 92439 94200 94404 94475 92775 93524 92764 93281 92831 93096 93398
104355 104186 104676 103837 104254 103443 104781 104355 105184 104049 104627 103266 104779 104148 103716 103635
102193 101723 101149 102249 102829 102077 102868 102761 102782 102451 102977 102663 102637 102367 101053 101658
100352 100423 100095 101444 100984 99580 102060 100454 101116 100056 100921 100202 100592 100305 100120 99792
119578 118956 118165 120067 118786 118888 119705 119218 118274 119266 119056 118946 118195 119844 117885 119185
116298 117543 116869 117918 116270 117011 118904 118434 117201 117387 117040 116329 117555 117580 116866 116523
112541 113525 112931 113150 112951 113570 114365 113869 113576 112569 114508 112707 113797 114226 112255 112119
109168 109778 110487 110379 110075 109228 110426 109411 110183 110129 110489 110184 108851 110951 109475 109138
105171 106121 105375 105193 105746 104456 105985 105235 105938 104713 105974 106031 105118 105774 104468 104703
105806 106213 106102 106584 106333 105145 106576 105933 106865 105629 106653 105828 105931 106900 105935 106022
109114 109858 109290 109686 108960 108679 109880 108286 110492 109499 110087 110200 108882 110368 108936 109485
