1
FarReach 145474566 70
2550610 2393349 2333003 2294762 2200726 2232158 2195513 2172378 2171460 2147359 2041038 2258530 2260589 2235305 2222930 2184960 2138494 2130555 2120708 2104551 1824010 2257357 2207993 2182171 2182852 2152216 2123467 2118118 2121199 2092420 1791418 2029686 2273004 2247079 2198157 2171980 2127087 2122423 2132741 2099690 1760060 1909549 1889546 1649508 1623674 2117496 372330 2213651 2135008 2109643 1299373 1881038 1961936 2022259 2073096 2306786 2226577 2195035 2137317 2121073 1805254 1939005 1970722 2025042 2033596 2197673 2261010 2193962 2162972 2031374
81242 80879 81287 80693 80922 81408 81154 80965 80650 81082 81184 81149 81389 80783 80987 81164
76138 76098 76174 75750 75853 75757 75716 76198 75700 76105 76277 76022 76038 75997 75963 75810
74215 73964 74205 74084 74459 74403 74037 73782 73924 74658 74352 73727 73634 74037 73783 74686
72906 72909 73072 72709 72668 72916 72819 73067 72768 73032 73035 73279 72914 72874 72865 73188
70014 69883 70168 70818 70299 69709 69949 70005 69691 70004 69810 69847 69769 69849 70092 70178
69890 70834 70867 71170 70825 71226 70865 71018 70697 71035 71138 71236 71748 70770 70609 71260
69643 69921 70193 69922 69727 69569 69994 69701 69661 70592 69651 69854 69887 69961 69917 69413
69441 69328 69604 68348 68792 68946 69274 69355 69047 69091 68729 69182 68762 68987 69443 69274
69320 69165 69393 68723 68793 68982 69303 68682 69132 69029 68939 69425 69687 68558 68769 68949
68674 68876 68098 68962 68640 68888 68335 68337 68720 68986 68295 68503 68435 68340 68693 68770
74735 74670 74491 75300 74744 75076 74465 74597 74933 75307 74224 75090 74675 74759 74191 75154
76137 75932 76485 76154 76412 75992 77065 76859 76818 77190 76503 75657 75888 76624 76385 76432
73909 74570 75054 74292 73994 73664 74921 74639 74341 74255 73807 74175 74276 74278 74934 74900
72425 72159 71793 73257 72220 72414 72890 72142 72339 72716 71971 72603 72746 72248 72373 72770
71754 71681 72206 72457 72233 71744 72301 71926 71734 71704 72248 72088 71890 72120 72306 72528
70381 71029 70963 71496 70693 70750 71902 70664 70483 71309 70958 71198 70763 70375 71140 70532
69862 69702 69359 69592 69209 69484 70206 69266 69785 69614 69054 69376 69248 69564 69380 69806
69258 69258 69198 69274 68725 69089 69349 69321 69220 69138 69487 69729 68620 68845 69010 69226
68643 68701 68821 68638 68934 68876 68812 69144 68566 69386 68989 68968 68303 68664 68734 68495
68446 68649 68125 68707 68526 68132 68481 68422 68866 68493 68317 68865 68091 68755 69276 68468
68428 68249 67259 68621 67826 68022 68332 68044 68476 68412 68160 68430 68115 68069 68437 68283
77205 77392 76823 77394 76306 77237 78306 77584 77335 77380 77114 77958 76979 76753 76649 77054
73291 73537 73786 74203 73161 72619 73391 74046 73601 73797 73314 74433 72925 73469 72424 73068
71491 71647 71190 72297 71238 71392 72332 71407 71674 71969 71250 71729 71439 70880 71114 71732
71026 71928 71381 71848 71500 71045 72484 71694 71428 71997 71756 72025 71294 71383 71438 71637
70247 70156 70645 70875 70023 69914 71133 70136 70968 70761 70862 70609 70477 70727 70567 70533
69840 69323 69980 70088 69261 69648 69259 69548 69736 70043 69797 69525 69975 69510 69502 69192
69529 69462 69539 69807 68916 69100 69372 69599 70036 69295 69783 69072 69140 69203 68978 68952
68931 69177 69574 70254 69198 69516 70024 69679 69756 69793 69385 70019 69664 69175 69374 69371
68631 68357 69281 68944 68660 68613 69012 68394 69078 68553 68844 68584 68562 68794 69006 68174
68480 67861 68253 67980 67956 68227 68662 68234 68496 67732 68714 68682 68428 67549 67828 68292
70836 69675 70048 70113 71001 69654 70697 70315 70409 70153 70319 70259 70292 69381 70228 69573
76864 75470 76422 77643 76426 76607 76785 75759 77227 76634 76380 76560 76614 75815 76081 76129
74560 74815 74735 74637 74108 73915 74275 73741 75147 74921 74259 75081 74654 74257 74249 73959
72546 71894 72523 73126 72136 72573 72595 72340 72351 72835 72206 73743 73343 72135 72438 72100
71398 71321 72124 72128 71352 71502 71599 71359 72046 71927 71834 72248 72076 71304 71487 71496
70583 70205 70472 71071 69601 69933 70517 69904 69939 69871 70357 70675 70587 69937 70094 70201
70049 69780 70240 70703 69385 69244 70337 69768 69715 69888 69662 70650 70903 69977 69905 69363
70143 70266 70501 70520 69998 70883 69931 69980 69947 69979 70307 70821 70581 71236 70494 69969
69440 69198 69292 70305 69728 69308 69498 69048 69699 69297 69645 69460 69799 68893 69414 69026
68491 67448 67492 68107 66967 67344 67684 67598 67032 67210 68067 67678 67805 67221 68154 67608
67319 66807 67184 67274 66693 67141 67261 66957 66911 67311 67037 67205 67815 66918 67355 66480
65154 64249 64328 64843 63362 64165 64193 63566 63687 63810 63828 63553 64695 63929 64283 64074
54519 54906 55301 55311 54624 54741 55085 54770 54799 55129 55116 55638 55846 54955 54957 54636
53542 53354 53820 54422 53296 53388 54118 53821 53520 53762 53882 54304 54270 53694 54359 53983
70166 70538 70237 70947 69503 69756 70285 70244 69744 70472 70713 70873 70692 69505 70546 69542
12022 12419 12478 12288 12263 12086 12484 12353 13438 12258 12353 12371 12290 11465 12333 12212
73340 73423 73720 72658 72809 73380 73546 73585 73522 73512 73698 73977 74333 73339 73266 73137
70735 70430 71074 71139 70593 70684 71007 70676 70743 71045 70607 71105 71697 70258 70936 70619
69988 69983 70562 70326 69430 69723 69897 69575 69908 69918 70145 69592 70445 69403 70308 69705
50301 50389 51249 51501 50652 50432 50713 50492 51236 50841 51105 50809 51486 50396 51307 50470
68462 67707 68487 68561 67412 68068 67745 67304 67678 68024 68240 67330 67627 66599 67381 67495
67691 68064 67689 68356 67900 67299 67207 68560 67162 68377 67315 68124 67554 67194 67583 67689
67218 67726 68632 68200 67334 68151 68339 68097 68030 68467 68885 68918 68620 67327 67833 67878
67630 68687 69235 70865 68095 68580 68961 68904 69277 69857 69224 69534 69982 68595 69359 68945
76766 76967 77120 76818 76426 76730 77108 76882 76390 76861 77098 77721 78170 76167 76673 76542
73760 74600 74699 74280 73311 73837 74614 74259 74289 74648 73934 74352 74598 73331 74520 74126
73197 73289 73553 73257 72681 73014 72890 72589 73521 73387 73331 73395 73983 72460 73118 72645
70877 71058 71208 71849 70544 71000 71271 71101 71660 71612 71341 71840 71464 70777 71138 70931
70366 70642 70855 71647 70278 70398 70676 70463 71467 70959 70654 71248 71279 70045 70169 70311
69082 69362 69937 70291 69460 69442 69387 69707 69722 69863 69871 70159 69652 69436 69576 69661
68530 69749 69121 69519 68434 68342 69742 69614 69490 69601 69268 69408 69891 68441 69675 68961
68525 68665 67982 69426 67806 68121 68199 68646 68319 68808 68341 68104 68882 68396 68384 67463
67798 67721 68782 69318 68658 68900 68817 68126 68185 68103 68968 69444 69612 68217 68586 67528
67376 68052 68589 68724 67753 68183 68464 67581 67990 68103 68340 68765 68586 67685 68091 67374
72942 74063 73588 74765 73037 73055 73760 72832 73387 73868 73544 73984 74004 72551 73469 73114
75432 76106 76242 76017 75424 75713 75501 75328 75845 75876 76086 75872 75816 75165 75727 75185
72809 73504 73497 73902 72597 73349 73120 73526 73729 73876 73435 73639 74233 73103 73410 72246
72028 72642 71940 72900 71873 71606 71828 71640 72491 72652 72644 73006 72627 71834 72147 71937
67641 68112 67871 68454 67313 67945 67918 68037 68323 68159 68354 68337 68319 67443 68721 67436
