1
FarReach 73348786 70
1187721 1117799 1089409 1081468 1066459 1146531 1144088 1111812 1087500 1074440 931263 1040531 1056495 1069372 1081109 1071974 1143950 1129639 1103826 1078300 971491 991709 1013947 1093719 1083390 1059133 1049610 1129394 1108988 1075908 969680 1051746 1014989 991178 821223 1075512 1054457 1033955 1105150 1131608 969873 1062471 1055908 1047636 909844 983273 1085796 1056170 1044107 1086642 998262 1066215 1069692 1057669 1045507 891878 841025 1064417 1055711 1048681 949469 1114466 1082521 1064888 1048549 1033827 865630 960343 1076476 1070138
75275 75635 75596 75095 75281 75913 75626 75598
71350 71230 71055 70610 70861 70858 71163 71117
69134 69488 68899 69477 69352 69367 69081 69090
68963 68766 68559 68293 68618 68725 68789 68338
67699 67935 68104 67606 67660 67771 67505 67965
73080 72516 72948 72733 73041 72695 72242 73004
72287 72588 72898 72852 72606 72870 72862 72518
70570 70583 70591 70571 70797 70666 70837 71081
69401 69434 69269 69280 68897 69510 69029 69195
68439 68922 68488 68232 68546 68362 68537 68880
64712 64962 64480 65831 64883 63460 64212 64623
65303 66441 66746 66472 66876 67797 66848 66437
67571 67484 67580 67422 67197 67562 67821 67599
68501 68867 68113 68141 68448 68524 68894 67927
69162 69016 69197 69582 69265 68738 68932 69288
68520 69123 68319 68539 68542 68411 68261 68750
73071 73187 73150 73585 73082 73300 72754 73143
72294 72283 71970 72164 72015 72273 72441 71800
70355 70938 70497 70336 71118 70697 70600 70610
69702 69463 68950 68848 69216 69383 68951 68928
68384 68363 68683 67836 68289 67618 68037 68239
65053 63862 64298 64535 63889 63656 63938 63739
64481 65477 64927 64903 65454 65514 65146 65170
70261 70374 70377 69542 70678 70464 70252 70294
69554 69383 69325 69782 69495 69977 69649 68860
68069 68017 67962 68432 67955 67953 67967 68702
67573 67663 66951 67700 67246 67914 67423 67348
72906 72513 72540 72865 72029 72242 72786 72419
70895 71382 71449 71114 71416 70985 71169 71394
68725 69304 69417 68965 68770 69122 69572 69484
67716 68162 68108 68201 67786 68272 67965 68042
68926 68146 67647 68267 67598 67909 68201 68059
65760 65182 64897 66476 65906 65482 64366 65185
63633 63469 64203 63693 64090 63989 64697 63961
52900 52849 53189 53099 52823 52766 53029 53509
69259 69743 69126 69801 69285 69579 69444 69220
68176 68383 67714 67994 67868 68278 68073 67671
66850 66673 66750 66214 66764 66629 66302 66636
71033 70811 71567 71026 71148 71622 71507 71236
72706 73231 72939 73122 72849 73470 72356 72787
69847 67855 68728 68693 69105 68494 68140 69022
69461 68681 68837 68655 69493 69134 69027 69473
68934 67968 68472 68101 68907 68678 68286 68317
68546 67434 67847 67384 67794 68022 67782 67876
58591 58544 58865 59492 59424 59089 58847 58898
63865 63441 63529 64145 63685 63195 63453 63638
69876 70170 70475 70881 69925 70911 70444 70234
68761 68622 68717 68327 68395 68093 68731 68434
67823 67565 67485 67829 67782 67318 67654 67307
70432 70316 70672 70464 70538 70698 69580 70201
72601 71570 71657 71788 71659 71932 71810 71816
70575 69258 69831 69250 69198 70021 69422 68713
69699 69213 69307 69249 69792 69774 69466 69794
69103 68865 68683 68269 68459 68938 68862 69098
68168 67601 67766 67659 67848 68011 68202 67595
58347 58125 57777 58936 58486 58180 57448 57857
54212 54382 54759 54676 54984 54822 55361 54336
69509 69592 68943 69148 69239 69297 68539 68629
68350 68669 68208 68352 68622 68602 68865 68459
68554 68127 67779 68226 68403 68189 67816 67910
69266 68614 69230 68411 68144 68371 68501 68246
73375 72826 73662 73069 73345 73519 72511 73135
70371 69902 70473 70920 70281 70634 70838 70776
69362 69011 69551 69480 69294 70017 69486 69170
68235 67749 68254 68702 67993 68710 67812 68326
67524 67148 67701 67865 67275 67858 66844 67250
56045 56378 56499 57382 56283 56547 56330 56421
62855 62463 62756 62725 62593 62624 62406 62495
70146 70201 70062 69937 70909 70036 70003 69972
69516 70049 69639 69799 69854 69636 69567 69507
