1
FarReach 60487970 70
950195 885585 857968 920143 898311 867867 894248 921190 869606 842407 835784 872613 843080 913713 893629 859085 877004 905717 860899 833999 790073 858984 850702 897669 897858 858727 872921 920474 864535 827525 773388 855125 852144 887418 897017 858597 845705 922817 865177 840650 766393 863611 842959 864109 896525 861601 842509 921797 869690 845342 782945 864032 838670 865211 900742 859132 840196 906397 853334 833831 759805 854544 849164 847084 908867 854111 838652 904580 875107 836078
120168 120979 120773 121056
112751 112344 112651 112555
109160 109559 108830 108888
117205 116587 117135 116710
114020 114077 113968 114221
110592 109918 110340 110079
113691 113543 113562 113331
116753 117289 117215 116934
110229 110402 110610 110644
107426 107024 107390 107524
117153 117104 116793 116889
112693 112559 112958 113187
108057 107571 107511 107593
116364 116433 116903 117041
113755 114432 114189 114119
109848 109854 109640 109745
112225 111600 112007 112543
115968 115815 115946 115360
110719 109941 109700 109789
107166 106677 107143 106804
112296 111478 111771 111695
111772 111078 111006 111058
108946 109513 109268 108875
115552 114417 115871 115296
115469 115335 115458 115071
110689 110066 110390 110363
111570 111996 111898 112125
117885 118527 118282 117858
111281 110866 111103 110685
106215 106510 106565 106364
110467 109805 109929 109545
111456 111615 110377 111679
109671 109105 110225 110312
114407 114469 114069 114636
115916 115322 115559 115644
110491 111264 110015 110567
109360 108317 108880 109359
118568 119442 118719 119196
111869 111551 111030 111241
108760 108189 108302 108727
111141 110448 110691 110308
112528 112889 113560 112632
109301 109070 108738 109234
112192 112035 111719 111713
116280 115745 115977 115818
111528 111200 110961 111358
108372 108664 109177 109035
119459 119520 118514 118996
112273 112040 112867 112132
109424 109591 109687 109300
113840 113637 114330 113673
113217 112080 113224 113401
108303 109104 109639 108926
111609 112040 112479 112175
117122 117553 116861 116501
111584 111727 111144 111429
108631 109244 109120 109107
118121 117175 117666 117649
110872 110502 110082 110884
108597 108655 107758 108227
112115 112022 111600 111037
112121 112670 111975 111617
110690 110465 110494 110840
110396 110227 109708 110063
117361 117887 118839 118043
111814 110402 111548 111386
108721 109619 109026 109174
118320 117136 118069 118353
113930 113721 113903 113812
109618 108775 108741 108074
