1
FarReach 36741525 70
589439 556710 548040 542181 538230 574530 569653 549896 537199 528684 461452 551351 485325 532407 524963 519937 564116 550652 545285 535085 459378 533425 526300 536730 526761 519898 519351 572366 550785 538250 452926 504991 518069 547247 538884 531377 526182 545601 572785 547508 461294 503064 503322 491712 512385 520620 508955 497224 523734 558517 467629 513235 518225 512531 564356 515714 532444 521025 519217 554791 481387 516430 515374 509129 520492 459811 533562 516593 509608 504926
75390 74839 74908 74293
70840 70788 70781 70997
69660 69737 69727 69554
68950 68588 68651 68573
68618 68325 67920 68097
72693 73082 73398 72902
72490 72659 72618 72273
69628 69349 69921 69951
68424 68593 68399 68488
67484 67010 67261 67570
68450 68551 68767 68967
73051 73259 74142 73841
64236 64198 64518 64087
69971 69702 70595 70087
69220 68607 69119 69054
68558 67778 68358 68485
74134 73772 73797 73987
72331 71623 72168 71344
70921 70702 71603 70433
70074 69643 70014 69378
69294 68880 69481 69162
71576 71425 71508 71836
69585 69600 69861 69642
71141 70725 71179 70780
68912 69486 69537 69768
68044 68495 68289 68868
67575 67915 68250 68744
75026 75277 74932 75390
71762 72415 72026 71976
70407 71078 70139 70388
68481 68998 68561 69147
67597 67810 67778 68563
68692 69247 69021 68617
72384 72691 72502 71947
70946 71473 71291 70484
69827 69533 70316 69893
68945 69283 69301 68566
71505 71149 71177 70981
74556 75100 75242 74078
71503 71739 72045 71019
69637 69866 69705 69801
68138 68107 68210 67837
66874 66782 67825 66940
65324 65220 65636 65520
68340 68201 68132 67491
69283 69384 69344 68560
67606 67429 67762 67164
66076 65963 65471 65963
69405 69292 69631 69114
73659 73933 73790 73955
70881 70576 70572 71075
69362 70065 69659 69535
68909 69360 69588 69331
68150 68556 67966 68721
74636 74887 74689 75279
68449 68512 68132 68475
70481 70297 70488 70231
68839 68672 69105 69134
68527 68636 68497 68468
73066 73710 73646 72848
71794 72266 71963 72344
70759 70146 70528 69996
68827 69299 69091 68484
67486 67934 67834 67566
68777 69850 69115 69124
60590 61699 60812 61207
70547 70691 70880 70555
68022 68720 68356 68739
66967 67110 67584 67525
66259 66575 66787 66678
