1
FarReach 29082373 70
469609 441591 428354 460591 446645 427915 440694 454067 435276 428502 399125 400742 399270 425829 426558 404919 417637 435028 412390 404301 390338 409076 399110 424496 422419 410784 411662 440310 418937 406449 384635 416333 407434 426700 428080 410823 407870 439481 414594 400260 370492 406718 400079 411239 425100 407538 402898 443972 414718 401799 377593 418846 408262 416263 422137 412478 400722 435497 415967 397907 369276 408891 400389 405804 424127 404518 396864 430427 417448 405400
119306 119199
112343 112512
109384 108552
116571 117232
113446 112845
108971 108377
111813 111969
115293 115752
110488 110592
108606 108829
118924 119146
110841 110082
108115 108102
114717 115589
113763 114674
108446 108164
111224 112041
116080 116105
110134 110416
107858 107796
116991 116439
112547 112193
108230 108002
113658 115321
114165 114057
110436 110436
109916 111251
117742 118071
111895 111887
108952 108951
116616 116431
114143 114629
110788 110658
115091 115730
115227 116374
110635 111322
109690 110212
117804 118900
111157 111947
107313 107853
113889 113215
112251 111039
108925 108388
111956 111404
115680 114797
110960 110145
108838 108598
119749 119361
111378 111632
108238 107826
115766 116746
114436 115176
110657 111305
112413 113408
113664 114717
111080 112336
108376 108534
117712 116776
111998 112206
107263 107292
114174 114098
112703 112489
109489 109602
110040 111243
115326 114763
108915 109768
106978 107072
116669 116632
112322 112873
109337 109435
