1
FarReach 9104761 70
160086 152181 150849 146896 146491 160512 152475 151526 150329 150043 114236 128228 126701 122384 129330 131561 130537 128867 127166 128984 115658 126437 127090 126125 130838 132096 131348 121444 128798 133726 117206 125747 126958 125746 132680 129639 129087 127675 125914 133099 111116 125579 126587 125341 131691 127567 125873 125154 121572 133845 116279 125797 124960 124479 117421 128651 127911 126240 125122 129568 118443 125755 125015 125492 131432 130722 128985 127491 126130 127812
81348
77437
76486
74584
74848
81714
77474
76934
76653
76345
76611
78337
75614
73208
77227
78235
77527
76309
75245
76374
77036
77538
76250
75502
77912
78071
77663
71461
75741
78953
77213
76847
75840
75268
79147
77501
76781
75919
75044
79236
73601
77269
76420
75254
78941
76188
75381
74590
72252
79495
76484
77296
75679
74878
70392
77224
76637
75822
74913
77800
78031
77088
75878
75302
79000
78094
77084
76083
75367
75906
