36416012
712142 513313 508392 500716 496567 535745 534301 517133 507031 499337 434610 541412 532764 522049 513607 509532 509428 543061 526081 516912 451379 500103 528383 534023 519942 510947 507834 502854 534642 528341 460809 509462 507718 507039 551700 525621 521437 509375 505595 529415 494069 522233 523168 519679 495378 535382 542307 525270 516833 497384 464954 534328 529261 518946 507440 503130 517236 543530 521947 509121 470441 484920 534186 544805 521718 520332 512820 507863 553940 721513
45402 45225 44962 45196 45028 45574 45156 45260
32611 32697 32901 32784 32605 32607 32692 32627
32473 32287 32276 32284 32286 32300 32209 32258
31817 32101 31799 31642 31693 31967 32124 31526
31410 31495 31424 31506 31657 31446 31309 31849
34326 33819 34129 33809 33884 34114 33843 34367
33658 33764 34056 34123 33963 34042 33963 33883
32783 32742 32831 32586 33152 32784 33255 32768
32161 32300 32439 32475 32251 32093 32189 32420
32029 32039 31819 31909 31678 31984 31713 31741
31033 31401 31249 31176 30777 30825 30977 31580
34178 34729 34592 34509 34716 34551 34394 34272
33806 34072 33760 33806 33960 33958 33642 33814
33169 33082 33136 33001 33329 33229 33585 33014
32796 32675 32812 32676 32603 32509 32883 32692
32740 32439 32313 32542 32463 32232 31912 32590
32249 32714 32105 32195 32365 32405 32327 32687
34409 34355 34555 34685 34483 34634 34554 34713
33681 33268 33448 33537 33265 33394 33630 33376
33066 32825 32928 32968 33000 32909 32797 32881
32209 31993 32094 31986 32031 32138 32091 32133
32057 32053 31763 32022 32265 31969 31856 31877
33517 33428 33417 33623 33644 33468 33612 33862
33830 34247 34216 33946 34216 33958 33925 33658
32906 33306 33127 33037 33117 32991 33056 32965
32505 32675 32480 32777 32596 32654 32625 32270
32396 32062 31949 32567 32224 32053 32112 32622
32104 31842 31876 31791 32003 31701 32088 32122
34293 34118 33791 34190 33976 33837 33762 34116
33536 33462 33619 33867 33732 33394 33527 33663
32210 32606 32593 32573 32324 32836 32773 32518
32232 32556 32594 32295 32484 32796 32707 32590
32507 32337 32474 32235 32305 32215 32167 32408
32230 32449 32184 32284 32138 32175 32237 32081
35449 35055 34932 35000 35110 35348 34928 34890
33238 33588 33540 33832 33281 33472 33267 33537
33375 33059 33091 33231 33052 33001 33018 33352
32701 32544 32355 32396 31954 32659 32364 32333
31971 32232 32001 31971 31980 31947 32238 32162
33311 33398 33834 33544 33620 33645 33565 33561
34591 34380 34434 34602 34282 34202 34180 34054
33263 33561 33523 33302 33574 33716 33148 33515
33095 33142 33444 33323 33354 33001 33279 33252
33202 32752 33196 32957 32788 32991 33107 33172
31298 31385 31435 31355 31525 31532 31334 31605
34133 34051 33936 34573 34330 33966 33852 34035
34669 34272 34453 34672 34506 34290 34343 35005
33343 33459 33103 34099 33138 33366 33397 33389
32963 32889 33047 32776 32923 33114 32759 32728
31641 31838 31678 31448 31722 31509 31654 31529
32533 32489 32010 32507 32384 32385 32277 32618
34347 34385 34486 34294 34140 34720 34245 34324
33679 33502 33591 33463 33745 33745 33311 33810
33031 33019 32660 33033 32961 33091 32940 33076
32218 32397 32172 32348 32272 32331 32370 32247
32018 32196 31982 31835 32012 32050 32227 32074
32769 33206 32682 32647 32845 32916 33094 32937
34817 34341 34239 34576 34719 34461 34689 34558
33297 33375 33222 32919 33365 33093 33071 33198
32127 32977 31908 32337 32324 32463 32442 32280
32485 32489 32890 32533 32720 32348 32552 32375
30939 31039 31336 31513 31109 31166 30841 31359
33982 34226 33898 33786 33899 33851 33982 33811
34207 34299 34715 34684 34628 34438 34757 34773
33107 33456 33039 33295 33081 33097 33426 33226
33077 32987 33099 33077 32607 33620 32891 33262
32521 32608 32923 32846 32695 32457 32483 32459
32295 32516 32209 32622 32439 32246 32411 32138
35133 35352 35136 35421 35287 35272 35400 35085
45804 45961 45635 45639 46133 45971 45695 45823
