44131161
563864 509139 535196 531330 561896 575141 562017 588708 593606 594230 539884 564051 575407 575325 590628 606025 605323 609805 609668 611466 542959 562802 559420 574016 587390 609750 596734 636627 655745 663919 622838 665659 665977 668275 665374 667288 665125 666079 668371 670030 610705 642049 651427 648790 660502 672378 671029 673442 652715 662284 634544 670269 668590 668721 670208 666263 670065 670252 670192 672253 625370 666018 671072 651637 653317 656619 647974 659438 659317 915296
36385 36777 36219 36169 36174 36582 36349 36432
32366 32293 32333 32553 32379 32663 32363 32376
34086 34261 33938 34037 34056 33775 33891 33960
33970 33808 33592 33549 33785 33870 34097 33428
35741 35826 35704 35740 35490 35753 35589 35947
36736 36329 36616 36340 36583 36460 36160 36801
35378 35385 35790 35765 35687 35807 35899 35673
37481 37281 37328 37237 37655 37282 37699 37467
37775 37927 37779 38195 37608 37879 37767 37969
37897 38216 37939 37893 37685 37753 37843 37766
37026 37408 37737 37251 37605 37365 36834 37527
35721 36170 36346 36124 36053 35848 35837 35866
36771 36554 36396 36306 36706 36673 36781 36581
36483 36803 36668 36622 36577 36473 36909 36507
38018 37515 37433 37801 37514 37560 37218 37839
38480 38421 38398 38285 38673 38360 38400 38816
38446 38355 38677 38599 38401 38602 38568 38435
38730 38822 38797 38763 38717 38803 38771 38889
39073 38316 38690 39006 38576 39067 38854 38606
39102 39188 38457 38922 39232 38877 38996 39016
37394 38163 37546 37534 37652 37170 37113 37536
35591 38454 36257 35957 36200 36027 35918 35762
35630 38322 35762 35475 35497 35596 35526 35147
36489 39178 36281 36650 36881 36208 36568 36565
37484 39899 37384 37453 37300 37365 37331 37407
38956 39940 38169 38668 38509 38652 38825 39078
37977 37881 38232 38241 38051 37677 37670 37990
40105 40485 40253 40283 40538 40554 40819 40613
41728 41835 41789 41569 41522 42028 41555 41898
42592 41984 42280 42395 42099 42170 42266 41986
41980 42115 42009 42671 42179 42294 41964 42221
42400 42645 42313 42426 42128 42473 42315 42463
42689 42373 42204 42682 42076 42345 42291 42244
42549 42646 42276 42314 42124 42326 42385 42512
42038 42048 42469 42172 42376 42236 41924 42073
42086 42492 42477 42358 42347 42592 42276 42400
42354 41970 42463 42292 42408 42282 42100 42351
42491 41983 42478 42251 42154 42180 42237 42598
42325 42336 42520 42700 42904 42523 42545 42509
42860 42575 42389 43193 42690 42545 42310 42829
41120 41454 41522 41535 41163 41124 41362 41555
40960 41201 41090 40966 40665 40888 40958 40647
41607 41376 41054 41430 41390 41730 41083 41648
41302 41151 41573 41310 41531 41065 41131 41172
42372 41852 42061 41648 41843 42182 41738 42038
42666 42819 42255 43013 42691 43078 42753 42712
42520 42937 42390 42387 42734 42448 42952 42875
42781 43064 42453 42685 42875 43237 42824 43119
41795 41437 41568 41495 41570 41476 41832 41342
41847 42136 42283 41834 42288 42017 42014 42108
43104 43151 42512 42981 43068 42823 42759 42704
42404 43152 42410 42846 42515 42414 42572 42867
42296 42542 42599 42345 42610 42548 42715 42302
42339 42592 42504 42836 42382 42395 42650 42454
42477 42521 42533 42470 42464 42588 42628 42761
42086 42296 42534 42702 42148 42730 42162 42436
42542 42746 42408 42771 42789 42807 42668 42543
42713 42896 42561 42958 42487 42535 42421 42392
42899 42969 42595 42452 43073 42247 42603 42636
42404 42804 42595 42475 43157 42635 42715 42543
42603 42262 42862 42409 42657 42540 42703 42796
42661 42219 42369 42359 42454 42129 42079 42423
42582 42534 42476 42447 42922 42867 42767 42709
41220 41615 41393 41173 41497 41646 41508 41183
41769 41865 41392 41270 41181 41791 41725 41641
41508 41973 41788 41787 41740 41530 41953 41902
41275 41714 40986 41011 41215 41163 41349 41031
41987 41637 41769 41961 41778 41807 42547 42069
42110 41907 42214 41868 41750 42148 42267 41855
58248 58277 58991 58251 57911 58383 58386 58088
