31622164
541157 423485 440152 433250 441748 453572 447004 437314 454849 468818 423910 455424 451056 462278 461147 466808 467295 466120 448199 449527 420401 458700 467328 466219 471517 474211 467058 463946 452920 446416 407411 448389 449471 439493 462967 462789 471329 470517 483644 475793 426324 467292 464982 461804 463083 454664 456508 454837 457598 455378 410436 457442 450853 448579 443782 421714 443501 445314 444258 442296 400615 423286 428414 430256 436403 434674 425088 423162 421262 573836
34659 35096 34399 34508 34529 34844 34638 34792
26949 26866 27084 27052 26876 27184 26850 26841
27983 28261 28190 27809 28024 27805 27887 27958
27770 27385 27384 27328 27389 27782 27759 27346
28017 28215 28026 27908 28112 27986 28324 27981
28732 28898 28826 28896 28830 28890 28532 28952
28607 28135 28363 28300 28285 28362 28150 28828
27696 27654 27826 27620 27829 27791 27834 27855
28915 28756 29119 29006 28984 28892 29074 28701
29779 29732 29668 29599 29886 29800 30008 29910
30169 30411 30468 30477 29941 30047 30389 30273
28829 29422 29199 29102 28933 28875 28867 29090
28703 28825 28668 28788 28766 28780 28433 28691
29103 29384 29543 29359 29491 29425 29323 29420
29230 29506 29381 29245 29422 29451 29225 29134
29967 29544 29538 29622 29607 29879 29833 29539
29537 29926 29757 29722 29717 29303 30060 29776
29988 29470 29690 29660 29941 29669 29386 29852
28645 28606 28117 28709 28255 28411 28442 28466
28475 28442 28579 28832 28722 28578 28390 28699
30008 29936 29828 29843 29934 30276 30032 30416
29383 29145 29333 29476 29203 29269 29145 28953
29619 29710 29626 29691 29768 29738 29752 29949
30140 29709 29425 29873 29620 29676 29649 29463
30022 29971 29956 30081 30022 30043 30146 30138
30265 30088 30102 30182 30439 30136 30296 30156
29306 29848 29899 29802 29786 29597 29434 29732
29443 29720 29554 29211 29744 29456 29636 29419
28739 28928 28931 28598 28887 28816 28765 28523
28555 28496 28394 28686 28378 28287 28443 28413
29467 29048 29438 29341 29424 29112 29199 29486
28751 28427 28250 28792 28538 28560 28494 28769
28833 28634 28321 28763 28623 28419 28585 28743
27648 27910 27953 28446 27823 27852 28011 27895
29429 29241 29362 29154 29502 29427 29591 29423
29235 29676 29496 29378 29280 29502 29500 29649
29878 29744 29921 29954 30052 30316 29786 30232
30080 29964 29944 30086 29859 29979 30015 29906
30967 30808 30620 30888 30746 30888 30665 30699
30323 30252 30317 30505 30130 30035 30395 30083
30452 30085 30408 30521 30367 30377 29981 30534
29881 30379 29781 29715 29942 29991 29787 29804
29790 29622 29430 29853 29340 29598 29565 29344
29317 29550 29459 29237 29214 29186 29225 29359
29435 29314 29523 29218 29297 29129 29334 29543
28677 28571 28746 28882 28878 29200 28776 28845
28830 29013 29144 29051 28971 29128 28924 28961
28952 28788 29126 28944 29224 28719 28626 29020
29184 28896 29040 29212 28843 29111 29037 29160
28981 28602 29188 28937 29161 28777 29116 28923
29180 28977 29196 28782 29091 29086 28857 29215
29573 29222 29525 29625 29549 29808 29382 29435
28755 28824 28661 28892 28874 28564 28510 28689
28363 28689 28538 28430 28148 28558 28563 28716
28113 28110 27990 28510 28143 28202 28238 28307
27078 27102 26942 26968 26811 26926 26744 26705
28244 28275 28169 28396 28168 28172 27991 28564
28191 28374 28222 28236 28300 28378 28254 28164
28277 28227 28582 28099 28352 28346 27774 28226
28433 27864 28019 27978 28147 28124 28316 28225
28237 28212 28070 28304 28256 28258 28481 28285
27509 27554 27249 27485 27465 27300 27372 27425
27387 27251 27016 27374 27099 27219 27258 27192
27287 27536 27322 27287 27324 27794 27346 27477
27826 27898 27508 27815 27625 27707 27868 27783
27772 27620 27971 27054 28063 27661 27940 27726
26929 26894 27005 27180 27140 27095 26977 27029
26855 27230 26816 26759 26924 26754 26669 26787
26658 26952 26778 26681 26861 26755 26821 26819
36318 36663 36328 36750 36611 36288 36292 36590
