31492756
440196 417808 445529 432354 435959 452717 454326 435957 450284 466895 430762 465898 457290 459363 462449 461708 468348 467791 454415 452244 421494 454296 468244 467992 471824 471521 474951 466397 456920 454455 413333 442526 450622 441306 458891 460450 473260 473435 479966 486652 436809 461831 469720 464982 462289 455990 459102 462822 459273 461609 420923 447783 459503 451422 446456 427235 446123 445219 441740 443337 405171 423660 434404 433326 434029 438307 426574 426968 422892 422201
28082 28211 28554 28261 28185 28407 28516 28444
26586 26395 26405 26527 26603 26593 26589 26480
28250 28531 28186 28197 28215 28128 28297 28391
27581 27563 27477 27421 27714 27543 27387 27412
27879 27591 27541 27527 27381 27662 27592 27557
28792 28897 29008 28768 28865 28801 28621 28826
28971 28795 28721 28732 28974 28880 28508 28716
27519 27792 28146 27636 27796 27437 27730 27654
28581 28813 28439 28589 28363 28817 28536 28697
29783 29592 29627 29566 29702 29752 29663 29663
30252 30545 30516 30349 30169 30456 30127 30430
29637 30154 29832 29754 30081 29830 29984 30407
29087 28897 28881 29005 29128 29037 29157 29028
29035 29308 29023 29273 29271 29268 29297 29178
29334 29115 29564 29092 29241 29360 29537 29502
29475 29379 29288 29653 29187 29398 29489 29283
29568 29973 29628 29783 29869 29860 29942 29827
29813 29988 29795 29795 29662 29621 29616 29848
28915 29046 28763 28971 28932 28894 28865 28839
28690 28957 28589 29009 28929 29015 28608 28706
29955 29845 29773 29545 29569 29513 29649 29530
29371 29617 29358 29531 29606 29340 29641 29117
29573 30121 29473 29699 30106 29744 29565 29906
29862 29737 29485 29934 29974 29794 29756 29804
30271 29863 30138 29738 30073 30041 29773 29804
29996 29859 30195 29801 30009 29664 30146 30150
30162 30196 30218 30205 30067 30363 30258 30040
29702 29555 29678 29481 29831 29805 29271 29638
28811 28735 29029 29124 29119 29361 29145 28994
28875 29031 28779 28790 28653 28988 28843 28917
28857 28992 29019 29267 28928 28946 28894 29117
28884 29011 28799 28981 28769 29179 28989 28942
28712 28656 28710 28810 28571 28695 28659 28711
27566 28094 28153 28239 27839 28087 28035 28179
29490 29667 29153 28976 29215 28967 29292 29158
29151 29170 29267 29445 29102 29155 29207 29238
30253 30421 29926 30166 30209 29842 30195 30455
30159 30241 29777 30189 29998 30115 30025 29935
30808 30213 30424 30543 30464 30250 30341 30556
31011 30614 30952 30766 31294 30941 30953 31121
30403 30106 30475 30394 30712 30026 30284 30286
30201 30652 30179 30251 30422 30475 30323 30410
29791 30107 29741 29788 30053 29853 29739 29646
29635 29740 29519 29535 29440 29634 29570 29280
29503 29319 29558 29241 29220 29389 29338 29454
29044 28959 28884 29238 29092 29112 28885 28837
29311 29196 29188 28958 29008 29016 29125 29214
29667 29382 29046 29281 29394 29754 29365 29540
29329 29191 29182 28825 29504 29329 29061 29016
29252 29191 29162 29103 29444 29766 29430 29535
29081 28834 29122 28838 29322 29134 29085 29060
29787 29234 29644 29411 29440 29707 29229 29612
28989 29256 29496 29273 29254 29240 29188 28984
28733 28487 28811 28495 28778 28712 28940 28516
28505 28617 28282 28450 28488 28215 28402 28339
27200 27082 27380 26928 26827 27037 27277 27185
28519 28521 28313 28354 28432 27805 28142 28227
28258 28070 28400 28266 28316 28449 28346 28333
28233 28101 28190 28364 28013 28270 28075 28046
28348 28306 28166 28181 28043 28333 28431 28089
27804 27912 27949 28271 28138 27822 28083 27873
27885 27919 28188 27581 27927 27929 28061 27998
27794 27397 27644 27466 27625 27624 27573 27696
27496 27566 27378 27847 27531 27644 27460 27290
27540 27736 27451 27863 27826 27513 27949 27373
27922 27801 27920 27466 27929 27659 27926 27834
27283 27307 27275 27341 27232 27044 27123 26758
27073 27212 27058 26983 27283 27233 27243 26964
26912 26879 26686 26752 26584 26771 26952 26838
26979 26863 27157 26730 26783 26992 26694 26579
