44080141
433516 496274 536129 534496 549270 572254 572653 581782 597038 604422 556969 574201 564445 586340 583765 606940 606907 616194 613726 615056 558440 570063 567249 576591 582951 602031 606728 630977 653996 671363 630403 672988 676171 673212 672904 675839 678375 679383 675878 671373 622250 653634 654163 652836 663903 673959 674528 676236 667286 666971 637341 670036 673429 681250 677040 671696 674100 676848 681161 676138 634352 673111 675088 661493 669503 651274 659893 661249 666212 673230
28087 28140 28557 28205 28137 28317 28474 28379
31490 31388 31303 31569 31672 31654 31435 31532
34185 34419 33850 34182 34087 33898 33985 34090
33911 33990 33738 33885 33692 33939 34152 33762
35193 34743 34994 34865 34899 34873 34615 34957
36374 36576 36520 36167 36476 36459 35998 36084
36324 36220 36548 36420 36618 36282 36453 36399
36966 37292 36700 36877 36648 37000 36679 37155
37906 37941 37973 38038 37870 38271 37818 37924
38376 38458 38167 38121 38553 38382 38569 38714
37846 38108 38131 37735 38036 37893 38074 38239
36660 37062 37264 36997 36941 37092 37258 37219
36100 35715 36058 36142 35607 35817 36019 35854
37309 37629 36944 37120 37418 37263 37418 37334
36930 37338 37279 37359 37233 36885 37017 37118
38596 38732 38587 38474 38683 38901 38691 38655
38866 39243 38692 38611 38315 38601 38572 38258
38788 39095 38940 38978 39778 39280 39062 38944
38921 39392 39067 39155 39115 39234 38900 39011
39325 39073 39018 38922 39133 38841 39152 39275
38098 37980 38084 37900 38115 37949 37971 37951
36919 38663 36830 36736 37095 36742 36345 36813
35754 38453 36069 35965 36173 36302 36067 36103
36515 39258 36529 36914 36382 36996 36460 36627
37009 39929 36875 37404 36963 36856 37115 37091
38208 40449 38232 38134 38361 38666 38475 38204
38566 38874 38669 38178 38336 38533 38629 38911
40082 40650 40158 40066 39959 40142 39855 39994
41427 41609 41646 41734 41655 41087 41861 41707
43090 42963 42379 42736 42327 42658 42466 42644
42620 42001 42639 42940 42623 42345 42501 42916
42952 42783 42959 42910 43171 42849 42663 42928
43055 43339 42577 43044 43078 43044 43026 42968
42638 42794 42822 42822 43026 43043 42878 42520
42854 42713 42877 42769 42460 42591 42650 42910
43185 43010 42749 42700 42890 43255 42796 42898
43401 43190 42862 42875 43095 43402 42866 43097
43248 42949 42906 42699 43894 43446 43431 43267
43108 42756 42960 42833 43004 43078 42729 43033
42730 42315 42996 43064 42694 42681 42341 42366
41996 42124 42175 42060 42272 41923 42577 42060
41758 41584 41786 41220 41254 41227 41811 41479
41468 41520 41878 41696 41495 41363 41498 41516
41756 41472 41497 41786 41602 41549 41227 41447
42007 42340 42157 42392 42168 42423 42483 41800
42724 42812 42752 42557 42899 42554 43144 42756
43180 42745 43028 42603 42781 42978 42820 43099
42888 43113 42925 42941 43098 42796 43090 42835
42490 42366 42403 42503 42718 42508 43036 41919
42446 42541 42292 42595 42422 42313 42061 42056
43118 43307 42942 43055 42924 43036 43186 42717
42952 42736 43043 42450 42425 42685 42062 42505
42886 42480 43044 42651 42651 43035 43041 42919
43436 43045 42980 43285 43320 43489 43012 43289
42880 42754 43056 43142 42961 43112 42466 42829
42730 42741 43070 42625 42260 42615 42605 43009
42703 42994 43021 43098 42824 42806 42568 42984
43019 43257 43027 43288 43432 42912 42999 42801
43151 43602 43119 43163 43434 43273 43258 43379
42757 43040 43106 43070 42668 42880 42565 43037
43145 43144 43223 43274 43013 43221 43388 43169
42940 42812 42923 42484 42990 43215 42752 42351
43038 43201 42984 42963 42736 42892 42863 42955
42246 42179 42043 42177 41538 42059 42121 41931
42235 42601 42541 42597 42213 42509 42811 42150
41729 41809 41430 40907 41131 41527 41790 41537
42160 41725 41629 41958 42015 41775 41776 42112
42012 41959 42225 41982 42184 42223 41793 41885
42471 42334 42166 42274 41843 42265 42284 42360
42475 42900 42931 42953 42874 42713 42442 42605
