1
distfarreach 88211302 70
997380 1005413 1071325 1065826 1111166 1147395 1134670 1170490 1190644 1198652 1096853 1138252 1139852 1161665 1174393 1212965 1212230 1225999 1223394 1226522 1101399 1132865 1126669 1150607 1170341 1211781 1203462 1267604 1309741 1335282 1253241 1338647 1342148 1341487 1338278 1343127 1343500 1345462 1344249 1341403 1232955 1295683 1305590 1301626 1324405 1346337 1345557 1349678 1320001 1329255 1271885 1340305 1342019 1349971 1347248 1337959 1344165 1347100 1351353 1348391 1259722 1339129 1346160 1313130 1322820 1307893 1307867 1320687 1325529 1588526
64472 64917 64776 64374 64311 64899 64823 64811
63856 63681 63636 64122 64051 64317 63798 63908
68271 68680 67788 68219 68143 67673 67876 68050
67881 67798 67330 67434 67477 67809 68249 67190
70934 70569 70698 70605 70389 70626 70204 70904
73110 72905 73136 72507 73059 72919 72158 72885
71702 71605 72338 72185 72305 72089 72352 72072
74447 74573 74028 74114 74303 74282 74378 74622
75681 75868 75752 76233 75478 76150 75585 75893
76273 76674 76106 76014 76238 76135 76412 76480
74872 75516 75868 74986 75641 75258 74908 75766
72381 73232 73610 73121 72994 72940 73095 73085
72871 72269 72454 72448 72313 72490 72800 72435
73792 74432 73612 73742 73995 73736 74327 73841
74948 74853 74712 75160 74747 74445 74235 74957
77076 77153 76985 76759 77356 77261 77091 77471
77312 77598 77369 77210 76716 77203 77140 76693
77518 77917 77737 77741 78495 78083 77833 77833
77994 77708 77757 78161 77691 78301 77754 77617
78427 78261 77475 77844 78365 77718 78148 78291
75492 76143 75630 75434 75767 75119 75084 75487
72510 77117 73087 72693 73295 72769 72263 72575
71384 76775 71831 71440 71670 71898 71593 71250
73004 78436 72810 73564 73263 73204 73028 73192
74493 79828 74259 74857 74263 74221 74446 74498
77164 80389 76401 76802 76870 77318 77300 77282
76543 76755 76901 76419 76387 76210 76299 76901
80187 81135 80411 80349 80497 80696 80674 80607
83155 83444 83435 83303 83177 83115 83416 83605
85682 84947 84659 85131 84426 84828 84732 84630
84600 84116 84648 85611 84802 84639 84465 85137
85352 85428 85272 85336 85299 85322 84978 85391
85744 85712 84781 85726 85154 85389 85317 85212
85187 85440 85098 85136 85150 85369 85263 85032
84892 84761 85346 84941 84836 84827 84574 84983
85271 85502 85226 85058 85237 85847 85072 85298
85755 85160 85325 85167 85503 85684 84966 85448
85739 84932 85384 84950 86048 85626 85668 85865
85433 85092 85480 85533 85908 85601 85274 85542
85590 84890 85385 86257 85384 85226 84651 85195
83116 83578 83697 83595 83435 83047 83939 83615
82718 82785 82876 82186 81919 82115 82769 82126
83075 82896 82932 83126 82885 83093 82581 83164
83058 82623 83070 83096 83133 82614 82358 82619
84379 84192 84218 84040 84011 84605 84221 83838
85390 85631 85007 85570 85590 85632 85897 85468
85700 85682 85418 84990 85515 85426 85772 85974
85669 86177 85378 85626 85973 86033 85914 85954
84285 83803 83971 83998 84288 83984 84868 83261
84293 84677 84575 84429 84710 84330 84075 84164
86222 86458 85454 86036 85992 85859 85945 85421
85356 85888 85453 85296 84940 85099 84634 85372
85182 85022 85643 84996 85261 85583 85756 85221
85775 85637 85484 86121 85702 85884 85662 85743
85357 85275 85589 85612 85425 85700 85094 85590
84816 85037 85604 85327 84408 85345 84767 85445
85245 85740 85429 85869 85613 85613 85236 85527
85732 86153 85588 86246 85919 85447 85420 85193
86050 86571 85714 85615 86507 85520 85861 86015
85161 85844 85701 85545 85825 85515 85280 85580
85748 85406 86085 85683 85670 85761 86091 85965
85601 85031 85292 84843 85444 85344 84831 84774
85620 85735 85460 85410 85658 85759 85630 85664
83466 83794 83436 83350 83035 83705 83629 83114
84004 84466 83933 83867 83394 84300 84536 83791
83237 83782 83218 82694 82871 83057 83743 83439
83435 83439 82615 82969 83230 82938 83125 83143
83999 83596 83994 83943 83962 84030 84340 83954
84581 84241 84380 84142 83593 84413 84551 84215
100723 101177 101922 101204 100785 101096 100828 100693
