128
87192 87192 0.008313 14672.294046 123
87034 8744 95778 0.009132 13356.851263 123 0
87801 9983 97784 0.009323 13082.292421 123 1
86748 14430 101178 0.009647 12643.510025 123 2
88706 9114 97820 0.009327 13077.767924 123 3
86767 9945 96712 0.009221 13227.040319 123 4
87352 8798 96151 0.009168 13305.419367 123 5
87986 9128 97114 0.009260 13172.724644 123 6
86838 17394 104232 0.009938 12274.101994 123 7
87432 8797 96229 0.009175 13292.940946 123 8
88013 10091 98104 0.009354 13040.102010 123 9
86870 16314 103184 0.009838 12397.809448 123 10
87278 9110 96388 0.009191 13270.095306 123 11
86985 9875 96860 0.009235 13206.836949 123 12
87932 8998 96930 0.009242 13198.290168 123 13
88229 9103 97332 0.009280 13148.186107 123 14
87548 30400 117948 0.011246 10846.110135 123 15
88983 9009 97992 0.009343 13054.775335 123 16
87976 9895 97871 0.009332 13071.126035 123 17
88362 18362 106724 0.010176 11986.737367 123 18
88674 9230 97904 0.009335 13066.863809 123 19
87791 9931 97722 0.009318 13091.157327 123 20
88028 8964 96992 0.009248 13189.169294 123 21
87322 9084 96406 0.009192 13267.825792 123 22
87119 14359 101478 0.009676 12606.927530 123 23
86901 8859 95760 0.009130 13361.078944 123 24
87229 10055 97284 0.009276 13149.873382 123 25
88287 37597 125884 0.012003 10162.207445 123 26
87618 9316 96934 0.009243 13193.282743 123 27
89075 10132 99207 0.009459 12896.019323 123 28
87476 8840 96316 0.009184 13284.464947 123 29
86742 8993 95735 0.009128 13364.125031 123 30
87678 15738 103416 0.009860 12370.625049 123 31
87194 8839 96033 0.009156 13320.577801 123 32
87290 9733 97023 0.009251 13184.912477 123 33
86803 18569 105372 0.010047 12141.541040 123 34
92624 9566 102190 0.009743 12519.056001 123 35
86798 9887 96685 0.009219 13229.178285 123 36
87194 8817 96011 0.009155 13324.204572 123 37
88706 9182 97888 0.009334 13067.957332 123 38
88777 14222 102999 0.009821 12421.576136 123 39
86795 8792 95587 0.009114 13382.227039 123 40
90010 10337 100347 0.009568 12748.010004 123 41
86732 48745 135477 0.012918 9442.264115 123 42
86836 9136 95972 0.009150 13329.323087 123 43
86955 10011 96966 0.009245 13191.273169 123 44
86744 8687 95431 0.009099 13405.711893 123 45
87346 9058 96404 0.009192 13270.433164 123 46
87718 15880 103598 0.009878 12352.800887 123 47
86884 8755 95639 0.009119 13376.229864 123 48
86880 9978 96858 0.009235 13207.058157 123 49
88655 15009 103664 0.009884 12340.300151 123 50
89054 9319 98373 0.009379 13005.718860 123 51
86828 9897 96725 0.009223 13224.860117 123 52
86779 8837 95616 0.009117 13378.371589 123 53
87297 8981 96278 0.009180 13287.469517 123 54
89713 17440 107153 0.010217 11940.249210 123 55
87223 8884 96107 0.009163 13312.825895 123 56
87847 10234 98081 0.009352 13041.584402 123 57
87967 16637 104604 0.009974 12230.145906 123 58
86772 9068 95840 0.009138 13348.112321 123 59
88964 10155 99119 0.009451 12906.316068 123 60
87171 8608 95779 0.009132 13356.088935 123 61
87807 9253 97060 0.009255 13180.134073 123 62
86697 26692 113389 0.010811 11282.334098 123 63
87578 9923 97501 0.009297 13120.751475 123 64
86775 8709 95484 0.009104 13397.510535 123 65
87105 8917 96022 0.009155 13322.804517 123 66
87016 20841 107857 0.010284 11861.639668 123 67
87148 8973 96121 0.009165 13309.070198 123 68
87350 9876 97226 0.009270 13158.608244 123 69
88237 14161 102398 0.009763 12493.407140 123 70
86827 8774 95601 0.009116 13384.179519 123 71
86774 9945 96719 0.009222 13226.718694 123 72
87898 8847 96745 0.009225 13223.339257 123 73
89362 9419 98781 0.009419 12950.545062 123 74
86694 11456 98150 0.009358 13033.757617 123 75
87800 8773 96573 0.009208 13247.461373 123 76
86503 9859 96362 0.009188 13276.703291 123 77
86754 15251 102005 0.009726 12541.737392 123 78
88115 9268 97383 0.009285 13136.363671 123 79
86783 9811 96594 0.009210 13243.698711 123 80
87075 8827 95902 0.009144 13338.738303 123 81
87721 9202 96923 0.009241 13195.953939 123 82
87742 15067 102809 0.009802 12443.777479 123 83
87653 8952 96605 0.009211 13242.471241 123 84
87421 9916 97337 0.009281 13142.653106 123 85
87095 16026 103121 0.009832 12405.357172 123 86
88484 9236 97720 0.009317 13093.182490 123 87
86910 9902 96812 0.009230 13213.975083 123 88
87629 8915 96544 0.009205 13252.546785 123 89
87367 9155 96522 0.009203 13253.981950 123 90
87186 17119 104305 0.009945 12264.492304 123 91
86785 8875 95660 0.009121 13372.821659 123 92
87225 10161 97386 0.009285 13136.127083 123 93
144122 36423 180545 0.017215 7088.266199 123 94
137142 14632 151774 0.014471 8429.890776 123 95
87040 9831 96871 0.009237 13205.822059 123 96
86926 8936 95862 0.009140 13345.484115 123 97
87379 9137 96516 0.009203 13253.718669 123 98
86948 14764 101712 0.009698 12577.963558 123 99
87438 8788 96226 0.009175 13294.661887 123 100
89604 10163 99767 0.009513 12819.053568 123 101
87183 16622 103805 0.009898 12324.798192 123 102
88404 9109 97513 0.009298 13118.551800 123 103
87476 9935 97411 0.009288 13132.422399 123 104
88608 9071 97679 0.009313 13097.335330 123 105
87713 9167 96880 0.009237 13203.819195 123 106
87598 17110 104708 0.009984 12217.533290 123 107
87831 8972 96803 0.009230 13215.301143 123 108
87013 9897 96910 0.009240 13201.114317 123 109
86953 23881 110834 0.010568 11542.630612 123 110
86802 9238 96040 0.009157 13319.785204 123 111
87663 9981 97644 0.009310 13102.120691 123 112
88254 8992 97246 0.009272 13154.975145 123 113
87570 9053 96623 0.009213 13239.173801 123 114
87347 19518 106865 0.010189 11971.211901 123 115
87113 8821 95934 0.009147 13335.091933 123 116
88720 10027 98747 0.009415 12954.622261 123 117
87629 13970 101599 0.009688 12591.069984 123 118
87688 9211 96899 0.009239 13201.813223 123 119
86060 9837 95897 0.009144 13342.580390 123 120
88125 8834 96959 0.009245 13193.535362 123 121
87032 9259 96291 0.009181 13285.529674 123 122
87056 8784 95840 0.009138 13348.245339 123 124
90459 10191 100650 0.009597 12710.708392 123 125
86795 15337 102132 0.009738 12525.899934 123 126
90160 9401 99561 0.009493 12850.134907 123 127
