1
FarReach 185409628 70
2821493 2608327 2538449 2517697 2509607 2483309 2024659 2339348 2475186 2534188 3003610 3076551 3025015 2999316 2983638 2929667 2519654 2075680 3230290 3094177 2835885 2793045 2050931 2974584 2939513 2865332 2155870 2278678 3108932 3022942 2754926 2988742 2968506 2956185 635220 1358884 2903074 3044932 3031869 2944515 2163573 2236166 2433611 2246820 3102074 2703661 3052792 2602641 1959422 2635164 2626323 2773390 2539221 2488592 2183347 3045869 2997605 2964115 1821730 2859288 2693378 3036001 2892875 2564713 2980288 2942910 2903870 2470083 2486804 2586971
45156 44786 44601 44860 45104 44949 44997 44976 44729 44598 45047 44891 45310 43754 44996 44760 44593 44654 45026 44648 44991 44627 44944 44849 45220 44872 44533 44760 44690 44890 44893 44896
41322 41685 41419 41553 41772 41310 41104 41581 41455 41475 41311 41544 41086 41094 41387 41435 41193 41437 41530 41488 41525 41844 41279 41481 41236 41361 41573 41359 41415 41383 41408 41475
40353 40206 40016 40580 40120 40362 40413 40032 40386 40384 40107 40545 40260 40534 39656 40676 40159 40293 40537 40761 40554 40379 40120 40257 40280 40192 40311 40208 39643 40716 40681 40253
39769 40460 39994 40022 40297 39989 40389 39876 40157 39765 40084 40017 39919 40089 40271 39823 39966 39675 39804 40313 39975 40000 39936 40238 40216 39883 40078 40170 40061 39885 40268 40154
39657 39712 39838 39816 40049 39837 39703 40125 40143 39910 39722 39678 39864 39775 39850 39916 39823 39917 40088 40047 39625 40202 40088 39865 39791 39782 39952 39531 40095 39569 40172 40044
39381 39586 39344 39282 39550 39632 39499 39318 39327 39327 39840 39489 39541 39371 39530 39637 38936 39350 39803 39253 39296 39454 39552 39417 40034 39774 39326 39733 39676 39325 39224 39301
32334 31901 32571 32431 32340 32390 32205 32388 32185 32099 32065 31899 32520 33009 32327 32181 32150 31764 32109 32585 32092 32052 32324 32116 31972 31927 31947 32275 32115 32306 32379 32397
37144 37226 37113 37461 37205 37636 37042 37166 36994 37310 36957 37285 37268 36909 37149 37013 37137 37353 37212 37124 37453 36804 37424 37229 37280 37085 37032 37071 37474 37169 37213 36971
39232 39343 39624 39388 39098 39434 39358 39707 39220 39019 39486 39654 39446 38831 39322 39252 39465 39989 39455 39482 39147 39312 39748 39536 39803 39436 39123 39203 39129 39453 39537 39217
40645 40615 40332 40712 40547 40382 40737 40337 40797 40761 40482 40466 40258 40963 40789 40124 40876 40634 40718 41060 40318 40802 40382 40309 40654 40580 40445 40471 40686 40439 40490 40553
50277 50672 50867 50290 50995 50809 50130 50550 50743 51613 50421 50776 50920 51747 50323 51417 50704 51197 51023 50441 51614 50892 50379 50744 50124 50515 50526 50817 50347 50381 50530 50724
49673 49809 50191 49308 49082 49248 49421 49273 50102 50187 48998 48996 50072 49498 49048 49830 49234 49846 49340 49656 49788 49220 49090 49263 49239 49398 49615 50379 49385 49299 49228 49459
48919 48125 48649 48347 48941 48829 48617 48751 49054 48687 48352 48536 49039 48467 48534 48242 48120 48360 48526 48740 48781 48404 48675 48459 48452 48498 48886 48353 48897 48830 48637 48833
48457 48019 48465 48321 48148 47804 48412 47840 48313 48352 47841 48330 48464 48910 47711 48548 48323 48052 48077 48215 48097 48255 48298 47937 47630 47812 48226 48148 48452 48041 48043 48316
48168 47600 47900 47924 48218 47884 47630 47924 47980 47967 48185 47610 47837 47808 47733 47786 47643 47514 48100 47830 47743 48010 47815 47688 47921 47760 48264 47890 47797 47615 47957 47745
46986 46550 46764 47270 46970 47388 47066 46983 46840 47194 47121 46990 46949 47082 46797 47347 47249 47088 47194 46920 46975 46959 47109 47186 47099 46900 46967 46977 46901 47255 46866 47248
40763 40207 40635 40459 40320 40373 40251 40234 40810 40445 40455 40110 40452 40641 40353 40668 40614 40593 40468 40489 40872 40691 40423 40368 40016 40472 40802 40577 40311 40574 40617 40466
33472 33334 33252 33534 33145 33399 33125 33729 33020 33466 33011 33310 33538 33314 33316 33485 33165 33317 33744 33379 33168 33214 33293 33771 33045 33170 33373 33213 33606 33348 33573 33407
52193 51679 52372 51707 51915 51535 51826 51857 52150 51908 52057 52006 51861 52048 51880 51493 51525 51605 51996 51859 52287 51920 51825 52091 51879 52096 52029 51630 51480 51846 52062 52367
49983 50028 50201 50286 49758 50251 50093 50269 50088 50252 50139 49766 50239 50050 49802 49997 49730 50180 50087 49644 50358 49875 50272 49551 49961 50004 50613 50043 49819 49992 50146 50133
48402 48568 48908 49190 47731 48957 48752 48734 47966 48523 48286 48506 49117 48349 48525 48787 48820 48536 51605 49284 49530 49088 48658 49196 48711 48243 48860 49541 48570 49138 48430 48927
45185 45027 44849 46883 45021 46013 45250 45049 44758 46042 44918 45175 44773 45010 45009 45220 45193 45605 45589 44797 46323 47398 44914 45068 45501 44884 45177 44746 45652 44903 44746 44831
33474 32819 32850 33854 33219 33375 33317 33261 33129 33537 33079 33011 33434 33163 33240 33128 33075 33452 32899 33547 33508 33703 33331 32934 32806 32993 33167 33398 32802 33125 33083 33072
47814 47998 47764 48544 48082 48067 47817 48253 47775 48514 48558 48106 48202 48141 48160 47853 47889 48104 47801 47821 48096 48088 48238 47983 48130 47987 48215 48305 47932 48245 47892 48367
47471 47429 47634 47765 47558 47366 47680 47760 47549 47750 47435 47588 47667 47710 47585 47752 47605 47414 47471 47074 47628 47296 47442 47017 47369 47284 47999 47420 47816 47202 47120 47646
46375 46583 45988 46125 46617 46464 46370 46418 46259 45987 46291 46371 46532 46274 46364 46067 46222 46013 46582 46055 46419 46229 46354 46635 46474 46829 46244 46112 46571 46086 46413 46622
34904 34448 34976 35284 34903 34886 34841 34536 34840 34937 34991 34737 34983 34988 34520 34886 34937 35203 35020 34817 34833 34480 35435 34728 34408 34839 35056 34904 34168 34950 34850 34996
37248 36639 36682 36979 36877 37111 36590 36912 36936 37166 36866 36864 36807 37109 36530 36651 36358 36943 36810 37071 37361 36568 36568 37036 36756 36982 36566 36925 37246 36312 36924 37204
50309 50390 49681 50694 50718 50189 50673 50289 50059 50719 49868 50186 50365 50432 49971 50063 50119 50012 50672 49844 50448 49673 50616 50550 50021 50250 50480 50296 50081 50688 49969 50562
49664 49211 49197 49567 49429 49264 49560 49302 49147 49138 49474 49878 49335 49031 48889 48811 48634 49073 49039 49375 49801 49078 49567 49456 48988 49462 49479 49146 49387 49138 49377 49342
47971 47105 47757 47238 46977 47812 47605 48305 48485 47758 47570 49702 47773 46335 48093 47183 48406 47776 46974 47593 47786 46717 48912 47180 48153 46961 49586 47508 47560 47877 47336 49585
48592 48613 48623 48714 48008 48340 48258 48610 50054 48583 48602 50661 49462 48712 48258 48453 49951 48365 48593 48312 48894 48674 49000 48443 48235 48409 49756 49551 48469 49138 48451 50026
48737 47902 48308 48554 48127 48024 48105 48580 48908 48295 48036 48187 48773 48117 48629 48227 48668 47820 48120 47717 48146 48104 48561 48319 47817 48026 48236 48558 48554 48639 48314 48118
48067 47810 47990 47898 47999 48224 48198 48239 47760 48111 47765 48010 47704 48237 47871 48292 47858 48012 47540 47676 48460 48215 48404 47807 47712 47868 48095 48336 48252 47840 48232 47909
10266 10521 10355 10416 10376 10306 10094 10278 10319 10348 10297 10309 10271 10403 10380 10464 10208 10243 10279 10332 10578 10260 10501 10482 10313 10295 9368 10293 10973 10288 10357 10395
22363 21896 22232 22120 21985 22202 22049 21876 22184 22166 21781 22249 22170 21912 21977 22056 21759 22011 22163 22169 22025 22183 22275 22032 21773 22207 23167 22104 21668 22160 21881 22196
47035 47275 46936 47455 46931 47146 47330 47337 47122 47331 46993 47262 47006 46646 47529 47657 47236 47067 47229 47200 47238 46944 46883 47018 47083 47041 46996 46936 47541 47164 47175 47117
49697 49568 49634 49151 48960 49531 49411 49408 50108 49548 49462 49743 49728 49088 49230 49694 49726 49553 49360 49210 49223 49666 49120 49402 49514 49245 49629 49692 49253 49372 49609 49569
49369 49602 49274 49432 49098 48976 48820 49277 49148 49245 49475 49461 49032 49076 49143 49265 48850 48893 49301 49365 50000 49619 49590 49267 49037 49238 49324 49283 49343 49214 49113 49371
48260 48097 47986 48318 48026 48266 48212 48381 48519 48267 48378 48706 48625 48245 48515 48828 48148 48234 48291 48365 48197 48287 48019 48109 48075 47730 48349 48053 48781 47995 48418 48348
37110 37900 37873 37534 37933 37409 38479 37715 38693 37602 37717 37851 37870 37964 37832 37946 38365 37498 38257 37726 37123 39062 38060 37478 37902 37923 38081 37522 39149 37828 37240 37709
37460 35949 36102 36535 36938 35968 37665 37407 36772 36433 36742 37407 36627 36396 36355 36319 37365 37204 36840 37499 36453 39949 37281 36487 36371 36557 36848 36921 36324 36262 36466 37041
40463 40092 39837 39638 39788 39676 39998 40625 40218 39472 39550 40710 39532 39933 39588 39930 40206 40349 39719 40897 39666 41649 39844 39384 39804 40438 40313 39647 40435 38857 39404 39680
36719 36745 36496 36788 36647 36711 36806 36727 36701 36841 36828 36672 36731 36436 36816 36745 36239 37018 36913 36740 36695 36454 36987 36386 36544 36435 36446 36437 36347 36729 37385 36674
50876 50396 50617 50632 50634 50498 50606 50395 50727 50863 50503 50858 50929 50305 50675 50672 50211 50635 50481 50381 50379 50539 50898 50466 50649 50245 50456 50498 50682 50220 50671 50886
44075 43981 43825 43935 44167 43792 43888 44252 44018 44047 43806 44162 44261 44550 44251 44111 44090 44208 44531 44193 44025 44408 44405 44269 44400 44104 43562 43955 44349 44161 44388 43949
49559 49396 50378 49352 50257 50010 49665 49854 50063 50174 49545 49611 50296 49685 50092 49869 49726 49675 50044 49611 49594 49946 49916 49589 49712 49459 49714 50109 49570 49404 49819 50451
42507 42425 42649 42313 42521 42142 42131 42515 42445 42673 42599 42476 42578 42372 42375 42803 42416 42459 42113 42214 41998 42537 42181 42430 42300 42250 42387 42736 43458 42405 42140 42867
32108 31499 32014 32073 32017 32016 31919 32045 32165 31786 31936 31991 32053 32355 32113 32243 31903 31959 32823 31945 32016 32018 32222 31414 31745 31511 31748 31679 31634 32009 31836 32325
43533 43391 43255 43583 43472 43213 43882 42936 43117 43251 42878 43430 43465 43288 43300 43551 43128 43742 43535 43073 43416 43689 43310 44162 43263 42763 43424 43281 43105 43174 43244 42973
45959 45654 45633 45940 45830 45596 47891 46097 45511 46007 46162 47299 45628 46958 45607 45939 45009 45596 45528 45970 48128 45300 46042 46162 45390 45439 45730 45458 47235 45560 45663 45624
45435 46269 45250 45547 45513 45836 46685 45700 45241 45341 45429 47963 45415 45165 45359 45719 45039 45058 45721 45569 47931 46396 46523 45381 45205 45807 45482 46548 44807 44977 46578 45863
41472 41944 41718 41603 41837 41902 42288 42411 41384 41484 41059 43549 41601 41735 41663 41701 41446 41515 41887 41397 42292 43417 42170 41217 41495 42211 42412 42282 42035 41230 42727 41767
40635 40814 40774 40641 40960 40648 40519 41190 40759 40674 40709 41562 40737 40798 40613 40859 40808 40901 40908 40523 40857 41621 40962 40400 40734 41006 41738 40926 40632 40548 41011 40606
36161 35509 36142 35643 35713 35705 35611 35524 35825 35913 35813 35719 35808 35544 36208 35723 35765 35889 35930 35585 35933 35951 35694 36050 35623 35161 35808 35726 35717 35802 35875 36239
49845 49660 50334 50084 49673 49611 49924 49965 49869 50055 49860 50058 50090 49917 49978 49935 49664 49426 49970 49584 50217 49777 49933 49668 49792 49558 49580 50089 50059 49736 50251 50104
49334 48559 49481 49424 49101 48746 49363 49348 49297 49217 48942 49545 49091 49119 49191 49132 48659 49009 49262 48929 48923 49060 48960 48392 49245 48800 49060 48873 49424 48921 48874 49116
48739 48427 48305 48868 48781 48362 48619 49184 48079 48813 48423 48546 49197 48838 48632 48327 48562 48457 48861 48835 48898 48035 48264 48339 48541 48694 48244 48282 48664 48044 48452 48927
29632 29862 29684 29949 30491 29981 29711 29962 30017 29766 29910 29949 30005 29956 29762 29930 29744 30237 29951 29866 29706 29820 29751 29409 29613 29721 29551 29985 30788 29852 29625 30059
47397 46682 47419 47024 47573 47233 47106 47680 46952 47057 47169 47766 47839 46765 47647 46904 47249 47369 47368 47102 47208 46825 47618 47052 47743 46693 47648 46997 46752 47606 47198 47507
46586 47658 47699 46402 50177 46820 46991 47543 47402 47022 47838 47517 47301 47239 47548 46907 46517 47689 46803 47363 47118 47267 47377 46047 47461 46991 47481 46430 47663 46585 46567 47246
49713 50070 50879 51440 50531 50537 50777 49891 50690 50142 51957 51601 49789 51619 49530 50657 49612 49749 49813 50136 49851 49807 50019 50038 49872 49910 50473 50197 50112 50111 49595 49851
47645 48150 48372 49197 47817 47423 48433 48107 48169 47769 48492 49176 47600 49440 47522 48409 47484 47438 47660 48314 47474 47375 47437 47535 47523 47232 48189 47355 48472 48632 47448 47496
42121 42443 42112 42659 42686 42201 42275 42750 41992 42011 42313 42902 42645 42492 41977 42492 41737 42509 42390 42178 42183 41903 42173 42407 42173 41839 42407 42014 42665 42085 42658 42120
49352 49314 48921 49128 49612 48944 49294 49060 49224 49366 48766 49249 48940 49169 48924 48848 48250 49417 49447 49143 48957 48907 49105 48873 49019 48933 49313 49351 49037 48654 48915 48869
48537 48681 48456 48191 48701 48128 48499 48340 48164 48076 48379 48180 48473 48455 48179 48386 48550 48241 48335 48247 48353 47927 48500 48762 48423 48053 48722 48517 48546 48511 48146 48130
48056 47972 47713 47586 48507 47177 47586 47872 47759 47481 47646 47965 47807 47840 48017 48008 47277 47758 47977 47149 47814 47933 48364 47807 47581 47769 48032 47730 48453 47441 48112 47977
40850 40780 40699 40931 40601 40775 40582 40995 40763 40571 40559 41028 40636 40907 40375 40929 40257 40582 40367 40508 40530 40433 40465 40458 41250 40660 40552 40707 40465 40502 40212 40999
41176 41112 40853 40504 40970 40744 40640 41216 40836 40386 40997 40804 41144 41097 40869 40812 40781 40970 41224 40519 40924 40931 40899 41133 40757 40608 40777 41021 41345 40907 40885 40973
42824 42681 42289 42536 42396 42849 42621 42717 42422 42519 42668 42864 42246 42564 42458 42593 42289 42605 42765 42909 42326 42733 42592 42356 42425 42301 42225 42766 43168 42231 42675 42662
