1
FarReach 19578704 70
334113 309165 308895 304893 308878 324776 306498 307002 296304 264104 214245 277337 279521 274678 284222 284566 283883 280140 279996 289974 242085 275108 277512 274902 290502 278647 280639 278701 274426 271620 258468 273335 275180 272435 288254 283964 281602 278642 281940 272488 253025 272883 272900 281791 285412 282838 276474 272940 285182 278567 248851 272743 271273 289838 281839 281101 273062 270683 277961 283583 243579 271114 264786 279745 281131 276862 273090 273168 287414 291094
84155 85550
78782 78413
78754 78424
77585 77503
78462 78457
82328 82766
78041 77944
78441 77798
75569 75027
68675 66521
66563 69143
79341 80012
78188 78409
77284 76552
79212 79521
79122 79158
78889 78874
77855 77486
76842 77898
80450 81049
75162 75192
79071 78842
77910 77546
76836 76585
80936 81372
77910 77320
77860 78237
77124 77587
76149 76175
76083 76053
79666 79251
78544 78518
77686 77280
76636 76896
80940 80362
79428 79877
78493 78495
77518 77655
78289 78660
76656 76384
78084 77840
77463 78169
76768 76870
79064 79331
79901 79800
78983 78487
77028 76510
76085 75738
79969 78650
77731 78227
77178 76504
77196 77616
75918 76610
80957 81462
78859 78635
77913 78941
76162 76008
75628 75429
77294 76995
79575 79155
77029 76354
76975 77802
75584 74498
79359 78254
79268 78585
77822 77615
76859 76233
76840 75847
80641 79984
81572 81117
