1
FarReach 9323423 70
162927 153289 154376 151798 154692 159844 148811 153674 151963 157641 117332 127210 129264 124840 134033 132253 132558 131418 130212 133181 120395 127938 127359 127996 137024 131999 124836 130560 130060 133664 120720 127280 128790 130436 135160 133037 131050 130008 134806 126283 118998 125498 126603 134168 131960 131553 130914 129840 135018 132451 118721 127378 127520 121565 131002 131667 129336 127078 136057 133623 117092 128298 131988 135286 133797 131830 129927 134304 135897 133336
83033
77884
78505
77341
79300
81419
75652
78248
77306
80094
77493
78003
77650
74249
80022
79031
78860
78002
77386
79240
79233
78807
76323
76292
81598
78537
74261
77768
77118
79332
79331
77762
77393
78328
80668
79218
77891
77094
79703
74883
77856
76827
76223
80512
79267
78737
77570
77030
80479
78615
77892
77540
76611
73225
77953
78441
77000
75651
81104
79789
77852
77575
78975
81178
79870
78619
77396
80291
81076
79266
