128
396554 5537453 0.966674 123.923641 123
396554 398452 6099948 1.048066 113.581454 123 0
396554 395822 6168074 1.108787 107.627395 123 1
396554 396325 6468578 1.149311 103.831427 123 2
396554 398394 6116780 1.105524 108.097265 123 3
396554 396913 6168057 1.078967 110.561088 123 4
396554 398317 6100691 1.085332 109.905170 123 5
396554 398549 6116295 1.092939 109.253330 123 6
396554 395834 6644768 1.182722 100.823203 123 7
396554 398557 6102102 1.082812 110.269897 123 8
396554 396496 6173192 1.104603 107.855946 123 9
396554 397019 6584724 1.195981 99.765980 123 10
396554 397557 6117071 1.082980 110.091723 123 11
396554 396978 6173377 1.089985 109.472856 123 12
396554 398868 6102666 1.078904 110.388816 123 13
396554 399401 6118888 1.024586 108.812568 123 14
396553 396100 7474875 1.294110 92.041294 123 15
396554 397235 6099213 1.091555 109.404021 123 16
396554 396193 6167973 1.116899 106.930397 123 17
396554 397343 6694409 1.001382 102.543215 123 18
396554 399159 6116852 1.105768 107.602937 123 19
396554 396429 6164821 1.093219 109.208695 123 20
396554 397899 6099588 1.085762 109.998809 123 21
396554 399299 6116659 1.063795 111.914590 123 22
396554 397096 6445827 1.112020 107.354469 123 23
396554 397867 6101347 1.080951 110.442226 123 24
396554 396122 6174042 1.112584 107.255013 123 25
396554 396899 7891764 1.406460 84.313839 123 26
396554 398424 6118241 1.059648 112.792363 123 27
396554 398275 6173682 1.084431 110.132091 123 28
396554 398434 6101020 1.090334 109.476847 123 29
396554 398264 6116576 1.068588 111.866742 123 30
396554 396625 6549165 0.922275 105.463798 123 31
396553 397772 6100661 1.086702 109.698956 123 32
396554 395365 6167974 0.851451 109.639932 123 33
396554 396994 6735878 1.214430 98.080704 123 34
396554 398424 6116366 1.098364 108.770984 123 35
396554 395314 6164573 1.109470 107.614168 123 36
396554 398278 6099951 1.080372 110.493396 123 37
396554 397973 6114393 1.099101 108.337315 123 38
396554 396522 6442738 1.133074 105.494641 123 39
396554 398775 6102987 1.078692 110.732105 123 40
396554 396046 6173643 1.106793 107.834476 123 41
396554 396538 8685538 1.544506 76.517899 123 42
396554 397932 6117303 1.088290 109.705267 123 43
396554 395322 6170674 1.076034 111.046560 123 44
396554 398503 6101410 1.086510 109.933550 123 45
396554 397627 6116668 1.077465 110.669449 123 46
396554 397235 6542539 1.167454 102.233393 123 47
396554 398926 6100809 1.062710 112.425112 123 48
396554 397008 6168542 1.101833 108.275698 123 49
396554 396031 6472120 1.124998 106.041340 123 50
396554 399321 6117295 1.069344 111.848142 123 51
396554 396692 6166623 1.108178 107.432449 123 52
396554 397557 6099755 1.087886 109.800460 123 53
396554 398842 6116143 1.054703 113.065433 123 54
396554 396757 6615033 1.167196 102.246342 123 55
396554 397506 6101493 1.085329 109.983422 123 56
396554 396260 6174270 1.085400 109.709957 123 57
396554 395204 6591893 1.170151 101.953226 123 58
396554 398768 6118559 1.085685 109.813534 123 59
396554 396134 6171727 0.879212 112.184701 123 60
396554 397565 6100907 1.105908 107.870021 123 61
396554 398609 6117810 1.086073 110.002073 123 62
396554 396053 7234760 1.291014 91.978385 123 63
396554 396689 6169691 1.099138 108.625654 123 64
396554 396571 6099750 1.098165 108.378706 123 65
396554 397746 6115676 1.101247 108.433125 123 66
396553 395178 6856200 1.220483 97.815301 123 67
396554 399512 6101372 1.079160 110.502986 123 68
396554 396062 6165583 1.080211 110.428397 123 69
396554 395944 6428186 1.161579 102.713605 123 70
396553 398017 6115001 1.095112 109.061828 123 71
396554 396575 6174763 1.092155 109.126562 123 72
396554 399046 6102543 1.090656 109.317467 123 73
396554 399417 6118364 1.045049 114.257789 123 74
396554 395270 6267973 1.112887 106.697331 123 75
396554 397940 6101011 1.067574 111.489096 123 76
396554 396713 6171175 1.092094 109.376143 123 77
396554 396659 6518270 1.164929 102.150514 123 78
396554 398302 6117529 1.075514 111.076202 123 79
396554 397552 6169639 1.103114 108.201738 123 80
396553 397636 6099929 1.098578 108.660976 123 81
396554 399265 6117515 1.103502 108.088955 123 82
396554 396010 6489501 1.154562 103.208936 123 83
396554 397373 6099725 1.062006 112.246665 123 84
396554 396852 6167458 1.095792 108.597186 123 85
396554 396391 6563937 1.184636 100.580076 123 86
396554 398481 6115764 0.855646 112.202911 123 87
396554 396874 6174970 1.089966 109.664972 123 88
396554 398805 6101754 1.068477 111.551501 123 89
396554 399461 6119212 1.076441 110.945920 123 90
396554 396944 6633577 1.131512 105.473456 123 91
396554 397814 6101013 1.078464 110.544698 123 92
396554 395763 6171295 0.866300 108.317306 123 93
396554 396013 6955603 1.253689 95.020899 123 94
396554 399630 6120040 1.088630 109.648880 123 95
396554 396098 6167492 1.070206 111.490221 123 96
396554 397221 6099723 1.072795 111.480378 123 97
396554 399227 6116976 1.093463 109.232659 123 98
396554 396078 6485023 1.125964 105.878726 123 99
396554 397396 6099372 1.078074 110.715405 123 100
396554 397111 6166533 1.087650 109.682318 123 101
396553 396204 6586646 1.176003 101.159483 123 102
396554 397801 6115104 1.076816 110.890052 123 103
396554 395577 6173397 1.109935 107.511572 123 104
396554 396801 6100903 1.062096 112.212107 123 105
396554 398404 6118284 1.065486 111.923960 123 106
396554 397599 6621424 1.178906 101.320288 123 107
396554 397957 6101282 1.091499 109.503838 123 108
396554 396954 6171960 1.056588 113.059858 123 109
396554 396079 7069559 1.253548 95.068405 123 110
396554 397507 6117394 1.046454 114.083932 123 111
396554 398168 6171323 1.082965 110.167002 123 112
396554 397872 6100339 1.069479 111.560104 123 113
396554 397671 6115993 1.073457 111.201412 123 114
396554 396385 6794380 1.187939 100.421751 123 115
396554 399038 6100993 1.070873 111.592129 123 116
396554 396084 6165111 1.082594 110.230194 123 117
396554 395872 6431609 1.123336 106.240115 123 118
396554 398566 6116361 1.094876 109.051276 123 119
396554 397367 6176023 1.106496 108.067715 123 120
396554 397433 6100673 1.090716 109.414132 123 121
396554 398658 6118379 0.910886 109.379290 123 122
396553 398618 6101801 1.087202 109.807388 123 124
396554 395746 6170421 1.091510 109.360118 123 125
396554 395631 6521761 1.169730 101.869072 123 126
396554 397930 6116520 1.085644 109.875195 123 127
