1
FarReach 31054803 70
471591 438525 430332 467984 438048 434307 452357 460538 431321 405801 467827 444967 433829 461482 453227 427194 438797 458193 418193 426128 468689 448320 439097 456984 450976 433965 441454 457044 441537 427761 468309 440877 425108 448353 453913 436258 442684 371296 439799 428797 459452 444103 436157 450860 461870 438256 427629 475027 443105 429093 460823 452589 434623 447561 451129 436294 427768 469776 441362 427975 463121 450718 434062 450650 458405 435336 432913 462631 441002 428439
119822 119688
111560 111751
109836 109086
118495 119067
111286 110689
110479 110040
114801 114933
117030 117358
109465 109626
102907 103027
119016 119320
113283 113455
110461 110160
117056 118004
114831 115310
108499 108619
111819 111569
116630 116186
106511 106544
108795 108062
119589 119376
114055 113793
110778 112173
116813 116376
114586 114797
110211 110930
111713 112492
116377 116244
111977 112711
109099 109117
118997 119181
111904 112549
107542 108408
114476 114241
115398 115245
110898 111111
112484 112766
94299 94538
111889 111384
109082 108719
117034 116695
112956 113241
111393 110654
114716 115085
117580 116491
111355 111453
108434 108230
120275 120748
112718 112303
109106 108949
117188 117372
114602 115122
110830 110702
114408 113241
114790 114524
110768 111264
109211 108584
119316 119381
112336 112254
109120 108799
118216 117521
114279 114891
110266 110321
114579 115034
116556 116794
110998 110917
109879 110696
117674 117100
112247 111997
108952 108842
