workload_name: synthetic
workload_mode: 1
dynamic_periodnum: 7
dynamic_periodinterval: 10
dynamic_ruleprefix: dynamicrules/synthetic-hotin.out
val_t::MAX_VALLEN: 128
ParserIterator::load_batch_size: 10000
client_physical_num: 2
server_physical_num: 2
client_total_logical_num: 128
server_total_logical_num: 2
server_total_logical_num_for_rotation: 128
max_server_total_logical_num: 2

client_rotationdataserver_port: 1025
client_sendpktserver_port_start: 1026
client_rulemapserver_port_start: 1036
client_worker_port_start: 8888

client_logical_nums[0]: 64
client_ips[0]: 10.0.1.11
client_macs[0]: 3c:fd:fe:bb:ca:79
client_fpports[0]: 11/0
client_pipeidxes[0]: 0
client_logical_nums[1]: 64
client_ips[1]: 10.0.1.15
client_macs[1]: 3c:fd:fe:b5:28:59
client_fpports[1]: 1/0
client_pipeidxes[1]: 1

server_load_factor: 5
server_worker_port_start: 1152
server_evictserver_port_start: 2222
server_snapshotserver_port_start: 3333
server_snapshotdataserver_port_start: 4444
transaction_loadfinishserver_port: 8000

server_worker_corenums[0]: 16
server_total_corenums[0]: 24
server_logical_idxes_list[0]: 0 
server_ips[0]: 10.0.1.16
server_macs[0]: 3c:fd:fe:b5:1f:e1
server_fpports[0]: 16/0
server_pipeidxes[0]: 0
server_ip_for_controller_list[0]: 172.16.112.16
server_worker_corenums[1]: 16
server_total_corenums[1]: 48
server_logical_idxes_list[1]: 1 
server_ips[1]: 10.0.1.13
server_macs[1]: 3c:fd:fe:bb:c9:c8
server_fpports[1]: 13/0
server_pipeidxes[1]: 0
server_ip_for_controller_list[1]: 172.16.112.13

controller ip for server: 172.16.112.16
controller ip for switchos: 172.16.112.16
controller_popserver_port_start: 5555
controller_evictserver_port: 5002
controller_snapshot_period: 10000
controller_warmupfinishserver_port: 5010

switch_partition_count: 32768
switch_kv_bucket_num: 10000
switch_pipeline_num: 2
val_t::SWITCH_MAX_VALLEN: 128
switchos_popserver_port: 5003
switchos ip: 172.16.112.17
switchos_sample_cnt: 10
switchos_snapshotserver_port: 5004
switchos_specialcaseserver_port: 5005
switchos_ptf_popserver_port: 5006
switchos_ptf_snapshotserver_port: 5007

reflector ip for switchos: 172.16.112.16
reflector_dp2cpserver_port: 5008
reflector_cp2dpserver_port: 5009

raw_load_workload_filename for loading phase: synthetic-load.out
server_load_workload_dir for loading phase: synthetic-load-2
raw_warmup_workload_filename for warmup phase: synthetic-warmup.out
raw_run_workload_filename for transaction phase: synthetic-run.out
client_workload_dir for transaction phase: synthetic-run-128
perserver_keyrange: 32768

[client.sendpktserver] ready
[client] prepare clients ...
[client.rulemapserver] ready
[client 3] Ready.
[client 12] Ready.
[client 7] Ready.
[client 14] Ready.
[client 13] Ready.
[client 2] Ready.
[client 8] Ready.
[client 34] Ready.
[client 31] Ready.
[client 44] Ready.
[client 0] Ready.
[client 41] Ready.
[client 16] Ready.
[client 15] Ready.
[client 11] Ready.
[client 22] Ready.
[client 26] Ready.
[client 29] Ready.
[client 25] Ready.
[client 5] Ready.
[client 6] Ready.
[client 9] Ready.
[client 42] Ready.
[client 1] Ready.
[client 40] Ready.
[client 4] Ready.
[client 10] Ready.
[client 57] Ready.
[client 23] Ready.
[client 37] Ready.
[client 61] Ready.
[client 39] Ready.
[client 24] Ready.
[client 27] Ready.
[client 17] Ready.
[client 53] Ready.
[client 48] Ready.
[client 19] Ready.
[client 46] Ready.
[client 50] Ready.
[client 47] Ready.
[client 49] Ready.
[client 21] Ready.
[client 18] Ready.
[client 30] Ready.
[client 32] Ready.
[client 43] Ready.
[client 28] Ready.
[client 33] Ready.
[client 35] Ready.
[client 51] Ready.
[client 54] Ready.
[client 38] Ready.
[client 20] Ready.
[client 36] Ready.
[client 45] Ready.
[client 55] Ready.
[client 60] Ready.
[client 58] Ready.
[client 56] Ready.
[client 52] Ready.
[client 59] Ready.
[client 62] Ready.
[client 63] Ready.
[client] all clients ready...
wait to be able to send pkt if necessary
start to send pkt
switch dynamic rulemap from period 0 to 1
switch dynamic rulemap from period 1 to 2
switch dynamic rulemap from period 2 to 3
switch dynamic rulemap from period 3 to 4
switch dynamic rulemap from period 4 to 5
switch dynamic rulemap from period 5 to 6
[client] all clients finish!
[client] processing statistics

thpt interval: 1 s, seccnt: 70

[sec 0]

overall totalpktcnt: 64678, throughput (MOPS): 0.061682

[sec 1]

overall totalpktcnt: 67422, throughput (MOPS): 0.064299

[sec 2]

overall totalpktcnt: 70266, throughput (MOPS): 0.067011

[sec 3]

overall totalpktcnt: 72519, throughput (MOPS): 0.069160

[sec 4]

overall totalpktcnt: 74094, throughput (MOPS): 0.070662

[sec 5]

overall totalpktcnt: 75888, throughput (MOPS): 0.072372

[sec 6]

overall totalpktcnt: 77202, throughput (MOPS): 0.073626

[sec 7]

overall totalpktcnt: 77590, throughput (MOPS): 0.073996

[sec 8]

overall totalpktcnt: 78213, throughput (MOPS): 0.074590

[sec 9]

overall totalpktcnt: 79211, throughput (MOPS): 0.075541

[sec 10]

overall totalpktcnt: 77943, throughput (MOPS): 0.074332

[sec 11]

overall totalpktcnt: 77722, throughput (MOPS): 0.074121

[sec 12]

overall totalpktcnt: 79411, throughput (MOPS): 0.075732

[sec 13]

overall totalpktcnt: 79917, throughput (MOPS): 0.076215

[sec 14]

overall totalpktcnt: 80395, throughput (MOPS): 0.076671

[sec 15]

overall totalpktcnt: 80576, throughput (MOPS): 0.076843

[sec 16]

overall totalpktcnt: 81233, throughput (MOPS): 0.077470

[sec 17]

overall totalpktcnt: 80600, throughput (MOPS): 0.076866

[sec 18]

overall totalpktcnt: 81485, throughput (MOPS): 0.077710

[sec 19]

overall totalpktcnt: 81271, throughput (MOPS): 0.077506

[sec 20]

overall totalpktcnt: 81578, throughput (MOPS): 0.077799

[sec 21]

overall totalpktcnt: 81945, throughput (MOPS): 0.078149

[sec 22]

overall totalpktcnt: 82234, throughput (MOPS): 0.078424

[sec 23]

overall totalpktcnt: 81578, throughput (MOPS): 0.077799

[sec 24]

overall totalpktcnt: 81736, throughput (MOPS): 0.077950

[sec 25]

overall totalpktcnt: 82417, throughput (MOPS): 0.078599

[sec 26]

overall totalpktcnt: 79653, throughput (MOPS): 0.075963

[sec 27]

overall totalpktcnt: 78863, throughput (MOPS): 0.075210

[sec 28]

overall totalpktcnt: 81285, throughput (MOPS): 0.077519

[sec 29]

overall totalpktcnt: 81590, throughput (MOPS): 0.077810

[sec 30]

overall totalpktcnt: 82264, throughput (MOPS): 0.078453

[sec 31]

overall totalpktcnt: 81903, throughput (MOPS): 0.078109

[sec 32]

overall totalpktcnt: 81941, throughput (MOPS): 0.078145

[sec 33]

overall totalpktcnt: 82065, throughput (MOPS): 0.078263

[sec 34]

overall totalpktcnt: 82486, throughput (MOPS): 0.078665

[sec 35]

overall totalpktcnt: 82115, throughput (MOPS): 0.078311

[sec 36]

overall totalpktcnt: 82452, throughput (MOPS): 0.078632

[sec 37]

overall totalpktcnt: 82058, throughput (MOPS): 0.078257

[sec 38]

overall totalpktcnt: 82843, throughput (MOPS): 0.079005

[sec 39]

overall totalpktcnt: 82378, throughput (MOPS): 0.078562

[sec 40]

overall totalpktcnt: 81521, throughput (MOPS): 0.077744

[sec 41]

overall totalpktcnt: 81536, throughput (MOPS): 0.077759

[sec 42]

overall totalpktcnt: 82144, throughput (MOPS): 0.078339

[sec 43]

overall totalpktcnt: 81737, throughput (MOPS): 0.077950

[sec 44]

overall totalpktcnt: 82390, throughput (MOPS): 0.078573

[sec 45]

overall totalpktcnt: 82617, throughput (MOPS): 0.078790

[sec 46]

overall totalpktcnt: 82513, throughput (MOPS): 0.078691

[sec 47]

overall totalpktcnt: 83214, throughput (MOPS): 0.079359

[sec 48]

overall totalpktcnt: 82418, throughput (MOPS): 0.078600

[sec 49]

overall totalpktcnt: 81733, throughput (MOPS): 0.077947

[sec 50]

overall totalpktcnt: 81585, throughput (MOPS): 0.077806

[sec 51]

overall totalpktcnt: 82308, throughput (MOPS): 0.078495

[sec 52]

overall totalpktcnt: 81857, throughput (MOPS): 0.078065

[sec 53]

overall totalpktcnt: 82097, throughput (MOPS): 0.078294

[sec 54]

overall totalpktcnt: 82107, throughput (MOPS): 0.078303

[sec 55]

overall totalpktcnt: 82062, throughput (MOPS): 0.078260

[sec 56]

overall totalpktcnt: 80519, throughput (MOPS): 0.076789

[sec 57]

overall totalpktcnt: 79452, throughput (MOPS): 0.075771

[sec 58]

overall totalpktcnt: 81239, throughput (MOPS): 0.077476

[sec 59]

overall totalpktcnt: 82016, throughput (MOPS): 0.078217

[sec 60]

overall totalpktcnt: 81668, throughput (MOPS): 0.077885

[sec 61]

overall totalpktcnt: 82069, throughput (MOPS): 0.078267

[sec 62]

overall totalpktcnt: 81918, throughput (MOPS): 0.078123

[sec 63]

overall totalpktcnt: 82066, throughput (MOPS): 0.078264

[sec 64]

overall totalpktcnt: 82355, throughput (MOPS): 0.078540

[sec 65]

overall totalpktcnt: 82118, throughput (MOPS): 0.078314

[sec 66]

overall totalpktcnt: 82379, throughput (MOPS): 0.078563

[sec 67]

overall totalpktcnt: 82150, throughput (MOPS): 0.078344

[sec 68]

overall totalpktcnt: 82225, throughput (MOPS): 0.078416

[sec 69]

overall totalpktcnt: 82951, throughput (MOPS): 0.079108

[Latency Statistics of total_latency_list ]
| min | max | avg | 90th | 99th | largest | median | sum |
| 27.544 | 21046.4 | 795.519 | 1542.46 | 1752.41 | 21046.4 | 811.505 | 4.48035e+09 |
[Latency Statistics of perclient_avgsend_latency_list ]
| min | max | avg | 90th | 99th | largest | median | sum |
| 4.89115 | 5.1893 | 5.04335 | 5.14146 | 5.1893 | 5.1893 | 5.04463 | 322.774 |
[Latency Statistics of perclient_avgwait_latency_list ]
| min | max | avg | 90th | 99th | largest | median | sum |
| 0.855576 | 1.07992 | 0.939312 | 0.982416 | 1.07992 | 1.07992 | 0.940177 | 60.116 |
total_unmatched_cnt: 0
total_timeout_cnt: 0
client-side total pktcnt: 5631985, total time: 70.030589 s, total thpt: 0.076696 MOPS
cache hit pktcnt: 0
per-server pktcnt: 2817313 2814672

per-sec total throughput:
64677 67421 70264 72521 74096 75886 77202 77589 78214 79209 77947 77720 79411 79916 80396 80578 81232 80591 81495 81269 81578 81945 82235 81577 81735 82416 79656 78861 81285 81592 82263 81903 81942 82065 82486 82112 82453 82058 82845 82378 81522 81535 82136 81744 82392 82614 82513 83216 82416 81727 81591 82310 81857 82094 82108 82062 80519 79453 81237 82017 81669 82070 81916 82067 82355 82116 82379 82152 82223 82951

per-sec per-server throughput:
32480 32197
33776 33645
35261 35003
36296 36225
36919 37177
37840 38046
38466 38736
38886 38703
39297 38917
39514 39695
39076 38871
38936 38784
39706 39705
40106 39810
40372 40024
40498 40080
40553 40679
40597 39994
40780 40715
40720 40549
40678 40900
40823 41122
40849 41386
40776 40801
40817 40918
40972 41444
39791 39865
39570 39291
40467 40818
40776 40816
40943 41320
41063 40840
40990 40952
41003 41062
41077 41409
41081 41031
40976 41477
40999 41059
41022 41823
41051 41327
40920 40602
40922 40613
40953 41183
40990 40754
41247 41145
41286 41328
41316 41197
41337 41879
41325 41091
40935 40792
41055 40536
40994 41316
41139 40718
40960 41134
41020 41088
41141 40921
40217 40302
39874 39579
40641 40596
40971 41046
41145 40524
41302 40768
41255 40661
41208 40859
41225 41130
41208 40908
41267 41112
41220 40932
41149 41074
41285 41666
Finish dumping statistics!
