workload_name: synthetic
workload_mode: 1
dynamic_periodnum: 7
dynamic_periodinterval: 10
dynamic_ruleprefix: dynamicrules/synthetic-hotin.out
val_t::MAX_VALLEN: 128
ParserIterator::load_batch_size: 10000
client_physical_num: 2
server_physical_num: 2
client_total_logical_num: 128
server_total_logical_num: 2
server_total_logical_num_for_rotation: 128
max_server_total_logical_num: 2

client_rotationdataserver_port: 1025
client_sendpktserver_port_start: 1026
client_rulemapserver_port_start: 1036
client_worker_port_start: 8888

client_logical_nums[0]: 64
client_ips[0]: 10.0.1.11
client_macs[0]: 3c:fd:fe:bb:ca:79
client_fpports[0]: 11/0
client_pipeidxes[0]: 0
client_logical_nums[1]: 64
client_ips[1]: 10.0.1.15
client_macs[1]: 3c:fd:fe:b5:28:59
client_fpports[1]: 1/0
client_pipeidxes[1]: 1

server_load_factor: 5
server_worker_port_start: 1152
server_evictserver_port_start: 2222
server_snapshotserver_port_start: 3333
server_snapshotdataserver_port_start: 4444
transaction_loadfinishserver_port: 8000

server_worker_corenums[0]: 16
server_total_corenums[0]: 24
server_logical_idxes_list[0]: 0 
server_ips[0]: 10.0.1.16
server_macs[0]: 3c:fd:fe:b5:1f:e1
server_fpports[0]: 16/0
server_pipeidxes[0]: 0
server_ip_for_controller_list[0]: 172.16.112.16
server_worker_corenums[1]: 16
server_total_corenums[1]: 48
server_logical_idxes_list[1]: 1 
server_ips[1]: 10.0.1.13
server_macs[1]: 3c:fd:fe:bb:c9:c8
server_fpports[1]: 13/0
server_pipeidxes[1]: 0
server_ip_for_controller_list[1]: 172.16.112.13

controller ip for server: 172.16.112.16
controller ip for switchos: 172.16.112.16
controller_popserver_port_start: 5555
controller_evictserver_port: 5002
controller_snapshot_period: 10000
controller_warmupfinishserver_port: 5010

switch_partition_count: 32768
switch_kv_bucket_num: 10000
switch_pipeline_num: 2
val_t::SWITCH_MAX_VALLEN: 128
switchos_popserver_port: 5003
switchos ip: 172.16.112.17
switchos_sample_cnt: 10
switchos_snapshotserver_port: 5004
switchos_specialcaseserver_port: 5005
switchos_ptf_popserver_port: 5006
switchos_ptf_snapshotserver_port: 5007

reflector ip for switchos: 172.16.112.16
reflector_dp2cpserver_port: 5008
reflector_cp2dpserver_port: 5009

raw_load_workload_filename for loading phase: synthetic-load.out
server_load_workload_dir for loading phase: synthetic-load-2
raw_warmup_workload_filename for warmup phase: synthetic-warmup.out
raw_run_workload_filename for transaction phase: synthetic-run.out
client_workload_dir for transaction phase: synthetic-run-128
perserver_keyrange: 32768

[client] prepare clients ...
[client 23] Ready.
[client 31] Ready.
[client 15] Ready.
[client 32] Ready.
[client 19] Ready.
[client 13] Ready.
[client 24] Ready.
[client 33] Ready.
[client 14] Ready.
[client 7] Ready.
[client 29] Ready.
[client 21] Ready.
[client 27] Ready.
[client 9] Ready.
[client 0] Ready.
[client 6] Ready.
[client 4] Ready.
[client 20] Ready.
[client 28] Ready.
[client 1] Ready.
[client 16] Ready.
[client 34] Ready.
[client 30] Ready.
[client 38] Ready.
[client 25] Ready.
[client 48] Ready.
[client 5] Ready.
[client 39] Ready.
[client 10] Ready.
[client 22] Ready.
[client 12] Ready.
[client 11] Ready.
[client 42] Ready.
[client 3] Ready.
[client 18] Ready.
[client 51] Ready.
[client 56] Ready.
[client 8] Ready.
[client 17] Ready.
[client 44] Ready.
[client 45] Ready.
[client 49] Ready.
[client 2] Ready.
[client 55] Ready.
[client 43] Ready.
[client 36] Ready.
[client 26] Ready.
[client 46] Ready.
[client 47] Ready.
[client 35] Ready.
[client 50] Ready.
[client 40] Ready.
[client 52] Ready.
[client 37] Ready.
[client 41] Ready.
[client 57] Ready.
[client 53] Ready.
[client 58] Ready.
[client 62] Ready.
[client 61] Ready.
[client 60] Ready.
[client 54] Ready.
[client 59] Ready.
[client 63] Ready.
[client] all clients ready...
start to send pkt
switch dynamic rulemap from period 0 to 1
switch dynamic rulemap from period 1 to 2
switch dynamic rulemap from period 2 to 3
switch dynamic rulemap from period 3 to 4
switch dynamic rulemap from period 4 to 5
switch dynamic rulemap from period 5 to 6
[client] all clients finish!
[client] processing statistics

thpt interval: 1 s, seccnt: 70

[sec 0]

overall totalpktcnt: 64988, throughput (MOPS): 0.061977

[sec 1]

overall totalpktcnt: 66560, throughput (MOPS): 0.063477

[sec 2]

overall totalpktcnt: 67182, throughput (MOPS): 0.064070

[sec 3]

overall totalpktcnt: 67616, throughput (MOPS): 0.064484

[sec 4]

overall totalpktcnt: 67793, throughput (MOPS): 0.064652

[sec 5]

overall totalpktcnt: 67054, throughput (MOPS): 0.063948

[sec 6]

overall totalpktcnt: 68446, throughput (MOPS): 0.065275

[sec 7]

overall totalpktcnt: 68157, throughput (MOPS): 0.065000

[sec 8]

overall totalpktcnt: 66266, throughput (MOPS): 0.063196

[sec 9]

overall totalpktcnt: 69591, throughput (MOPS): 0.066367

[sec 10]

overall totalpktcnt: 69240, throughput (MOPS): 0.066032

[sec 11]

overall totalpktcnt: 69858, throughput (MOPS): 0.066622

[sec 12]

overall totalpktcnt: 70429, throughput (MOPS): 0.067166

[sec 13]

overall totalpktcnt: 68274, throughput (MOPS): 0.065111

[sec 14]

overall totalpktcnt: 69740, throughput (MOPS): 0.066509

[sec 15]

overall totalpktcnt: 66867, throughput (MOPS): 0.063769

[sec 16]

overall totalpktcnt: 68346, throughput (MOPS): 0.065180

[sec 17]

overall totalpktcnt: 68430, throughput (MOPS): 0.065260

[sec 18]

overall totalpktcnt: 69185, throughput (MOPS): 0.065980

[sec 19]

overall totalpktcnt: 68632, throughput (MOPS): 0.065453

[sec 20]

overall totalpktcnt: 67806, throughput (MOPS): 0.064665

[sec 21]

overall totalpktcnt: 69308, throughput (MOPS): 0.066097

[sec 22]

overall totalpktcnt: 70639, throughput (MOPS): 0.067367

[sec 23]

overall totalpktcnt: 69324, throughput (MOPS): 0.066113

[sec 24]

overall totalpktcnt: 69191, throughput (MOPS): 0.065986

[sec 25]

overall totalpktcnt: 69274, throughput (MOPS): 0.066065

[sec 26]

overall totalpktcnt: 67136, throughput (MOPS): 0.064026

[sec 27]

overall totalpktcnt: 68192, throughput (MOPS): 0.065033

[sec 28]

overall totalpktcnt: 68813, throughput (MOPS): 0.065625

[sec 29]

overall totalpktcnt: 68692, throughput (MOPS): 0.065510

[sec 30]

overall totalpktcnt: 64650, throughput (MOPS): 0.061655

[sec 31]

overall totalpktcnt: 67631, throughput (MOPS): 0.064498

[sec 32]

overall totalpktcnt: 68089, throughput (MOPS): 0.064935

[sec 33]

overall totalpktcnt: 68169, throughput (MOPS): 0.065011

[sec 34]

overall totalpktcnt: 67635, throughput (MOPS): 0.064502

[sec 35]

overall totalpktcnt: 67008, throughput (MOPS): 0.063904

[sec 36]

overall totalpktcnt: 67658, throughput (MOPS): 0.064524

[sec 37]

overall totalpktcnt: 67326, throughput (MOPS): 0.064207

[sec 38]

overall totalpktcnt: 65455, throughput (MOPS): 0.062423

[sec 39]

overall totalpktcnt: 65386, throughput (MOPS): 0.062357

[sec 40]

overall totalpktcnt: 66497, throughput (MOPS): 0.063416

[sec 41]

overall totalpktcnt: 66655, throughput (MOPS): 0.063567

[sec 42]

overall totalpktcnt: 64997, throughput (MOPS): 0.061986

[sec 43]

overall totalpktcnt: 65044, throughput (MOPS): 0.062031

[sec 44]

overall totalpktcnt: 66167, throughput (MOPS): 0.063102

[sec 45]

overall totalpktcnt: 66714, throughput (MOPS): 0.063623

[sec 46]

overall totalpktcnt: 66156, throughput (MOPS): 0.063091

[sec 47]

overall totalpktcnt: 64801, throughput (MOPS): 0.061799

[sec 48]

overall totalpktcnt: 65114, throughput (MOPS): 0.062098

[sec 49]

overall totalpktcnt: 64096, throughput (MOPS): 0.061127

[sec 50]

overall totalpktcnt: 64937, throughput (MOPS): 0.061929

[sec 51]

overall totalpktcnt: 65214, throughput (MOPS): 0.062193

[sec 52]

overall totalpktcnt: 65316, throughput (MOPS): 0.062290

[sec 53]

overall totalpktcnt: 65186, throughput (MOPS): 0.062166

[sec 54]

overall totalpktcnt: 65160, throughput (MOPS): 0.062141

[sec 55]

overall totalpktcnt: 62510, throughput (MOPS): 0.059614

[sec 56]

overall totalpktcnt: 65408, throughput (MOPS): 0.062378

[sec 57]

overall totalpktcnt: 65087, throughput (MOPS): 0.062072

[sec 58]

overall totalpktcnt: 62548, throughput (MOPS): 0.059650

[sec 59]

overall totalpktcnt: 63483, throughput (MOPS): 0.060542

[sec 60]

overall totalpktcnt: 63163, throughput (MOPS): 0.060237

[sec 61]

overall totalpktcnt: 64512, throughput (MOPS): 0.061523

[sec 62]

overall totalpktcnt: 62380, throughput (MOPS): 0.059490

[sec 63]

overall totalpktcnt: 63793, throughput (MOPS): 0.060838

[sec 64]

overall totalpktcnt: 60170, throughput (MOPS): 0.057383

[sec 65]

overall totalpktcnt: 62040, throughput (MOPS): 0.059166

[sec 66]

overall totalpktcnt: 62919, throughput (MOPS): 0.060004

[sec 67]

overall totalpktcnt: 62521, throughput (MOPS): 0.059625

[sec 68]

overall totalpktcnt: 62559, throughput (MOPS): 0.059661

[sec 69]

overall totalpktcnt: 61999, throughput (MOPS): 0.059127

[Latency Statistics of total_latency_list ]
| min | max | avg | 90th | 99th | largest | median | sum |
| 27.502 | 25190.9 | 963.488 | 1823.77 | 2065.48 | 25190.9 | 952.733 | 4.4775e+09 |
[Latency Statistics of perclient_avgsend_latency_list ]
| min | max | avg | 90th | 99th | largest | median | sum |
| 4.14708 | 4.46476 | 4.28161 | 4.37809 | 4.46476 | 4.46476 | 4.28337 | 274.023 |
[Latency Statistics of perclient_avgwait_latency_list ]
| min | max | avg | 90th | 99th | largest | median | sum |
| 1.15026 | 1.399 | 1.23169 | 1.27913 | 1.399 | 1.399 | 1.22783 | 78.828 |
total_unmatched_cnt: 0
total_timeout_cnt: 0
client-side total pktcnt: 4647182, total time: 70.011330 s, total thpt: 0.063303 MOPS
cache hit pktcnt: 0
per-server pktcnt: 2322220 2324962

per-sec total throughput:
64987 66558 67185 67612 67794 67055 68446 68158 66266 69592 69239 69856 70431 68270 69745 66867 68343 68429 69188 68633 67805 69307 70640 69322 69194 69271 67138 68190 68816 68692 64650 67629 68091 68167 67637 67006 67658 67328 65454 65387 66495 66655 64998 65041 66169 66714 66155 64804 65114 64096 64936 65212 65315 65189 65161 62507 65407 65089 62549 63484 63162 64512 62377 63796 60171 62039 62918 62521 62559 62001

per-sec per-server throughput:
32413 32574
33222 33336
33555 33630
33801 33811
33813 33981
33517 33538
33943 34503
34118 34040
33325 32941
34909 34683
34583 34656
34910 34946
35330 35101
34087 34183
34775 34970
33512 33355
34191 34152
34313 34116
34587 34601
34157 34476
33651 34154
34376 34931
35272 35368
34740 34582
34652 34542
34382 34889
33625 33513
34212 33978
34355 34461
34070 34622
32202 32448
33796 33833
34015 34076
33945 34222
33682 33955
33428 33578
33783 33875
33506 33822
32612 32842
32540 32847
33340 33155
33477 33178
32432 32566
32772 32269
32944 33225
33537 33177
33068 33087
32469 32335
32574 32540
32228 31868
32358 32578
32608 32604
32590 32725
32444 32745
32321 32840
31254 31253
32809 32598
32461 32628
31177 31372
31566 31918
31777 31385
32200 32312
31228 31149
31960 31836
30155 30016
31039 31000
31485 31433
31378 31143
31401 31158
31263 30738
Finish dumping statistics!
