5632625
65602 67698 70750 72508 73770 75934 77476 77342 78546 79525 78162 78163 79616 80246 80548 80918 81220 81352 81758 81248 81525 81603 82269 81603 81364 82593 80070 78894 80740 81864 82387 82180 82321 82002 82682 82232 82469 82232 82507 82428 81611 81801 81515 82051 81440 81334 81175 81407 81117 81960 82128 81997 82522 81544 82267 82471 80290 79858 81586 82152 81717 82294 82456 81909 82128 81991 82736 82429 82209 82179
32731 32871
33769 33929
35276 35474
36269 36239
36903 36867
37890 38044
38449 39027
38916 38426
39354 39192
39604 39921
39143 39019
39076 39087
39785 39831
40114 40132
40406 40142
40486 40432
40619 40601
40565 40787
40683 41075
40798 40450
40707 40818
40876 40727
40887 41382
40834 40769
40833 40531
40959 41634
39965 40105
39641 39253
40561 40179
40717 41147
40942 41445
41047 41133
40948 41373
40977 41025
41088 41594
41052 41180
41021 41448
41006 41226
41081 41426
41107 41321
40906 40705
40915 40886
40993 40522
41030 41021
40788 40652
40698 40636
40701 40474
40753 40654
40784 40333
40922 41038
40924 41204
40994 41003
41015 41507
40968 40576
40992 41275
41047 41424
40237 40053
39890 39968
40634 40952
40834 41318
41021 40696
41275 41019
41225 41231
41176 40733
41209 40919
41234 40757
41183 41553
41181 41248
41162 41047
41191 40988
