4647182
64987 66558 67185 67612 67794 67055 68446 68158 66266 69592 69239 69856 70431 68270 69745 66867 68343 68429 69188 68633 67805 69307 70640 69322 69194 69271 67138 68190 68816 68692 64650 67629 68091 68167 67637 67006 67658 67328 65454 65387 66495 66655 64998 65041 66169 66714 66155 64804 65114 64096 64936 65212 65315 65189 65161 62507 65407 65089 62549 63484 63162 64512 62377 63796 60171 62039 62918 62521 62559 62001
32413 32574
33222 33336
33555 33630
33801 33811
33813 33981
33517 33538
33943 34503
34118 34040
33325 32941
34909 34683
34583 34656
34910 34946
35330 35101
34087 34183
34775 34970
33512 33355
34191 34152
34313 34116
34587 34601
34157 34476
33651 34154
34376 34931
35272 35368
34740 34582
34652 34542
34382 34889
33625 33513
34212 33978
34355 34461
34070 34622
32202 32448
33796 33833
34015 34076
33945 34222
33682 33955
33428 33578
33783 33875
33506 33822
32612 32842
32540 32847
33340 33155
33477 33178
32432 32566
32772 32269
32944 33225
33537 33177
33068 33087
32469 32335
32574 32540
32228 31868
32358 32578
32608 32604
32590 32725
32444 32745
32321 32840
31254 31253
32809 32598
32461 32628
31177 31372
31566 31918
31777 31385
32200 32312
31228 31149
31960 31836
30155 30016
31039 31000
31485 31433
31378 31143
31401 31158
31263 30738
