5363443
78876 75759 75978 76071 74615 79762 76729 76174 75115 75183 79409 75681 76371 74565 75535 78754 76129 76784 75883 75694 78374 75547 77102 75619 75553 78430 75485 75435 74699 76525 79569 77969 76821 76444 75708 78427 75622 76561 75429 77378 77266 74777 74902 75380 77060 78191 76163 76941 75998 78492 78219 75861 75973 75143 79016 78687 77266 76324 75854 78962 77638 74196 75594 74428 79223 77502 75780 75498 74606 80729
39306 39570
37910 37849
37860 38118
37952 38119
37417 37198
39556 40206
38414 38315
38195 37979
37694 37421
37383 37800
39617 39792
37772 37909
38243 38128
37340 37225
37771 37764
39417 39337
38089 38040
38262 38522
37782 38101
37914 37780
39041 39333
38012 37535
38237 38865
37793 37826
37946 37607
39101 39329
37616 37869
37708 37727
37439 37260
38380 38145
39493 40076
38814 39155
38282 38539
38050 38394
37854 37854
39081 39346
37700 37922
38048 38513
37590 37839
38540 38838
38871 38395
37336 37441
37557 37345
37807 37573
38608 38452
39228 38963
38093 38070
38462 38479
38041 37957
39518 38974
39090 39129
37597 38264
37921 38052
37505 37638
39350 39666
39337 39350
38723 38543
38092 38232
37815 38039
39616 39346
38960 38678
37329 36867
37845 37749
37544 36884
39658 39565
38805 38697
38071 37709
38027 37471
37427 37179
40184 40545
