5366730
78523 75575 75752 76015 75138 79558 76972 76258 74775 75381 79143 75532 76366 74567 74918 78314 76270 75950 75667 75474 78466 76191 76969 75631 75818 78621 75317 75379 74912 76851 79103 78270 76483 75943 75858 78416 75404 76631 75302 77588 77467 74680 74841 75305 77548 78408 75981 77077 76100 79294 78438 75411 75700 75214 78579 78768 77217 76359 75372 79128 77764 74494 75909 75528 80308 78229 77148 76092 74505 80562
39322 39201
38020 37555
37911 37841
38086 37929
37388 37750
39607 39951
38382 38590
38227 38031
37761 37014
37384 37997
39681 39462
37895 37637
38240 38126
37333 37234
37550 37368
39450 38864
38036 38234
38307 37643
37780 37887
37912 37562
39087 39379
37907 38284
38293 38676
37783 37848
37948 37870
39055 39566
37603 37714
37644 37735
37431 37481
38371 38480
39616 39487
38839 39431
38373 38110
38069 37874
37868 37990
39159 39257
37688 37716
38010 38621
37694 37608
38530 39058
38877 38590
37352 37328
37628 37213
37786 37519
38632 38916
39240 39168
38166 37815
38427 38650
38118 37982
39426 39868
39182 39256
37662 37749
38054 37646
37518 37696
39410 39169
39302 39466
38721 38496
38047 38312
37847 37525
39549 39579
38982 38782
37100 37394
38196 37713
38123 37405
40280 40028
39410 38819
38724 38424
38255 37837
37376 37129
40310 40252
