5631985
64677 67421 70264 72521 74096 75886 77202 77589 78214 79209 77947 77720 79411 79916 80396 80578 81232 80591 81495 81269 81578 81945 82235 81577 81735 82416 79656 78861 81285 81592 82263 81903 81942 82065 82486 82112 82453 82058 82845 82378 81522 81535 82136 81744 82392 82614 82513 83216 82416 81727 81591 82310 81857 82094 82108 82062 80519 79453 81237 82017 81669 82070 81916 82067 82355 82116 82379 82152 82223 82951
32480 32197
33776 33645
35261 35003
36296 36225
36919 37177
37840 38046
38466 38736
38886 38703
39297 38917
39514 39695
39076 38871
38936 38784
39706 39705
40106 39810
40372 40024
40498 40080
40553 40679
40597 39994
40780 40715
40720 40549
40678 40900
40823 41122
40849 41386
40776 40801
40817 40918
40972 41444
39791 39865
39570 39291
40467 40818
40776 40816
40943 41320
41063 40840
40990 40952
41003 41062
41077 41409
41081 41031
40976 41477
40999 41059
41022 41823
41051 41327
40920 40602
40922 40613
40953 41183
40990 40754
41247 41145
41286 41328
41316 41197
41337 41879
41325 41091
40935 40792
41055 40536
40994 41316
41139 40718
40960 41134
41020 41088
41141 40921
40217 40302
39874 39579
40641 40596
40971 41046
41145 40524
41302 40768
41255 40661
41208 40859
41225 41130
41208 40908
41267 41112
41220 40932
41149 41074
41285 41666
