4649163
64763 66191 66990 67438 68352 67089 68129 68347 66311 69503 69581 69927 70467 67959 69347 67321 68156 68243 69400 68135 68048 68960 70780 69844 69117 69361 67226 68382 69128 68585 65421 67740 68431 68037 67349 67341 67527 66964 65520 65060 66884 66919 65445 65287 65612 66946 65798 64677 65052 63794 65541 65482 65282 65351 64398 63285 65631 65167 62360 62741 63771 64467 62501 63778 59990 61921 62989 62364 62926 62329
32505 32258
33219 32972
33583 33407
33769 33669
34171 34181
33389 33700
33888 34241
34075 34272
33334 32977
34912 34591
34637 34944
35041 34886
35328 35139
33963 33996
34840 34507
33651 33670
34240 33916
34382 33861
34619 34781
34379 33756
33674 34374
34499 34461
35298 35482
34771 35073
34434 34683
34501 34860
33590 33636
34243 34139
34319 34809
34118 34467
32769 32652
33838 33902
33945 34486
34053 33984
33532 33817
33603 33738
33855 33672
33474 33490
32702 32818
32470 32590
33544 33340
33480 33439
32470 32975
32749 32538
32965 32647
33428 33518
33070 32728
32461 32216
32607 32445
31936 31858
32566 32975
32704 32778
32624 32658
32570 32781
32216 32182
31439 31846
32522 33109
32629 32538
31174 31186
31433 31308
32127 31644
32117 32350
31434 31067
31892 31886
30068 29922
31187 30734
31462 31527
31351 31013
31487 31439
31220 31109
