1
nocache 9296345 70
129750 132749 134175 135050 136146 134144 136575 136505 132577 139095 138820 139783 140898 136229 139092 134188 136499 136672 138588 136768 135853 138267 141420 139166 138311 138632 134364 136572 137944 137277 130071 135369 136522 136204 134986 134347 135185 134292 130974 130447 133379 133574 130443 130328 131781 133660 131953 129481 130166 127890 130477 130694 130597 130540 129559 125792 131038 130256 124909 126225 126933 128979 124878 127574 120161 123960 125907 124885 125485 124330
64918 64832
66441 66308
67138 67037
67570 67480
67984 68162
66906 67238
67831 68744
68193 68312
66659 65918
69821 69274
69220 69600
69951 69832
70658 70240
68050 68179
69615 69477
67163 67025
68431 68068
68695 67977
69206 69382
68536 68232
67325 68528
68875 69392
70570 70850
69511 69655
69086 69225
68883 69749
67215 67149
68455 68117
68674 69270
68188 69089
64971 65100
67634 67735
67960 68562
67998 68206
67214 67772
67031 67316
67638 67547
66980 67312
65314 65660
65010 65437
66884 66495
66957 66617
64902 65541
65521 64807
65909 65872
66965 66695
66138 65815
64930 64551
65181 64985
64164 63726
64924 65553
65312 65382
65214 65383
65014 65526
64537 65022
62693 63099
65331 65707
65090 65166
62351 62558
62999 63226
63904 63029
64317 64662
62662 62216
63852 63722
60223 59938
62226 61734
62947 62960
62729 62156
62888 62597
62483 61847
