1
nocache 10730173 70
157399 151334 151730 152086 149753 159320 153701 152432 149890 150564 158552 151213 152737 149132 150453 157068 152399 152734 151550 151168 156840 151738 154071 151250 151371 157051 150802 150814 149611 153376 158672 156239 153304 152387 151566 156843 151026 153192 150731 154966 154733 149457 149743 150685 154608 156599 152144 154018 152098 157786 156657 151272 151673 150357 157595 157455 154483 152683 151226 158090 155402 148690 151503 149956 159531 155731 152928 151590 149111 161291
78628 78771
75930 75404
75771 75959
76038 76048
74805 74948
79163 80157
76796 76905
76422 76010
75455 74435
74767 75797
79298 79254
75667 75546
76483 76254
74673 74459
75321 75132
78867 78201
76125 76274
76569 76165
75562 75988
75826 75342
78128 78712
75919 75819
76530 77541
75576 75674
75894 75477
78156 78895
75219 75583
75352 75462
74870 74741
76751 76625
79109 79563
77653 78586
76655 76649
76119 76268
75722 75844
78240 78603
75388 75638
76058 77134
75284 75447
77070 77896
77748 76985
74688 74769
75185 74558
75593 75092
77240 77368
78468 78131
76259 75885
76889 77129
76159 75939
78944 78842
78272 78385
75259 76013
75975 75698
75023 75334
78760 78835
78639 78816
77444 77039
76139 76544
75662 75564
79165 78925
77942 77460
74429 74261
76041 75462
75667 74289
79938 79593
78215 77516
76795 76133
76282 75308
74803 74308
80494 80797
