1
nocache 11264610 70
130279 135119 141014 145029 147866 151820 154678 154931 156760 158734 156109 155883 159027 160162 160944 161496 162452 161943 163253 162517 163103 163548 164504 163180 163099 165009 159726 157755 162025 163456 164650 164083 164263 164067 165168 164344 164922 164290 165352 164806 163133 163336 163651 163795 163832 163948 163688 164623 163533 163687 163719 164307 164379 163638 164375 164533 160809 159311 162823 164169 163386 164364 164372 163976 164483 164107 165115 164581 164432 165130
65211 65068
67545 67574
70537 70477
72565 72464
73822 74044
75730 76090
76915 77763
77802 77129
78651 78109
79118 79616
78219 77890
78012 77871
79491 79536
80220 79942
80778 80166
80984 80512
81172 81280
81162 80781
81463 81790
81518 80999
81385 81718
81699 81849
81736 82768
81610 81570
81650 81449
81931 83078
79756 79970
79211 78544
81028 80997
81493 81963
81885 82765
82110 81973
81938 82325
81980 82087
82165 83003
82133 82211
81997 82925
82005 82285
82103 83249
82158 82648
81826 81307
81837 81499
81946 81705
82020 81775
82035 81797
81984 81964
82017 81671
82090 82533
82109 81424
81857 81830
81979 81740
81988 82319
82154 82225
81928 81710
82012 82363
82188 82345
80454 80355
79764 79547
81275 81548
81805 82364
82166 81220
82577 81787
82480 81892
82384 81592
82434 82049
82442 81665
82450 82665
82401 82180
82311 82121
82476 82654
