128
396554 5537453 0.926804 107.904816 123
396554 398452 6099948 1.179840 100.164184 123 0
396554 395822 6168074 1.147590 102.934416 123 1
396554 396325 6468578 0.996851 98.196675 123 2
396554 398394 6116780 1.158853 102.148428 123 3
396552 396913 6168057 1.147140 102.929649 123 4
396553 398349 6100691 1.168110 101.186045 123 5
396554 398579 6116295 1.124358 105.000510 123 6
396554 395873 6644768 1.243341 94.882023 123 7
396554 398601 6102102 1.117304 105.845731 123 8
396554 396534 6173192 1.199588 98.367361 123 9
396554 397070 6584724 1.267693 92.465925 123 10
396554 397604 6117071 1.138524 103.940927 123 11
396554 397016 6173377 1.047509 113.590113 123 12
396554 398909 6102666 1.153538 102.499875 123 13
396554 399442 6118888 1.142883 103.387363 123 14
396554 396145 7474875 1.380214 84.602214 123 15
396554 397274 6099213 1.129483 104.569556 123 16
396554 396227 6167973 0.894316 102.186744 123 17
396554 397390 6694409 1.223324 96.291003 123 18
396553 399205 6116852 1.192237 98.996783 123 19
396554 396478 6164821 1.177582 100.195006 123 20
396554 397946 6099588 1.141891 103.616412 123 21
396553 399332 6116659 1.150570 102.488272 123 22
396554 397136 6445827 1.202286 98.055833 123 23
396552 397918 6101347 1.159574 101.687620 123 24
396554 396168 6174042 1.143278 103.418842 123 25
396554 396944 7891764 1.467219 78.353194 123 26
396553 398475 6118241 1.080477 109.805120 123 27
396553 398312 6173682 1.151898 102.568286 123 28
396554 398476 6101020 1.207985 97.670399 123 29
396554 398305 6116576 1.182940 99.718402 123 30
396554 396662 6549165 1.223653 96.178110 123 31
396554 397811 6100661 1.146118 103.121629 123 32
396554 395405 6167974 1.160064 101.954268 123 33
396554 397040 6735878 1.240550 94.816120 123 34
396554 398470 6116366 1.157317 102.020242 123 35
396554 395360 6164573 1.147619 102.930763 123 36
396554 398317 6099951 1.145714 102.926927 123 37
396554 398013 6114393 1.132330 104.607143 123 38
396554 396570 6442738 1.247894 94.296152 123 39
396554 398814 6102987 1.176495 100.276449 123 40
396554 396091 6173643 1.128849 104.934352 123 41
396554 396581 8685538 1.565048 72.350035 123 42
396554 397968 6117303 1.115206 106.238091 123 43
396554 395366 6170674 1.133042 104.505706 123 44
396554 398546 6101410 0.985620 105.226799 123 45
396554 397681 6116668 1.129858 104.731215 123 46
396554 397279 6542539 1.198203 98.229926 123 47
396554 398970 6100809 1.162896 101.700901 123 48
396554 397052 6168542 1.169055 100.954298 123 49
396554 396076 6472120 1.250752 94.176210 123 50
396554 399361 6117295 1.186098 99.706082 123 51
396554 396737 6166623 1.178345 100.131140 123 52
396554 397602 6099755 1.153157 102.615099 123 53
396554 398886 6116143 1.144306 103.289254 123 54
396554 396800 6615033 1.238720 95.097055 123 55
396554 397547 6101493 1.119106 105.511794 123 56
396554 396305 6174270 1.157578 101.978367 123 57
396554 395246 6591893 1.249033 94.259614 123 58
396554 398810 6118559 1.190452 98.836772 123 59
396554 396178 6171727 1.178469 100.182061 123 60
396554 397598 6100907 1.146152 103.205493 123 61
396554 398650 6117810 1.147163 102.890053 123 62
396554 396097 7234760 1.318138 88.807432 123 63
396554 396735 6169691 1.141624 103.323479 123 64
396554 396612 6099750 1.122064 105.571278 123 65
396554 397791 6115676 1.135348 104.158181 123 66
396554 395222 6856200 1.293890 90.624583 123 67
396554 399545 6101372 1.105734 107.047668 123 68
396554 396102 6165583 1.190663 99.192375 123 69
396554 395999 6428186 1.180897 99.829934 123 70
396554 398053 6115001 1.170037 100.920167 123 71
396554 396626 6174763 0.965515 103.873987 123 72
396554 399093 6102543 1.141222 103.558617 123 73
396554 399461 6118364 1.158840 101.678885 123 74
396554 395317 6267973 1.170296 101.087341 123 75
396554 397975 6101011 1.150867 102.919263 123 76
396554 396756 6171175 1.135162 104.252016 123 77
396554 396711 6518270 1.214609 96.675504 123 78
396554 398341 6117529 1.169922 100.981521 123 79
396554 397610 6169639 1.149510 102.869452 123 80
396554 397671 6099929 1.158556 102.167202 123 81
396554 399300 6117515 1.148814 102.848972 123 82
396554 396057 6489501 1.205493 97.677015 123 83
396554 397417 6099725 1.124371 104.937309 123 84
396554 396895 6167458 1.165569 101.290843 123 85
396554 396435 6563937 1.261071 93.040854 123 86
396553 398517 6115764 1.129290 104.703418 123 87
396554 396922 6174970 1.145352 103.112193 123 88
396554 398849 6101754 1.180018 99.796148 123 89
396554 399492 6119212 1.138020 103.706356 123 90
396554 396987 6633577 1.279487 91.829816 123 91
396554 397859 6101013 1.165155 101.235894 123 92
396554 395807 6171295 1.150052 102.746080 123 93
396554 396057 6955603 1.289131 91.019818 123 94
396554 399676 6120040 1.144538 103.387756 123 95
396554 396139 6167492 1.150452 102.494198 123 96
396554 397266 6099723 1.131561 104.631987 123 97
396554 399269 6116976 1.158557 102.028663 123 98
396554 396129 6485023 1.227801 95.929748 123 99
396554 397439 6099372 1.142558 103.496802 123 100
396554 397158 6166533 1.167098 101.337120 123 101
396554 396250 6586646 1.209850 97.401123 123 102
396553 397840 6115104 1.137454 103.691752 123 103
396554 395615 6173397 1.156925 101.763411 123 104
396554 396845 6100903 1.116467 105.737081 123 105
396554 398449 6118284 1.137889 103.468267 123 106
396554 397661 6621424 1.238552 94.999578 123 107
396554 397996 6101282 1.124850 104.988321 123 108
396554 397003 6171960 1.203768 97.953432 123 109
396554 396131 7069559 1.350998 86.349330 123 110
396554 397554 6117394 1.162577 101.529660 123 111
396554 398209 6171323 1.109365 106.849679 123 112
396554 397913 6100339 1.094253 108.370015 123 113
396554 397719 6115993 1.165817 100.901939 123 114
396554 396430 6794380 1.230521 95.853509 123 115
396554 399080 6100993 1.147379 103.109813 123 116
396554 396128 6165111 1.166824 101.187867 123 117
396554 395922 6431609 1.201028 98.296075 123 118
396554 398615 6116361 1.208740 97.494648 123 119
396554 397416 6176023 1.172121 100.836208 123 120
396554 397465 6100673 0.918407 101.168775 123 121
396554 398702 6118379 1.163279 101.573074 123 122
396554 398658 6101801 1.135807 104.034955 123 124
396554 395790 6170421 1.135609 104.098331 123 125
396554 395672 6521761 1.210400 97.264525 123 126
396553 397964 6116520 1.161689 101.196144 123 127
