workload_name: synthetic
workload_mode: 0
dynamic_periodnum: 2
dynamic_periodinterval: 10
dynamic_ruleprefix: dynamicrules/synthetic-hotin.out
val_t::MAX_VALLEN: 128
val_t::MAX_VALLEN: 128
ParserIterator::load_batch_size: 10000
client_num: 32
client_port_start: 1111
client_ip: 10.0.1.11
client_macaddr: 3c:fd:fe:bb:ca:79
load_factor: 5
server_num: 1
server_port_start: 2222
server_ip: 10.0.1.13
server_macaddr: 3c:fd:fe:bb:c9:c8
server_evictserver_port_start: 5000
server_snapshotserver_port_start: 3333
server_snapshotdataserver_port_start: 4444
controller ip for server: 127.0.0.1
controller ip for switchos: 172.16.112.13
controller_popserver_port_start: 5555
controller_evictserver_port: 5002
controller_snapshot_period: 10000
partition_count: 32768
switch_kv_bucket_num: 10000
val_t::SWITCH_MAX_VALLEN: 128
switchos_popserver_port: 5003
switchos ip: 172.16.112.17
switchos_sample_cnt: 10
switchos_snapshotserver_port: 5004
switchos_specialcaseserver_port: 5005
switchos_popserver_port: 5003
switchos_snapshotserver_port: 5004
reflector ip for switchos: 172.16.112.13
reflector_port: 5008
reflector_popserver_port: 5009
raw_load_workload_filename for loading phase: synthetic-load.out
server_load_workload_dir for loading phase: synthetic-load-1
raw_warmup_workload_filename for warmup phase: synthetic-warmup.out
raw_run_workload_filename for transaction phase: synthetic-run.out
client_workload_dir for transaction phase: synthetic-run-32
perserver_keyrange: 65536
[client] Lanuch client 0
[client] Lanuch client 1
[client] Lanuch client 2
[client] Lanuch client 3
[client] Lanuch client 4
[client] Lanuch client 5
[client] Lanuch client 6
[client] Lanuch client 7
[client] Lanuch client 8
[client] Lanuch client 9
[client] Lanuch client 10
[client] Lanuch client 11
[client] Lanuch client 12
[client] Lanuch client 13
[client] Lanuch client 14
[client] Lanuch client 15
[client] Lanuch client 16
[client] Lanuch client 17
[client 0] Ready.
[client] Lanuch client 18
[client 1] Ready.
[client 2] Ready.
[client 4] Ready.
[client] Lanuch client 19
[client 3] Ready.
[client 5] Ready.
[client] Lanuch client 20
[client 6] Ready.
[client] Lanuch client 21
[client] Lanuch client 22
[client] Lanuch client 23
[client 8] Ready.
[client] Lanuch client 24
[client 7] Ready.
[client] Lanuch client 25
[client 10] Ready.
[client] Lanuch client [client 9] Ready.
26
[client] Lanuch client 27
[client] Lanuch client 28
[client] Lanuch client 29
[client 11] Ready.
[client] Lanuch client 30
[client] Lanuch client 31
[client] prepare clients ...
[client 13] Ready.
[client 12] Ready.
[client 14] Ready.
[client 21] Ready.
[client 16] Ready.
[client 17] Ready.
[client 18] Ready.
[client 26] Ready.
[client 20] Ready.
[client 15] Ready.
[client 22] Ready.
[client 23] Ready.
[client 24] Ready.
[client 25] Ready.
[client 19] Ready.
[client 27] Ready.
[client 28] Ready.
[client 29] Ready.
[client 30] Ready.
[client 31] Ready.
[client] all clients finish!
[client] processing statistics
[Latency Statistics of req_latency_list ]
| min | max | avg | 90th | 99th | median | sum |
| 2.644 | 3099.53 | 3.83024 | 4.155 | 9.4 | 3.537 | 3.83024e+07 |
[Latency Statistics of rsp_latency_list ]
| min | max | avg | 90th | 99th | median | sum |
| 0.038 | 22.073 | 0.0861412 | 0.146 | 0.181 | 0.057 | 861412 |
[Latency Statistics of wait_latency_list ]
| min | max | avg | 90th | 99th | median | sum |
| 1.473 | 22698.7 | 738.047 | 2026 | 2426.49 | 11.754 | 7.38047e+09 |
[Latency Statistics of total_latency_list ]
| min | max | avg | 90th | 99th | median | sum |
| 4.904 | 22702.7 | 741.964 | 2029.92 | 2430.38 | 15.947 | 7.41964e+09 |
thpt interval: 5 s
interval[0]: throughput = 0.053954 MOPS
interval[1]: throughput = 0.040643 MOPS
interval[2]: throughput = 0.045129 MOPS
interval[3]: throughput = 0.043809 MOPS
interval[4]: throughput = 0.040042 MOPS
interval[5]: throughput = 0.042801 MOPS
interval[6]: throughput = 0.042183 MOPS
interval[7]: throughput = 0.045808 MOPS
interval[8]: throughput = 0.039646 MOPS
interval[9]: throughput = 0.047165 MOPS
interval[10]: throughput = 0.037903 MOPS
interval[11]: throughput = 0.045624 MOPS
interval[12]: throughput = 0.033580 MOPS
interval[13]: throughput = 0.047020 MOPS
interval[14]: throughput = 0.037233 MOPS
interval[15]: throughput = 0.047722 MOPS
interval[16]: throughput = 0.035925 MOPS
interval[17]: throughput = 0.048616 MOPS
interval[18]: throughput = 0.034918 MOPS
interval[19]: throughput = 0.049096 MOPS
interval[20]: throughput = 0.036414 MOPS
interval[21]: throughput = 0.046231 MOPS
interval[22]: throughput = 0.035294 MOPS
interval[23]: throughput = 0.045552 MOPS
interval[24]: throughput = 0.031050 MOPS
interval[25]: throughput = 0.047128 MOPS
interval[26]: throughput = 0.033594 MOPS
interval[27]: throughput = 0.046069 MOPS
interval[28]: throughput = 0.032760 MOPS
interval[29]: throughput = 0.046978 MOPS
interval[30]: throughput = 0.032826 MOPS
interval[31]: throughput = 0.046201 MOPS
interval[32]: throughput = 0.033456 MOPS
interval[33]: throughput = 0.046403 MOPS
interval[34]: throughput = 0.032827 MOPS
interval[35]: throughput = 0.044847 MOPS
interval[36]: throughput = 0.034154 MOPS
interval[37]: throughput = 0.044614 MOPS
interval[38]: throughput = 0.034690 MOPS
interval[39]: throughput = 0.043567 MOPS
interval[40]: throughput = 0.035301 MOPS
interval[41]: throughput = 0.042909 MOPS
interval[42]: throughput = 0.035924 MOPS
interval[43]: throughput = 0.042048 MOPS
interval[44]: throughput = 0.036885 MOPS
interval[45]: throughput = 0.040790 MOPS
client-side total pktcnt: 10000000, total time: 232.490641 s, total thpt: 0.041020 MOPS
cache hit pktcnt: 5658247
per-server pktcnt: 4341753
Finish dumping statistics!
