workload_name: synthetic
workload_mode: 0
dynamic_periodnum: 2
dynamic_periodinterval: 10
dynamic_ruleprefix: dynamicrules/synthetic-hotin.out
val_t::MAX_VALLEN: 128
val_t::MAX_VALLEN: 128
ParserIterator::load_batch_size: 10000
client_num: 32
client_port_start: 1111
client_ip: 10.0.1.11
client_macaddr: 3c:fd:fe:bb:ca:79
load_factor: 5
server_num: 1
server_port_start: 2222
server_ip: 10.0.1.13
server_macaddr: 3c:fd:fe:bb:c9:c8
server_evictserver_port_start: 5000
server_snapshotserver_port_start: 3333
server_snapshotdataserver_port_start: 4444
controller ip for server: 127.0.0.1
controller ip for switchos: 172.16.112.13
controller_popserver_port_start: 5555
controller_evictserver_port: 5002
controller_snapshot_period: 10000
partition_count: 32768
switch_kv_bucket_num: 10000
val_t::SWITCH_MAX_VALLEN: 128
switchos_popserver_port: 5003
switchos ip: 172.16.112.17
switchos_sample_cnt: 10
switchos_snapshotserver_port: 5004
switchos_specialcaseserver_port: 5005
switchos_popserver_port: 5003
switchos_snapshotserver_port: 5004
reflector ip for switchos: 172.16.112.13
reflector_port: 5008
reflector_popserver_port: 5009
raw_load_workload_filename for loading phase: synthetic-load.out
server_load_workload_dir for loading phase: synthetic-load-1
raw_warmup_workload_filename for warmup phase: synthetic-warmup.out
raw_run_workload_filename for transaction phase: synthetic-run.out
client_workload_dir for transaction phase: synthetic-run-32
perserver_keyrange: 65536
[client] Lanuch client 0
[client] Lanuch client 1
[client] Lanuch client 2
[client] Lanuch client 3
[client] Lanuch client 4
[client] Lanuch client 5
[client] Lanuch client 6
[client] Lanuch client 7
[client] Lanuch client 8
[client] Lanuch client 9
[client] Lanuch client 10
[client] Lanuch client 11
[client] Lanuch client 12
[client] Lanuch client 13
[client] Lanuch client 14
[client] Lanuch client 15
[client] Lanuch client 16
[client] Lanuch client 17
[client] Lanuch client 18
[client] Lanuch client 19
[client 2] Ready.
[client] Lanuch client 20
[client 0] Ready.
[client] Lanuch client 21
[client] Lanuch client 22
[client 1] Ready.
[client 5] Ready.
[client] Lanuch client [client 234] Ready.

[client 6] Ready.
[client] Lanuch client 24
[client 3] Ready.
[client] Lanuch client 25
[client 7] Ready.
[client] Lanuch client 26
[client] Lanuch client 27
[client 9] Ready.
[client] Lanuch client 28
[client 8] Ready.
[client] Lanuch client 29
[client] Lanuch client 30
[client] Lanuch client 31
[client] prepare clients ...
[client 10] Ready.
[client 11] Ready.
[client 12] Ready.
[client 13] Ready.
[client 15] Ready.
[client 24] Ready.
[client 16] Ready.
[client 17] Ready.
[client 18] Ready.
[client 19] Ready.
[client 20] Ready.
[client 21] Ready.
[client 22] Ready.
[client 23] Ready.
[client 25] Ready.
[client 26] Ready.
[client 28] Ready.
[client 27] Ready.
[client 30] Ready.
[client 14] Ready.
[client 29] Ready.
[client 31] Ready.
[client] all clients finish!
[client] processing statistics
[Latency Statistics of req_latency_list ]
| min | max | avg | 90th | 99th | median | sum |
| 2.918 | 3914.54 | 3.93695 | 4.073 | 9.046 | 3.738 | 3.93695e+07 |
[Latency Statistics of rsp_latency_list ]
| min | max | avg | 90th | 99th | median | sum |
| 0.038 | 16.243 | 0.0790553 | 0.145 | 0.172 | 0.057 | 790553 |
[Latency Statistics of wait_latency_list ]
| min | max | avg | 90th | 99th | median | sum |
| 2.495 | 27804.9 | 1154.41 | 1447.5 | 1705.53 | 1129.35 | 1.15441e+10 |
[Latency Statistics of total_latency_list ]
| min | max | avg | 90th | 99th | median | sum |
| 37.945 | 27808.9 | 1158.42 | 1451.51 | 1709.53 | 1133.36 | 1.15842e+10 |
thpt interval: 5 s
interval[0]: throughput = 0.031710 MOPS
interval[1]: throughput = 0.029278 MOPS
interval[2]: throughput = 0.028473 MOPS
interval[3]: throughput = 0.027196 MOPS
interval[4]: throughput = 0.026132 MOPS
interval[5]: throughput = 0.029440 MOPS
interval[6]: throughput = 0.028626 MOPS
interval[7]: throughput = 0.027639 MOPS
interval[8]: throughput = 0.026340 MOPS
interval[9]: throughput = 0.026915 MOPS
interval[10]: throughput = 0.028642 MOPS
interval[11]: throughput = 0.027919 MOPS
interval[12]: throughput = 0.026941 MOPS
interval[13]: throughput = 0.025469 MOPS
interval[14]: throughput = 0.028254 MOPS
interval[15]: throughput = 0.027891 MOPS
interval[16]: throughput = 0.026860 MOPS
interval[17]: throughput = 0.025746 MOPS
interval[18]: throughput = 0.026995 MOPS
interval[19]: throughput = 0.028002 MOPS
interval[20]: throughput = 0.027174 MOPS
interval[21]: throughput = 0.025569 MOPS
interval[22]: throughput = 0.026013 MOPS
interval[23]: throughput = 0.027890 MOPS
interval[24]: throughput = 0.026969 MOPS
interval[25]: throughput = 0.025952 MOPS
interval[26]: throughput = 0.025492 MOPS
interval[27]: throughput = 0.027901 MOPS
interval[28]: throughput = 0.026821 MOPS
interval[29]: throughput = 0.025677 MOPS
interval[30]: throughput = 0.025035 MOPS
interval[31]: throughput = 0.027440 MOPS
interval[32]: throughput = 0.026541 MOPS
interval[33]: throughput = 0.025735 MOPS
interval[34]: throughput = 0.024622 MOPS
interval[35]: throughput = 0.027167 MOPS
interval[36]: throughput = 0.026224 MOPS
interval[37]: throughput = 0.025005 MOPS
interval[38]: throughput = 0.025274 MOPS
interval[39]: throughput = 0.027161 MOPS
interval[40]: throughput = 0.025893 MOPS
interval[41]: throughput = 0.024557 MOPS
interval[42]: throughput = 0.025849 MOPS
interval[43]: throughput = 0.026742 MOPS
interval[44]: throughput = 0.025938 MOPS
interval[45]: throughput = 0.023963 MOPS
interval[46]: throughput = 0.026748 MOPS
interval[47]: throughput = 0.026787 MOPS
interval[48]: throughput = 0.025268 MOPS
interval[49]: throughput = 0.023973 MOPS
interval[50]: throughput = 0.027203 MOPS
interval[51]: throughput = 0.026222 MOPS
interval[52]: throughput = 0.024784 MOPS
interval[53]: throughput = 0.024770 MOPS
interval[54]: throughput = 0.026763 MOPS
interval[55]: throughput = 0.025731 MOPS
interval[56]: throughput = 0.024283 MOPS
interval[57]: throughput = 0.025880 MOPS
interval[58]: throughput = 0.026399 MOPS
interval[59]: throughput = 0.025085 MOPS
interval[60]: throughput = 0.023480 MOPS
interval[61]: throughput = 0.026809 MOPS
interval[62]: throughput = 0.025422 MOPS
interval[63]: throughput = 0.024024 MOPS
interval[64]: throughput = 0.025387 MOPS
interval[65]: throughput = 0.026475 MOPS
interval[66]: throughput = 0.025124 MOPS
interval[67]: throughput = 0.023233 MOPS
interval[68]: throughput = 0.026899 MOPS
interval[69]: throughput = 0.025586 MOPS
interval[70]: throughput = 0.024000 MOPS
interval[71]: throughput = 0.024927 MOPS
client-side total pktcnt: 10000000, total time: 362.365150 s, total thpt: 0.026318 MOPS
cache hit pktcnt: 0
per-server pktcnt: 10000000
Finish dumping statistics!
