1
FarReach 224099456 70
3751229 3614257 3526552 3425352 3322112 3296950 3329032 3746081 3567340 3386766 2772494 3012052 2997490 3157901 3623240 3393529 3356398 3269104 3233515 3146418 2738377 3368002 3178402 3185661 3135760 3172026 3119032 3193876 3602058 3435413 2775031 2905167 2947151 2995296 3142712 3547074 3387653 3307893 3243849 3144864 2566787 2931110 3437503 3281525 3184992 3103903 3086965 3073358 3258967 3623767 2845712 2946300 2975545 2963263 2956316 3063982 3569709 3334904 3239656 3179299 2653975 2805510 3055741 3495844 3328831 3254275 3151042 3036847 2993288 3239496
119172 119111 119478 119408 118724 119252 118981 119145 119043 119613 119139 119248 119586 119152 118830 119345
114823 115170 114993 114961 114888 114945 114637 114548 114287 114840 115490 115228 115578 114560 114965 114823
112378 112277 112320 112107 112133 112126 111826 112417 111533 112081 111419 111820 111363 112416 111885 112390
108718 108689 109313 108720 109176 109088 108860 109265 108302 109229 108976 108978 108730 108521 109012 108865
105191 105447 105425 106351 105061 105578 105953 105907 105388 105723 105542 105777 105533 105714 105257 105999
104401 105112 105082 104695 104689 104207 104820 104554 104496 105065 104655 104480 105136 104227 105311 105404
105664 106079 106347 105184 105546 105792 106291 105379 105631 106094 106272 106290 106048 105844 105786 106127
119578 119749 119233 119593 119407 118840 119041 118809 119052 119317 119192 118973 118643 119064 118977 118893
113428 113317 113477 113350 113344 113243 113154 113495 113844 113613 113120 113610 113139 113619 113141 113518
107818 107723 108003 107881 108012 108241 108141 107755 108188 108116 108010 107670 108136 107980 107762 107743
106258 105331 105430 105708 104992 106656 105413 105364 105649 105613 105169 105678 104500 105514 105286 105892
104946 106459 106650 106647 105678 105774 106605 106163 106284 108027 106316 106903 106381 106520 106421 105589
102935 103468 102773 103824 102424 102643 102885 102972 102680 103313 104129 102443 102945 103242 103341 102787
106685 106535 106662 106189 107042 106579 107069 106607 107379 106422 107755 107010 106314 106078 106923 106906
120535 119215 119988 119485 120160 119897 122227 119856 119786 121181 120931 119978 120714 120149 120656 119493
111524 111283 112261 112643 111317 111269 112531 112165 110988 112113 112687 111457 112207 111450 110954 111212
109112 109394 109389 109670 109336 109669 109470 109164 109126 108719 108884 109471 109615 108956 109518 109326
105071 106278 105807 106324 106101 106069 106175 106337 106066 106336 105592 105553 105889 106071 106066 106245
104206 105019 105231 105474 104360 104797 104423 105332 105021 105333 105075 104318 105913 105433 104966 104711
101938 101709 102681 102513 102230 101856 102098 102604 101942 102307 102753 102125 102076 102527 101611 102377
106879 106014 105462 105944 104519 104771 106279 105463 105704 105757 105825 106055 105515 105643 105423 105093
119830 120880 121009 121899 120218 119178 119925 120911 120028 120257 121188 121631 120441 119817 119902 119494
111087 110451 110665 111536 110858 110392 110981 111046 110030 110313 110627 111412 110253 110236 110020 110296
109102 108915 108580 109588 109065 108310 109165 108469 109380 108673 108981 109224 108600 108615 108679 108358
105230 105657 105564 104906 104951 104874 105477 105354 105153 104703 105596 105000 104358 104623 105074 105415
104575 105304 105312 105269 104071 104270 105533 105526 104511 104034 104539 105427 105246 103527 105525 104344
102741 102390 102471 102050 102406 102442 102265 102197 102995 102169 102700 101959 102338 102238 102949 101944
105498 104960 105127 104739 104743 105278 105030 105258 104293 104483 104722 105549 105317 104624 105226 104543
118447 118546 118132 118427 118037 118304 118015 118259 117233 117583 118466 118220 118328 117870 118731 117891
113043 112613 112804 112790 112489 112272 112879 113563 111979 112799 113001 112514 112035 111844 112919 112458
107373 108058 109135 108669 108687 108081 106841 108699 108757 107561 107885 108144 107661 108452 108700 107817
104550 105001 104489 105529 105236 105487 104763 105069 105281 104936 105798 104560 104732 104463 104559 104804
103210 102428 103461 103911 102942 103834 103228 103709 103469 103193 103769 103744 102865 102031 103747 102954
102630 102490 103762 103330 102842 103042 103760 104018 103261 102643 104513 102923 103046 102626 103266 103334
107022 106851 106747 106612 107272 106467 108548 107702 105804 106656 108095 107910 106343 106509 107195 105852
119328 119023 118421 119063 119350 119727 120717 120109 119016 119292 120653 119790 119157 118342 121023 119206
112923 113082 113261 112863 112486 112923 112606 113296 112806 113130 113241 112438 112537 112925 113044 113557
108187 109372 109538 109163 109143 109558 109752 109595 108572 109432 109405 109069 109082 109053 109092 108724
106593 106978 107329 106847 107243 106338 108069 107820 107000 107636 107602 107335 106890 106451 106782 106510
103111 104039 103620 103215 103061 104006 104511 104517 103804 103358 104302 103534 102888 103576 103980 103150
100781 99846 101015 99266 100366 100760 101136 100743 100648 100761 100786 100501 100943 100274 100927 99490
107035 106090 106509 106777 106900 106259 107181 106962 106558 106704 107406 106418 107289 106462 106814 106941
120041 122130 122359 122550 120937 121217 122573 121896 120476 121452 122975 121166 121900 120957 121204 121548
113429 113530 113470 114328 113324 113803 113942 114001 113663 113959 114515 112503 114355 114067 113257 113727
108751 108790 108422 109344 108734 110059 109670 109179 109026 109869 109939 108148 108655 109326 109553 107846
105209 105572 105300 105653 105469 105263 104556 105789 104957 105905 105799 105750 105427 104624 106059 104972
103001 104513 103148 104152 103765 102919 104121 105124 103889 103418 103716 103590 103975 103581 104181 104299
101321 101882 102626 103217 101895 102438 102504 103652 103124 102373 103087 101423 103206 102913 102810 102154
108045 107930 108915 108749 108663 107694 108886 108780 107965 108629 108805 107711 108625 108778 109060 107856
119294 120327 121600 120641 120815 119505 120039 120788 120616 120145 121916 120403 121113 120769 120718 119796
110800 110627 113339 111573 110326 111332 112209 111958 112377 111326 112609 111243 111038 110928 111484 111329
106807 106735 107066 107019 106663 106606 106907 107252 107055 106522 107334 106508 107962 106692 106286 105925
104998 105046 104898 104775 103862 103836 104930 105155 104046 104876 104764 104458 105080 105078 104502 104442
102357 102581 102864 102578 102023 101926 102661 102479 103413 102983 102363 102517 102836 102343 101782 102710
100368 101632 101468 100696 100398 100157 100925 100028 100827 100985 100751 100927 101086 100780 100430 101196
104624 104063 103600 103766 102880 104075 103906 104061 102926 104371 104219 103794 104796 104381 103318 103694
120578 119623 120299 120137 119608 120003 120206 120141 119619 120573 120263 120314 120308 119988 119740 119984
110949 111563 111877 111305 110774 112265 111648 111388 112101 111479 112011 111947 111313 111984 111195 111227
108093 107650 108003 107953 107454 109117 108220 108320 108322 108211 108144 107373 108132 107699 108425 108843
105283 106237 106621 105422 106012 105863 105917 106379 106043 106034 106096 106361 106168 106486 106156 106296
104479 103691 104318 103831 103871 103682 103613 104592 104043 103790 104753 103949 103719 103228 104058 103451
101773 101306 101229 100499 100905 101331 100309 101707 100295 101388 101569 100884 101200 100712 101124 101164
107962 106692 106596 107340 107669 106757 107827 106890 106307 106875 107368 106124 106631 106166 107635 106836
120390 120333 119731 119170 120680 120702 120723 121400 119737 120295 120943 120614 120098 120265 119716 119466
112824 112115 113010 112614 112979 113068 112654 112962 113907 113112 113432 112859 112446 113235 112022 112822
108752 108641 108532 109042 109202 109592 108886 109523 108664 108878 109912 108626 108338 109182 108249 108452
105158 105148 105651 105508 105629 105108 105578 105734 105249 105225 105164 105462 105599 105877 104834 105576
102109 102074 101359 101835 101874 100708 102093 101970 101448 101215 102016 100808 101335 101918 100816 101429
100415 100398 100139 100463 99702 100735 100205 100170 100003 99536 100678 100040 100044 99639 100552 99239
108714 108166 108939 108200 108723 108319 108876 108675 107947 108704 108234 108066 108728 107982 107918 107770
