150502754
2546232 2435349 2364880 2329035 2304627 2277631 2228989 2237707 2180861 2190839 2361971 2483189 2381218 2351460 2296902 2268239 2254333 2222671 2221793 2207179 1805594 1576636 747768 2130718 2268733 2291079 2223159 2223682 2175903 2216351 1985492 2123466 2461757 2406395 2313513 2273535 2236791 2229848 2200666 2172281 2005163 2123931 1873538 1702028 2202643 2322257 1753901 2267882 2217809 2193542 2016780 2156367 2164885 2306299 2421292 2328663 2285795 2252303 2254937 2215907 1987550 2108099 2115704 1975378 1711857 1187648 2267621 1457810 2154451 2256710
80828 80809 81010 80895 80782 81308 81009 80927 80384 81017 81095 80945 81241 80610 80852 81037
77061 77293 77784 77410 77316 76993 77152 77333 77379 77380 77488 77466 77296 77373 77312 77188
75295 75133 75144 74890 75252 75526 74940 74903 74558 75646 75493 74694 74673 75109 74771 75700
73950 73805 73995 74034 73939 74003 74040 74266 73919 74186 74087 74254 74182 74001 73944 74310
73207 73380 73599 73649 73281 72817 73234 73249 73151 73500 73191 73355 73015 73176 73292 73328
72142 72241 72268 72594 72382 72793 72242 72224 72029 72489 72326 72557 73184 72169 72231 72842
70606 70947 71376 70872 70898 70679 71082 70951 70592 71511 70736 70814 70818 71017 71061 70517
71142 71538 71635 70988 71128 70932 71204 71342 71152 70993 70960 71467 70890 70865 71366 71244
69207 69564 69477 69413 68650 69499 69517 69009 69523 69592 69280 69739 69814 69046 69167 69063
70053 70033 69806 69932 70239 69830 70025 69711 70332 70078 69393 69744 70129 69870 69986 70112
80055 78874 79025 79008 79132 78817 79031 79048 79232 79552 79216 79287 78996 78807 78744 78896
79360 79740 80067 79055 79365 79144 79838 80026 79300 79694 79705 79519 79162 79903 79613 79654
77003 76626 76410 77024 76617 75829 76503 76860 76362 76314 76324 76589 76450 76584 76722 76290
75251 75160 75691 75872 75874 75444 75844 75380 74907 75519 75277 75535 75624 75632 75475 75594
73922 73738 74392 73777 73701 73213 74465 73560 73441 73863 73709 73838 73444 73732 74063 73425
73120 73233 72638 73203 73185 72421 73456 72874 72605 73166 72161 73024 72627 72371 73073 73252
72673 72851 72899 72349 72253 72370 72648 72267 72043 72376 72223 72525 72074 72249 72219 72304
71181 71333 71848 71091 71408 71313 71063 71396 71172 71674 71562 71200 70922 71336 71216 71085
71368 71160 70922 71708 71765 70957 71549 71219 71087 71269 71104 71761 70971 71166 71873 71125
71117 71229 70907 70669 70976 70855 70794 71067 71696 71435 70718 71377 71037 71029 71444 70922
63352 62710 61898 62615 61451 62019 62769 62653 61894 62931 61869 62754 60957 61787 61555 62182
51062 50995 50833 51102 51066 50643 50123 51330 51051 50677 50909 51315 52126 50792 50473 51349
24063 24152 24327 24179 24460 23818 25031 23928 23872 24187 23934 24285 23833 24312 24190 24211
68910 69105 68786 69671 68923 68994 69487 68679 67899 68920 68506 68541 68713 68925 68280 69183
73470 73862 73332 73481 74031 72808 74025 73209 73359 73167 72694 74017 73131 72745 72926 73721
72790 74255 74287 74225 73475 73462 74382 73550 74189 74395 74130 74240 74175 74793 73877 74478
72232 71652 72213 72111 72210 71439 71852 71883 71585 71820 71243 71622 72336 71778 71750 71803
71862 71923 71863 72179 72032 71494 72007 72162 72202 71602 71691 71798 71665 71821 71285 71628
71018 69935 70494 70650 70284 70154 70047 70224 70005 70115 69664 70817 70406 70336 70022 70395
70882 71475 71981 72064 71678 71656 72337 71509 71497 71160 71275 71677 71636 71609 71696 71536
69882 69471 69360 68893 70243 69264 70249 69569 68848 69387 69271 69696 69097 68946 68908 69988
69284 68744 69025 69592 69093 69347 69249 69714 68996 68549 68396 69533 69338 68323 68953 68967
80609 79891 79987 80282 80361 79519 80619 80304 79953 79835 78773 80182 80134 79435 79585 80187
77841 78209 78537 78949 78009 77446 78021 78223 77983 78845 77299 78816 77834 77682 77617 78647
75478 74417 75137 75417 75212 74962 75395 74934 74325 75285 74213 75816 75649 75018 75000 75563
74374 73824 74402 74168 73808 73709 74139 73807 73821 73722 73553 74248 73513 73106 73671 73777
73200 72646 73158 73213 72495 72126 73227 72307 71896 72480 71853 73031 72872 72867 72083 73032
72912 72228 72853 72394 71902 72189 72519 72493 71258 71749 71440 73246 72336 72673 72536 72243
71967 71583 71750 71508 71727 71723 71466 71516 71344 71184 70768 71818 71404 71906 70986 71579
71594 70243 70232 70765 70672 70338 70613 70933 69965 70281 70436 70807 70682 70265 70603 70863
70617 69907 70584 70130 71301 70228 71016 69906 70246 70848 69475 70588 71273 69760 70113 70310
70073 69097 69359 69250 69800 68706 69387 69492 68887 69000 68988 69701 69063 68795 69509 69508
62084 60867 61085 60899 61301 60588 61568 60943 60374 60909 60664 61742 61106 61221 61348 61146
55586 55070 55525 56005 55504 55124 55620 55484 56235 55293 54881 55704 55100 54958 55693 55894
71501 72222 71591 71909 71565 71558 72423 72511 71563 71605 71985 72219 71636 71614 71670 71742
75763 75515 75795 75824 76069 75754 76102 76028 75472 75656 75329 76315 75408 75299 75512 76071
57979 57118 57272 56933 57623 57138 57685 57320 56846 57080 56256 57466 57487 56490 57344 57668
73826 73615 74407 73931 74046 73284 74124 73915 73242 73779 73816 73697 73908 73419 74064 73933
72935 72150 72282 72256 72524 72227 72443 72409 72064 72433 71829 72255 71688 72223 72318 72681
71635 71340 71329 71544 72070 71511 71318 72083 71065 71677 71257 71932 71274 71392 71318 71769
71166 70640 70668 71677 70830 70315 70960 71282 70144 70458 70558 71324 69847 69907 70042 71150
70984 70560 70737 71154 70896 70182 70750 70683 70262 70952 70151 71215 70735 69978 70339 71140
70716 70448 70890 70997 70932 70886 70957 71038 69977 71168 70501 71219 71014 70908 71009 71114
75942 75471 76242 75239 75627 75266 76049 76042 75187 75200 74570 76034 75443 74658 75654 75566
79350 79106 79747 79373 79100 78977 79580 79366 79057 79388 78490 79589 79070 79331 79159 79466
76811 76091 76650 75661 76280 75911 76737 76469 76828 76564 75872 76999 75806 76205 75921 76454
75582 74440 74685 74893 74959 74677 74840 75225 75287 74734 74113 75151 74563 74502 74203 75076
73878 73638 73772 73596 73659 73363 73836 74279 73814 73786 73273 73661 73190 73592 73783 74116
73883 73610 73925 74031 73971 73039 74079 73965 73740 73496 73463 73577 73531 73925 73768 73969
72292 72408 72713 72924 72742 72075 72927 73131 71678 72047 72053 72850 72197 72375 72406 72315
70568 69471 70765 70581 70181 70124 70830 70475 70186 69854 69521 70413 70775 69631 70596 69770
69979 69317 69533 69581 69908 68993 69943 69410 69184 69403 68813 69125 68515 69295 70038 70229
69641 69762 69869 69892 69357 69074 70013 69390 68997 69333 68980 69837 68921 69053 68977 70091
65861 65059 65123 64847 65040 64926 64723 65251 64109 65348 64294 64800 64375 64605 64656 64853
56154 56382 55925 56226 56055 56363 56149 56715 56784 56236 55828 56013 56063 56462 56354 55826
38321 39118 39824 38680 39125 38600 39114 39170 39057 39462 38685 38984 38377 38656 39047 38764
74502 74524 73987 74570 74459 73988 74724 74862 74726 74923 74245 74914 73814 74303 74786 75129
48517 47935 47866 48301 47780 47745 47803 47993 48440 48123 47442 47690 47543 47883 47783 47865
71214 70598 70389 71217 70019 70659 70824 71210 70677 71259 70646 71345 70551 70148 70480 71324
74316 74565 74522 74065 74235 73717 74478 74342 73989 74044 73924 74551 73641 73725 73288 74433
