1
FarReach 87613289 70
1392395 1306312 1255772 1248197 1318260 1356728 1303495 1277905 1271541 1393035 1119431 1229332 1226668 1273915 1312543 1263137 1226467 1223345 1351485 1299857 1089437 1195032 1251412 1305665 1269901 1224553 1222095 1327349 1297641 1262984 1076889 1243353 1302110 1261788 1239716 1222988 1342495 1282551 1249271 1229469 1106255 1251233 1152138 1224620 1208675 1324704 1284013 1248406 1241917 1273475 1166755 1216283 1223513 1225545 1316106 1292934 1260694 1236874 1265868 1267102 1097797 1195249 1204925 1289300 1266042 1233349 1206848 1231875 1308789 1243772
87947 88612 88534 88716 88219 88881 88539 88553
82540 83441 83305 83069 82905 82984 83009 83017
79971 79957 79337 79448 79790 79815 80050 79244
79474 79300 79508 79299 79202 79339 78933 79509
83934 83739 83968 83352 83861 83636 83218 84068
85987 85918 86096 86291 86102 86413 86269 86272
82985 82722 82840 82611 83002 82897 82984 82897
81043 81923 81174 81630 81184 81569 81011 81487
80827 80921 80728 80744 80977 80602 80666 80894
88013 88670 88940 88299 88659 88678 89014 88698
84549 84453 84570 84426 84281 84357 84796 84723
82686 83327 82646 82792 82975 82489 82662 82246
81594 82031 81137 81625 81533 81518 81532 81155
84718 84392 84198 84861 84611 84345 83900 84368
86681 86732 86244 86716 86385 86681 86483 85672
82792 83185 83026 82683 83677 82962 82953 82474
80958 81021 80495 80200 80688 80816 80582 80078
80832 80420 80342 80050 80544 79945 80382 80059
88473 88508 88430 88513 89122 88741 88426 88304
85079 85379 84739 84565 85443 85381 85213 84736
82995 82690 81971 82469 82553 82434 82749 82105
80999 81110 80727 81308 80630 81021 80809 81477
84048 83481 83037 83465 83536 83565 83722 83287
86651 87060 86313 86584 86197 86280 87095 86423
83444 84077 83815 83849 83546 83878 84164 83952
80544 80847 80679 80419 80442 80668 80897 80665
80676 81109 80094 80950 79990 80592 80367 80259
87915 87164 86980 87236 87158 87584 87217 87138
85383 84777 85087 85260 85380 85738 85203 84918
83218 82954 82782 82963 82552 83023 83357 83042
81885 82219 80949 81384 81358 81532 80811 81094
84796 85082 85258 84187 85081 85231 84742 85032
86953 86443 87007 86963 87036 86979 86879 86576
84099 83636 83506 83557 83712 84677 82745 83560
82636 81409 81462 81623 81961 82476 81750 81921
81502 80360 80715 80733 80848 81299 80863 80675
88393 88135 88595 88578 89199 89505 88674 88344
84902 84108 84300 84920 84473 84249 84661 84231
82660 81993 82117 82573 82023 82280 82169 82111
81347 80632 80948 80417 81605 81229 81166 80713
83268 83014 83330 83217 82232 82255 83056 83298
86032 85642 86067 86031 85696 85394 85631 85634
77322 76634 78090 77343 76876 77040 77083 76977
81502 81158 81634 81525 81691 81855 82125 81175
80865 80090 79816 80342 80892 80455 80371 80376
87826 88079 87521 87784 88005 88055 88326 87532
85298 85175 84462 85012 85113 85003 86134 84699
83103 82979 82784 82677 82871 82851 82308 81615
81914 82044 81554 81936 81618 82087 82489 81491
84255 84434 83105 84175 84091 83979 83548 83465
86551 86856 86560 86277 86342 86872 86496 86856
83927 83714 83610 83399 83071 82964 83166 82840
82485 81751 82247 82013 82498 83038 82460 82121
81574 81764 81641 81837 81834 82233 81858 81937
87795 87812 87855 88440 87915 87935 87646 88092
85112 86016 85931 86236 86362 85876 85910 86036
83055 83358 83747 83640 83712 83157 84011 83261
81715 82557 81810 81391 82838 81355 81909 81226
83804 84136 84041 83722 84559 83838 83717 83364
83151 83724 84150 83371 84263 83909 83864 83613
82308 81707 81262 81901 82020 82267 82183 81833
82618 82551 82565 81896 82377 82026 82611 82125
81509 81402 81633 81404 81520 81807 81809 80640
87010 86093 86618 86556 86468 86241 87262 86363
84674 85611 84350 84792 83767 84733 85269 84331
82426 82688 81836 81977 81279 82088 82875 81815
80607 80539 79814 79922 80192 80195 81150 79798
82401 82084 81660 82288 81752 81756 82633 81056
86965 86484 86905 87316 87004 86594 87718 86794
81800 82959 83041 82336 82092 82203 83098 82281
