1
FarReach 83218873 70
1401120 1313080 1287952 1263233 1250824 1217022 1205394 1217498 1189699 1313398 1110945 1189655 1209894 1191926 1191315 1186210 1145644 1159074 1176116 1323581 1091278 1168011 1181469 1185574 1181483 1179526 1170139 1152524 1247525 1273948 1073415 1155522 1185470 1185807 1177434 1166564 1164635 1199410 1302318 1248258 1049171 1138417 1165483 1153612 1151417 1154174 1150967 1283965 1244727 1225192 1048939 1137321 1155235 1151602 1144431 1140059 1208619 1268329 1220855 1201718 1029550 1099291 1136537 1152514 1138013 1151845 1287265 1181238 1210222 1203128
88644 89200 89026 89099 88774 89393 89164 89074
83359 83909 83766 83154 83379 83399 83359 83452
81875 81917 81429 81529 81828 81887 82191 81414
80691 80239 80396 80149 80127 80363 79866 80416
79619 79217 79705 79164 79646 79431 78830 79784
77361 77296 77282 77146 77325 77299 77424 77182
76596 76544 76526 77055 76501 76464 76922 76843
76610 77822 77531 77679 77291 78023 77257 77659
75813 76001 75472 75682 75912 75405 75552 75710
83478 83839 83928 83423 84092 83810 83731 83874
83807 83692 84103 84330 83931 83961 83927 84162
81666 81650 80616 81298 81504 81820 82367 81496
80881 81526 81234 80481 81355 80402 80848 80750
79665 80124 79485 79500 79396 79231 79658 80139
79235 79283 79410 79208 79173 79144 79384 79820
78642 79087 78991 78544 78829 78898 78981 78595
76701 76576 75907 74849 76194 76327 76123 76340
76724 77423 77132 76957 77080 77147 77205 76926
78402 77936 78654 77220 78124 77548 78533 78526
87665 87838 87820 87688 87597 88262 88414 88522
83133 83522 82557 83062 83727 83026 83105 82958
80379 80622 80554 80454 80450 80483 80940 80011
79098 79598 78343 80205 79160 79881 78987 79843
79058 79072 78505 79566 79730 79255 79457 79531
78811 78725 78413 78929 78486 78698 79338 78928
77919 78647 78416 78123 78203 77829 79052 78946
77194 77571 77598 77731 77844 77336 78242 78054
76058 76493 76077 77376 76413 76210 76611 76997
83055 83075 82203 83082 82651 82742 83004 82793
84764 83875 84399 84928 84766 83958 84335 84327
81992 82225 82286 82228 82472 81442 81928 82572
79889 80513 79591 80263 79712 80361 80341 80144
80313 80733 79715 79792 80353 80501 80589 79733
79587 79752 80514 79356 79910 80171 80008 79650
79074 79256 79282 78641 78744 79101 79291 78544
78259 78182 78773 78192 78138 78068 77616 78276
78167 78197 77725 77310 78247 78547 78078 77949
79936 80083 80261 79957 80637 80065 80466 79946
86961 87085 87414 86718 86854 87175 87135 86925
83600 83320 83316 83529 83226 82890 82836 82814
80334 80570 80286 80620 80533 80489 80904 80793
79236 79568 80056 79546 79279 79798 80348 79767
79097 79371 79659 79227 79812 79143 79717 79221
77825 78752 78088 78569 78386 78332 77782 78792
77953 77880 77620 77644 78104 78027 77715 78521
78009 77756 77144 77143 78410 78325 78548 78319
77616 77724 76980 77348 77876 77913 77809 77975
86117 86750 86196 85885 86403 86452 87202 85891
83343 84038 83116 83527 83728 84064 84651 83543
81997 82386 81769 81912 82578 82158 82464 81231
80118 81584 80505 80569 81145 80488 80490 80844
79950 80049 79424 79688 80069 79736 79915 79810
78926 78927 78557 78883 78700 79241 78600 79098
77934 78680 77898 78214 77944 78682 78583 78620
77556 78021 77618 77759 77207 78105 77295 78016
76828 77541 77236 77214 77161 77637 77266 77221
81330 81729 81558 82169 81596 82264 81540 82034
85697 85546 85452 86352 85367 86116 85485 85257
82160 82333 82556 82635 81581 82060 81991 82635
80884 81288 81325 80892 81057 80417 81053 80325
78555 79863 79150 79573 80199 79528 79540 79561
77406 77968 77610 77739 77542 77334 77586 77479
78163 78019 78163 78782 78697 78826 78375 78527
78298 78820 78632 78384 79234 79076 79406 79318
76794 76573 77435 77985 78306 77928 77625 77529
78159 78454 78391 77603 78656 78797 78811 78591
87363 87315 86705 86598 87840 87709 87971 87936
79645 80484 79398 79859 79809 79860 80704 79977
80899 82126 81232 82076 81509 81765 82490 82069
80709 82011 80694 81372 81085 80919 81826 82088
