17069895
263879 246369 247679 243342 246163 257986 251477 248138 245990 250435 239002 231968 249699 244001 240657 225306 240895 247099 245802 242959 249156 254224 260295 253456 249716 216347 206728 258575 251432 246614 245574 248464 259035 254148 250946 249637 255597 251242 247374 246680 246405 243337 238176 237672 233758 244322 241910 235523 235760 233788 247383 240279 237933 246531 247219 244559 187814 238619 241140 258360 243126 238770 235002 248357 245013 241679 241052 237465 248162 246522
32449 33276 34640 31679 28603 30927 30906 41399
30192 30935 32337 29817 26764 28648 28792 38884
30196 30924 32844 30145 26876 28894 29209 38591
29757 30212 32363 29400 26460 28395 28525 38230
29829 30883 32895 29682 26773 28548 28901 38652
31381 32093 34113 31141 28264 30260 30364 40370
30786 31399 33019 30313 27349 29383 29671 39557
30382 30996 32729 29760 26858 28788 29497 39128
30001 30729 32454 29874 26816 28709 28999 38408
30566 30938 33371 30222 27399 29402 29271 39266
27831 37358 26532 27454 31975 28454 28804 30594
27163 36868 25773 26505 30964 27603 27937 29155
29044 39417 27548 28746 33527 29643 30242 31532
28252 38564 27073 28148 32755 28903 29698 30608
28107 38093 26717 27655 32346 28447 29108 30184
26269 35590 24856 25981 29958 27009 27554 28089
27939 38110 26802 27647 32336 28526 29282 30253
28552 39452 27181 28253 33165 29449 29949 31098
28713 38661 27166 28522 33221 29272 29578 30669
28280 38472 26842 27910 32311 28836 29628 30680
30243 31832 33255 29972 26667 29519 29317 38351
30669 32040 33776 30606 27137 30247 30120 39629
31295 32801 34715 31240 28195 30769 30700 40580
30548 31596 33899 30459 27238 29886 30039 39791
30214 31310 33526 29705 26964 29662 29546 38789
25992 27443 28713 25879 23381 25478 25607 33854
25247 25826 27156 24817 22309 24504 24568 32301
31309 32455 34342 30678 27844 30963 30718 40266
30379 31534 33671 29938 27070 29503 30005 39332
29719 30704 33114 29337 26843 28988 29375 38534
30716 29950 29159 32730 28475 26897 38703 28944
31183 29979 29529 33121 28946 27347 39203 29156
32817 31380 30500 34409 30247 28647 40639 30396
32087 30912 30234 34118 29370 27781 39998 29648
31646 30173 29798 33700 29222 27506 39484 29417
31071 30170 29527 33417 28926 27694 39414 29418
31930 30942 30152 34206 29794 28225 40231 30117
31310 30268 30015 33418 29129 27858 39612 29632
31004 30246 29459 33109 28660 27077 38978 28841
30880 29756 29559 33143 28532 27344 38808 28658
28752 38504 27266 28474 32953 29445 30168 30843
28253 38830 26557 28050 32281 29043 29419 30904
27762 38057 26513 27133 31898 28318 28834 29661
27806 37654 26052 27463 31763 28498 28524 29912
27062 36925 25833 26822 31322 27953 28335 29506
28627 38663 26919 28037 32871 28792 29535 30878
27924 38629 26639 28009 32291 28789 28974 30655
27486 37684 25724 27304 31249 27879 28607 29590
27600 37393 26167 27225 31523 27926 28412 29514
26900 37167 25717 27166 31405 28053 28150 29230
30817 30640 29327 32966 28475 27746 38704 28708
30200 28612 28581 32253 27370 26921 38421 27921
29839 28997 27990 32004 27217 26501 37789 27596
30934 29968 29211 33071 28543 27447 38995 28362
30860 29788 29390 33260 28438 27608 39494 28381
30734 29484 28616 33174 28258 26949 38878 28466
23356 22723 22318 24878 21774 20872 29948 21945
30010 28362 28448 32205 27517 26580 37669 27828
30258 29034 28637 32274 27735 26563 38550 28089
32689 31429 30666 34544 29433 28822 40846 29931
29097 25866 37309 29122 30279 29639 29432 32382
28159 25662 37073 28685 29782 29182 28462 31765
27531 25237 36820 28136 29370 28267 28236 31405
29619 26747 38606 29498 31052 30003 29852 32980
28925 26242 38268 29192 30457 30104 29425 32400
28580 25925 37659 28635 30369 29672 29093 31746
28410 26021 37555 28809 30094 29366 28825 31972
27924 25510 36963 28414 29302 29067 28506 31779
29534 26848 38747 29201 31187 30054 29715 32876
29286 26539 38345 29077 30897 30174 29380 32824
