1
distnocache 33628337 70
469825 479724 487627 494270 493632 485568 492406 493756 485820 504572 513429 490053 522220 499448 499045 496316 479638 492335 493680 490154 510379 514960 514470 504830 496207 508187 496735 492379 498266 494001 465780 484044 489245 487514 482503 476359 489449 483651 480509 481163 463598 451505 462008 463768 466176 477103 477017 473005 475435 474131 481311 457266 466809 466365 455518 461571 447077 460042 459347 461475 468641 451147 461891 462909 467398 459593 461554 458981 459713 461244
57715 58932 62288 56546 50896 54985 55060 73403
59038 59859 63107 57981 52201 56259 56123 75156
59549 60998 64469 59212 53063 56825 56880 76631
60188 61105 65610 59707 53694 57678 58451 77837
59943 61903 65901 59514 53468 57462 58202 77239
59174 60472 64122 59086 53060 56742 56817 76095
59975 61506 64868 59560 53813 57458 57864 77362
60582 61745 65644 59241 53523 57452 58196 77373
59190 60474 64182 59059 52594 56937 57093 76291
61925 62493 66870 60857 55244 59006 58989 79188
59772 80802 57035 59008 68719 61101 62095 64897
57616 77602 54223 55835 65691 58455 59174 61457
60381 82237 58005 60176 70262 62103 63208 65848
57729 79061 55823 57239 67303 58946 60674 62673
58312 79005 55057 57382 66809 59231 60590 62659
57916 78452 55109 56792 66177 59385 60331 62154
55884 75983 53316 55163 64154 56665 58279 60194
57026 78497 54310 56352 65742 58807 59652 61949
57317 77932 54430 56991 66523 59018 59786 61683
57167 77458 54413 56337 64979 58381 59506 61913
61808 64982 67998 61317 54840 60461 60196 78777
62549 64541 68304 61598 55268 61088 61062 80550
61883 64547 68426 61911 55669 61036 60901 80097
60780 63169 67153 60316 54481 59649 60178 79104
59822 62190 65994 59629 53435 58566 58948 77623
61333 63791 67661 60524 54975 60220 60502 79181
60332 62321 65860 59804 53340 58537 59134 77407
59668 61401 65762 58699 52858 58496 58642 76853
60185 62664 66357 59455 53500 58861 59327 77917
59676 62049 65814 58544 53576 58530 59018 76794
58288 56660 55165 61882 54583 51176 72808 55218
60610 58746 57338 64498 56212 53188 76688 56764
61598 59577 57667 65741 56881 53752 76923 57106
61212 59048 57705 65031 56800 53781 76704 57233
60416 58445 57566 64856 55904 52969 76091 56256
59351 57649 56210 63739 55270 52932 75099 56109
61184 59164 58059 65544 56793 53835 77325 57545
60592 58566 57349 64286 56339 53369 76416 56734
60154 58304 57296 64243 55749 52801 76017 55945
60258 58328 57091 65052 55849 53229 75341 56015
53941 72917 50987 53326 62116 55117 56911 58283
52484 72903 49532 51962 59558 53660 54090 57316
53632 73080 51150 52840 62667 54904 56008 57727
54057 74042 51237 53346 61821 55368 55801 58096
54122 73928 51683 53608 62074 55791 56400 58570
55558 75795 52806 54689 64289 56433 57128 60405
55656 75929 52344 55018 63566 56537 57593 60374
54748 75659 52340 54541 63021 56058 57244 59394
55298 75497 52602 54872 63547 56270 57577 59772
55017 75030 52445 54886 63653 56679 57258 59163
60089 59287 56832 64540 55613 53920 75187 55843
57309 55175 54341 61160 52042 51079 73157 53003
58547 56452 54991 62606 53688 51945 74510 54070
58843 56558 55092 62734 53290 51904 73915 54029
56921 55192 54297 60815 52619 50779 72387 52508
58017 55700 54465 62287 52933 51295 73469 53405
55753 54397 52298 60060 51671 49777 70712 52409
57582 55228 54717 61831 52779 51441 72992 53472
57865 55311 54466 61314 52717 51123 73385 53166
57911 55720 54779 61747 52575 51487 73341 53915
56031 50363 71921 56197 58413 56883 56907 61926
53419 48322 70307 53813 56412 55013 53770 60091
54428 49417 72190 55341 57588 56401 55284 61242
54725 50076 71977 55144 57957 56158 55534 61338
55369 50643 73072 55100 58474 56796 55917 62027
54592 49559 71655 54603 57060 56353 55056 60715
54530 49782 72098 54830 57638 56244 55351 61081
54036 49234 71565 54966 57615 55653 55028 60884
54182 49380 71410 55221 57108 55787 55074 61551
54720 49775 71790 54788 57641 56287 54907 61336
