workload_name: synthetic
workload_mode: 1
dynamic_periodnum: 7
dynamic_periodinterval: 10
dynamic_ruleprefix: dynamicrules/synthetic-hotin.out
val_t::MAX_VALLEN: 128
ParserIterator::load_batch_size: 10000
client_physical_num: 2
server_physical_num: 2
client_total_logical_num: 1024
server_total_logical_num: 8
server_total_logical_num_for_rotation: 128
max_server_total_logical_num: 8

client_rotationdataserver_port: 1025
client_sendpktserver_port_start: 1026
client_rulemapserver_port_start: 1036
client_worker_port_start: 8888

client_logical_nums[0]: 512
client_ips[0]: 10.0.1.11
client_macs[0]: 3c:fd:fe:bb:ca:79
client_fpports[0]: 11/0
client_pipeidxes[0]: 0
client_logical_nums[1]: 512
client_ips[1]: 10.0.1.15
client_macs[1]: 3c:fd:fe:b5:28:59
client_fpports[1]: 1/0
client_pipeidxes[1]: 1

server_load_factor: 5
server_worker_port_start: 1152
server_evictserver_port_start: 2222
server_snapshotserver_port_start: 3333
server_snapshotdataserver_port_start: 4444
transaction_loadfinishserver_port: 8000

server_worker_corenums[0]: 16
server_total_corenums[0]: 24
server_logical_idxes_list[0]: 0 1 2 3 
server_ips[0]: 10.0.1.16
server_macs[0]: 3c:fd:fe:b5:1f:e1
server_fpports[0]: 16/0
server_pipeidxes[0]: 0
server_ip_for_controller_list[0]: 172.16.112.16
server_worker_corenums[1]: 16
server_total_corenums[1]: 48
server_logical_idxes_list[1]: 4 5 6 7 
server_ips[1]: 10.0.1.13
server_macs[1]: 3c:fd:fe:bb:c9:c8
server_fpports[1]: 13/0
server_pipeidxes[1]: 0
server_ip_for_controller_list[1]: 172.16.112.13

controller ip for server: 172.16.112.16
controller ip for switchos: 172.16.112.16
controller_popserver_port_start: 5555
controller_evictserver_port: 5002
controller_snapshot_period: 10000
controller_warmupfinishserver_port: 5010

switch_partition_count: 32768
switch_kv_bucket_num: 10000
switch_pipeline_num: 2
val_t::SWITCH_MAX_VALLEN: 128
switchos_popserver_port: 5003
switchos ip: 172.16.112.17
switchos_sample_cnt: 10
switchos_snapshotserver_port: 5004
switchos_specialcaseserver_port: 5005
switchos_ptf_popserver_port: 5006
switchos_ptf_snapshotserver_port: 5007

reflector ip for switchos: 172.16.112.16
reflector_dp2cpserver_port: 5008
reflector_cp2dpserver_port: 5009

raw_load_workload_filename for loading phase: synthetic-load.out
server_load_workload_dir for loading phase: synthetic-load-8
raw_warmup_workload_filename for warmup phase: synthetic-warmup.out
raw_run_workload_filename for transaction phase: synthetic-run.out
client_workload_dir for transaction phase: synthetic-run-1024
perserver_keyrange: 8192

[client.sendpktserver] ready
[client] prepare clients ...
[client.rulemapserver] ready
[client 1] Ready.
[client 0] Ready.
[client 2] Ready.
[client 7] Ready.
[client 8] Ready.
[client 11] Ready.
[client 5] Ready.
[client 9] Ready.
[client 6] Ready.
[client 4] Ready.
[client 10] Ready.
[client 12] Ready.
[client 3] Ready.
[client 13] Ready.
[client 18] Ready.
[client 14] Ready.
[client 15] Ready.
[client 16] Ready.
[client 20] Ready.
[client 19] Ready.
[client 17] Ready.
[client 21] Ready.
[client 24] Ready.
[client 23] Ready.
[client 22] Ready.
[client 25] Ready.
[client 26] Ready.
[client 27] Ready.
[client 32] Ready.
[client 31] Ready.
[client 36] Ready.
[client 35] Ready.
[client 39] Ready.
[client 34] Ready.
[client 33] Ready.
[client 37] Ready.
[client 44] Ready.
[client 40] Ready.
[client 38] Ready.
[client 42] Ready.
[client 41] Ready.
[client 43] Ready.
[client 45] Ready.
[client 46] Ready.
[client 51] Ready.
[client 47] Ready.
[client 48] Ready.
[client 50] Ready.
[client 52] Ready.
[client 54] Ready.
[client 79] Ready.
[client 82] Ready.
[client 84] Ready.
[client 73] Ready.
[client 80] Ready.
[client 83] Ready.
[client 78] Ready.
[client 86] Ready.
[client 85] Ready.
[client 74] Ready.
[client 71] Ready.
[client 97] Ready.
[client 76] Ready.
[client 88] Ready.
[client 94] Ready.
[client 77] Ready.
[client 87] Ready.
[client 89] Ready.
[client 72] Ready.
[client 93] Ready.
[client 90] Ready.
[client 75] Ready.
[client 92] Ready.
[client 91] Ready.
[client 99] Ready.
[client 95] Ready.
[client 96] Ready.
[client 98] Ready.
[client 105] Ready.
[client 103] Ready.
[client 106] Ready.
[client 100] Ready.
[client 104] Ready.
[client 101] Ready.
[client 102] Ready.
[client 122] Ready.
[client 119] Ready.
[client 123] Ready.
[client 124] Ready.
[client 121] Ready.
[client 120] Ready.
[client 128] Ready.
[client 130] Ready.
[client 125] Ready.
[client 126] Ready.
[client 131] Ready.
[client 133] Ready.
[client 134] Ready.
[client 129] Ready.
[client 132] Ready.
[client 127] Ready.
[client 135] Ready.
[client 139] Ready.
[client 138] Ready.
[client 140] Ready.
[client 136] Ready.
[client 137] Ready.
[client 142] Ready.
[client 141] Ready.
[client 183] Ready.
[client 184] Ready.
[client 187] Ready.
[client 157] Ready.
[client 186] Ready.
[client 159] Ready.
[client 162] Ready.
[client 189] Ready.
[client 185] Ready.
[client 156] Ready.
[client 164] Ready.
[client 191] Ready.
[client 163] Ready.
[client 161] Ready.
[client 188] Ready.
[client 190] Ready.
[client 165] Ready.
[client 167] Ready.
[client 169] Ready.
[client 198] Ready.
[client 166] Ready.
[client 197] Ready.
[client 202] Ready.
[client 168] Ready.
[client 196] Ready.
[client 199] Ready.
[client 174] Ready.
[client 171] Ready.
[client 170] Ready.
[client 172] Ready.
[client 173] Ready.
[client 205] Ready.
[client 200] Ready.
[client 206] Ready.
[client 201] Ready.
[client 175] Ready.
[client 177] Ready.
[client 178] Ready.
[client 176] Ready.
[client 203] Ready.
[client 181] Ready.
[client 180] Ready.
[client 208] Ready.
[client 204] Ready.
[client 209] Ready.
[client 212] Ready.
[client 207] Ready.
[client 210] Ready.
[client 182] Ready.
[client 213] Ready.
[client 211] Ready.
[client 214] Ready.
[client 215] Ready.
[client 216] Ready.
[client 217] Ready.
[client 229] Ready.
[client 227] Ready.
[client 230] Ready.
[client 234] Ready.
[client 233] Ready.
[client 241] Ready.
[client 240] Ready.
[client 236] Ready.
[client 235] Ready.
[client 239] Ready.
[client 237] Ready.
[client 238] Ready.
[client 242] Ready.
[client 303] Ready.
[client 300] Ready.
[client 301] Ready.
[client 246] Ready.
[client 304] Ready.
[client 244] Ready.
[client 247] Ready.
[client 243] Ready.
[client 305] Ready.
[client 249] Ready.
[client 306] Ready.
[client 250] Ready.
[client 307] Ready.
[client 309] Ready.
[client 310] Ready.
[client 255] Ready.
[client 248] Ready.
[client 251] Ready.
[client 308] Ready.
[client 318] Ready.
[client 311] Ready.
[client 317] Ready.
[client 252] Ready.
[client 254] Ready.
[client 313] Ready.
[client 312] Ready.
[client 315] Ready.
[client 320] Ready.
[client 314] Ready.
[client 319] Ready.
[client 316] Ready.
[client 264] Ready.
[client 262] Ready.
[client 267] Ready.
[client 265] Ready.
[client 269] Ready.
[client 339] Ready.
[client 272] Ready.
[client 276] Ready.
[client 275] Ready.
[client 274] Ready.
[client 273] Ready.
[client 338] Ready.
[client 277] Ready.
[client 28] Ready.
[client 29] Ready.
[client 278] Ready.
[client 358] Ready.
[client 335] Ready.
[client 337] Ready.
[client 350] Ready.
[client 341] Ready.
[client 282] Ready.
[client 285] Ready.
[client 355] Ready.
[client 340] Ready.
[client 342] Ready.
[client 281] Ready.
[client 279] Ready.
[client 280] Ready.
[client 359] Ready.
[client 348] Ready.
[client 347] Ready.
[client 354] Ready.
[client 343] Ready.
[client 344] Ready.
[client 283] Ready.
[client 351] Ready.
[client 284] Ready.
[client 345] Ready.
[client 353] Ready.
[client 346] Ready.
[client 349] Ready.
[client 367] Ready.
[client 360] Ready.
[client 30] Ready.
[client 357] Ready.
[client 352] Ready.
[client 60] Ready.
[client 361] Ready.
[client 53] Ready.
[client 302] Ready.
[client 362] Ready.
[client 363] Ready.
[client 365] Ready.
[client 63] Ready.
[client 57] Ready.
[client 378] Ready.
[client 56] Ready.
[client 55] Ready.
[client 65] Ready.
[client 108] Ready.
[client 59] Ready.
[client 67] Ready.
[client 109] Ready.
[client 111] Ready.
[client 69] Ready.
[client 58] Ready.
[client 145] Ready.
[client 114] Ready.
[client 49] Ready.
[client 144] Ready.
[client 110] Ready.
[client 113] Ready.
[client 70] Ready.
[client 112] Ready.
[client 117] Ready.
[client 66] Ready.
[client 143] Ready.
[client 153] Ready.
[client 68] Ready.
[client 148] Ready.
[client 64] Ready.
[client 146] Ready.
[client 147] Ready.
[client 61] Ready.
[client 151] Ready.
[client 149] Ready.
[client 118] Ready.
[client 154] Ready.
[client 150] Ready.
[client 179] Ready.
[client 116] Ready.
[client 107] Ready.
[client 152] Ready.
[client 324] Ready.
[client 155] Ready.
[client 219] Ready.
[client 226] Ready.
[client 223] Ready.
[client 115] Ready.
[client 220] Ready.
[client 195] Ready.
[client 225] Ready.
[client 224] Ready.
[client 222] Ready.
[client 194] Ready.
[client 221] Ready.
[client 260] Ready.
[client 245] Ready.
[client 287] Ready.
[client 256] Ready.
[client 218] Ready.
[client 271] Ready.
[client 258] Ready.
[client 160] Ready.
[client 268] Ready.
[client 270] Ready.
[client 286] Ready.
[client 261] Ready.
[client 263] Ready.
[client 158] Ready.
[client 257] Ready.
[client 231] Ready.
[client 329] Ready.
[client 192] Ready.
[client 193] Ready.
[client 294] Ready.
[client 62] Ready.
[client 298] Ready.
[client 297] Ready.
[client 299] Ready.
[client 295] Ready.
[client 290] Ready.
[client 332] Ready.
[client 253] Ready.
[client 296] Ready.
[client 333] Ready.
[client 321] Ready.
[client 356] Ready.
[client 334] Ready.
[client 322] Ready.
[client 330] Ready.
[client 232] Ready.
[client 325] Ready.
[client 327] Ready.
[client 323] Ready.
[client 326] Ready.
[client 331] Ready.
[client 293] Ready.
[client 370] Ready.
[client 288] Ready.
[client 291] Ready.
[client 373] Ready.
[client 328] Ready.
[client 403] Ready.
[client 292] Ready.
[client 467] Ready.
[client 381] Ready.
[client 465] Ready.
[client 427] Ready.
[client 466] Ready.
[client 377] Ready.
[client 420] Ready.
[client 368] Ready.
[client 464] Ready.
[client 401] Ready.
[client 425] Ready.
[client 336] Ready.
[client 428] Ready.
[client 418] Ready.
[client 416] Ready.
[client 289] Ready.
[client 407] Ready.
[client 423] Ready.
[client 426] Ready.
[client 417] Ready.
[client 422] Ready.
[client 421] Ready.
[client 379] Ready.
[client 266] Ready.
[client 501] Ready.
[client 409] Ready.
[client 419] Ready.
[client 405] Ready.
[client 404] Ready.
[client 461] Ready.
[client 440] Ready.
[client 414] Ready.
[client 406] Ready.
[client 410] Ready.
[client 429] Ready.
[client 456] Ready.
[client 499] Ready.
[client 450] Ready.
[client 397] Ready.
[client 500] Ready.
[client 380] Ready.
[client 451] Ready.
[client 394] Ready.
[client 459] Ready.
[client 458] Ready.
[client 455] Ready.
[client 442] Ready.
[client 408] Ready.
[client 453] Ready.
[client 444] Ready.
[client 400] Ready.
[client 452] Ready.
[client 457] Ready.
[client 412] Ready.
[client 393] Ready.
[client 411] Ready.
[client 460] Ready.
[client 395] Ready.
[client 454] Ready.
[client 398] Ready.
[client 496] Ready.
[client 399] Ready.
[client 482] Ready.
[client 445] Ready.
[client 81] Ready.
[client 494] Ready.
[client 396] Ready.
[client 366] Ready.
[client 487] Ready.
[client 439] Ready.
[client 498] Ready.
[client 438] Ready.
[client 491] Ready.
[client 480] Ready.
[client 492] Ready.
[client 488] Ready.
[client 493] Ready.
[client 413] Ready.
[client 435] Ready.
[client 364] Ready.
[client 490] Ready.
[client 369] Ready.
[client 376] Ready.
[client 443] Ready.
[client 375] Ready.
[client 449] Ready.
[client 436] Ready.
[client 437] Ready.
[client 374] Ready.
[client 433] Ready.
[client 474] Ready.
[client 477] Ready.
[client 447] Ready.
[client 371] Ready.
[client 478] Ready.
[client 473] Ready.
[client 432] Ready.
[client 448] Ready.
[client 481] Ready.
[client 475] Ready.
[client 392] Ready.
[client 434] Ready.
[client 446] Ready.
[client 484] Ready.
[client 510] Ready.
[client 476] Ready.
[client 495] Ready.
[client 489] Ready.
[client 431] Ready.
[client 511] Ready.
[client 508] Ready.
[client 509] Ready.
[client 430] Ready.
[client 479] Ready.
[client 391] Ready.
[client 502] Ready.
[client 497] Ready.
[client 469] Ready.
[client 505] Ready.
[client 387] Ready.
[client 471] Ready.
[client 384] Ready.
[client 389] Ready.
[client 385] Ready.
[client 372] Ready.
[client 388] Ready.
[client 390] Ready.
[client 470] Ready.
[client 472] Ready.
[client 504] Ready.
[client 503] Ready.
[client 485] Ready.
[client 382] Ready.
[client 507] Ready.
[client 506] Ready.
[client 468] Ready.
[client 383] Ready.
[client 386] Ready.
[client 259] Ready.
[client 228] Ready.
[client 424] Ready.
[client 402] Ready.
[client 415] Ready.
[client 483] Ready.
[client 462] Ready.
[client 486] Ready.
[client 463] Ready.
[client 441] Ready.
[client] all clients ready...
wait to be able to send pkt if necessary
start to send pkt
switch dynamic rulemap from period 0 to 1
switch dynamic rulemap from period 1 to 2
switch dynamic rulemap from period 2 to 3
switch dynamic rulemap from period 3 to 4
switch dynamic rulemap from period 4 to 5
switch dynamic rulemap from period 5 to 6
[client] all clients finish!
[client] processing statistics

thpt interval: 1 s, seccnt: 70

[sec 0]

overall totalpktcnt: 530851, throughput (MOPS): 0.506259

[sec 1]

overall totalpktcnt: 529317, throughput (MOPS): 0.504796

[sec 2]

overall totalpktcnt: 596369, throughput (MOPS): 0.568742

[sec 3]

overall totalpktcnt: 619404, throughput (MOPS): 0.590710

[sec 4]

overall totalpktcnt: 641523, throughput (MOPS): 0.611804

[sec 5]

overall totalpktcnt: 665235, throughput (MOPS): 0.634418

[sec 6]

overall totalpktcnt: 653448, throughput (MOPS): 0.623177

[sec 7]

overall totalpktcnt: 666505, throughput (MOPS): 0.635629

[sec 8]

overall totalpktcnt: 659193, throughput (MOPS): 0.628655

[sec 9]

overall totalpktcnt: 662624, throughput (MOPS): 0.631927

[sec 10]

overall totalpktcnt: 592128, throughput (MOPS): 0.564697

[sec 11]

overall totalpktcnt: 633939, throughput (MOPS): 0.604571

[sec 12]

overall totalpktcnt: 639762, throughput (MOPS): 0.610125

[sec 13]

overall totalpktcnt: 638475, throughput (MOPS): 0.608897

[sec 14]

overall totalpktcnt: 640016, throughput (MOPS): 0.610367

[sec 15]

overall totalpktcnt: 637954, throughput (MOPS): 0.608400

[sec 16]

overall totalpktcnt: 632000, throughput (MOPS): 0.602722

[sec 17]

overall totalpktcnt: 636434, throughput (MOPS): 0.606951

[sec 18]

overall totalpktcnt: 643128, throughput (MOPS): 0.613335

[sec 19]

overall totalpktcnt: 628360, throughput (MOPS): 0.599251

[sec 20]

overall totalpktcnt: 574556, throughput (MOPS): 0.547939

[sec 21]

overall totalpktcnt: 619653, throughput (MOPS): 0.590947

[sec 22]

overall totalpktcnt: 607559, throughput (MOPS): 0.579413

[sec 23]

overall totalpktcnt: 625128, throughput (MOPS): 0.596169

[sec 24]

overall totalpktcnt: 633488, throughput (MOPS): 0.604141

[sec 25]

overall totalpktcnt: 611471, throughput (MOPS): 0.583144

[sec 26]

overall totalpktcnt: 631438, throughput (MOPS): 0.602186

[sec 27]

overall totalpktcnt: 617751, throughput (MOPS): 0.589133

[sec 28]

overall totalpktcnt: 627764, throughput (MOPS): 0.598682

[sec 29]

overall totalpktcnt: 633065, throughput (MOPS): 0.603738

[sec 30]

overall totalpktcnt: 569736, throughput (MOPS): 0.543343

[sec 31]

overall totalpktcnt: 618861, throughput (MOPS): 0.590192

[sec 32]

overall totalpktcnt: 630158, throughput (MOPS): 0.600965

[sec 33]

overall totalpktcnt: 631089, throughput (MOPS): 0.601853

[sec 34]

overall totalpktcnt: 631777, throughput (MOPS): 0.602509

[sec 35]

overall totalpktcnt: 630124, throughput (MOPS): 0.600933

[sec 36]

overall totalpktcnt: 634113, throughput (MOPS): 0.604737

[sec 37]

overall totalpktcnt: 626820, throughput (MOPS): 0.597782

[sec 38]

overall totalpktcnt: 631342, throughput (MOPS): 0.602095

[sec 39]

overall totalpktcnt: 614118, throughput (MOPS): 0.585669

[sec 40]

overall totalpktcnt: 574348, throughput (MOPS): 0.547741

[sec 41]

overall totalpktcnt: 564575, throughput (MOPS): 0.538421

[sec 42]

overall totalpktcnt: 560500, throughput (MOPS): 0.534534

[sec 43]

overall totalpktcnt: 563404, throughput (MOPS): 0.537304

[sec 44]

overall totalpktcnt: 562920, throughput (MOPS): 0.536842

[sec 45]

overall totalpktcnt: 586772, throughput (MOPS): 0.559589

[sec 46]

overall totalpktcnt: 610533, throughput (MOPS): 0.582250

[sec 47]

overall totalpktcnt: 618922, throughput (MOPS): 0.590250

[sec 48]

overall totalpktcnt: 620204, throughput (MOPS): 0.591473

[sec 49]

overall totalpktcnt: 614528, throughput (MOPS): 0.586060

[sec 50]

overall totalpktcnt: 562221, throughput (MOPS): 0.536176

[sec 51]

overall totalpktcnt: 604215, throughput (MOPS): 0.576224

[sec 52]

overall totalpktcnt: 616963, throughput (MOPS): 0.588382

[sec 53]

overall totalpktcnt: 606194, throughput (MOPS): 0.578112

[sec 54]

overall totalpktcnt: 620425, throughput (MOPS): 0.591683

[sec 55]

overall totalpktcnt: 616692, throughput (MOPS): 0.588123

[sec 56]

overall totalpktcnt: 615828, throughput (MOPS): 0.587299

[sec 57]

overall totalpktcnt: 614400, throughput (MOPS): 0.585938

[sec 58]

overall totalpktcnt: 617603, throughput (MOPS): 0.588992

[sec 59]

overall totalpktcnt: 616635, throughput (MOPS): 0.588069

[sec 60]

overall totalpktcnt: 555834, throughput (MOPS): 0.530085

[sec 61]

overall totalpktcnt: 612144, throughput (MOPS): 0.583786

[sec 62]

overall totalpktcnt: 622381, throughput (MOPS): 0.593549

[sec 63]

overall totalpktcnt: 624621, throughput (MOPS): 0.595685

[sec 64]

overall totalpktcnt: 622828, throughput (MOPS): 0.593975

[sec 65]

overall totalpktcnt: 650890, throughput (MOPS): 0.620737

[sec 66]

overall totalpktcnt: 672069, throughput (MOPS): 0.640935

[sec 67]

overall totalpktcnt: 673597, throughput (MOPS): 0.642392

[sec 68]

overall totalpktcnt: 662627, throughput (MOPS): 0.631930

[sec 69]

overall totalpktcnt: 673538, throughput (MOPS): 0.642336

[Latency Statistics of total_latency_list ]
| min | max | avg | 90th | 99th | largest | median | sum |
| 12.009 | 24944.5 | 828.959 | 1756.97 | 11283.6 | 24944.5 | 53.003 | 3.58817e+10 |
[Latency Statistics of perclient_avgsend_latency_list ]
| min | max | avg | 90th | 99th | largest | median | sum |
| 5.49597 | 5.9009 | 5.71889 | 5.81401 | 5.85799 | 5.9009 | 5.72585 | 2928.07 |
[Latency Statistics of perclient_avgwait_latency_list ]
| min | max | avg | 90th | 99th | largest | median | sum |
| 1.08791 | 1.27275 | 1.18532 | 1.22539 | 1.25676 | 1.27275 | 1.18313 | 606.883 |
total_unmatched_cnt: 0
total_timeout_cnt: 0
client-side total pktcnt: 43285243, total time: 70.118409 s, total thpt: 0.588719 MOPS
cache hit pktcnt: 20931708
per-server pktcnt: 2793786 2794443 2787501 2790665 2788693 2819665 2788009 2790773

per-sec total throughput:
530572 529324 596324 619380 641427 665260 653461 666358 659417 662522 592192 633910 639891 638396 639959 637950 631930 636556 643102 628316 574636 619657 607545 625229 633398 611518 631341 617780 627748 633034 569872 618773 630131 631183 631733 630149 633995 626936 631328 614041 574434 564560 560509 563449 562940 586631 610631 618935 620201 614433 562251 604274 616918 606233 620366 616851 615706 614367 617627 616631 555940 611914 622507 624532 622851 650998 671859 673740 662642 673450

per-sec per-server throughput:
34248 34120 34765 34456 34394 34568 34626 34512
33459 33647 33404 33701 33526 33408 33647 33728
37834 38204 37868 37948 38061 37953 37800 37800
39675 39015 39072 39224 39039 39327 39175 39246
41029 41178 40929 40411 40799 40604 40595 40565
41834 42176 42623 42422 42560 42402 42069 42207
41695 41655 41272 41267 41330 41587 41436 41688
42221 42506 42265 42426 42253 42614 42174 42350
41746 41997 41790 41829 41985 41918 41994 42235
42257 41985 41866 41755 42139 42098 42258 42110
40598 40706 41107 40918 40566 40858 41079 40995
40612 40494 40356 40931 40507 40648 40627 40659
40858 41106 40799 40931 40859 40680 40851 40668
40765 40866 40384 40958 40718 40857 40532 40828
41072 41022 41064 40872 40683 40756 40812 40653
40512 41079 40312 40420 40945 40301 40781 40437
40231 40378 40341 40238 40650 40761 40194 40266
40810 40718 40601 40379 40563 40528 40320 40766
41119 40849 41042 40821 41237 40681 41007 41017
40261 39643 39946 40113 40010 40369 39911 40088
39942 40264 39658 39716 40028 39881 39778 39787
39639 39934 39498 40086 39673 40120 39971 39958
38792 39124 38484 38972 38593 39125 38756 38802
40031 39925 40045 40210 39901 39858 40091 39932
40310 40806 40618 40140 40253 40624 40420 40709
38992 39552 39185 39272 39017 38773 39081 39145
40519 40430 40001 40339 40331 39914 40349 40737
39731 39561 38995 39797 39247 39610 39250 39532
40383 39778 40038 40025 40310 39887 40122 39962
40562 40392 40562 40427 40732 40018 40426 40778
39392 39823 39423 39666 39337 39591 39294 39582
40131 40336 40073 40122 40268 40140 40292 39930
40343 40313 40498 40400 40098 40468 40206 40368
40676 40566 40512 40329 40426 40239 40156 40385
40803 40211 40001 40287 40482 40831 40181 40497
40466 40693 39976 40275 40621 40588 39949 40444
40594 40238 40443 40339 40655 40722 40452 40956
40129 40074 40309 40225 40196 40036 40164 39984
40559 40200 40393 40214 40520 40694 40373 40204
39533 39393 39461 39466 39384 38981 39491 39237
39727 39624 39354 39435 39390 39721 40072 39611
36917 36842 37034 36817 37191 41563 37136 37046
36051 35973 35835 36319 35788 41795 35793 36022
36224 36145 36310 36518 35977 41804 36088 36011
35976 36089 35940 35981 36099 41741 36407 35813
37571 37505 37266 37238 37818 41569 37556 37737
39395 39259 39516 38718 38756 40157 39342 39068
39827 39688 39449 39856 40154 40274 39933 39666
39543 40283 39846 39984 39947 40179 39876 39508
39680 39201 39186 39236 39341 40296 39448 39118
38896 38781 38571 38820 38600 38924 38600 38573
39758 39577 39889 39530 39347 39918 39254 39631
39762 39495 39830 39732 39530 39422 39365 39610
38788 38906 38920 39179 38616 39273 38995 38913
40255 39700 39716 39585 39757 39844 39592 39705
39570 39538 39749 39705 39653 39523 39125 39970
39380 39654 40073 39678 39465 39537 39393 39664
39546 39558 39483 39731 39526 39341 39214 39592
39506 39974 39535 39649 39881 39545 39662 39434
39517 39984 39689 39669 39644 39614 39393 39710
37995 37911 38199 38793 38206 37768 38062 38322
39940 39998 39866 39750 39832 40201 39903 39995
40325 40435 40081 40250 39633 40265 39792 39967
40287 40374 40154 39881 40254 40040 40299 40323
40133 40559 40004 40063 39649 39979 40288 39910
41897 41557 41801 41911 41572 42100 42183 41834
43323 43498 43290 43037 42826 42975 43344 42957
43603 43237 43214 43384 43231 43363 43240 43507
42797 42917 42498 42550 42912 42473 42481 42643
43201 43186 43187 43301 43162 43401 43436 43128
Finish dumping statistics!
