workload_name: synthetic
workload_mode: 1
dynamic_periodnum: 7
dynamic_periodinterval: 10
dynamic_ruleprefix: dynamicrules/synthetic-hotin.out
val_t::MAX_VALLEN: 128
ParserIterator::load_batch_size: 10000
client_physical_num: 2
server_physical_num: 2
client_total_logical_num: 1024
server_total_logical_num: 8
server_total_logical_num_for_rotation: 128
max_server_total_logical_num: 8

client_rotationdataserver_port: 1025
client_sendpktserver_port_start: 1026
client_rulemapserver_port_start: 1036
client_worker_port_start: 8888

client_logical_nums[0]: 512
client_ips[0]: 10.0.1.11
client_macs[0]: 3c:fd:fe:bb:ca:79
client_fpports[0]: 11/0
client_pipeidxes[0]: 0
client_logical_nums[1]: 512
client_ips[1]: 10.0.1.15
client_macs[1]: 3c:fd:fe:b5:28:59
client_fpports[1]: 1/0
client_pipeidxes[1]: 1

server_load_factor: 5
server_worker_port_start: 1152
server_evictserver_port_start: 2222
server_snapshotserver_port_start: 3333
server_snapshotdataserver_port_start: 4444
transaction_loadfinishserver_port: 8000

server_worker_corenums[0]: 16
server_total_corenums[0]: 24
server_logical_idxes_list[0]: 0 1 2 3 
server_ips[0]: 10.0.1.16
server_macs[0]: 3c:fd:fe:b5:1f:e1
server_fpports[0]: 16/0
server_pipeidxes[0]: 0
server_ip_for_controller_list[0]: 172.16.112.16
server_worker_corenums[1]: 16
server_total_corenums[1]: 48
server_logical_idxes_list[1]: 4 5 6 7 
server_ips[1]: 10.0.1.13
server_macs[1]: 3c:fd:fe:bb:c9:c8
server_fpports[1]: 13/0
server_pipeidxes[1]: 0
server_ip_for_controller_list[1]: 172.16.112.13

controller ip for server: 172.16.112.16
controller ip for switchos: 172.16.112.16
controller_popserver_port_start: 5555
controller_evictserver_port: 5002
controller_snapshot_period: 10000
controller_warmupfinishserver_port: 5010

switch_partition_count: 32768
switch_kv_bucket_num: 10000
switch_pipeline_num: 2
val_t::SWITCH_MAX_VALLEN: 128
switchos_popserver_port: 5003
switchos ip: 172.16.112.17
switchos_sample_cnt: 10
switchos_snapshotserver_port: 5004
switchos_specialcaseserver_port: 5005
switchos_ptf_popserver_port: 5006
switchos_ptf_snapshotserver_port: 5007

reflector ip for switchos: 172.16.112.16
reflector_dp2cpserver_port: 5008
reflector_cp2dpserver_port: 5009

raw_load_workload_filename for loading phase: synthetic-load.out
server_load_workload_dir for loading phase: synthetic-load-8
raw_warmup_workload_filename for warmup phase: synthetic-warmup.out
raw_run_workload_filename for transaction phase: synthetic-run.out
client_workload_dir for transaction phase: synthetic-run-1024
perserver_keyrange: 8192

[client.sendpktserver] ready
[client] prepare clients ...
[client.rulemapserver] ready
[client 7] Ready.
[client 6] Ready.
[client 0] Ready.
[client 9] Ready.
[client 8] Ready.
[client 5] Ready.
[client 3] Ready.
[client 2] Ready.
[client 1] Ready.
[client 4] Ready.
[client 10] Ready.
[client 11] Ready.
[client 14] Ready.
[client 13] Ready.
[client 12] Ready.
[client 16] Ready.
[client 20] Ready.
[client 15] Ready.
[client 17] Ready.
[client 18] Ready.
[client 21] Ready.
[client 19] Ready.
[client 24] Ready.
[client 22] Ready.
[client 26] Ready.
[client 25] Ready.
[client 29] Ready.
[client 32] Ready.
[client 33] Ready.
[client 31] Ready.
[client 30] Ready.
[client 27] Ready.
[client 34] Ready.
[client 38] Ready.
[client 35] Ready.
[client 36] Ready.
[client 39] Ready.
[client 42] Ready.
[client 37] Ready.
[client 43] Ready.
[client 40] Ready.
[client 44] Ready.
[client 41] Ready.
[client 46] Ready.
[client 49] Ready.
[client 45] Ready.
[client 50] Ready.
[client 54] Ready.
[client 55] Ready.
[client 52] Ready.
[client 53] Ready.
[client 57] Ready.
[client 56] Ready.
[client 58] Ready.
[client 59] Ready.
[client 64] Ready.
[client 61] Ready.
[client 62] Ready.
[client 60] Ready.
[client 83] Ready.
[client 82] Ready.
[client 88] Ready.
[client 85] Ready.
[client 75] Ready.
[client 74] Ready.
[client 77] Ready.
[client 87] Ready.
[client 89] Ready.
[client 86] Ready.
[client 92] Ready.
[client 96] Ready.
[client 90] Ready.
[client 94] Ready.
[client 91] Ready.
[client 93] Ready.
[client 97] Ready.
[client 98] Ready.
[client 100] Ready.
[client 95] Ready.
[client 103] Ready.
[client 102] Ready.
[client 106] Ready.
[client 101] Ready.
[client 117] Ready.
[client 122] Ready.
[client 123] Ready.
[client 119] Ready.
[client 121] Ready.
[client 126] Ready.
[client 120] Ready.
[client 129] Ready.
[client 125] Ready.
[client 124] Ready.
[client 118] Ready.
[client 130] Ready.
[client 127] Ready.
[client 147] Ready.
[client 145] Ready.
[client 141] Ready.
[client 146] Ready.
[client 144] Ready.
[client 149] Ready.
[client 184] Ready.
[client 150] Ready.
[client 181] Ready.
[client 151] Ready.
[client 155] Ready.
[client 183] Ready.
[client 148] Ready.
[client 153] Ready.
[client 154] Ready.
[client 157] Ready.
[client 186] Ready.
[client 152] Ready.
[client 156] Ready.
[client 190] Ready.
[client 185] Ready.
[client 188] Ready.
[client 187] Ready.
[client 182] Ready.
[client 192] Ready.
[client 162] Ready.
[client 189] Ready.
[client 191] Ready.
[client 173] Ready.
[client 197] Ready.
[client 201] Ready.
[client 172] Ready.
[client 199] Ready.
[client 200] Ready.
[client 198] Ready.
[client 174] Ready.
[client 203] Ready.
[client 171] Ready.
[client 175] Ready.
[client 180] Ready.
[client 177] Ready.
[client 202] Ready.
[client 179] Ready.
[client 176] Ready.
[client 209] Ready.
[client 178] Ready.
[client 206] Ready.
[client 207] Ready.
[client 204] Ready.
[client 208] Ready.
[client 213] Ready.
[client 217] Ready.
[client 212] Ready.
[client 211] Ready.
[client 210] Ready.
[client 214] Ready.
[client 226] Ready.
[client 236] Ready.
[client 227] Ready.
[client 225] Ready.
[client 229] Ready.
[client 230] Ready.
[client 228] Ready.
[client 232] Ready.
[client 233] Ready.
[client 231] Ready.
[client 234] Ready.
[client 235] Ready.
[client 237] Ready.
[client 241] Ready.
[client 239] Ready.
[client 299] Ready.
[client 238] Ready.
[client 302] Ready.
[client 242] Ready.
[client 245] Ready.
[client 305] Ready.
[client 308] Ready.
[client 303] Ready.
[client 240] Ready.
[client 243] Ready.
[client 306] Ready.
[client 246] Ready.
[client 300] Ready.
[client 301] Ready.
[client 244] Ready.
[client 307] Ready.
[client 251] Ready.
[client 309] Ready.
[client 304] Ready.
[client 255] Ready.
[client 310] Ready.
[client 23] Ready.
[client 250] Ready.
[client 252] Ready.
[client 253] Ready.
[client 254] Ready.
[client 319] Ready.
[client 320] Ready.
[client 322] Ready.
[client 321] Ready.
[client 270] Ready.
[client 272] Ready.
[client 333] Ready.
[client 324] Ready.
[client 323] Ready.
[client 266] Ready.
[client 263] Ready.
[client 265] Ready.
[client 268] Ready.
[client 325] Ready.
[client 264] Ready.
[client 269] Ready.
[client 326] Ready.
[client 267] Ready.
[client 271] Ready.
[client 273] Ready.
[client 280] Ready.
[client 277] Ready.
[client 28] Ready.
[client 274] Ready.
[client 335] Ready.
[client 338] Ready.
[client 276] Ready.
[client 275] Ready.
[client 337] Ready.
[client 339] Ready.
[client 278] Ready.
[client 282] Ready.
[client 340] Ready.
[client 281] Ready.
[client 341] Ready.
[client 285] Ready.
[client 279] Ready.
[client 344] Ready.
[client 284] Ready.
[client 336] Ready.
[client 342] Ready.
[client 345] Ready.
[client 349] Ready.
[client 343] Ready.
[client 48] Ready.
[client 348] Ready.
[client 283] Ready.
[client 354] Ready.
[client 351] Ready.
[client 346] Ready.
[client 347] Ready.
[client 352] Ready.
[client 355] Ready.
[client 356] Ready.
[client 353] Ready.
[client 358] Ready.
[client 359] Ready.
[client 72] Ready.
[client 360] Ready.
[client 47] Ready.
[client 51] Ready.
[client 370] Ready.
[client 368] Ready.
[client 369] Ready.
[client 371] Ready.
[client 364] Ready.
[client 380] Ready.
[client 357] Ready.
[client 66] Ready.
[client 105] Ready.
[client 69] Ready.
[client 104] Ready.
[client 78] Ready.
[client 132] Ready.
[client 128] Ready.
[client 76] Ready.
[client 133] Ready.
[client 73] Ready.
[client 136] Ready.
[client 67] Ready.
[client 108] Ready.
[client 99] Ready.
[client 81] Ready.
[client 113] Ready.
[client 110] Ready.
[client 84] Ready.
[client 80] Ready.
[client 70] Ready.
[client 131] Ready.
[client 71] Ready.
[client 109] Ready.
[client 107] Ready.
[client 112] Ready.
[client 115] Ready.
[client 65] Ready.
[client 139] Ready.
[client 164] Ready.
[client 68] Ready.
[client 111] Ready.
[client 137] Ready.
[client 114] Ready.
[client 135] Ready.
[client 79] Ready.
[client 116] Ready.
[client 170] Ready.
[client 142] Ready.
[client 140] Ready.
[client 167] Ready.
[client 166] Ready.
[client 160] Ready.
[client 143] Ready.
[client 194] Ready.
[client 168] Ready.
[client 163] Ready.
[client 165] Ready.
[client 134] Ready.
[client 138] Ready.
[client 249] Ready.
[client 158] Ready.
[client 169] Ready.
[client 195] Ready.
[client 224] Ready.
[client 218] Ready.
[client 205] Ready.
[client 292] Ready.
[client 219] Ready.
[client 215] Ready.
[client 220] Ready.
[client 221] Ready.
[client 290] Ready.
[client 260] Ready.
[client 216] Ready.
[client 222] Ready.
[client 293] Ready.
[client 256] Ready.
[client 223] Ready.
[client 193] Ready.
[client 161] Ready.
[client 159] Ready.
[client 261] Ready.
[client 257] Ready.
[client 295] Ready.
[client 262] Ready.
[client 196] Ready.
[client 331] Ready.
[client 286] Ready.
[client 259] Ready.
[client 248] Ready.
[client 258] Ready.
[client 332] Ready.
[client 288] Ready.
[client 287] Ready.
[client 289] Ready.
[client 297] Ready.
[client 247] Ready.
[client 362] Ready.
[client 313] Ready.
[client 316] Ready.
[client 312] Ready.
[client 329] Ready.
[client 291] Ready.
[client 314] Ready.
[client 317] Ready.
[client 311] Ready.
[client 315] Ready.
[client 330] Ready.
[client 298] Ready.
[client 318] Ready.
[client 328] Ready.
[client 350] Ready.
[client 296] Ready.
[client 465] Ready.
[client 466] Ready.
[client 334] Ready.
[client 363] Ready.
[client 428] Ready.
[client 373] Ready.
[client 490] Ready.
[client 429] Ready.
[client 421] Ready.
[client 422] Ready.
[client 426] Ready.
[client 424] Ready.
[client 417] Ready.
[client 427] Ready.
[client 489] Ready.
[client 402] Ready.
[client 420] Ready.
[client 381] Ready.
[client 416] Ready.
[client 425] Ready.
[client 367] Ready.
[client 418] Ready.
[client 463] Ready.
[client 423] Ready.
[client 491] Ready.
[client 361] Ready.
[client 407] Ready.
[client 405] Ready.
[client 378] Ready.
[client 457] Ready.
[client 458] Ready.
[client 63] Ready.
[client 459] Ready.
[client 460] Ready.
[client 404] Ready.
[client 456] Ready.
[client 461] Ready.
[client 455] Ready.
[client 408] Ready.
[client 454] Ready.
[client 451] Ready.
[client 399] Ready.
[client 406] Ready.
[client 452] Ready.
[client 411] Ready.
[client 403] Ready.
[client 398] Ready.
[client 365] Ready.
[client 366] Ready.
[client 327] Ready.
[client 484] Ready.
[client 419] Ready.
[client 415] Ready.
[client 409] Ready.
[client 413] Ready.
[client 414] Ready.
[client 397] Ready.
[client 410] Ready.
[client 294] Ready.
[client 480] Ready.
[client 453] Ready.
[client 477] Ready.
[client 481] Ready.
[client 486] Ready.
[client 487] Ready.
[client 400] Ready.
[client 488] Ready.
[client 444] Ready.
[client 441] Ready.
[client 450] Ready.
[client 485] Ready.
[client 376] Ready.
[client 401] Ready.
[client 412] Ready.
[client 396] Ready.
[client 482] Ready.
[client 449] Ready.
[client 483] Ready.
[client 502] Ready.
[client 375] Ready.
[client 395] Ready.
[client 440] Ready.
[client 439] Ready.
[client 446] Ready.
[client 445] Ready.
[client 382] Ready.
[client 442] Ready.
[client 394] Ready.
[client 479] Ready.
[client 372] Ready.
[client 509] Ready.
[client 393] Ready.
[client 478] Ready.
[client 501] Ready.
[client 448] Ready.
[client 511] Ready.
[client 443] Ready.
[client 507] Ready.
[client 475] Ready.
[client 510] Ready.
[client 434] Ready.
[client 508] Ready.
[client 447] Ready.
[client 473] Ready.
[client 474] Ready.
[client 437] Ready.
[client 435] Ready.
[client 472] Ready.
[client 476] Ready.
[client 432] Ready.
[client 436] Ready.
[client 504] Ready.
[client 431] Ready.
[client 433] Ready.
[client 503] Ready.
[client 438] Ready.
[client 506] Ready.
[client 499] Ready.
[client 497] Ready.
[client 498] Ready.
[client 505] Ready.
[client 389] Ready.
[client 469] Ready.
[client 495] Ready.
[client 383] Ready.
[client 384] Ready.
[client 467] Ready.
[client 391] Ready.
[client 392] Ready.
[client 470] Ready.
[client 387] Ready.
[client 494] Ready.
[client 500] Ready.
[client 468] Ready.
[client 390] Ready.
[client 386] Ready.
[client 374] Ready.
[client 493] Ready.
[client 385] Ready.
[client 377] Ready.
[client 388] Ready.
[client 496] Ready.
[client 379] Ready.
[client 471] Ready.
[client 492] Ready.
[client 462] Ready.
[client 430] Ready.
[client 464] Ready.
[client] all clients ready...
wait to be able to send pkt if necessary
start to send pkt
timeout key 8460000 from client 398 to server 2
switch dynamic rulemap from period 0 to 1
switch dynamic rulemap from period 1 to 2
switch dynamic rulemap from period 2 to 3
switch dynamic rulemap from period 3 to 4
switch dynamic rulemap from period 4 to 5
switch dynamic rulemap from period 5 to 6
[client] all clients finish!
[client] processing statistics

thpt interval: 1 s, seccnt: 70

[sec 0]

overall totalpktcnt: 467294, throughput (MOPS): 0.445646

[sec 1]

overall totalpktcnt: 458786, throughput (MOPS): 0.437532

[sec 2]

overall totalpktcnt: 454147, throughput (MOPS): 0.433108

[sec 3]

overall totalpktcnt: 494820, throughput (MOPS): 0.471897

[sec 4]

overall totalpktcnt: 499725, throughput (MOPS): 0.476575

[sec 5]

overall totalpktcnt: 511938, throughput (MOPS): 0.488222

[sec 6]

overall totalpktcnt: 505982, throughput (MOPS): 0.482542

[sec 7]

overall totalpktcnt: 503153, throughput (MOPS): 0.479844

[sec 8]

overall totalpktcnt: 517271, throughput (MOPS): 0.493308

[sec 9]

overall totalpktcnt: 520525, throughput (MOPS): 0.496411

[sec 10]

overall totalpktcnt: 450138, throughput (MOPS): 0.429285

[sec 11]

overall totalpktcnt: 509713, throughput (MOPS): 0.486100

[sec 12]

overall totalpktcnt: 524194, throughput (MOPS): 0.499910

[sec 13]

overall totalpktcnt: 520339, throughput (MOPS): 0.496234

[sec 14]

overall totalpktcnt: 514014, throughput (MOPS): 0.490202

[sec 15]

overall totalpktcnt: 510192, throughput (MOPS): 0.486557

[sec 16]

overall totalpktcnt: 517084, throughput (MOPS): 0.493130

[sec 17]

overall totalpktcnt: 510143, throughput (MOPS): 0.486510

[sec 18]

overall totalpktcnt: 515315, throughput (MOPS): 0.491443

[sec 19]

overall totalpktcnt: 512037, throughput (MOPS): 0.488317

[sec 20]

overall totalpktcnt: 445455, throughput (MOPS): 0.424819

[sec 21]

overall totalpktcnt: 498486, throughput (MOPS): 0.475393

[sec 22]

overall totalpktcnt: 506383, throughput (MOPS): 0.482924

[sec 23]

overall totalpktcnt: 509711, throughput (MOPS): 0.486098

[sec 24]

overall totalpktcnt: 502185, throughput (MOPS): 0.478921

[sec 25]

overall totalpktcnt: 485841, throughput (MOPS): 0.463334

[sec 26]

overall totalpktcnt: 490614, throughput (MOPS): 0.467886

[sec 27]

overall totalpktcnt: 486140, throughput (MOPS): 0.463619

[sec 28]

overall totalpktcnt: 482568, throughput (MOPS): 0.460213

[sec 29]

overall totalpktcnt: 491479, throughput (MOPS): 0.468711

[sec 30]

overall totalpktcnt: 395307, throughput (MOPS): 0.376994

[sec 31]

overall totalpktcnt: 477161, throughput (MOPS): 0.455056

[sec 32]

overall totalpktcnt: 486619, throughput (MOPS): 0.464076

[sec 33]

overall totalpktcnt: 482987, throughput (MOPS): 0.460612

[sec 34]

overall totalpktcnt: 491559, throughput (MOPS): 0.468787

[sec 35]

overall totalpktcnt: 479570, throughput (MOPS): 0.457354

[sec 36]

overall totalpktcnt: 492572, throughput (MOPS): 0.469753

[sec 37]

overall totalpktcnt: 474466, throughput (MOPS): 0.452486

[sec 38]

overall totalpktcnt: 469947, throughput (MOPS): 0.448176

[sec 39]

overall totalpktcnt: 470115, throughput (MOPS): 0.448337

[sec 40]

overall totalpktcnt: 423758, throughput (MOPS): 0.404127

[sec 41]

overall totalpktcnt: 451375, throughput (MOPS): 0.430465

[sec 42]

overall totalpktcnt: 462852, throughput (MOPS): 0.441410

[sec 43]

overall totalpktcnt: 467837, throughput (MOPS): 0.446164

[sec 44]

overall totalpktcnt: 466336, throughput (MOPS): 0.444733

[sec 45]

overall totalpktcnt: 443564, throughput (MOPS): 0.423016

[sec 46]

overall totalpktcnt: 466537, throughput (MOPS): 0.444924

[sec 47]

overall totalpktcnt: 470524, throughput (MOPS): 0.448727

[sec 48]

overall totalpktcnt: 475897, throughput (MOPS): 0.453851

[sec 49]

overall totalpktcnt: 463490, throughput (MOPS): 0.442019

[sec 50]

overall totalpktcnt: 424029, throughput (MOPS): 0.404386

[sec 51]

overall totalpktcnt: 438638, throughput (MOPS): 0.418318

[sec 52]

overall totalpktcnt: 459896, throughput (MOPS): 0.438591

[sec 53]

overall totalpktcnt: 458194, throughput (MOPS): 0.436968

[sec 54]

overall totalpktcnt: 442576, throughput (MOPS): 0.422073

[sec 55]

overall totalpktcnt: 411055, throughput (MOPS): 0.392013

[sec 56]

overall totalpktcnt: 453542, throughput (MOPS): 0.432531

[sec 57]

overall totalpktcnt: 440594, throughput (MOPS): 0.420183

[sec 58]

overall totalpktcnt: 451821, throughput (MOPS): 0.430890

[sec 59]

overall totalpktcnt: 449760, throughput (MOPS): 0.428925

[sec 60]

overall totalpktcnt: 409583, throughput (MOPS): 0.390609

[sec 61]

overall totalpktcnt: 431176, throughput (MOPS): 0.411201

[sec 62]

overall totalpktcnt: 443425, throughput (MOPS): 0.422883

[sec 63]

overall totalpktcnt: 437689, throughput (MOPS): 0.417413

[sec 64]

overall totalpktcnt: 439990, throughput (MOPS): 0.419607

[sec 65]

overall totalpktcnt: 417913, throughput (MOPS): 0.398553

[sec 66]

overall totalpktcnt: 433546, throughput (MOPS): 0.413462

[sec 67]

overall totalpktcnt: 430496, throughput (MOPS): 0.410553

[sec 68]

overall totalpktcnt: 436782, throughput (MOPS): 0.416548

[sec 69]

overall totalpktcnt: 435767, throughput (MOPS): 0.415580

[Latency Statistics of total_latency_list ]
| min | max | avg | 90th | 99th | largest | median | sum |
| 12.291 | 113888 | 1087.11 | 3068.03 | 12863.1 | 113888 | 70.345 | 3.58473e+10 |
[Latency Statistics of perclient_avgsend_latency_list ]
| min | max | avg | 90th | 99th | largest | median | sum |
| 5.4916 | 5.83014 | 5.65781 | 5.7371 | 5.78287 | 5.83014 | 5.66308 | 2896.8 |
[Latency Statistics of perclient_avgwait_latency_list ]
| min | max | avg | 90th | 99th | largest | median | sum |
| 1.96343 | 2.14533 | 2.03861 | 2.08054 | 2.12257 | 2.14533 | 2.03758 | 1043.77 |
total_unmatched_cnt: 0
total_timeout_cnt: 2
client-side total pktcnt: 32974690, total time: 70.117471 s, total thpt: 0.448492 MOPS
cache hit pktcnt: 15930057
per-server pktcnt: 2130764 2131991 2127962 2130678 2131442 2132872 2128570 2130354

per-sec total throughput:
467109 458727 454116 494781 499743 511925 506006 503187 517272 520538 450155 509635 524269 520266 514069 510232 517030 510107 515294 512090 445421 498511 506390 509723 502163 485840 490634 486129 482605 491459 395343 477086 486668 482964 491555 479638 492537 474422 470004 470115 423751 451330 462899 467795 466359 443589 466513 470517 475862 463529 424083 438594 459913 458154 442611 411029 453585 440534 451849 449733 409765 431051 443456 437650 440053 417839 433574 430495 436715 435837

per-sec per-server throughput:
29973 29677 30370 29979 29907 30170 30211 30150
29168 29141 28931 28973 29266 29100 29080 29069
28694 28975 28698 29114 28762 28683 28928 28910
31451 31683 31444 31527 31462 31282 31356 31232
31932 31649 31623 31704 31578 31625 31486 31771
32822 32687 32732 32161 32600 32553 32402 32294
31862 32233 32493 32096 32304 32112 32031 32027
31972 32053 31797 32207 31915 32207 31868 32016
32796 32896 32792 32613 32753 32913 32744 33120
33005 33292 33016 33118 32999 33184 33059 32968
32033 31752 31713 31555 31615 31929 31971 32608
32832 32692 32556 33012 33084 32944 32670 33106
33028 33444 33491 33374 33308 33510 33755 33444
32954 32903 33182 33229 32887 33040 33345 33191
32938 32877 32675 32788 33070 32890 32853 32736
32509 33011 32508 32665 32492 32467 32454 32398
32677 33062 32721 33157 33043 32963 32897 33128
32959 32694 32510 32556 32636 32419 32470 32461
32963 33195 32909 32879 32688 32794 32868 32771
32617 32660 32337 32612 32934 32597 32663 32300
30944 31702 31199 30931 31814 31439 31190 31520
32781 32468 32566 32612 32628 32593 32199 32507
32257 32084 32629 32190 32347 32318 32445 32683
32454 32427 32532 32645 32604 32563 32631 32477
32223 32094 31927 32019 32241 32308 31863 31950
31047 30774 31225 30949 31225 31090 30848 31122
31228 31147 31113 31629 31157 31614 31190 31254
30692 31333 30864 31371 30996 31063 31002 31071
30952 30948 30557 30866 30727 31214 30987 31112
31039 31476 31382 31537 31406 31480 31484 31383
28304 28043 28100 27515 27726 28081 27832 27931
31496 31769 31683 31329 31368 31184 31234 31521
30981 31500 31115 31797 31020 30800 31193 31348
30898 30886 30975 30925 30908 30874 30812 31140
31399 31869 31038 31571 31458 31286 31504 31643
31076 30474 30481 30813 30651 30570 30628 30640
31681 31052 31490 31379 31732 31616 31552 31761
30312 30380 30634 30282 30775 30343 30317 30535
30043 30305 29964 30274 30081 30161 29762 30030
30179 30146 29937 30218 30260 30346 30195 30150
29390 29922 29768 29297 29515 29690 29541 29515
29821 29934 29836 30230 29759 29899 29963 29836
29841 29670 29760 29727 29737 29767 29639 29590
30320 29927 29662 29817 30243 30216 29828 30083
29650 29960 29781 29624 29666 30066 29846 30090
28684 28186 28334 28471 28827 28868 28176 28413
30133 29988 29837 29823 29992 30015 30025 29988
29820 30254 29898 30097 30264 30468 30077 30078
30614 30360 30739 30360 30736 30545 30493 30532
29854 29535 29815 29798 29782 29932 29593 29726
29659 29527 29187 29606 29703 29518 29610 29374
29266 29161 29065 29344 28968 28855 29350 28970
29520 29561 29630 29395 29485 29445 29478 29548
29424 29442 29649 29125 29409 29361 29530 29447
28566 28458 28560 28685 28524 28629 28446 28471
26370 26424 26384 26668 26305 26671 26303 26338
29354 29120 29096 29168 29112 29224 29373 28923
28134 28206 28086 28094 28416 28145 28435 28261
29168 29105 28965 28988 29058 28850 29023 29101
28686 28866 28768 28617 28844 29167 28933 28811
28604 28780 28946 28802 28611 28499 28953 28676
28245 28240 28624 28773 28455 28289 28514 28294
28586 28770 28496 28754 28624 28450 28470 28385
28286 28104 27931 28297 28259 28070 28278 27840
28589 28077 28305 28375 28515 28393 28297 28065
26785 27082 26830 26972 26698 27105 26842 26845
27953 28032 27943 27641 27945 28027 27815 27959
27954 28032 27892 27821 27590 27730 27618 27680
28124 27920 28095 28236 27907 28215 28106 27960
28176 27878 28159 27885 28040 28424 28017 28058
Finish dumping statistics!
