workload_name: synthetic
workload_mode: 1
dynamic_periodnum: 7
dynamic_periodinterval: 10
dynamic_ruleprefix: dynamicrules/synthetic-hotin.out
val_t::MAX_VALLEN: 128
ParserIterator::load_batch_size: 10000
client_physical_num: 2
server_physical_num: 2
client_total_logical_num: 1024
server_total_logical_num: 8
server_total_logical_num_for_rotation: 128
max_server_total_logical_num: 8

client_rotationdataserver_port: 1025
client_sendpktserver_port_start: 1026
client_rulemapserver_port_start: 1036
client_worker_port_start: 8888

client_logical_nums[0]: 512
client_ips[0]: 10.0.1.11
client_macs[0]: 3c:fd:fe:bb:ca:79
client_fpports[0]: 11/0
client_pipeidxes[0]: 0
client_logical_nums[1]: 512
client_ips[1]: 10.0.1.15
client_macs[1]: 3c:fd:fe:b5:28:59
client_fpports[1]: 1/0
client_pipeidxes[1]: 1

server_load_factor: 5
server_worker_port_start: 1152
server_evictserver_port_start: 2222
server_snapshotserver_port_start: 3333
server_snapshotdataserver_port_start: 4444
transaction_loadfinishserver_port: 8000

server_worker_corenums[0]: 16
server_total_corenums[0]: 24
server_logical_idxes_list[0]: 0 1 2 3 
server_ips[0]: 10.0.1.16
server_macs[0]: 3c:fd:fe:b5:1f:e1
server_fpports[0]: 16/0
server_pipeidxes[0]: 0
server_ip_for_controller_list[0]: 172.16.112.16
server_worker_corenums[1]: 16
server_total_corenums[1]: 48
server_logical_idxes_list[1]: 4 5 6 7 
server_ips[1]: 10.0.1.13
server_macs[1]: 3c:fd:fe:bb:c9:c8
server_fpports[1]: 13/0
server_pipeidxes[1]: 0
server_ip_for_controller_list[1]: 172.16.112.13

controller ip for server: 172.16.112.16
controller ip for switchos: 172.16.112.16
controller_popserver_port_start: 5555
controller_evictserver_port: 5002
controller_snapshot_period: 10000
controller_warmupfinishserver_port: 5010

switch_partition_count: 32768
switch_kv_bucket_num: 10000
switch_pipeline_num: 2
val_t::SWITCH_MAX_VALLEN: 128
switchos_popserver_port: 5003
switchos ip: 172.16.112.17
switchos_sample_cnt: 10
switchos_snapshotserver_port: 5004
switchos_specialcaseserver_port: 5005
switchos_ptf_popserver_port: 5006
switchos_ptf_snapshotserver_port: 5007

reflector ip for switchos: 172.16.112.16
reflector_dp2cpserver_port: 5008
reflector_cp2dpserver_port: 5009

raw_load_workload_filename for loading phase: synthetic-load.out
server_load_workload_dir for loading phase: synthetic-load-8
raw_warmup_workload_filename for warmup phase: synthetic-warmup.out
raw_run_workload_filename for transaction phase: synthetic-run.out
client_workload_dir for transaction phase: synthetic-run-1024
perserver_keyrange: 8192

[client] prepare clients ...
[client 1] Ready.
[client 2] Ready.
[client 0] Ready.
[client 8] Ready.
[client 11] Ready.
[client 6] Ready.
[client 3] Ready.
[client 10] Ready.
[client 14] Ready.
[client 7] Ready.
[client 5] Ready.
[client 9] Ready.
[client 4] Ready.
[client 12] Ready.
[client 18] Ready.
[client 19] Ready.
[client 15] Ready.
[client 17] Ready.
[client 24] Ready.
[client 23] Ready.
[client 26] Ready.
[client 22] Ready.
[client 28] Ready.
[client 27] Ready.
[client 31] Ready.
[client 32] Ready.
[client 29] Ready.
[client 33] Ready.
[client 34] Ready.
[client 37] Ready.
[client 30] Ready.
[client 38] Ready.
[client 40] Ready.
[client 35] Ready.
[client 41] Ready.
[client 36] Ready.
[client 43] Ready.
[client 42] Ready.
[client 39] Ready.
[client 44] Ready.
[client 49] Ready.
[client 48] Ready.
[client 46] Ready.
[client 50] Ready.
[client 47] Ready.
[client 52] Ready.
[client 63] Ready.
[client 56] Ready.
[client 59] Ready.
[client 79] Ready.
[client 77] Ready.
[client 78] Ready.
[client 61] Ready.
[client 57] Ready.
[client 58] Ready.
[client 60] Ready.
[client 67] Ready.
[client 62] Ready.
[client 64] Ready.
[client 76] Ready.
[client 80] Ready.
[client 81] Ready.
[client 83] Ready.
[client 69] Ready.
[client 68] Ready.
[client 82] Ready.
[client 70] Ready.
[client 73] Ready.
[client 71] Ready.
[client 86] Ready.
[client 72] Ready.
[client 88] Ready.
[client 66] Ready.
[client 74] Ready.
[client 87] Ready.
[client 93] Ready.
[client 75] Ready.
[client 90] Ready.
[client 92] Ready.
[client 84] Ready.
[client 89] Ready.
[client 91] Ready.
[client 94] Ready.
[client 96] Ready.
[client 107] Ready.
[client 111] Ready.
[client 112] Ready.
[client 114] Ready.
[client 113] Ready.
[client 117] Ready.
[client 118] Ready.
[client 116] Ready.
[client 119] Ready.
[client 108] Ready.
[client 115] Ready.
[client 121] Ready.
[client 120] Ready.
[client 128] Ready.
[client 123] Ready.
[client 124] Ready.
[client 125] Ready.
[client 126] Ready.
[client 122] Ready.
[client 130] Ready.
[client 129] Ready.
[client 142] Ready.
[client 145] Ready.
[client 143] Ready.
[client 147] Ready.
[client 146] Ready.
[client 148] Ready.
[client 178] Ready.
[client 176] Ready.
[client 149] Ready.
[client 175] Ready.
[client 153] Ready.
[client 181] Ready.
[client 150] Ready.
[client 157] Ready.
[client 158] Ready.
[client 155] Ready.
[client 187] Ready.
[client 159] Ready.
[client 156] Ready.
[client 152] Ready.
[client 154] Ready.
[client 184] Ready.
[client 182] Ready.
[client 185] Ready.
[client 180] Ready.
[client 161] Ready.
[client 183] Ready.
[client 160] Ready.
[client 162] Ready.
[client 186] Ready.
[client 190] Ready.
[client 164] Ready.
[client 200] Ready.
[client 205] Ready.
[client 203] Ready.
[client 207] Ready.
[client 202] Ready.
[client 206] Ready.
[client 13] Ready.
[client 204] Ready.
[client 208] Ready.
[client 209] Ready.
[client 210] Ready.
[client 213] Ready.
[client 214] Ready.
[client 218] Ready.
[client 221] Ready.
[client 217] Ready.
[client 219] Ready.
[client 216] Ready.
[client 220] Ready.
[client 228] Ready.
[client 223] Ready.
[client 225] Ready.
[client 285] Ready.
[client 284] Ready.
[client 222] Ready.
[client 227] Ready.
[client 226] Ready.
[client 224] Ready.
[client 281] Ready.
[client 231] Ready.
[client 232] Ready.
[client 230] Ready.
[client 229] Ready.
[client 291] Ready.
[client 234] Ready.
[client 287] Ready.
[client 290] Ready.
[client 289] Ready.
[client 286] Ready.
[client 25] Ready.
[client 288] Ready.
[client 295] Ready.
[client 292] Ready.
[client 293] Ready.
[client 21] Ready.
[client 294] Ready.
[client 297] Ready.
[client 244] Ready.
[client 312] Ready.
[client 243] Ready.
[client 242] Ready.
[client 296] Ready.
[client 246] Ready.
[client 245] Ready.
[client 251] Ready.
[client 16] Ready.
[client 248] Ready.
[client 250] Ready.
[client 259] Ready.
[client 255] Ready.
[client 252] Ready.
[client 321] Ready.
[client 262] Ready.
[client 260] Ready.
[client 20] Ready.
[client 311] Ready.
[client 313] Ready.
[client 256] Ready.
[client 254] Ready.
[client 258] Ready.
[client 315] Ready.
[client 261] Ready.
[client 257] Ready.
[client 264] Ready.
[client 318] Ready.
[client 268] Ready.
[client 317] Ready.
[client 265] Ready.
[client 267] Ready.
[client 316] Ready.
[client 263] Ready.
[client 269] Ready.
[client 266] Ready.
[client 282] Ready.
[client 324] Ready.
[client 326] Ready.
[client 325] Ready.
[client 319] Ready.
[client 323] Ready.
[client 320] Ready.
[client 322] Ready.
[client 55] Ready.
[client 45] Ready.
[client 54] Ready.
[client 276] Ready.
[client 279] Ready.
[client 280] Ready.
[client 337] Ready.
[client 53] Ready.
[client 51] Ready.
[client 339] Ready.
[client 342] Ready.
[client 343] Ready.
[client 341] Ready.
[client 100] Ready.
[client 344] Ready.
[client 346] Ready.
[client 340] Ready.
[client 373] Ready.
[client 351] Ready.
[client 350] Ready.
[client 348] Ready.
[client 365] Ready.
[client 345] Ready.
[client 349] Ready.
[client 101] Ready.
[client 362] Ready.
[client 352] Ready.
[client 355] Ready.
[client 363] Ready.
[client 354] Ready.
[client 360] Ready.
[client 358] Ready.
[client 356] Ready.
[client 353] Ready.
[client 357] Ready.
[client 361] Ready.
[client 359] Ready.
[client 95] Ready.
[client 364] Ready.
[client 366] Ready.
[client 97] Ready.
[client 98] Ready.
[client 99] Ready.
[client 109] Ready.
[client 102] Ready.
[client 103] Ready.
[client 65] Ready.
[client 85] Ready.
[client 170] Ready.
[client 131] Ready.
[client 139] Ready.
[client 133] Ready.
[client 110] Ready.
[client 192] Ready.
[client 140] Ready.
[client 166] Ready.
[client 189] Ready.
[client 132] Ready.
[client 138] Ready.
[client 136] Ready.
[client 134] Ready.
[client 141] Ready.
[client 171] Ready.
[client 105] Ready.
[client 127] Ready.
[client 197] Ready.
[client 167] Ready.
[client 172] Ready.
[client 137] Ready.
[client 104] Ready.
[client 151] Ready.
[client 165] Ready.
[client 169] Ready.
[client 199] Ready.
[client 174] Ready.
[client 135] Ready.
[client 106] Ready.
[client 168] Ready.
[client 188] Ready.
[client 196] Ready.
[client 173] Ready.
[client 201] Ready.
[client 193] Ready.
[client 191] Ready.
[client 144] Ready.
[client 240] Ready.
[client 198] Ready.
[client 163] Ready.
[client 211] Ready.
[client 212] Ready.
[client 253] Ready.
[client 235] Ready.
[client 238] Ready.
[client 237] Ready.
[client 236] Ready.
[client 239] Ready.
[client 272] Ready.
[client 247] Ready.
[client 179] Ready.
[client 241] Ready.
[client 278] Ready.
[client 195] Ready.
[client 177] Ready.
[client 303] Ready.
[client 271] Ready.
[client 275] Ready.
[client 249] Ready.
[client 306] Ready.
[client 194] Ready.
[client 277] Ready.
[client 233] Ready.
[client 274] Ready.
[client 273] Ready.
[client 301] Ready.
[client 283] Ready.
[client 338] Ready.
[client 215] Ready.
[client 270] Ready.
[client 334] Ready.
[client 305] Ready.
[client 307] Ready.
[client 308] Ready.
[client 310] Ready.
[client 309] Ready.
[client 333] Ready.
[client 425] Ready.
[client 330] Ready.
[client 327] Ready.
[client 331] Ready.
[client 369] Ready.
[client 374] Ready.
[client 371] Ready.
[client 328] Ready.
[client 332] Ready.
[client 298] Ready.
[client 314] Ready.
[client 422] Ready.
[client 336] Ready.
[client 423] Ready.
[client 370] Ready.
[client 329] Ready.
[client 424] Ready.
[client 421] Ready.
[client 335] Ready.
[client 347] Ready.
[client 368] Ready.
[client 367] Ready.
[client 459] Ready.
[client 416] Ready.
[client 415] Ready.
[client 458] Ready.
[client 414] Ready.
[client 413] Ready.
[client 396] Ready.
[client 460] Ready.
[client 419] Ready.
[client 420] Ready.
[client 417] Ready.
[client 418] Ready.
[client 302] Ready.
[client 457] Ready.
[client 489] Ready.
[client 461] Ready.
[client 411] Ready.
[client 401] Ready.
[client 456] Ready.
[client 410] Ready.
[client 488] Ready.
[client 299] Ready.
[client 412] Ready.
[client 400] Ready.
[client 375] Ready.
[client 487] Ready.
[client 403] Ready.
[client 304] Ready.
[client 406] Ready.
[client 404] Ready.
[client 454] Ready.
[client 405] Ready.
[client 378] Ready.
[client 402] Ready.
[client 399] Ready.
[client 450] Ready.
[client 451] Ready.
[client 448] Ready.
[client 449] Ready.
[client 452] Ready.
[client 453] Ready.
[client 455] Ready.
[client 397] Ready.
[client 408] Ready.
[client 447] Ready.
[client 438] Ready.
[client 372] Ready.
[client 300] Ready.
[client 486] Ready.
[client 479] Ready.
[client 480] Ready.
[client 446] Ready.
[client 439] Ready.
[client 394] Ready.
[client 473] Ready.
[client 393] Ready.
[client 474] Ready.
[client 476] Ready.
[client 407] Ready.
[client 444] Ready.
[client 409] Ready.
[client 442] Ready.
[client 445] Ready.
[client 477] Ready.
[client 395] Ready.
[client 499] Ready.
[client 392] Ready.
[client 478] Ready.
[client 398] Ready.
[client 443] Ready.
[client 437] Ready.
[client 485] Ready.
[client 511] Ready.
[client 481] Ready.
[client 510] Ready.
[client 483] Ready.
[client 497] Ready.
[client 509] Ready.
[client 508] Ready.
[client 501] Ready.
[client 436] Ready.
[client 433] Ready.
[client 498] Ready.
[client 472] Ready.
[client 484] Ready.
[client 380] Ready.
[client 435] Ready.
[client 482] Ready.
[client 441] Ready.
[client 503] Ready.
[client 500] Ready.
[client 382] Ready.
[client 475] Ready.
[client 440] Ready.
[client 379] Ready.
[client 468] Ready.
[client 434] Ready.
[client 381] Ready.
[client 502] Ready.
[client 471] Ready.
[client 507] Ready.
[client 432] Ready.
[client 470] Ready.
[client 431] Ready.
[client 505] Ready.
[client 388] Ready.
[client 430] Ready.
[client 428] Ready.
[client 429] Ready.
[client 504] Ready.
[client 506] Ready.
[client 427] Ready.
[client 496] Ready.
[client 493] Ready.
[client 469] Ready.
[client 490] Ready.
[client 466] Ready.
[client 467] Ready.
[client 385] Ready.
[client 495] Ready.
[client 383] Ready.
[client 462] Ready.
[client 387] Ready.
[client 463] Ready.
[client 386] Ready.
[client 377] Ready.
[client 464] Ready.
[client 384] Ready.
[client 390] Ready.
[client 391] Ready.
[client 465] Ready.
[client 492] Ready.
[client 491] Ready.
[client 494] Ready.
[client 389] Ready.
[client 426] Ready.
[client 376] Ready.
[client] all clients ready...
start to send pkt
switch dynamic rulemap from period 0 to 1
switch dynamic rulemap from period 1 to 2
switch dynamic rulemap from period 2 to 3
switch dynamic rulemap from period 3 to 4
switch dynamic rulemap from period 4 to 5
switch dynamic rulemap from period 5 to 6
[client] all clients finish!
[client] processing statistics

thpt interval: 1 s, seccnt: 70

[sec 0]

overall totalpktcnt: 645636, throughput (MOPS): 0.615726

[sec 1]

overall totalpktcnt: 550651, throughput (MOPS): 0.525142

[sec 2]

overall totalpktcnt: 611092, throughput (MOPS): 0.582783

[sec 3]

overall totalpktcnt: 617423, throughput (MOPS): 0.588820

[sec 4]

overall totalpktcnt: 650729, throughput (MOPS): 0.620584

[sec 5]

overall totalpktcnt: 654975, throughput (MOPS): 0.624633

[sec 6]

overall totalpktcnt: 659241, throughput (MOPS): 0.628701

[sec 7]

overall totalpktcnt: 658945, throughput (MOPS): 0.628419

[sec 8]

overall totalpktcnt: 649379, throughput (MOPS): 0.619296

[sec 9]

overall totalpktcnt: 660609, throughput (MOPS): 0.630006

[sec 10]

overall totalpktcnt: 581542, throughput (MOPS): 0.554602

[sec 11]

overall totalpktcnt: 639182, throughput (MOPS): 0.609571

[sec 12]

overall totalpktcnt: 638450, throughput (MOPS): 0.608873

[sec 13]

overall totalpktcnt: 633804, throughput (MOPS): 0.604443

[sec 14]

overall totalpktcnt: 640198, throughput (MOPS): 0.610540

[sec 15]

overall totalpktcnt: 636476, throughput (MOPS): 0.606991

[sec 16]

overall totalpktcnt: 622415, throughput (MOPS): 0.593581

[sec 17]

overall totalpktcnt: 639677, throughput (MOPS): 0.610044

[sec 18]

overall totalpktcnt: 636446, throughput (MOPS): 0.606962

[sec 19]

overall totalpktcnt: 617869, throughput (MOPS): 0.589246

[sec 20]

overall totalpktcnt: 567943, throughput (MOPS): 0.541633

[sec 21]

overall totalpktcnt: 613159, throughput (MOPS): 0.584754

[sec 22]

overall totalpktcnt: 612208, throughput (MOPS): 0.583847

[sec 23]

overall totalpktcnt: 623712, throughput (MOPS): 0.594818

[sec 24]

overall totalpktcnt: 613977, throughput (MOPS): 0.585534

[sec 25]

overall totalpktcnt: 623578, throughput (MOPS): 0.594690

[sec 26]

overall totalpktcnt: 628861, throughput (MOPS): 0.599729

[sec 27]

overall totalpktcnt: 611723, throughput (MOPS): 0.583385

[sec 28]

overall totalpktcnt: 624735, throughput (MOPS): 0.595794

[sec 29]

overall totalpktcnt: 628572, throughput (MOPS): 0.599453

[sec 30]

overall totalpktcnt: 553943, throughput (MOPS): 0.528281

[sec 31]

overall totalpktcnt: 627957, throughput (MOPS): 0.598866

[sec 32]

overall totalpktcnt: 630631, throughput (MOPS): 0.601417

[sec 33]

overall totalpktcnt: 626936, throughput (MOPS): 0.597893

[sec 34]

overall totalpktcnt: 624609, throughput (MOPS): 0.595674

[sec 35]

overall totalpktcnt: 624522, throughput (MOPS): 0.595591

[sec 36]

overall totalpktcnt: 630268, throughput (MOPS): 0.601070

[sec 37]

overall totalpktcnt: 622849, throughput (MOPS): 0.593995

[sec 38]

overall totalpktcnt: 617034, throughput (MOPS): 0.588449

[sec 39]

overall totalpktcnt: 613123, throughput (MOPS): 0.584720

[sec 40]

overall totalpktcnt: 543874, throughput (MOPS): 0.518679

[sec 41]

overall totalpktcnt: 557454, throughput (MOPS): 0.531630

[sec 42]

overall totalpktcnt: 559521, throughput (MOPS): 0.533601

[sec 43]

overall totalpktcnt: 562400, throughput (MOPS): 0.536346

[sec 44]

overall totalpktcnt: 559324, throughput (MOPS): 0.533413

[sec 45]

overall totalpktcnt: 601891, throughput (MOPS): 0.574008

[sec 46]

overall totalpktcnt: 609846, throughput (MOPS): 0.581594

[sec 47]

overall totalpktcnt: 618001, throughput (MOPS): 0.589372

[sec 48]

overall totalpktcnt: 620408, throughput (MOPS): 0.591667

[sec 49]

overall totalpktcnt: 609524, throughput (MOPS): 0.581287

[sec 50]

overall totalpktcnt: 547277, throughput (MOPS): 0.521924

[sec 51]

overall totalpktcnt: 612636, throughput (MOPS): 0.584255

[sec 52]

overall totalpktcnt: 609149, throughput (MOPS): 0.580930

[sec 53]

overall totalpktcnt: 609195, throughput (MOPS): 0.580974

[sec 54]

overall totalpktcnt: 615802, throughput (MOPS): 0.587275

[sec 55]

overall totalpktcnt: 608912, throughput (MOPS): 0.580704

[sec 56]

overall totalpktcnt: 610777, throughput (MOPS): 0.582482

[sec 57]

overall totalpktcnt: 613781, throughput (MOPS): 0.585347

[sec 58]

overall totalpktcnt: 616991, throughput (MOPS): 0.588408

[sec 59]

overall totalpktcnt: 614463, throughput (MOPS): 0.585998

[sec 60]

overall totalpktcnt: 549017, throughput (MOPS): 0.523583

[sec 61]

overall totalpktcnt: 616487, throughput (MOPS): 0.587928

[sec 62]

overall totalpktcnt: 627104, throughput (MOPS): 0.598053

[sec 63]

overall totalpktcnt: 615586, throughput (MOPS): 0.587069

[sec 64]

overall totalpktcnt: 634283, throughput (MOPS): 0.604899

[sec 65]

overall totalpktcnt: 659914, throughput (MOPS): 0.629343

[sec 66]

overall totalpktcnt: 666406, throughput (MOPS): 0.635534

[sec 67]

overall totalpktcnt: 666918, throughput (MOPS): 0.636023

[sec 68]

overall totalpktcnt: 659482, throughput (MOPS): 0.628931

[sec 69]

overall totalpktcnt: 927690, throughput (MOPS): 0.884714

[Latency Statistics of total_latency_list ]
| min | max | avg | 90th | 99th | largest | median | sum |
| 11.302 | 190805 | 829.193 | 1729.86 | 11282.7 | 190805 | 61.717 | 3.60612e+10 |
[Latency Statistics of perclient_avgsend_latency_list ]
| min | max | avg | 90th | 99th | largest | median | sum |
| 5.61146 | 6.45202 | 6.04258 | 6.25339 | 6.3596 | 6.45202 | 6.03725 | 3093.8 |
[Latency Statistics of perclient_avgwait_latency_list ]
| min | max | avg | 90th | 99th | largest | median | sum |
| 1.62828 | 4.24699 | 2.52668 | 4.06832 | 4.15473 | 4.24699 | 1.8905 | 1293.66 |
total_unmatched_cnt: 1
total_timeout_cnt: 1
client-side total pktcnt: 43489569, total time: 70.536291 s, total thpt: 0.587994 MOPS
cache hit pktcnt: 21019230
per-server pktcnt: 2807095 2808653 2800438 2807192 2803364 2832490 2803118 2807989

per-sec total throughput:
645213 550685 611078 617436 650691 655063 659151 658937 649410 660706 581451 639107 638468 633849 640163 636475 622435 639701 636489 617837 567915 613250 612133 623721 613980 623554 628902 611705 624694 628585 553991 627929 630658 626961 624591 624436 630292 622885 617074 613071 543904 557535 559477 562357 559393 601714 609908 618000 620403 609543 547262 612659 609191 609174 615682 608909 610866 613772 617014 614508 549003 616461 627052 615629 634320 659812 666364 667047 659439 927251

per-sec per-server throughput:
41492 41854 41323 41452 41444 41917 41597 41615
35113 35212 35183 35176 34983 35006 34959 34964
38704 38799 38858 38835 38765 38890 38801 38738
39421 39260 39077 38940 39191 39299 39418 39123
41589 41434 41510 41099 41220 41065 41029 41771
41548 41247 41660 41595 41683 41840 41588 41680
41699 41666 41738 41988 42071 41861 42195 41822
41862 42163 42111 42127 41869 41896 41976 42113
41403 41709 41419 41587 41219 41262 41176 41315
41883 42096 42045 41963 42185 42096 41842 41885
40319 40360 40686 40257 40339 40481 40333 40410
40810 40665 40589 40857 40926 40519 41217 40601
41137 40622 40768 40914 40786 40602 40513 40970
40536 40574 40026 40569 40318 40182 40222 40587
40844 40476 40839 41014 40627 40982 40837 40814
40702 40646 40310 40550 40505 40317 40507 40768
40036 39665 39919 39595 39603 40127 39561 39641
41040 40832 40635 40761 41104 40870 41037 40848
40632 40417 40463 40701 40729 40403 40566 40883
38973 39774 39506 39685 39513 39317 39453 39070
39964 40560 39694 39323 39850 40087 39684 39733
39180 39096 39021 39399 39309 38885 39086 39000
39277 39123 38748 39445 39238 38814 38951 39329
40337 39495 39492 40078 39724 39775 40017 40050
38932 39154 39165 39370 39229 39131 39266 39290
39524 40187 40011 39749 39847 39903 39917 40059
40334 40117 40045 40099 40073 40341 40003 40425
39248 38949 38912 39363 38815 39314 39264 39007
40194 39955 39905 40263 39993 39910 39638 39764
40092 40300 40216 40316 40143 40143 40038 40370
39363 39244 38951 39294 38449 38896 38905 38841
40251 40359 40155 40185 39907 39895 40009 40217
40448 40411 40474 40083 40282 40434 40334 40350
39809 39934 40243 40162 39908 40205 40006 40270
39713 39840 40018 40247 40156 39796 39441 40064
40201 39866 40049 40179 40038 39922 39683 39961
40513 40078 40393 40244 40484 40153 40410 40563
39800 39911 39687 40314 39991 39690 39922 40114
39604 39802 39423 39675 39650 39717 39306 39582
39476 39284 39051 39851 38823 39114 38893 39512
38387 38104 38483 38473 38418 40397 38925 38292
35890 36004 35439 36116 35843 41618 35716 35624
36135 35925 35972 35637 35659 41633 35569 36198
35978 35871 36206 36038 36156 41611 35930 36196
35996 36164 35718 35931 35856 41586 35681 35914
38633 38671 37947 38223 38776 41000 38751 38658
38962 39431 39068 39030 39182 39830 39297 39379
39945 39792 39353 39659 39506 40624 39823 39934
39848 39679 39666 39583 40155 40469 40007 39642
39157 39538 39238 38859 39117 39825 38909 38996
38223 38483 38209 38778 38505 38611 37811 38836
39236 39718 39121 39470 39354 39260 39768 39178
39354 39543 39134 39089 38935 39133 39078 39082
38976 39274 38956 39421 39170 38639 39224 39392
39237 39596 39827 39501 39173 39639 39539 39692
39095 38764 39096 39547 39038 39504 39046 39146
39248 39291 39067 39608 39259 39262 39205 39318
39613 39783 39624 39476 39470 39162 39736 39237
39528 39954 39351 39418 40175 39671 39533 39654
39522 39898 39539 39489 39651 39317 39251 39244
38310 38329 38171 38542 38252 38119 38123 38375
39928 39578 39970 39850 39877 39545 39714 40032
40349 40268 40366 39985 40628 40331 40312 40310
39704 39690 39539 39393 39497 39902 39699 39718
40755 40704 40847 40522 41009 40753 40849 40795
42623 42746 42099 42075 42258 42469 42829 42730
43128 43404 42690 42980 42692 42654 42988 42815
42785 43024 43048 42847 42755 42929 43037 43182
42526 42625 42106 42650 42422 42380 42828 42684
59936 59577 60186 59632 59501 59474 60261 59531
Finish dumping statistics!
