workload_name: synthetic
workload_mode: 1
dynamic_periodnum: 7
dynamic_periodinterval: 10
dynamic_ruleprefix: dynamicrules/synthetic-hotin.out
val_t::MAX_VALLEN: 128
ParserIterator::load_batch_size: 10000
client_physical_num: 2
server_physical_num: 2
client_total_logical_num: 1024
server_total_logical_num: 8
server_total_logical_num_for_rotation: 128
max_server_total_logical_num: 8

client_rotationdataserver_port: 1025
client_sendpktserver_port_start: 1026
client_rulemapserver_port_start: 1036
client_worker_port_start: 8888

client_logical_nums[0]: 512
client_ips[0]: 10.0.1.11
client_macs[0]: 3c:fd:fe:bb:ca:79
client_fpports[0]: 11/0
client_pipeidxes[0]: 0
client_logical_nums[1]: 512
client_ips[1]: 10.0.1.15
client_macs[1]: 3c:fd:fe:b5:28:59
client_fpports[1]: 1/0
client_pipeidxes[1]: 1

server_load_factor: 5
server_worker_port_start: 1152
server_evictserver_port_start: 2222
server_snapshotserver_port_start: 3333
server_snapshotdataserver_port_start: 4444
transaction_loadfinishserver_port: 8000

server_worker_corenums[0]: 16
server_total_corenums[0]: 24
server_logical_idxes_list[0]: 0 1 2 3 
server_ips[0]: 10.0.1.16
server_macs[0]: 3c:fd:fe:b5:1f:e1
server_fpports[0]: 16/0
server_pipeidxes[0]: 0
server_ip_for_controller_list[0]: 172.16.112.16
server_worker_corenums[1]: 16
server_total_corenums[1]: 48
server_logical_idxes_list[1]: 4 5 6 7 
server_ips[1]: 10.0.1.13
server_macs[1]: 3c:fd:fe:bb:c9:c8
server_fpports[1]: 13/0
server_pipeidxes[1]: 0
server_ip_for_controller_list[1]: 172.16.112.13

controller ip for server: 172.16.112.16
controller ip for switchos: 172.16.112.16
controller_popserver_port_start: 5555
controller_evictserver_port: 5002
controller_snapshot_period: 10000
controller_warmupfinishserver_port: 5010

switch_partition_count: 32768
switch_kv_bucket_num: 10000
switch_pipeline_num: 2
val_t::SWITCH_MAX_VALLEN: 128
switchos_popserver_port: 5003
switchos ip: 172.16.112.17
switchos_sample_cnt: 10
switchos_snapshotserver_port: 5004
switchos_specialcaseserver_port: 5005
switchos_ptf_popserver_port: 5006
switchos_ptf_snapshotserver_port: 5007

reflector ip for switchos: 172.16.112.16
reflector_dp2cpserver_port: 5008
reflector_cp2dpserver_port: 5009

raw_load_workload_filename for loading phase: synthetic-load.out
server_load_workload_dir for loading phase: synthetic-load-8
raw_warmup_workload_filename for warmup phase: synthetic-warmup.out
raw_run_workload_filename for transaction phase: synthetic-run.out
client_workload_dir for transaction phase: synthetic-run-1024
perserver_keyrange: 8192

[client] prepare clients ...
[client 1] Ready.
[client 0] Ready.
[client 5] Ready.
[client 6] Ready.
[client 2] Ready.
[client 9] Ready.
[client 17] Ready.
[client 4] Ready.
[client 7] Ready.
[client 8] Ready.
[client 11] Ready.
[client 10] Ready.
[client 3] Ready.
[client 14] Ready.
[client 16] Ready.
[client 21] Ready.
[client 13] Ready.
[client 15] Ready.
[client 12] Ready.
[client 18] Ready.
[client 27] Ready.
[client 23] Ready.
[client 25] Ready.
[client 24] Ready.
[client 33] Ready.
[client 34] Ready.
[client 35] Ready.
[client 37] Ready.
[client 38] Ready.
[client 40] Ready.
[client 43] Ready.
[client 39] Ready.
[client 36] Ready.
[client 42] Ready.
[client 41] Ready.
[client 47] Ready.
[client 44] Ready.
[client 48] Ready.
[client 45] Ready.
[client 49] Ready.
[client 46] Ready.
[client 50] Ready.
[client 52] Ready.
[client 55] Ready.
[client 51] Ready.
[client 57] Ready.
[client 54] Ready.
[client 59] Ready.
[client 56] Ready.
[client 53] Ready.
[client 76] Ready.
[client 75] Ready.
[client 60] Ready.
[client 77] Ready.
[client 74] Ready.
[client 58] Ready.
[client 63] Ready.
[client 61] Ready.
[client 81] Ready.
[client 72] Ready.
[client 68] Ready.
[client 80] Ready.
[client 69] Ready.
[client 83] Ready.
[client 70] Ready.
[client 82] Ready.
[client 86] Ready.
[client 85] Ready.
[client 73] Ready.
[client 79] Ready.
[client 87] Ready.
[client 71] Ready.
[client 67] Ready.
[client 88] Ready.
[client 91] Ready.
[client 92] Ready.
[client 84] Ready.
[client 95] Ready.
[client 97] Ready.
[client 90] Ready.
[client 93] Ready.
[client 94] Ready.
[client 96] Ready.
[client 101] Ready.
[client 98] Ready.
[client 100] Ready.
[client 102] Ready.
[client 104] Ready.
[client 99] Ready.
[client 118] Ready.
[client 121] Ready.
[client 120] Ready.
[client 123] Ready.
[client 119] Ready.
[client 124] Ready.
[client 126] Ready.
[client 122] Ready.
[client 127] Ready.
[client 132] Ready.
[client 134] Ready.
[client 128] Ready.
[client 129] Ready.
[client 135] Ready.
[client 131] Ready.
[client 138] Ready.
[client 130] Ready.
[client 133] Ready.
[client 136] Ready.
[client 141] Ready.
[client 143] Ready.
[client 140] Ready.
[client 137] Ready.
[client 144] Ready.
[client 171] Ready.
[client 174] Ready.
[client 170] Ready.
[client 172] Ready.
[client 155] Ready.
[client 156] Ready.
[client 186] Ready.
[client 160] Ready.
[client 158] Ready.
[client 157] Ready.
[client 159] Ready.
[client 188] Ready.
[client 163] Ready.
[client 161] Ready.
[client 162] Ready.
[client 167] Ready.
[client 189] Ready.
[client 168] Ready.
[client 192] Ready.
[client 191] Ready.
[client 194] Ready.
[client 197] Ready.
[client 165] Ready.
[client 169] Ready.
[client 196] Ready.
[client 166] Ready.
[client 164] Ready.
[client 193] Ready.
[client 190] Ready.
[client 195] Ready.
[client 200] Ready.
[client 198] Ready.
[client 199] Ready.
[client 201] Ready.
[client 216] Ready.
[client 212] Ready.
[client 215] Ready.
[client 213] Ready.
[client 218] Ready.
[client 219] Ready.
[client 214] Ready.
[client 217] Ready.
[client 226] Ready.
[client 224] Ready.
[client 222] Ready.
[client 225] Ready.
[client 228] Ready.
[client 233] Ready.
[client 285] Ready.
[client 231] Ready.
[client 227] Ready.
[client 283] Ready.
[client 230] Ready.
[client 229] Ready.
[client 232] Ready.
[client 284] Ready.
[client 289] Ready.
[client 26] Ready.
[client 236] Ready.
[client 288] Ready.
[client 235] Ready.
[client 20] Ready.
[client 286] Ready.
[client 287] Ready.
[client 234] Ready.
[client 242] Ready.
[client 290] Ready.
[client 293] Ready.
[client 297] Ready.
[client 247] Ready.
[client 298] Ready.
[client 295] Ready.
[client 292] Ready.
[client 294] Ready.
[client 245] Ready.
[client 22] Ready.
[client 296] Ready.
[client 244] Ready.
[client 248] Ready.
[client 249] Ready.
[client 252] Ready.
[client 28] Ready.
[client 250] Ready.
[client 258] Ready.
[client 306] Ready.
[client 256] Ready.
[client 251] Ready.
[client 255] Ready.
[client 31] Ready.
[client 19] Ready.
[client 257] Ready.
[client 267] Ready.
[client 262] Ready.
[client 259] Ready.
[client 307] Ready.
[client 263] Ready.
[client 260] Ready.
[client 317] Ready.
[client 266] Ready.
[client 316] Ready.
[client 315] Ready.
[client 265] Ready.
[client 269] Ready.
[client 314] Ready.
[client 268] Ready.
[client 30] Ready.
[client 319] Ready.
[client 271] Ready.
[client 318] Ready.
[client 324] Ready.
[client 273] Ready.
[client 321] Ready.
[client 270] Ready.
[client 275] Ready.
[client 320] Ready.
[client 272] Ready.
[client 274] Ready.
[client 329] Ready.
[client 327] Ready.
[client 62] Ready.
[client 325] Ready.
[client 328] Ready.
[client 65] Ready.
[client 322] Ready.
[client 66] Ready.
[client 347] Ready.
[client 343] Ready.
[client 345] Ready.
[client 107] Ready.
[client 352] Ready.
[client 355] Ready.
[client 351] Ready.
[client 346] Ready.
[client 341] Ready.
[client 354] Ready.
[client 360] Ready.
[client 353] Ready.
[client 357] Ready.
[client 350] Ready.
[client 358] Ready.
[client 64] Ready.
[client 348] Ready.
[client 105] Ready.
[client 364] Ready.
[client 356] Ready.
[client 78] Ready.
[client 362] Ready.
[client 349] Ready.
[client 365] Ready.
[client 359] Ready.
[client 125] Ready.
[client 363] Ready.
[client 367] Ready.
[client 366] Ready.
[client 361] Ready.
[client 368] Ready.
[client 370] Ready.
[client 369] Ready.
[client 103] Ready.
[client 112] Ready.
[client 109] Ready.
[client 89] Ready.
[client 147] Ready.
[client 108] Ready.
[client 106] Ready.
[client 111] Ready.
[client 114] Ready.
[client 115] Ready.
[client 148] Ready.
[client 32] Ready.
[client 116] Ready.
[client 145] Ready.
[client 152] Ready.
[client 182] Ready.
[client 142] Ready.
[client 150] Ready.
[client 113] Ready.
[client 139] Ready.
[client 146] Ready.
[client 173] Ready.
[client 110] Ready.
[client 151] Ready.
[client 154] Ready.
[client 176] Ready.
[client 206] Ready.
[client 207] Ready.
[client 204] Ready.
[client 246] Ready.
[client 177] Ready.
[client 149] Ready.
[client 211] Ready.
[client 210] Ready.
[client 178] Ready.
[client 181] Ready.
[client 179] Ready.
[client 202] Ready.
[client 29] Ready.
[client 175] Ready.
[client 180] Ready.
[client 117] Ready.
[client 209] Ready.
[client 153] Ready.
[client 208] Ready.
[client 261] Ready.
[client 237] Ready.
[client 205] Ready.
[client 241] Ready.
[client 280] Ready.
[client 240] Ready.
[client 184] Ready.
[client 239] Ready.
[client 203] Ready.
[client 238] Ready.
[client 185] Ready.
[client 254] Ready.
[client 187] Ready.
[client 304] Ready.
[client 276] Ready.
[client 264] Ready.
[client 183] Ready.
[client 223] Ready.
[client 243] Ready.
[client 278] Ready.
[client 303] Ready.
[client 253] Ready.
[client 282] Ready.
[client 279] Ready.
[client 281] Ready.
[client 342] Ready.
[client 220] Ready.
[client 313] Ready.
[client 277] Ready.
[client 312] Ready.
[client 221] Ready.
[client 291] Ready.
[client 310] Ready.
[client 309] Ready.
[client 311] Ready.
[client 334] Ready.
[client 308] Ready.
[client 301] Ready.
[client 300] Ready.
[client 425] Ready.
[client 323] Ready.
[client 326] Ready.
[client 336] Ready.
[client 344] Ready.
[client 427] Ready.
[client 335] Ready.
[client 373] Ready.
[client 331] Ready.
[client 426] Ready.
[client 339] Ready.
[client 340] Ready.
[client 333] Ready.
[client 337] Ready.
[client 332] Ready.
[client 493] Ready.
[client 305] Ready.
[client 460] Ready.
[client 299] Ready.
[client 330] Ready.
[client 490] Ready.
[client 429] Ready.
[client 338] Ready.
[client 491] Ready.
[client 462] Ready.
[client 424] Ready.
[client 372] Ready.
[client 461] Ready.
[client 417] Ready.
[client 400] Ready.
[client 422] Ready.
[client 492] Ready.
[client 415] Ready.
[client 390] Ready.
[client 423] Ready.
[client 421] Ready.
[client 419] Ready.
[client 378] Ready.
[client 401] Ready.
[client 459] Ready.
[client 416] Ready.
[client 413] Ready.
[client 420] Ready.
[client 414] Ready.
[client 412] Ready.
[client 488] Ready.
[client 402] Ready.
[client 457] Ready.
[client 463] Ready.
[client 404] Ready.
[client 464] Ready.
[client 409] Ready.
[client 458] Ready.
[client 410] Ready.
[client 382] Ready.
[client 418] Ready.
[client 302] Ready.
[client 408] Ready.
[client 403] Ready.
[client 489] Ready.
[client 476] Ready.
[client 406] Ready.
[client 455] Ready.
[client 453] Ready.
[client 444] Ready.
[client 397] Ready.
[client 399] Ready.
[client 451] Ready.
[client 452] Ready.
[client 448] Ready.
[client 450] Ready.
[client 454] Ready.
[client 405] Ready.
[client 449] Ready.
[client 443] Ready.
[client 441] Ready.
[client 396] Ready.
[client 456] Ready.
[client 486] Ready.
[client 447] Ready.
[client 395] Ready.
[client 398] Ready.
[client 479] Ready.
[client 483] Ready.
[client 487] Ready.
[client 407] Ready.
[client 438] Ready.
[client 411] Ready.
[client 437] Ready.
[client 481] Ready.
[client 480] Ready.
[client 446] Ready.
[client 440] Ready.
[client 393] Ready.
[client 394] Ready.
[client 477] Ready.
[client 482] Ready.
[client 471] Ready.
[client 478] Ready.
[client 506] Ready.
[client 484] Ready.
[client 485] Ready.
[client 507] Ready.
[client 376] Ready.
[client 508] Ready.
[client 377] Ready.
[client 442] Ready.
[client 434] Ready.
[client 436] Ready.
[client 470] Ready.
[client 371] Ready.
[client 509] Ready.
[client 503] Ready.
[client 504] Ready.
[client 392] Ready.
[client 502] Ready.
[client 439] Ready.
[client 474] Ready.
[client 431] Ready.
[client 475] Ready.
[client 430] Ready.
[client 432] Ready.
[client 445] Ready.
[client 473] Ready.
[client 505] Ready.
[client 497] Ready.
[client 433] Ready.
[client 469] Ready.
[client 510] Ready.
[client 374] Ready.
[client 472] Ready.
[client 511] Ready.
[client 496] Ready.
[client 499] Ready.
[client 435] Ready.
[client 379] Ready.
[client 391] Ready.
[client 501] Ready.
[client 467] Ready.
[client 375] Ready.
[client 381] Ready.
[client 388] Ready.
[client 383] Ready.
[client 468] Ready.
[client 386] Ready.
[client 389] Ready.
[client 384] Ready.
[client 387] Ready.
[client 466] Ready.
[client 498] Ready.
[client 495] Ready.
[client 500] Ready.
[client 385] Ready.
[client 380] Ready.
[client 428] Ready.
[client 465] Ready.
[client 494] Ready.
[client] all clients ready...
start to send pkt
timeout key 91fe0000 from client 0 to server 2
switch dynamic rulemap from period 0 to 1
switch dynamic rulemap from period 1 to 2
switch dynamic rulemap from period 2 to 3
switch dynamic rulemap from period 3 to 4
switch dynamic rulemap from period 4 to 5
switch dynamic rulemap from period 5 to 6
[client] all clients finish!
[client] processing statistics

thpt interval: 1 s, seccnt: 70

[sec 0]

overall totalpktcnt: 575903, throughput (MOPS): 0.549224

[sec 1]

overall totalpktcnt: 461028, throughput (MOPS): 0.439671

[sec 2]

overall totalpktcnt: 465540, throughput (MOPS): 0.443974

[sec 3]

overall totalpktcnt: 496806, throughput (MOPS): 0.473791

[sec 4]

overall totalpktcnt: 502124, throughput (MOPS): 0.478863

[sec 5]

overall totalpktcnt: 510593, throughput (MOPS): 0.486939

[sec 6]

overall totalpktcnt: 503845, throughput (MOPS): 0.480504

[sec 7]

overall totalpktcnt: 508650, throughput (MOPS): 0.485086

[sec 8]

overall totalpktcnt: 514920, throughput (MOPS): 0.491066

[sec 9]

overall totalpktcnt: 497112, throughput (MOPS): 0.474083

[sec 10]

overall totalpktcnt: 464650, throughput (MOPS): 0.443125

[sec 11]

overall totalpktcnt: 516204, throughput (MOPS): 0.492290

[sec 12]

overall totalpktcnt: 520544, throughput (MOPS): 0.496429

[sec 13]

overall totalpktcnt: 517002, throughput (MOPS): 0.493052

[sec 14]

overall totalpktcnt: 509745, throughput (MOPS): 0.486131

[sec 15]

overall totalpktcnt: 514408, throughput (MOPS): 0.490578

[sec 16]

overall totalpktcnt: 514057, throughput (MOPS): 0.490243

[sec 17]

overall totalpktcnt: 508794, throughput (MOPS): 0.485224

[sec 18]

overall totalpktcnt: 512836, throughput (MOPS): 0.489079

[sec 19]

overall totalpktcnt: 494523, throughput (MOPS): 0.471614

[sec 20]

overall totalpktcnt: 454903, throughput (MOPS): 0.433829

[sec 21]

overall totalpktcnt: 505143, throughput (MOPS): 0.481742

[sec 22]

overall totalpktcnt: 503909, throughput (MOPS): 0.480565

[sec 23]

overall totalpktcnt: 505266, throughput (MOPS): 0.481859

[sec 24]

overall totalpktcnt: 490594, throughput (MOPS): 0.467867

[sec 25]

overall totalpktcnt: 490738, throughput (MOPS): 0.468004

[sec 26]

overall totalpktcnt: 484674, throughput (MOPS): 0.462221

[sec 27]

overall totalpktcnt: 487658, throughput (MOPS): 0.465067

[sec 28]

overall totalpktcnt: 486606, throughput (MOPS): 0.464064

[sec 29]

overall totalpktcnt: 431973, throughput (MOPS): 0.411962

[sec 30]

overall totalpktcnt: 438650, throughput (MOPS): 0.418329

[sec 31]

overall totalpktcnt: 484498, throughput (MOPS): 0.462053

[sec 32]

overall totalpktcnt: 485331, throughput (MOPS): 0.462848

[sec 33]

overall totalpktcnt: 485917, throughput (MOPS): 0.463407

[sec 34]

overall totalpktcnt: 483939, throughput (MOPS): 0.461520

[sec 35]

overall totalpktcnt: 482809, throughput (MOPS): 0.460443

[sec 36]

overall totalpktcnt: 479702, throughput (MOPS): 0.457479

[sec 37]

overall totalpktcnt: 474957, throughput (MOPS): 0.452954

[sec 38]

overall totalpktcnt: 467113, throughput (MOPS): 0.445474

[sec 39]

overall totalpktcnt: 462829, throughput (MOPS): 0.441388

[sec 40]

overall totalpktcnt: 420578, throughput (MOPS): 0.401094

[sec 41]

overall totalpktcnt: 463469, throughput (MOPS): 0.441998

[sec 42]

overall totalpktcnt: 461776, throughput (MOPS): 0.440384

[sec 43]

overall totalpktcnt: 467447, throughput (MOPS): 0.445792

[sec 44]

overall totalpktcnt: 441704, throughput (MOPS): 0.421242

[sec 45]

overall totalpktcnt: 464167, throughput (MOPS): 0.442664

[sec 46]

overall totalpktcnt: 470718, throughput (MOPS): 0.448912

[sec 47]

overall totalpktcnt: 471303, throughput (MOPS): 0.449470

[sec 48]

overall totalpktcnt: 467555, throughput (MOPS): 0.445895

[sec 49]

overall totalpktcnt: 457687, throughput (MOPS): 0.436484

[sec 50]

overall totalpktcnt: 413607, throughput (MOPS): 0.394446

[sec 51]

overall totalpktcnt: 445090, throughput (MOPS): 0.424471

[sec 52]

overall totalpktcnt: 457999, throughput (MOPS): 0.436782

[sec 53]

overall totalpktcnt: 455147, throughput (MOPS): 0.434062

[sec 54]

overall totalpktcnt: 406996, throughput (MOPS): 0.388142

[sec 55]

overall totalpktcnt: 453568, throughput (MOPS): 0.432556

[sec 56]

overall totalpktcnt: 438836, throughput (MOPS): 0.418507

[sec 57]

overall totalpktcnt: 450353, throughput (MOPS): 0.429490

[sec 58]

overall totalpktcnt: 445453, throughput (MOPS): 0.424817

[sec 59]

overall totalpktcnt: 443740, throughput (MOPS): 0.423183

[sec 60]

overall totalpktcnt: 402713, throughput (MOPS): 0.384057

[sec 61]

overall totalpktcnt: 444915, throughput (MOPS): 0.424304

[sec 62]

overall totalpktcnt: 446490, throughput (MOPS): 0.425806

[sec 63]

overall totalpktcnt: 436393, throughput (MOPS): 0.416177

[sec 64]

overall totalpktcnt: 421428, throughput (MOPS): 0.401905

[sec 65]

overall totalpktcnt: 430442, throughput (MOPS): 0.410501

[sec 66]

overall totalpktcnt: 434620, throughput (MOPS): 0.414486

[sec 67]

overall totalpktcnt: 431500, throughput (MOPS): 0.411510

[sec 68]

overall totalpktcnt: 437137, throughput (MOPS): 0.416886

[sec 69]

overall totalpktcnt: 592330, throughput (MOPS): 0.564890

[Latency Statistics of total_latency_list ]
| min | max | avg | 90th | 99th | largest | median | sum |
| 10.844 | 200098 | 1085.95 | 3044.19 | 12849.3 | 200098 | 73.788 | 3.60232e+10 |
[Latency Statistics of perclient_avgsend_latency_list ]
| min | max | avg | 90th | 99th | largest | median | sum |
| 5.22153 | 5.78018 | 5.51818 | 5.64404 | 5.71676 | 5.78018 | 5.51588 | 2825.31 |
[Latency Statistics of perclient_avgwait_latency_list ]
| min | max | avg | 90th | 99th | largest | median | sum |
| 2.35511 | 5.77541 | 4.16254 | 5.52661 | 5.67619 | 5.77541 | 4.46941 | 2131.22 |
total_unmatched_cnt: 1
total_timeout_cnt: 1
client-side total pktcnt: 33171898, total time: 70.516079 s, total thpt: 0.448624 MOPS
cache hit pktcnt: 16017747
per-server pktcnt: 2142910 2145159 2140883 2147645 2144205 2145668 2141308 2146373

per-sec total throughput:
575559 461095 465427 496868 502101 510578 503880 508612 514951 497150 464624 516118 520479 517158 509738 514413 514047 508790 512784 494545 454932 505146 503743 505394 490715 490616 484725 487672 486499 432019 438708 484503 485208 486023 484051 482709 479721 474973 467075 462771 420638 463474 461770 467389 441752 464180 470730 471236 467648 457634 413662 445039 458014 455091 407058 453552 438887 450282 445522 443178 403238 444977 446525 436214 421555 430360 434679 431473 437157 592026

per-sec per-server throughput:
36979 37028 36661 36590 36683 37157 36897 36898
29351 29348 29333 29493 29325 29538 29181 29293
29532 29709 29860 29738 29635 29216 29516 29490
31651 31844 31342 31333 31527 31649 31767 31417
31918 32062 31892 31850 31859 31866 31995 31966
32729 32344 32560 32359 32224 32344 32114 32642
31815 31794 31995 32009 32019 32163 31906 32048
32240 32004 32362 32357 32368 32496 32618 32154
32631 32614 32656 32726 32971 32577 32843 32906
31622 31781 31832 31782 31561 31764 31766 31929
33442 33519 33208 33196 32894 33124 33022 33730
32800 33005 33077 33278 32946 32868 32616 32845
32834 33366 33232 33222 33406 33176 33203 33107
32822 32969 32973 32858 32851 33270 32831 32947
32589 32603 32431 32444 32707 32164 33116 32428
32922 32806 32864 32856 32883 32950 32581 32900
32771 32901 32535 33127 32804 32712 32531 32855
32697 32128 32335 32558 32392 32370 32316 32914
32665 32640 32643 32649 32652 32470 32764 32588
31401 31371 31528 31630 31439 31919 31446 31511
32731 32990 32500 32058 32824 32538 32379 32703
32594 31931 32177 32766 32421 32335 32578 32241
32263 32278 32211 32303 32579 32362 32108 32354
32191 32065 32248 32392 32391 32409 32217 32537
31295 31628 31355 31444 31624 31224 31415 31212
31197 31487 31413 31282 31351 31564 31472 31071
30872 31070 31036 31186 31025 30805 30829 30946
31446 30909 30848 31397 31241 31087 31053 31566
31026 31214 30940 31076 31088 30826 31127 31094
27840 27746 27359 27774 27745 27354 27588 27846
31566 31358 31438 31529 31139 31506 31372 31589
31052 30921 31220 31361 31297 31190 31209 31005
30769 31323 31276 30978 31071 31303 31329 30967
30968 31094 31114 30947 31030 31468 30824 31598
31176 30677 30864 31533 30793 30834 31190 30923
30995 31157 30694 31064 31054 31038 30619 30916
30653 30587 30826 30735 30607 30917 30613 30883
30325 30511 30418 30650 30413 30329 30367 30721
30422 29935 29928 30171 29531 30093 29791 29810
29707 29814 29344 29645 29488 29631 29676 29482
29841 30659 30099 29813 29825 29897 29878 30080
29817 29715 30116 29811 30104 30041 30061 30009
29473 29417 29561 29744 29700 29831 29597 29489
29759 29904 30128 29982 30029 30200 29438 30037
28471 27838 28398 28640 28561 28134 28279 28562
29744 29896 29855 30177 29521 29822 29738 29757
30085 29955 30452 29969 30429 30128 30269 29987
30091 30244 29877 30230 30402 30525 30410 30240
30188 29878 29983 30194 30105 29791 29945 30414
29406 29674 29158 29848 29474 29422 28674 29568
29297 29374 29296 29534 29158 29420 29438 29276
29210 29010 28879 29473 28888 29232 29263 28953
29379 29514 29418 29255 29545 29747 29479 29415
29449 29199 29140 29194 29362 29297 29045 29473
26123 26345 26054 26204 26066 26283 26234 26009
29269 29187 29366 29025 29036 29469 28952 29371
28170 27910 28205 28274 28348 28141 27974 28354
28837 28885 28795 28883 28972 29180 28907 28843
28612 28812 28055 28794 28839 28458 28919 28544
28428 28522 28434 28702 28404 28645 28339 28741
28735 28853 28726 28323 28326 28500 28851 28698
28893 29062 28967 29074 29110 29232 29033 28971
28872 28728 28886 28411 28921 28972 28805 28725
28074 28060 28003 28439 28218 27993 28044 28124
27104 27464 26936 27263 27319 27179 26913 27321
27571 27693 27818 27985 27543 27727 27868 27647
27620 28088 27718 28068 28258 28044 27980 27909
27788 28224 27641 27600 27826 27910 27838 27965
28278 28243 28073 28217 28100 27919 28049 28036
37771 38222 38269 38116 37895 37864 38246 37768
Finish dumping statistics!
