workload_name: synthetic
workload_mode: 1
dynamic_periodnum: 7
dynamic_periodinterval: 10
dynamic_ruleprefix: dynamicrules/synthetic-hotin.out
val_t::MAX_VALLEN: 128
ParserIterator::load_batch_size: 10000
client_physical_num: 2
server_physical_num: 2
client_total_logical_num: 1024
server_total_logical_num: 8
server_total_logical_num_for_rotation: 128
max_server_total_logical_num: 8

client_rotationdataserver_port: 1025
client_sendpktserver_port_start: 1026
client_rulemapserver_port_start: 1036
client_worker_port_start: 8888

client_logical_nums[0]: 512
client_ips[0]: 10.0.1.11
client_macs[0]: 3c:fd:fe:bb:ca:79
client_fpports[0]: 11/0
client_pipeidxes[0]: 0
client_logical_nums[1]: 512
client_ips[1]: 10.0.1.15
client_macs[1]: 3c:fd:fe:b5:28:59
client_fpports[1]: 1/0
client_pipeidxes[1]: 1

server_load_factor: 5
server_worker_port_start: 1152
server_evictserver_port_start: 2222
server_snapshotserver_port_start: 3333
server_snapshotdataserver_port_start: 4444
transaction_loadfinishserver_port: 8000

server_worker_corenums[0]: 16
server_total_corenums[0]: 24
server_logical_idxes_list[0]: 0 1 2 3 
server_ips[0]: 10.0.1.16
server_macs[0]: 3c:fd:fe:b5:1f:e1
server_fpports[0]: 16/0
server_pipeidxes[0]: 0
server_ip_for_controller_list[0]: 172.16.112.16
server_worker_corenums[1]: 16
server_total_corenums[1]: 48
server_logical_idxes_list[1]: 4 5 6 7 
server_ips[1]: 10.0.1.13
server_macs[1]: 3c:fd:fe:bb:c9:c8
server_fpports[1]: 13/0
server_pipeidxes[1]: 0
server_ip_for_controller_list[1]: 172.16.112.13

controller ip for server: 172.16.112.16
controller ip for switchos: 172.16.112.16
controller_popserver_port_start: 5555
controller_evictserver_port: 5002
controller_snapshot_period: 10000
controller_warmupfinishserver_port: 5010

switch_partition_count: 32768
switch_kv_bucket_num: 10000
switch_pipeline_num: 2
val_t::SWITCH_MAX_VALLEN: 128
switchos_popserver_port: 5003
switchos ip: 172.16.112.17
switchos_sample_cnt: 10
switchos_snapshotserver_port: 5004
switchos_specialcaseserver_port: 5005
switchos_ptf_popserver_port: 5006
switchos_ptf_snapshotserver_port: 5007

reflector ip for switchos: 172.16.112.16
reflector_dp2cpserver_port: 5008
reflector_cp2dpserver_port: 5009

raw_load_workload_filename for loading phase: synthetic-load.out
server_load_workload_dir for loading phase: synthetic-load-8
raw_warmup_workload_filename for warmup phase: synthetic-warmup.out
raw_run_workload_filename for transaction phase: synthetic-run.out
client_workload_dir for transaction phase: synthetic-run-1024
perserver_keyrange: 8192

[client.sendpktserver] ready
[client] prepare clients ...
[client.rulemapserver] ready
[client 1] Ready.
[client 2] Ready.
[client 9] Ready.
[client 0] Ready.
[client 5] Ready.
[client 4] Ready.
[client 3] Ready.
[client 8] Ready.
[client 10] Ready.
[client 6] Ready.
[client 7] Ready.
[client 15] Ready.
[client 18] Ready.
[client 17] Ready.
[client 21] Ready.
[client 16] Ready.
[client 20] Ready.
[client 19] Ready.
[client 24] Ready.
[client 23] Ready.
[client 25] Ready.
[client 29] Ready.
[client 26] Ready.
[client 22] Ready.
[client 28] Ready.
[client 27] Ready.
[client 32] Ready.
[client 34] Ready.
[client 31] Ready.
[client 33] Ready.
[client 35] Ready.
[client 38] Ready.
[client 36] Ready.
[client 40] Ready.
[client 39] Ready.
[client 37] Ready.
[client 42] Ready.
[client 41] Ready.
[client 43] Ready.
[client 53] Ready.
[client 49] Ready.
[client 50] Ready.
[client 52] Ready.
[client 51] Ready.
[client 63] Ready.
[client 66] Ready.
[client 64] Ready.
[client 69] Ready.
[client 71] Ready.
[client 68] Ready.
[client 67] Ready.
[client 84] Ready.
[client 87] Ready.
[client 85] Ready.
[client 70] Ready.
[client 91] Ready.
[client 72] Ready.
[client 74] Ready.
[client 86] Ready.
[client 88] Ready.
[client 75] Ready.
[client 78] Ready.
[client 73] Ready.
[client 90] Ready.
[client 92] Ready.
[client 79] Ready.
[client 93] Ready.
[client 82] Ready.
[client 77] Ready.
[client 83] Ready.
[client 97] Ready.
[client 81] Ready.
[client 76] Ready.
[client 95] Ready.
[client 89] Ready.
[client 94] Ready.
[client 80] Ready.
[client 110] Ready.
[client 107] Ready.
[client 108] Ready.
[client 113] Ready.
[client 111] Ready.
[client 115] Ready.
[client 114] Ready.
[client 120] Ready.
[client 117] Ready.
[client 118] Ready.
[client 119] Ready.
[client 116] Ready.
[client 125] Ready.
[client 121] Ready.
[client 131] Ready.
[client 126] Ready.
[client 124] Ready.
[client 127] Ready.
[client 122] Ready.
[client 123] Ready.
[client 129] Ready.
[client 128] Ready.
[client 145] Ready.
[client 147] Ready.
[client 150] Ready.
[client 146] Ready.
[client 144] Ready.
[client 148] Ready.
[client 149] Ready.
[client 185] Ready.
[client 156] Ready.
[client 158] Ready.
[client 184] Ready.
[client 157] Ready.
[client 189] Ready.
[client 187] Ready.
[client 198] Ready.
[client 191] Ready.
[client 190] Ready.
[client 188] Ready.
[client 192] Ready.
[client 196] Ready.
[client 199] Ready.
[client 173] Ready.
[client 168] Ready.
[client 197] Ready.
[client 169] Ready.
[client 176] Ready.
[client 170] Ready.
[client 174] Ready.
[client 195] Ready.
[client 172] Ready.
[client 171] Ready.
[client 200] Ready.
[client 203] Ready.
[client 205] Ready.
[client 175] Ready.
[client 201] Ready.
[client 209] Ready.
[client 204] Ready.
[client 202] Ready.
[client 207] Ready.
[client 211] Ready.
[client 180] Ready.
[client 178] Ready.
[client 213] Ready.
[client 210] Ready.
[client 177] Ready.
[client 208] Ready.
[client 212] Ready.
[client 214] Ready.
[client 215] Ready.
[client 216] Ready.
[client 228] Ready.
[client 227] Ready.
[client 230] Ready.
[client 232] Ready.
[client 226] Ready.
[client 229] Ready.
[client 233] Ready.
[client 231] Ready.
[client 237] Ready.
[client 235] Ready.
[client 239] Ready.
[client 234] Ready.
[client 236] Ready.
[client 238] Ready.
[client 241] Ready.
[client 240] Ready.
[client 303] Ready.
[client 309] Ready.
[client 308] Ready.
[client 307] Ready.
[client 310] Ready.
[client 311] Ready.
[client 257] Ready.
[client 252] Ready.
[client 12] Ready.
[client 256] Ready.
[client 259] Ready.
[client 255] Ready.
[client 261] Ready.
[client 258] Ready.
[client 260] Ready.
[client 325] Ready.
[client 254] Ready.
[client 262] Ready.
[client 263] Ready.
[client 328] Ready.
[client 271] Ready.
[client 323] Ready.
[client 324] Ready.
[client 264] Ready.
[client 265] Ready.
[client 267] Ready.
[client 326] Ready.
[client 329] Ready.
[client 266] Ready.
[client 335] Ready.
[client 14] Ready.
[client 330] Ready.
[client 327] Ready.
[client 268] Ready.
[client 11] Ready.
[client 272] Ready.
[client 269] Ready.
[client 277] Ready.
[client 273] Ready.
[client 333] Ready.
[client 331] Ready.
[client 274] Ready.
[client 270] Ready.
[client 332] Ready.
[client 276] Ready.
[client 275] Ready.
[client 336] Ready.
[client 340] Ready.
[client 279] Ready.
[client 13] Ready.
[client 47] Ready.
[client 341] Ready.
[client 281] Ready.
[client 30] Ready.
[client 337] Ready.
[client 339] Ready.
[client 338] Ready.
[client 280] Ready.
[client 344] Ready.
[client 278] Ready.
[client 348] Ready.
[client 346] Ready.
[client 343] Ready.
[client 46] Ready.
[client 349] Ready.
[client 345] Ready.
[client 347] Ready.
[client 350] Ready.
[client 297] Ready.
[client 295] Ready.
[client 352] Ready.
[client 353] Ready.
[client 351] Ready.
[client 299] Ready.
[client 293] Ready.
[client 354] Ready.
[client 355] Ready.
[client 296] Ready.
[client 298] Ready.
[client 302] Ready.
[client 363] Ready.
[client 54] Ready.
[client 304] Ready.
[client 301] Ready.
[client 300] Ready.
[client 305] Ready.
[client 306] Ready.
[client 364] Ready.
[client 365] Ready.
[client 44] Ready.
[client 368] Ready.
[client 366] Ready.
[client 370] Ready.
[client 367] Ready.
[client 369] Ready.
[client 371] Ready.
[client 45] Ready.
[client 57] Ready.
[client 378] Ready.
[client 96] Ready.
[client 99] Ready.
[client 102] Ready.
[client 101] Ready.
[client 55] Ready.
[client 65] Ready.
[client 56] Ready.
[client 48] Ready.
[client 58] Ready.
[client 61] Ready.
[client 160] Ready.
[client 135] Ready.
[client 132] Ready.
[client 59] Ready.
[client 130] Ready.
[client 100] Ready.
[client 98] Ready.
[client 159] Ready.
[client 162] Ready.
[client 106] Ready.
[client 138] Ready.
[client 60] Ready.
[client 161] Ready.
[client 112] Ready.
[client 105] Ready.
[client 142] Ready.
[client 62] Ready.
[client 139] Ready.
[client 134] Ready.
[client 143] Ready.
[client 104] Ready.
[client 103] Ready.
[client 133] Ready.
[client 136] Ready.
[client 141] Ready.
[client 165] Ready.
[client 164] Ready.
[client 137] Ready.
[client 154] Ready.
[client 140] Ready.
[client 109] Ready.
[client 166] Ready.
[client 167] Ready.
[client 151] Ready.
[client 194] Ready.
[client 220] Ready.
[client 218] Ready.
[client 206] Ready.
[client 221] Ready.
[client 163] Ready.
[client 222] Ready.
[client 223] Ready.
[client 250] Ready.
[client 291] Ready.
[client 288] Ready.
[client 152] Ready.
[client 219] Ready.
[client 186] Ready.
[client 243] Ready.
[client 153] Ready.
[client 245] Ready.
[client 251] Ready.
[client 292] Ready.
[client 155] Ready.
[client 217] Ready.
[client 248] Ready.
[client 179] Ready.
[client 183] Ready.
[client 283] Ready.
[client 253] Ready.
[client 244] Ready.
[client 193] Ready.
[client 182] Ready.
[client 242] Ready.
[client 181] Ready.
[client 287] Ready.
[client 247] Ready.
[client 282] Ready.
[client 313] Ready.
[client 314] Ready.
[client 320] Ready.
[client 316] Ready.
[client 322] Ready.
[client 318] Ready.
[client 224] Ready.
[client 286] Ready.
[client 284] Ready.
[client 289] Ready.
[client 334] Ready.
[client 249] Ready.
[client 319] Ready.
[client 285] Ready.
[client 225] Ready.
[client 315] Ready.
[client 290] Ready.
[client 246] Ready.
[client 312] Ready.
[client 356] Ready.
[client 361] Ready.
[client 317] Ready.
[client 358] Ready.
[client 457] Ready.
[client 455] Ready.
[client 294] Ready.
[client 415] Ready.
[client 419] Ready.
[client 494] Ready.
[client 413] Ready.
[client 401] Ready.
[client 421] Ready.
[client 420] Ready.
[client 417] Ready.
[client 373] Ready.
[client 377] Ready.
[client 456] Ready.
[client 405] Ready.
[client 490] Ready.
[client 418] Ready.
[client 362] Ready.
[client 412] Ready.
[client 403] Ready.
[client 414] Ready.
[client 402] Ready.
[client 458] Ready.
[client 451] Ready.
[client 430] Ready.
[client 416] Ready.
[client 493] Ready.
[client 433] Ready.
[client 342] Ready.
[client 450] Ready.
[client 454] Ready.
[client 448] Ready.
[client 321] Ready.
[client 449] Ready.
[client 400] Ready.
[client 491] Ready.
[client 453] Ready.
[client 447] Ready.
[client 357] Ready.
[client 444] Ready.
[client 443] Ready.
[client 452] Ready.
[client 381] Ready.
[client 445] Ready.
[client 432] Ready.
[client 492] Ready.
[client 404] Ready.
[client 446] Ready.
[client 397] Ready.
[client 431] Ready.
[client 395] Ready.
[client 396] Ready.
[client 394] Ready.
[client 399] Ready.
[client 480] Ready.
[client 434] Ready.
[client 398] Ready.
[client 487] Ready.
[client 411] Ready.
[client 486] Ready.
[client 484] Ready.
[client 428] Ready.
[client 437] Ready.
[client 488] Ready.
[client 435] Ready.
[client 409] Ready.
[client 407] Ready.
[client 502] Ready.
[client 478] Ready.
[client 483] Ready.
[client 438] Ready.
[client 360] Ready.
[client 479] Ready.
[client 482] Ready.
[client 410] Ready.
[client 481] Ready.
[client 489] Ready.
[client 477] Ready.
[client 442] Ready.
[client 380] Ready.
[client 429] Ready.
[client 474] Ready.
[client 485] Ready.
[client 408] Ready.
[client 359] Ready.
[client 439] Ready.
[client 472] Ready.
[client 426] Ready.
[client 471] Ready.
[client 440] Ready.
[client 505] Ready.
[client 501] Ready.
[client 376] Ready.
[client 507] Ready.
[client 406] Ready.
[client 459] Ready.
[client 393] Ready.
[client 506] Ready.
[client 382] Ready.
[client 423] Ready.
[client 508] Ready.
[client 441] Ready.
[client 509] Ready.
[client 424] Ready.
[client 427] Ready.
[client 504] Ready.
[client 422] Ready.
[client 503] Ready.
[client 436] Ready.
[client 511] Ready.
[client 467] Ready.
[client 468] Ready.
[client 476] Ready.
[client 475] Ready.
[client 473] Ready.
[client 425] Ready.
[client 469] Ready.
[client 464] Ready.
[client 496] Ready.
[client 379] Ready.
[client 498] Ready.
[client 462] Ready.
[client 465] Ready.
[client 500] Ready.
[client 389] Ready.
[client 463] Ready.
[client 497] Ready.
[client 390] Ready.
[client 386] Ready.
[client 388] Ready.
[client 460] Ready.
[client 387] Ready.
[client 392] Ready.
[client 499] Ready.
[client 372] Ready.
[client 384] Ready.
[client 391] Ready.
[client 375] Ready.
[client 374] Ready.
[client 495] Ready.
[client 385] Ready.
[client 461] Ready.
[client 383] Ready.
[client 510] Ready.
[client 470] Ready.
[client 466] Ready.
[client] all clients ready...
wait to be able to send pkt if necessary
start to send pkt
switch dynamic rulemap from period 0 to 1
timeout key 539f000b from client 366 to server 2
timeout key ec050003 from client 6 to server 3
timeout key 4c350035 from client 287 to server 2
timeout key 1ab50086 from client 244 to server 1
switch dynamic rulemap from period 1 to 2
switch dynamic rulemap from period 2 to 3
switch dynamic rulemap from period 3 to 4
switch dynamic rulemap from period 4 to 5
switch dynamic rulemap from period 5 to 6
[client] all clients finish!
[client] processing statistics

thpt interval: 1 s, seccnt: 70

[sec 0]

overall totalpktcnt: 673141, throughput (MOPS): 0.641957

[sec 1]

overall totalpktcnt: 589750, throughput (MOPS): 0.562429

[sec 2]

overall totalpktcnt: 575584, throughput (MOPS): 0.548920

[sec 3]

overall totalpktcnt: 569752, throughput (MOPS): 0.543358

[sec 4]

overall totalpktcnt: 561744, throughput (MOPS): 0.535721

[sec 5]

overall totalpktcnt: 605387, throughput (MOPS): 0.577342

[sec 6]

overall totalpktcnt: 593947, throughput (MOPS): 0.566432

[sec 7]

overall totalpktcnt: 577779, throughput (MOPS): 0.551013

[sec 8]

overall totalpktcnt: 567667, throughput (MOPS): 0.541369

[sec 9]

overall totalpktcnt: 566490, throughput (MOPS): 0.540247

[sec 10]

overall totalpktcnt: 532145, throughput (MOPS): 0.507493

[sec 11]

overall totalpktcnt: 574889, throughput (MOPS): 0.548257

[sec 12]

overall totalpktcnt: 572475, throughput (MOPS): 0.545955

[sec 13]

overall totalpktcnt: 564148, throughput (MOPS): 0.538013

[sec 14]

overall totalpktcnt: 561701, throughput (MOPS): 0.535680

[sec 15]

overall totalpktcnt: 589890, throughput (MOPS): 0.562563

[sec 16]

overall totalpktcnt: 593775, throughput (MOPS): 0.566268

[sec 17]

overall totalpktcnt: 577833, throughput (MOPS): 0.551064

[sec 18]

overall totalpktcnt: 568420, throughput (MOPS): 0.542088

[sec 19]

overall totalpktcnt: 563635, throughput (MOPS): 0.537524

[sec 20]

overall totalpktcnt: 517079, throughput (MOPS): 0.493125

[sec 21]

overall totalpktcnt: 591007, throughput (MOPS): 0.563628

[sec 22]

overall totalpktcnt: 577846, throughput (MOPS): 0.551077

[sec 23]

overall totalpktcnt: 566966, throughput (MOPS): 0.540701

[sec 24]

overall totalpktcnt: 562960, throughput (MOPS): 0.536880

[sec 25]

overall totalpktcnt: 577350, throughput (MOPS): 0.550604

[sec 26]

overall totalpktcnt: 597962, throughput (MOPS): 0.570261

[sec 27]

overall totalpktcnt: 565309, throughput (MOPS): 0.539121

[sec 28]

overall totalpktcnt: 564984, throughput (MOPS): 0.538811

[sec 29]

overall totalpktcnt: 563288, throughput (MOPS): 0.537193

[sec 30]

overall totalpktcnt: 499272, throughput (MOPS): 0.476143

[sec 31]

overall totalpktcnt: 591131, throughput (MOPS): 0.563746

[sec 32]

overall totalpktcnt: 583749, throughput (MOPS): 0.556706

[sec 33]

overall totalpktcnt: 563925, throughput (MOPS): 0.537801

[sec 34]

overall totalpktcnt: 560949, throughput (MOPS): 0.534963

[sec 35]

overall totalpktcnt: 558869, throughput (MOPS): 0.532979

[sec 36]

overall totalpktcnt: 600292, throughput (MOPS): 0.572483

[sec 37]

overall totalpktcnt: 577305, throughput (MOPS): 0.550561

[sec 38]

overall totalpktcnt: 566045, throughput (MOPS): 0.539823

[sec 39]

overall totalpktcnt: 563076, throughput (MOPS): 0.536991

[sec 40]

overall totalpktcnt: 502129, throughput (MOPS): 0.478868

[sec 41]

overall totalpktcnt: 580046, throughput (MOPS): 0.553175

[sec 42]

overall totalpktcnt: 588393, throughput (MOPS): 0.561135

[sec 43]

overall totalpktcnt: 574829, throughput (MOPS): 0.548200

[sec 44]

overall totalpktcnt: 566719, throughput (MOPS): 0.540465

[sec 45]

overall totalpktcnt: 560912, throughput (MOPS): 0.534927

[sec 46]

overall totalpktcnt: 592385, throughput (MOPS): 0.564942

[sec 47]

overall totalpktcnt: 588252, throughput (MOPS): 0.561001

[sec 48]

overall totalpktcnt: 574269, throughput (MOPS): 0.547666

[sec 49]

overall totalpktcnt: 568442, throughput (MOPS): 0.542109

[sec 50]

overall totalpktcnt: 515323, throughput (MOPS): 0.491450

[sec 51]

overall totalpktcnt: 544886, throughput (MOPS): 0.519644

[sec 52]

overall totalpktcnt: 590724, throughput (MOPS): 0.563358

[sec 53]

overall totalpktcnt: 570966, throughput (MOPS): 0.544516

[sec 54]

overall totalpktcnt: 564959, throughput (MOPS): 0.538787

[sec 55]

overall totalpktcnt: 559518, throughput (MOPS): 0.533598

[sec 56]

overall totalpktcnt: 578409, throughput (MOPS): 0.551614

[sec 57]

overall totalpktcnt: 597238, throughput (MOPS): 0.569571

[sec 58]

overall totalpktcnt: 578813, throughput (MOPS): 0.551999

[sec 59]

overall totalpktcnt: 559350, throughput (MOPS): 0.533438

[sec 60]

overall totalpktcnt: 513490, throughput (MOPS): 0.489702

[sec 61]

overall totalpktcnt: 530740, throughput (MOPS): 0.506153

[sec 62]

overall totalpktcnt: 600443, throughput (MOPS): 0.572627

[sec 63]

overall totalpktcnt: 575935, throughput (MOPS): 0.549254

[sec 64]

overall totalpktcnt: 558546, throughput (MOPS): 0.532671

[sec 65]

overall totalpktcnt: 556111, throughput (MOPS): 0.530349

[sec 66]

overall totalpktcnt: 548831, throughput (MOPS): 0.523406

[sec 67]

overall totalpktcnt: 603586, throughput (MOPS): 0.575624

[sec 68]

overall totalpktcnt: 577318, throughput (MOPS): 0.550573

[sec 69]

overall totalpktcnt: 566849, throughput (MOPS): 0.540589

[Latency Statistics of total_latency_list ]
| min | max | avg | 90th | 99th | largest | median | sum |
| 11.881 | 37377.4 | 898.573 | 2376.96 | 10678 | 37377.4 | 66.424 | 3.58693e+10 |
[Latency Statistics of perclient_avgsend_latency_list ]
| min | max | avg | 90th | 99th | largest | median | sum |
| 5.58018 | 5.84718 | 5.71419 | 5.78268 | 5.82007 | 5.84718 | 5.71485 | 2925.67 |
[Latency Statistics of perclient_avgwait_latency_list ]
| min | max | avg | 90th | 99th | largest | median | sum |
| 1.0232 | 1.21504 | 1.09424 | 1.14747 | 1.18856 | 1.21504 | 1.08699 | 560.251 |
total_unmatched_cnt: 0
total_timeout_cnt: 4
client-side total pktcnt: 39918059, total time: 70.130189 s, total thpt: 0.542831 MOPS
cache hit pktcnt: 19317090
per-server pktcnt: 2573984 2574311 2573478 2576112 2575588 2574502 2573808 2579186

per-sec total throughput:
672813 589787 575527 569778 561784 605373 593926 577674 567762 566565 532122 574873 572499 564066 561765 589764 593947 577789 568374 563631 517138 590979 577829 566989 562940 577359 597912 565427 564901 563320 499266 591109 583732 564002 560922 558914 600218 577332 566009 563111 502207 579910 588401 574835 566750 560891 592309 588334 574220 568582 515298 544859 590707 570956 564974 559448 578362 597357 578814 559247 513570 530708 600438 575964 558499 556205 548810 603576 577308 566825

per-sec per-server throughput:
42731 42580 42971 42790 42751 42873 42888 42786
37427 37551 37075 37372 37354 37304 37635 37594
36411 36859 36569 36715 36622 36566 36486 36539
36450 35875 36133 36227 36074 36128 35928 35940
35888 35948 35720 35232 35682 35953 35458 35613
38161 38478 38844 38653 38788 38281 38455 38350
37802 37917 37444 37672 37435 37861 37396 37993
36719 36773 36728 36619 36647 36972 36624 36707
36000 36106 36012 35980 36240 36018 36314 36282
35973 36140 35654 35891 36155 36201 35975 36087
36586 36589 37225 36226 36231 36435 36827 37756
36651 36388 36993 37117 36389 36735 36621 36778
36374 36766 36164 36497 36649 36492 36682 36414
35899 36330 36019 36319 35939 35761 36070 36148
36049 35851 35612 35781 36056 36149 35808 35864
37620 37916 37728 37922 37618 37762 37299 37579
38011 37935 37551 37799 37771 37779 37992 37732
36452 37257 36882 36896 37420 36759 36878 36946
36468 36069 36310 36156 36171 36243 36030 36327
36034 35864 35897 35863 36054 35836 35868 36075
36039 35705 36062 35737 36054 35931 35949 35805
37911 38053 37662 38054 38059 38051 37450 38046
36974 36382 36680 37123 36972 37072 37199 36836
35905 36430 36171 36609 36120 36307 36046 36467
35779 35992 35919 36076 35867 36266 36163 36055
37127 36870 37014 36905 36986 37125 36944 36960
38113 38688 38234 38043 37992 38242 38312 38486
35942 36389 36096 36433 36066 35812 36047 36241
36096 36009 36071 36369 36078 35669 36235 36472
36165 36200 35704 36102 36330 36004 35801 36066
35305 34720 35356 34787 34608 34866 34984 35394
38307 37730 38173 38489 38504 37987 38189 38400
37302 37596 37233 37466 37499 37330 37363 37587
36034 36427 36196 36148 36384 36107 36172 36056
35807 35821 35995 35763 35908 36091 36143 35847
35882 35715 35776 36028 35897 35648 35623 35839
38574 38322 38556 38471 38373 38313 38454 38621
36958 36999 36897 36716 36831 37255 36775 36968
36295 36241 36227 36199 36614 36546 36158 36386
36313 35840 35875 35679 36277 36091 36221 36339
34811 35184 35197 34614 35491 35167 35083 34921
37867 37448 37919 38326 37724 38042 37798 37714
37712 37573 37718 37699 37898 37765 37860 37695
37167 36947 36869 36738 37055 36649 37257 36920
36165 36489 36528 36434 36267 35819 36470 36378
36054 35966 36092 35909 36121 36063 35810 36268
38072 37849 37897 38505 37946 38188 38237 37996
37638 37753 37784 37786 37795 37812 37963 37475
36545 36711 36950 36689 37218 36612 36968 36881
36856 36423 36275 36193 36198 36459 36607 36746
35493 35658 35933 35694 35757 35841 35845 35438
35603 35868 35597 36003 36007 35609 36111 35779
37970 38193 37998 37960 38099 37851 37962 37671
36846 36454 36567 36639 36762 36752 36772 36812
36393 36531 36259 36400 36213 36159 36253 36039
35980 35922 36397 36075 35980 36118 35475 35823
37296 36947 37054 37330 36998 37260 37340 37453
38433 37976 38211 38256 38177 38757 38266 38624
37286 36875 37117 37365 37385 37032 36857 37442
36078 35822 36349 35732 35805 35867 35861 36078
35410 35651 35501 35935 35352 35460 35339 35586
34635 34883 35091 35017 34899 34637 34465 34830
38878 38736 38518 38744 38761 38574 38716 38917
36663 37146 36752 37387 37334 37170 37066 37171
35879 36132 35946 35879 36027 35876 35857 36000
35323 35655 35768 36033 35713 35672 35685 36114
35473 35221 35541 35463 34968 35187 35598 35367
39168 38961 38681 38391 39105 39484 38810 38748
37161 37289 37098 37485 36919 37006 37321 37219
36569 36705 36409 36476 36119 36760 36664 36668
Finish dumping statistics!
