31321520
405186 420995 437441 455902 474857 475153 483585 480829 477522 475054 437881 491468 498042 502620 496902 480202 485791 482787 481236 486037 444945 473861 485744 477282 473364 466015 459372 459750 460393 461509 405837 462162 460979 465304 461990 455760 458232 457457 448217 450530 404709 433292 432434 439560 444346 443843 439360 444981 435342 444318 399857 448071 435281 425314 425648 422918 428634 414995 420519 414042 377243 422061 418154 414678 416013 422473 410817 406248 410541 407250
26046 26251 26005 26146 25896 26267 26012 26061
26837 26723 26630 26729 26685 26921 26868 26820
27838 27885 28235 27883 27894 27781 27567 27711
29206 29328 28649 28865 28928 28877 28948 28671
29947 30066 30380 30092 30196 30281 30622 30176
29956 30375 30080 30123 30083 30187 29959 30456
30921 30592 30751 30479 30587 30744 30464 31023
30605 30261 30574 30693 30705 30600 30612 30650
30251 29979 30422 30302 30339 30508 30553 30101
30190 30214 30050 30137 30504 30049 30338 30202
30810 30814 30623 30715 30314 30306 30410 30728
31455 31597 31655 31739 31459 31592 31511 31619
31531 32073 31787 31990 31752 31695 31358 31715
31946 31984 32258 32094 32179 32148 32047 32091
31612 31663 31504 31537 31786 31878 31841 31657
30626 30429 30743 30624 30710 30469 30898 30380
31194 31084 30879 30961 31119 30954 31004 31021
31067 30867 30655 31126 30900 30726 30421 30993
30707 30899 30636 30576 30587 30686 30439 30985
30608 30624 30962 31101 30914 30956 31164 31205
31191 31022 30762 30994 30955 30899 31043 30949
30502 30557 30290 30278 30430 30209 30346 30334
31223 31013 31004 31075 31066 31260 31147 31017
30798 30528 30603 30333 30443 30775 30597 30407
30262 29956 30127 30577 30680 30285 30250 30519
29632 29769 29961 29731 29877 29742 29904 29835
29270 29690 29487 29489 29457 29277 29259 29175
29400 29419 29289 29441 29628 29490 29610 29406
29492 29542 29251 29662 29659 29458 29387 29120
29593 29642 29119 29621 29411 29164 29499 29865
28663 28382 28709 28679 28312 28510 28640 28884
29787 29657 29562 29819 29822 29769 29501 29867
29725 29463 29419 29805 29491 29148 29639 29497
29882 29588 30028 29734 29792 29933 29837 29727
29303 29685 29665 29244 29528 29885 29827 29805
29044 29124 29231 29267 29105 29506 29417 29621
29295 29395 29252 29737 29241 29327 29267 29251
29304 29319 29262 29347 29148 29512 29340 29336
29030 28681 28858 28810 29087 28526 28458 28693
28668 28876 28832 29094 28798 29020 28890 29055
29335 29346 29019 28913 29159 28838 28875 29177
28225 27894 27969 27845 27545 28004 27937 27709
28054 28162 27852 27696 27555 28011 27455 27899
28000 28086 28154 27898 28095 28170 28438 28235
28377 28254 28382 28519 28396 28493 28775 28535
28560 28141 28934 28649 28642 28463 28202 28438
28298 28162 28360 28096 28374 28420 27802 28385
28451 28471 28720 28587 28352 28196 28627 28745
27952 28061 28100 28049 27984 27791 28023 27911
28687 28204 28598 28409 28572 28647 28637 28502
28762 29194 28725 29133 29118 29097 28897 29183
28739 28856 28676 29215 29007 29083 28867 28979
28010 28108 28007 28296 28105 27840 27764 28332
27606 27387 27252 27536 27315 27203 27430 27418
27453 27496 27543 27320 27409 27603 27212 27518
27431 27036 27047 27309 27205 27491 27229 27351
27413 27421 27712 27701 27727 27374 27488 27499
26666 26895 26523 27077 26650 26670 26911 26754
27192 27105 26928 26783 27158 27195 26807 27298
26659 26922 26890 26695 26426 26390 26416 26850
27081 27449 27371 27559 27760 27952 27969 27558
27513 27232 27345 27472 27228 27399 27130 27357
27029 26986 26995 26833 27230 27048 27134 27244
26538 26805 26461 26834 26805 26748 26770 27026
26768 27205 26783 26576 26522 26906 26998 26996
27437 27203 26879 27267 27209 27318 27620 27142
26753 26402 26607 26227 26788 26490 26473 26281
26213 26420 25969 26079 26455 26136 26258 26262
26119 26528 26360 26543 26325 26675 26334 26470
26112 26672 26252 26432 26048 26502 26331 26241
