36477394
558827 536203 518244 516562 514620 530564 562184 540274 502306 515722 465007 539524 545786 525540 522662 520938 528720 560233 529587 527649 474582 514887 539578 520844 527185 525427 514668 515401 507166 538874 476053 513625 517114 529414 551139 526913 512892 511589 513824 550320 486850 526625 523302 517110 499664 558984 534249 519923 520138 509034 476165 536992 524294 513778 500516 504184 536864 529880 517794 515754 451029 507619 548644 528776 518378 514594 509669 542068 539504 521884
35588 35466 35311 35491 35272 35674 35410 35569
34118 34074 34142 34175 34151 34376 34109 33965
33005 33082 33033 32957 32924 32638 32850 32879
32863 32889 32777 32576 32805 33004 33139 32657
32575 32780 32711 32672 32641 32730 32592 32826
33862 33652 33788 33493 33559 33750 33369 34064
35658 35367 35562 35986 35820 35812 35814 35724
34354 34214 34394 34156 34394 34316 34560 34318
31684 31881 32255 31937 32085 31831 31974 32041
33137 33055 32915 33096 32675 32850 32758 32754
32049 32524 32259 32344 32127 32061 32111 32247
34145 34670 34495 34531 34588 34545 34368 34394
34718 34852 34710 34773 34933 34936 34625 34771
33518 33369 33567 33394 33591 33474 33880 33367
33453 33607 33368 33235 33310 33214 33571 33334
33431 33303 33173 33503 33478 33047 32792 33483
33753 33667 33494 33634 33707 33725 33608 34005
35571 35568 35682 35830 35532 35726 35846 35962
34078 33710 33859 33908 33665 33631 33898 33762
33815 33607 33515 33447 33790 33788 33595 33466
33068 33291 33001 32838 33025 33348 33291 33202
33276 32983 32984 33200 33301 32642 32835 32929
34175 34494 34348 34587 34595 34485 34632 34653
33147 33709 33660 33432 33520 33167 33298 32951
33799 34026 33655 33785 33996 33699 33786 33535
33681 33519 33466 33810 33598 33650 33738 33391
32988 32843 32660 33072 32862 32549 32848 33310
32930 32843 32946 33143 33026 32716 33059 32924
32591 32449 32287 32493 32565 32295 32255 32745
34507 34370 34495 34643 34403 34161 34495 34330
33369 33694 33798 33520 33456 33798 33912 33679
32753 33297 32874 32894 32991 33090 33086 33003
33453 32986 33391 33483 32821 33093 33064 33089
33869 34032 33904 34006 33973 33925 33968 33871
35584 35181 35419 35545 35238 35514 35240 35139
33564 33836 33871 33736 33945 33620 33583 34018
33179 33354 32747 33005 32588 32837 32911 33039
32971 32862 32967 32897 32423 32899 32808 32636
32642 32706 32913 32517 32816 32672 33223 32915
35050 35019 35359 35396 35076 35264 35282 35095
34600 34687 34735 34577 34869 34627 34348 34327
33592 33790 33827 33798 33911 33558 33626 34106
33616 33268 33889 33735 33568 33431 33791 33565
33209 32978 33325 33271 33160 33106 33365 33475
31751 32240 31833 32465 32146 31944 31915 31957
36496 35581 35954 36140 36050 35757 35698 36271
34172 34418 34233 34664 34198 34214 34196 34445
33551 33491 33447 33557 33421 33389 33482 33347
33468 33232 33567 33154 33388 33504 33432 33377
32746 32933 32533 32917 32869 32489 32755 32640
34273 34182 33712 34248 33769 34094 33871 34076
34530 34494 34596 34461 34558 34873 34409 34645
33535 33675 33732 33567 33701 33773 33560 33810
32960 33018 32845 33241 33110 33058 33145 33008
32289 32721 32285 32235 32343 32275 32349 32179
32483 32506 32102 32358 32404 32522 32603 32721
34576 34576 34327 34521 34649 34352 34801 34417
34348 34215 34085 33926 34164 33908 34086 34136
33146 33471 33091 33093 33424 33327 33465 33124
32951 33160 33223 33283 33317 33404 33239 33131
32223 32930 32364 32519 32215 31927 32474 32089
32735 32902 32797 32856 32721 32909 32739 32746
35423 35145 35541 35665 35342 35156 35334 35477
33632 33918 34122 33987 33978 33867 34439 34257
33364 33632 33178 33405 33247 33503 33408 33393
33150 33216 33558 33399 32993 33233 33035 33011
32588 32970 32893 33060 32897 32962 33107 32486
35143 34800 34952 35426 34861 34871 35144 35064
34786 34809 34722 34839 34827 34796 34643 34479
33522 33979 33611 33262 33818 33470 33613 33701
