43821012
398312 498054 541014 539771 580571 595696 613398 620257 613262 598912 541613 583830 604065 608779 606960 611403 610906 606934 597843 594506 552504 599009 609769 611990 612820 610352 626257 643635 654070 661522 618617 656284 660730 650905 667496 647597 652781 654565 654396 659554 548754 662212 663580 659082 662823 662168 663567 665524 659365 664996 614535 663809 661457 661825 665594 664040 658908 660688 658163 643954 600639 663957 649388 651273 651453 655793 648199 652298 660653 650495
25859 26341 25964 26124 25889 26267 25994 25967
31799 31751 31620 31627 31560 31809 31603 31757
34189 34701 34700 34469 34491 34264 34253 34348
34371 34143 34037 34128 34204 34471 34704 33984
36918 37094 36880 36819 36826 36887 36810 37012
38052 37658 38012 37665 37737 37723 37533 38305
38855 38791 38923 39125 39082 39090 39085 39011
39375 39127 39298 39203 39555 39477 39591 39280
38995 39150 39212 39161 39014 38930 39110 39237
38284 38509 38187 38313 37857 38085 38017 38081
37509 37740 37843 37728 38029 37707 37613 37582
37353 37643 37382 37256 37340 37567 37283 37193
38615 38593 38318 38327 38529 38620 38554 38381
38898 38762 38979 38912 39128 38454 39044 38731
38974 38965 38465 38816 38671 38621 38412 38851
38978 38689 38886 38913 38992 39025 38983 39300
39077 38955 38964 39139 39055 38850 38783 38772
38667 38645 38622 38426 38611 39076 38556 38757
38468 38063 37846 38392 38164 38174 38226 37952
38063 38046 38024 37843 38178 37848 37944 38139
38464 38319 37995 38024 38187 38293 37923 38026
38035 38683 38417 38473 38620 38485 38524 38460
39189 39213 39283 38790 39214 38998 39140 38562
39236 39175 38683 39341 39325 39024 38693 39137
39241 38956 38867 39342 39202 38930 39263 39151
39328 39211 38800 39191 38917 38781 39081 39125
39732 39894 40068 40165 40141 39791 39801 40270
40983 41300 41446 40828 41129 41407 41346 41015
41950 42119 41614 41869 41645 42054 41499 41811
42519 42168 42116 42344 42262 42297 42348 42110
42376 42081 42471 42340 42224 42439 41940 41853
42362 42317 41919 42321 41710 41812 42098 42307
42517 42616 42310 42234 41819 42125 42174 42154
41794 41653 41712 41399 41748 41750 41523 41669
42265 42910 43041 42652 42887 42560 42653 42558
41464 41227 41624 41356 41344 42006 40756 41787
41884 41579 41833 41860 41912 41482 41760 41597
42011 41699 42029 41962 41905 41755 41916 41912
41782 41869 42184 42230 42058 42137 41854 41867
42369 42348 41991 42711 42192 41930 42133 42439
38078 37771 37841 38380 37891 37468 37516 38126
42498 42899 42365 42735 42578 42900 42445 42460
42614 42811 42729 42587 42880 42522 42490 42486
42628 42409 42295 42211 42320 42269 41966 42334
42635 42564 42652 42546 42315 42510 42396 42466
42657 42381 42343 42299 42815 42601 42219 42758
42682 42837 42422 42412 42576 42816 42386 42697
42628 43146 42569 42807 42833 42700 43246 42646
42680 42559 42529 42077 42396 42583 42190 42216
42645 42899 42482 42811 43008 42636 42399 42568
42697 42718 42126 42718 42418 42432 42015 42471
42525 42769 42612 42547 42567 42470 42886 42741
42516 42777 42962 43117 42505 42311 42073 42523
42510 42741 42360 42345 42580 42700 42952 42461
42463 42917 43116 42764 42775 43023 42641 42922
42509 42617 42591 43221 42857 42920 42626 42825
42534 42587 42593 42524 42413 42387 42143 41974
42520 42859 42442 42654 42432 42254 42543 42383
42580 42446 42475 42265 42997 42023 41983 42206
41820 41707 41261 41370 41785 41289 41230 41390
42555 42226 42236 41753 42197 42195 41907 41963
42455 42652 42814 42492 42996 42760 42600 43092
41942 41948 41948 41542 41933 41898 41825 41604
42001 42152 42041 41742 42273 42039 42242 41874
42387 42221 41916 41788 41816 42170 41947 41822
42521 42835 42342 42162 42134 42057 41995 42416
41603 41935 41792 41863 41748 41711 41975 41687
42337 42158 42228 41908 42068 41663 42372 41973
42436 42559 42671 42809 42481 42844 42691 42448
42073 41872 42358 41821 42032 42116 41870 42130
