41504933
413379 508548 579378 606530 624764 613286 562284 624672 618083 579145 457550 601393 601331 601032 602000 620996 608114 601375 615066 614257 433176 581364 597553 613713 607137 590875 611078 604181 611749 598050 563711 608299 611674 592975 607140 583850 588711 603746 586577 598831 560395 601162 604443 601220 602977 603182 588668 597317 604119 581147 538862 588318 587572 578140 595800 594503 583805 594648 593712 582533 543326 599345 620016 637471 642629 645000 643941 648256 645650 648320
27165 26954 26847 27004 26791 27157 26974 27006
32314 32624 32353 32312 32205 32463 32127 32275
36869 37067 36955 36929 36922 36660 36754 36693
38556 38683 38494 38309 38531 38778 38599 38349
39550 39461 39602 39564 39596 39725 39924 39978
39367 38987 39017 38855 38821 38718 38504 39332
35486 35558 35806 35974 35751 36078 35618 35550
39626 39553 39567 39412 40076 39560 39864 39666
39382 39601 39738 39768 39193 39281 39408 39459
36905 37217 36728 36797 36687 36918 36672 37042
32034 32166 32224 32232 31899 32140 32593 32192
38578 38615 38668 38300 39181 38703 38538 38495
38428 38731 38219 38390 38393 38213 38491 38212
38460 37719 38226 38247 38852 38184 38354 38303
38720 38758 38195 38532 38281 38406 38220 38642
39489 39532 39616 39723 39413 39628 39389 39869
38868 38861 38604 38824 38301 38683 38799 38794
38527 38248 38291 38149 38468 38561 38194 38198
39341 39278 39142 39276 39332 39529 39466 39379
39409 39078 39234 39268 39315 39055 39086 39252
30374 30556 30067 30440 31178 30423 30436 30397
37467 38114 37708 37542 37477 37540 37511 37055
38114 38287 37954 38202 38878 38368 38366 38393
39373 39256 39175 39548 38903 38947 39181 38992
39008 38877 38478 38773 38939 38632 38694 39070
37925 37541 37489 37990 37957 37630 37846 37694
38681 38835 38915 39185 38875 38919 38962 39223
38567 38516 38581 38335 39100 38988 38702 38425
38886 39379 39340 39231 38828 39233 39068 39396
38727 38166 38176 38521 37889 38409 38325 37954
38814 38739 38617 38621 38929 38529 38399 38795
38985 38736 38909 39321 38987 39229 38667 38980
39258 39515 39185 38987 38877 38933 39418 39249
37919 38368 37732 37810 37970 37928 37900 37727
38817 38934 38977 38846 38781 38621 38737 38765
37277 37107 37463 37320 37366 37775 37374 37292
37511 37658 37642 37798 37745 37745 37386 37854
38589 38547 38828 38694 38717 38713 38511 38753
37568 37281 37559 37530 37685 37520 37743 37519
38275 38311 38186 38533 38423 38631 38352 38408
38749 38613 38376 38927 38530 38394 38308 38741
38484 38399 38597 38712 38687 38516 38497 39073
38764 39242 38626 39059 38778 38989 38717 38684
38892 38337 38556 38700 38702 38747 38759 38625
38667 39055 38662 39034 38698 38867 38555 38542
38573 38819 38787 38453 38799 38709 38297 38847
38011 37730 37840 37901 37623 37998 37712 37767
37940 38442 37923 38508 38589 38556 38495 38356
39051 39045 38658 38540 38686 38832 38889 38956
37411 37461 37049 37097 37352 37535 37670 37284
37605 37672 37167 37327 38073 37546 37325 37384
38050 38035 37511 37867 38312 37856 37906 37637
37291 38195 37647 37914 37560 37863 37816 38066
37129 37250 37012 37343 37473 37134 37177 37284
38388 38517 38248 38269 38271 38345 38183 37971
38118 38378 38289 38298 38250 38213 38493 38206
37316 37695 37666 37560 37367 37517 37724 37651
37978 38343 38117 38414 38231 38567 38125 38274
38024 37985 38196 38350 38217 38529 38266 38387
37438 37643 37457 37701 37362 37434 37724 37158
38060 38615 38035 38531 38506 38261 38325 37857
38752 38962 38477 38556 39043 38618 38321 38589
39948 40373 40047 39700 40286 40084 39678 39745
41344 40880 41050 40639 41316 40874 41316 41506
41217 41506 41180 41571 41653 41316 41271 41491
41392 41260 41636 41592 41703 41669 41608 41420
41374 41598 41475 41299 41628 41808 41614 41531
41992 42171 41272 41314 41731 42192 42055 41401
41531 41864 41499 41526 41588 41867 41806 41645
41639 42383 41825 41435 41692 41666 41925 41786
