43722123
583523 518879 566406 579899 569922 577652 597782 616024 598264 599106 531343 584825 593920 591893 587328 599006 603518 599143 595475 606121 557670 591387 592888 601175 592480 602641 597938 618568 634644 637675 584378 649966 656165 656965 659281 658006 662035 659267 650970 652143 611368 650987 636476 649206 656805 642114 646506 650403 649781 642361 593812 643182 645470 652097 648879 643345 644355 646168 654290 652484 608494 645336 644140 633947 646300 635435 647083 641351 642675 899556
37991 38110 37511 37723 37545 37626 37704 37780
33010 32970 33109 33081 33083 33189 32932 32958
35976 36277 36043 36008 35958 35811 35933 35884
36906 36880 36881 36542 36860 37019 37213 36544
35996 36070 36109 36210 35872 36371 35923 36618
37101 36597 36721 36514 36902 36451 36532 37028
37709 37689 38022 38139 37998 38157 38078 37854
38976 39236 39159 39031 39427 39027 39387 39137
38320 38263 38327 38506 37755 37899 38069 38248
38260 38283 37891 38216 38045 38235 38026 38051
36666 37279 37850 37197 37411 37420 36994 37849
37240 37466 37227 37102 37441 37663 37376 37251
37988 38096 37783 38131 37836 37870 38179 37690
37998 37583 37792 37482 37838 37750 37399 37820
37507 37517 37236 37791 37313 37388 37387 37724
38100 37998 38196 38109 38390 38153 37966 38459
38646 38357 38584 38719 38219 38425 38532 38198
38270 38293 38220 37896 38387 38243 38275 38334
38264 37950 37767 38073 38011 37993 38194 37971
38843 38219 38917 38749 38860 38825 38675 38856
38583 39138 38402 38851 38719 38482 38911 38815
37664 38191 37844 37565 38152 38147 37959 37773
37926 38178 38036 38184 37944 37829 38002 37424
38420 38125 38157 38381 38501 38190 38226 38820
38040 37701 37472 37942 37902 37779 38164 37976
38657 38762 38422 38775 38499 38303 38608 38556
38079 37980 38066 38377 38318 38326 38288 38161
39450 39646 39749 39338 39318 39862 39577 39527
40506 40431 40843 40240 40357 40602 40365 40819
40804 40665 40367 41148 40909 40934 40902 40502
40210 39946 40425 40348 39986 40730 39798 40314
41640 41899 41786 41758 41578 41780 41548 41777
42262 42070 41845 42052 41677 42129 42005 41986
41926 42344 42155 41801 41842 42145 42019 42217
42187 41814 42248 42126 42156 42192 42226 41792
41722 42046 42168 41929 42196 42266 41774 42321
42334 42245 42753 42457 42378 42201 42156 42573
42427 41881 42236 42202 42313 42210 42441 42183
41794 41380 41548 41859 41716 41902 41589 41812
41652 41751 41537 42112 42019 41832 41576 42170
41744 41787 41849 41839 41949 41647 41793 41848
41684 42083 41602 42047 41796 41949 41854 41733
40969 40713 40862 40816 40931 41129 40835 40752
41710 41978 41438 41497 41596 41699 41600 41879
42162 41914 42242 42129 41933 41888 42026 42268
41090 41232 41012 41027 41358 41591 40984 41104
41343 41548 41247 41346 41551 41576 41874 41707
41801 41815 41265 41681 41610 41866 42005 42209
41885 41810 41648 41328 41854 41865 41768 41499
40937 41332 41252 41273 41453 41332 41252 40859
40714 41003 40344 40585 40764 41075 40772 40666
41126 41653 41181 41464 41375 41312 40972 41578
41453 41387 41295 41347 41698 41500 41565 41502
41795 41808 41861 41805 41546 41719 42298 41968
41512 41635 41964 41948 41447 41824 41966 41967
41019 41276 41291 41636 41689 41611 41371 41364
41214 41337 41240 41806 41109 41682 41247 41467
41452 41891 41431 41756 41611 41890 41904 41269
42066 42206 42028 41836 42322 41677 42049 41960
42044 42052 41872 41595 42370 41769 41732 42010
41685 41663 41600 41914 41677 41590 41761 41961
41624 41825 41515 41229 41851 41685 41346 41626
41532 41230 41433 41386 41795 41740 41728 41485
40463 40885 40741 40521 41154 41279 40857 40509
41816 41600 41439 41426 41544 41610 41974 41533
41102 41348 40830 40662 40975 41049 41008 41379
41380 42017 41604 41570 41534 41641 42039 41828
41267 41269 41215 41409 40852 41112 41569 41345
41295 41295 41232 41460 41478 41663 41975 41089
58059 57964 58338 57604 57737 58190 58332 58212
