41728980
414164 513238 582620 612881 626749 614593 566578 632980 622640 576439 463115 610904 603867 598136 609120 618827 606061 598382 620621 614852 439906 583385 610436 612833 613358 594371 611706 610634 614371 599129 567358 607194 608433 591310 609276 587203 588665 602336 588274 600835 561360 602314 609434 605166 607469 604294 590972 600826 605010 581353 541503 596252 587545 589022 596607 598718 584997 598553 596605 582362 545305 606293 628512 642919 655411 650080 652849 652729 651056 655145
26825 26376 27190 26988 26755 26912 27043 26939
32641 32712 32450 32449 32634 32755 32476 32634
37026 37363 36943 37396 37030 36797 36892 37014
38961 38896 38784 38624 38767 38864 38764 38820
39890 39892 39963 39682 39932 39876 39997 39657
38934 39151 39305 38867 39105 38924 38756 38941
36148 36191 35888 36235 35995 36179 35602 36106
40270 40277 40300 39934 40081 40344 40015 40252
39439 39678 39414 39539 39617 39653 39548 39797
36828 36846 36467 36651 36956 36818 36910 37003
32279 32299 32414 32255 32091 32398 32753 32384
39117 38939 39273 39185 39164 39051 39567 39279
38391 38902 38275 38494 38475 38637 38270 38676
38239 38133 37951 38171 38561 38270 38361 38056
38941 38845 38797 39057 38919 38913 38811 38609
39626 40021 39582 39438 39191 39357 39372 39593
38419 39242 38157 38640 38619 38704 38630 38162
38038 38269 38138 37851 38737 38133 38080 38290
39682 39613 39718 39546 39566 39742 39354 39749
39415 39303 39278 38908 39533 39091 39301 39524
31101 30489 30658 31085 31346 30666 30862 30323
37806 37898 37480 37561 37651 37836 37504 37456
39007 38755 38891 38943 38986 39330 38857 39023
38934 39379 38853 39527 39111 39147 39110 39213
39158 39328 38870 39346 39053 39424 39300 39349
37928 37769 38004 37828 38156 38290 38101 37848
39130 39638 39184 38977 39001 39161 38922 39280
38833 39548 39161 39112 38867 38833 39282 39151
39146 39283 38908 39554 39260 38913 39042 39490
38851 38380 38311 37924 38198 38469 38354 38328
39185 38310 38823 39204 39070 38515 38615 38609
38769 39127 38791 38659 39234 38759 38760 39110
38880 38987 38925 39153 39167 38893 38846 38930
37717 38139 37766 37730 38169 38037 38225 37702
39149 39067 39027 38901 38884 38796 38933 38990
37863 37608 37437 37571 37627 37939 37406 37377
37642 37532 37464 37573 37981 37934 37546 37835
38588 38658 38269 38302 38696 38952 38607 38587
37736 37783 37770 37263 37994 37703 37582 37792
38730 38101 38300 38662 38501 38924 38464 38362
38333 38326 38660 38672 38677 38593 38407 38190
38681 38719 38542 38446 38847 38682 38847 38599
39239 39266 39466 38841 38900 38974 39325 39069
38973 38971 38699 39138 38834 38432 38886 38873
38749 39034 39292 38989 38901 39026 39066 38869
38877 38879 38373 39058 38873 39121 39149 38665
37913 37711 37987 37922 37834 37780 38005 37526
38328 38763 38680 38327 38814 38685 38608 38592
39057 38709 38705 38751 38829 39073 38979 38629
37464 37448 37229 37566 37520 37214 37477 37180
37639 37859 37190 37418 38213 37531 37829 37415
38437 38260 38309 38287 38455 38415 38631 38002
37689 37795 37542 37678 37751 38021 37614 37528
38049 38163 38168 37696 37561 38046 37720 37709
38827 38349 38519 38570 38477 38465 38029 38401
38405 38486 38433 38404 38462 38657 38516 38433
37663 37354 37730 37691 37461 38013 37529 37539
38460 38239 38494 38597 38418 38610 38407 38557
38245 38509 38739 38750 38432 38367 37986 38341
37297 37883 37557 37541 37550 37359 37465 37547
38408 38234 38511 38402 38657 38152 38314 38354
38732 39366 39227 39214 39207 39111 39011 38913
40014 40714 40359 40483 40426 40405 40138 40505
41416 41373 41113 41598 41545 41603 41194 41310
42311 42387 42139 41968 41750 42657 42611 42274
42043 42051 42000 41972 41963 42144 41767 41616
42116 42386 41924 42166 41813 42094 42422 41953
42011 42387 41768 41700 41838 42055 42055 41947
41948 41960 41998 42384 41811 41862 41914 41933
42556 42416 42316 42034 41836 42144 42601 41907
