36581649
570168 539322 516385 522314 513743 531768 562023 535101 501097 519461 469615 545481 551592 521909 522860 521215 528837 553499 527854 521664 473990 520417 542299 528249 534232 522848 512132 515245 515649 528514 474210 519527 512195 536184 556971 525662 516449 513574 512197 544523 489909 526469 520512 515807 502232 562692 540471 524539 516891 506748 476830 539917 526901 516184 508536 505540 538748 529571 521787 515450 460004 509283 548640 531733 523222 517397 508872 549447 538783 527075
36103 35792 36541 36511 36248 36345 36416 36372
34444 34070 34194 33978 34178 34072 34436 34301
32789 33165 32628 33020 32928 32976 32700 32780
33226 32909 33140 33038 32948 33132 33032 33093
32824 32820 32723 32575 32734 32663 32489 32475
33582 33935 33935 33580 33820 33761 33598 33635
35755 35554 35733 35869 35848 35583 35534 35770
33981 34302 34132 33995 33750 34190 33806 34187
31726 31957 31628 31610 31885 32127 31838 31841
33163 33118 33040 33094 33252 33083 33315 33388
32478 32526 31902 32156 32347 32420 32206 32379
34358 34777 34952 34758 34842 34667 35124 34842
35139 34919 35348 35207 34968 35074 35301 35099
33269 33490 33156 33262 33300 33371 33364 33547
33209 33656 33105 33388 33616 33336 33386 33191
33272 33422 33139 33299 33124 33160 33063 33293
33960 33796 33707 34087 33651 33987 33687 33781
35300 35694 35546 35074 35350 35074 35691 35093
33604 33793 33430 33472 34073 33717 33682 33374
33146 33708 33131 33355 33751 33259 33137 33603
33052 33385 32832 32733 32858 32922 32700 32793
33319 33002 33378 33212 33313 33122 33294 33261
34631 34644 34835 34518 34789 34417 34712 34493
33748 33703 33828 33921 33899 33785 33763 33687
34264 33983 33906 34169 34120 34355 33914 34157
33120 33449 33171 33754 33370 33390 33543 33320
32774 33126 32785 32993 32568 32854 32729 32919
33077 33005 32649 32882 32789 33235 33156 32875
32923 32695 33239 32893 33089 33147 33152 32938
33782 34478 34283 33939 33984 33500 33844 34123
33318 33732 33404 33406 33026 33187 33588 33349
33274 33353 33294 33484 33323 33142 33129 33415
33051 33101 32532 32864 32730 32494 32877 32857
34739 34102 34225 34341 33989 34216 34395 34620
35850 35173 35750 35706 35991 35537 35679 35699
33741 33904 33810 33678 34138 33256 33676 33627
32896 33405 33074 33035 33373 33393 33044 33164
32746 32908 32927 32947 32857 32944 33072 32842
32788 32796 32699 32839 32852 33105 32873 32649
35099 35245 35494 35053 34991 34608 35112 35077
34926 34733 34611 34235 34506 34495 34419 34772
33860 33828 33405 33719 33645 34167 33896 33960
33625 33364 33361 32844 33539 33611 33562 33199
33123 33048 33000 33219 33491 33382 32884 33229
31863 32267 32178 32303 32520 32105 32225 32054
36549 35610 36663 36120 36073 36327 35970 35991
34886 34461 34601 34963 34719 34501 34758 34701
33880 33522 33835 33372 33619 33323 34119 33576
33135 33306 33363 33057 33110 32800 33384 33085
32706 33024 32738 32984 32767 32489 32620 32533
33952 34315 33850 34085 33920 33918 33775 33725
34719 34542 34657 34957 34503 34959 34908 34894
33631 33718 33796 33794 34206 33652 34139 33393
33127 33077 33352 32906 33245 33164 33085 33154
32674 32726 32699 32702 32622 32545 32971 32884
32654 32549 32438 32759 32502 32730 32844 32136
34730 34753 34836 34696 34695 34517 34800 34404
34203 34279 33872 34068 34026 33779 34342 33746
33541 33486 33488 33643 33807 33668 33473 33238
33307 33230 33298 33394 33221 33331 33311 33294
33154 32879 33465 32358 32433 32622 32764 32710
32892 32996 33149 32962 32875 33086 32808 32567
35722 35150 35558 35146 35205 35288 35314 35533
34168 34003 34317 34369 34140 34174 33987 33954
33706 33653 33555 33631 33740 33829 33667 33682
33325 33255 33580 33740 33412 33156 32964 33338
32767 32968 32888 32788 32682 32993 33031 32816
35099 34960 35887 35716 35486 35335 35254 35535
34705 34913 34512 34832 34732 34618 34501 34537
34218 34019 34039 34199 33995 33806 33861 34005
