43521095
439547 503868 554377 580700 579836 574747 592854 617839 603743 601704 552440 576568 599175 597602 591751 589050 603781 604594 597228 610798 569287 589267 595924 593524 593967 595753 604082 618858 636781 648293 588968 646888 658736 658659 662962 660509 662127 660578 658861 656198 616690 659255 651806 650316 652692 660311 645541 653900 659430 651849 603027 639295 646767 654252 646731 655076 648959 653432 655530 657434 609801 648747 645657 644354 649435 645589 647408 639143 648898 646773
28587 28379 28863 28675 28339 28400 28565 28653
32090 31888 31790 31903 32213 31863 32126 31989
35080 35598 35123 35526 35164 35218 35249 35210
36946 36757 36856 36613 36778 36723 36859 36766
36926 36949 36943 36806 36823 37038 36697 36673
36531 36441 36571 36192 36741 36570 36188 36497
37557 37879 37841 37912 37638 37460 37660 37690
39355 39292 39330 39058 39145 39375 39005 39389
38089 38515 38097 38286 38287 38706 38469 38444
38515 38238 38100 38130 38282 38035 38197 38529
37677 37844 37706 37871 37778 38146 37900 38322
37229 37243 37648 37410 37322 37422 37664 37542
38008 38342 38197 38308 38155 38431 38308 38267
38165 38318 38179 38073 38181 38123 38095 37989
37897 38023 37447 38018 37799 37680 37565 37809
37599 37588 37678 37770 37369 37730 37526 37525
38499 38760 38227 38261 38708 38420 38574 38289
38299 38808 38535 38532 39055 38399 38559 38422
38223 38349 38224 37695 38145 38191 38105 38109
38989 38639 38981 38722 38849 38795 38931 39248
39015 38869 38808 38955 39236 38725 39095 38373
38446 38452 38068 38105 38278 38559 38089 38589
37864 37594 38253 38275 38075 38364 38065 37896
37728 38057 37621 37948 37805 38032 37979 38034
37896 38247 37776 38173 37797 38431 38063 37965
38014 38047 37880 38017 38045 38184 38257 38001
38612 38889 38877 38303 38371 38388 38399 38898
39507 39916 39699 39777 39535 39369 39494 39868
40745 40722 40623 40645 40347 40448 40800 40782
41543 41471 41110 41283 41550 41474 41333 41250
40351 39717 40060 40274 40276 40401 40064 40201
41712 41934 41998 41538 42042 41955 41591 41962
42205 42462 42147 42170 42173 42286 42150 42097
41968 42103 42218 42208 42301 42422 42262 42162
42456 42562 42455 42200 42275 42534 42394 42272
42633 42042 42186 42202 42282 42533 42013 42451
42530 42385 42241 41853 42531 42622 42440 42412
42230 42053 42204 41878 42644 42570 42361 42405
42142 42052 42089 42180 42295 42575 42102 42314
41995 41804 41945 42108 42100 41925 41631 41749
42182 41693 41937 41985 42415 42038 42548 42142
42339 42703 42627 41985 41940 42106 42247 42045
41874 41686 41737 41846 42017 41477 42340 41782
41645 41657 41951 41952 41553 41777 41583 41637
42003 41781 41674 41728 41838 42190 42175 41602
42256 42381 42144 42149 42323 42208 42401 42405
41420 41227 41379 41027 41634 41542 41696 41317
41847 41796 42007 42180 42007 42027 42296 41706
42301 42690 42311 42254 42540 42183 42465 41907
41564 41738 41667 41861 42021 41738 42074 41468
41464 41392 40904 41073 41256 41657 41185 41295
41428 41032 41670 40904 40780 41305 40914 40720
41727 41309 41704 41881 41541 41598 41337 41791
41909 41737 42089 41715 41862 42062 42261 42163
41591 41506 41208 41621 41401 42108 41254 41190
42171 41956 42320 42462 41817 42036 41467 42410
41295 41748 41847 41660 41767 41773 41855 41902
42163 42050 42193 42418 42202 42070 41767 41863
41971 42298 41956 42254 42200 42073 42494 42154
41840 42474 42254 41936 42265 42088 41823 42225
41756 41683 41725 41891 41465 42001 41616 41619
41671 41857 41718 41828 41988 42128 42135 41738
41498 41523 41588 41559 41412 41902 41655 41657
41707 41940 41327 41437 41191 41637 41659 41532
41738 41747 41897 41860 41697 41857 41914 41690
41241 41787 41387 41465 41410 41431 41842 41449
42110 41471 41528 41679 41501 41804 41835 41563
41229 41270 41079 40866 41269 41636 41033 41164
41775 41716 41438 41442 41996 41890 41905 41982
41748 41667 41967 41799 41353 41370 41581 41829
