31371820
406408 421674 437376 457211 479586 472037 488158 481767 472300 474335 444140 495746 500417 502142 498193 479710 484400 483186 482022 477671 447621 475834 485577 480503 476871 466720 463886 463182 464430 453279 410060 463739 459803 462373 463646 457215 455541 457639 450167 442014 411448 437352 432062 440742 442743 440344 439249 442928 432247 441840 404086 447277 435332 426336 426734 424653 428114 417537 422182 410807 381567 423374 421157 414856 417751 419516 409789 408259 414029 418225
25798 25822 26425 26226 26024 26099 26249 26186
26971 26623 26706 26743 26922 27016 26784 26776
27791 27992 27598 27709 27501 27500 27892 27810
29106 29408 29024 29272 29297 29092 28942 28771
30424 30016 30383 30334 30165 30461 30312 30701
30160 30282 30137 29901 30063 29958 29895 29814
30782 31069 31180 30911 31242 31113 30790 30850
30570 30463 30714 30612 30680 30452 30544 30610
30078 30256 29906 29899 29746 30206 29935 30251
30554 30310 30380 30344 30339 30463 30214 30323
30632 30872 30530 30714 30652 30867 30438 30798
31677 31478 31575 31699 32127 31680 31863 32034
31761 31964 31562 31866 31945 31984 31946 31864
31781 32008 32239 31810 31901 31981 32170 32094
31702 31643 31677 31946 31428 31735 31927 31881
30543 30504 30388 30709 30840 30723 30664 30672
30880 31180 30994 30754 30994 30913 30895 30832
30926 30960 30596 31022 30741 30846 30655 30822
30890 31105 30786 31133 30754 30775 30581 30653
30757 31033 30847 30510 30603 30693 30961 30582
30719 31029 30676 30827 31274 30842 31028 30598
30387 30941 30276 30428 30924 30273 30292 30394
31041 31155 31048 30977 30995 31331 31028 31262
31059 30582 30945 30638 30656 30775 30697 30724
30323 30270 30527 30415 30658 30354 30458 30546
30076 29537 29712 29708 30005 29807 29878 29990
29695 29563 29723 29669 29610 29817 29556 29634
29519 29417 29538 29550 29708 29833 29424 29464
29502 29546 29315 30043 29576 29624 29967 29644
29183 29905 29171 29284 28944 29242 28899 29393
28549 28516 28458 28853 28603 28983 28708 28659
29807 29839 29784 29681 29820 29940 29988 29655
29543 29491 29647 29287 29397 29494 29334 29471
29639 30031 29867 29578 29562 29592 29681 29853
29560 29866 29610 30012 29581 29464 29745 29797
29400 28987 29164 29383 29296 29109 29391 29758
29075 29411 29054 29296 29108 29143 29312 29291
29513 29299 29034 29138 29030 29468 29214 29414
29005 28505 28941 28901 29206 28405 28543 28970
28821 28524 28802 28499 28886 28299 28828 28657
29281 29271 29383 29121 29736 29330 29044 29264
28162 28370 27692 28169 28290 28432 28330 28157
28055 27945 27870 27930 27669 28020 27474 27748
28077 28184 28298 27975 28129 28097 28690 28272
28448 28272 28661 28580 28506 28663 28298 28342
28599 28199 28215 28089 28346 28338 28118 28331
28560 28158 28116 27962 27953 28331 28121 28548
28381 28489 28284 28264 28627 28743 28348 28573
28097 28126 27573 27676 27751 27773 27824 27608
28359 28479 28462 28440 28884 28621 28636 28819
28959 28804 29086 28967 28871 29490 28725 28946
28526 28819 28912 28888 29086 28857 28808 28803
28144 27869 28017 27811 28204 28267 27858 27902
27840 27366 27318 27515 27304 27274 27557 27195
27682 27498 27561 27292 27683 27289 27606 27611
27234 27125 27445 27219 27054 26893 27691 27485
27581 27559 27763 27610 27624 27289 27566 27691
26937 26902 26856 27164 26813 27126 26819 26637
27253 27085 27070 27261 27236 27450 27055 27283
26673 26964 26691 26912 26336 26527 27023 26549
26996 27606 27613 27593 27607 27575 28148 27844
27422 27362 27587 26919 27731 27432 27395 27281
27413 26835 27096 27013 27115 27360 27123 27392
26610 26839 26668 26948 26599 26521 26980 26626
27027 27184 26996 27086 27078 27041 26826 26688
26825 26986 27121 27201 27364 27011 27524 26820
26627 26491 26428 26149 26465 26341 26520 26304
26114 26402 26136 26458 26271 26377 26309 26334
26766 26419 26556 26784 26730 26660 26744 26569
26967 27066 27037 26959 26895 26990 26871 26913
