44046606
397929 501288 542001 542056 581830 599629 613887 624694 618525 598670 539548 594052 608299 614069 611546 612154 614619 612326 603429 590940 559310 594155 620462 620054 615708 616218 625840 644524 659450 662000 618778 665224 666419 659617 659453 647373 653893 661204 656108 658528 562758 666100 666335 661594 671510 665331 670031 665099 665609 664920 617201 665969 657847 664521 664991 669089 668452 660220 666155 652636 603682 659083 653542 651757 662789 657424 643027 661153 664487 656972
25386 25678 26101 25930 25765 25889 25955 25910
31923 31706 31833 31793 31898 31929 31903 31848
34321 34801 34293 34682 34368 34269 34354 34364
34449 34504 34264 34199 34274 34431 34484 34371
37082 36817 37130 36985 37049 37051 36713 36927
38189 38144 38205 37687 38279 38049 37852 38006
39030 39009 39016 39289 39046 39019 38959 38953
39593 40039 39619 39473 39479 39710 39619 39769
39169 39419 39181 39441 39228 39647 39155 39377
38464 38114 38227 37973 38211 38188 38323 38567
37498 37228 37139 37097 37602 37275 37370 37414
37606 38116 38158 37873 37920 37830 38211 37901
38787 38949 38485 39067 38584 38821 38939 38813
39064 39379 39030 39105 39369 39184 39235 39017
39077 39286 38937 39073 39038 39138 38765 38905
39163 39313 39110 39141 38939 39056 38885 39159
39279 39581 38798 39145 39434 39278 39307 38683
38759 39235 39159 38801 39610 39028 38904 38965
38586 38575 38572 38265 38602 38646 38186 38529
38279 37985 37926 37679 38058 37516 38113 37808
38551 38372 38285 38521 38498 38501 38246 38359
38323 38046 38046 37871 38265 38230 37923 38083
39351 39702 39532 39681 39478 39880 39508 39545
39418 39738 39500 39744 39454 39872 39559 39808
39397 39321 39086 39443 39352 39573 39294 39175
39468 39767 39586 39198 39316 39413 39431 39430
39977 40126 40083 39945 39874 40020 40007 40015
41244 41408 41136 41246 41209 40764 41039 41589
42211 42620 41589 42345 42100 41981 42164 41971
42796 42461 42588 42357 42412 42604 42245 42690
42661 41699 42027 41625 42145 41641 41900 41874
42547 42884 42906 42708 42858 42500 42699 42537
42735 42937 42193 42729 42830 42918 42534 42874
41973 42378 42685 41979 42399 42168 42157 41880
42675 42238 42090 42134 42208 42196 42003 42038
41738 41514 41427 41287 41224 41843 41100 41600
42130 41906 41648 41596 42229 42272 41770 42086
42234 42240 42273 42184 42709 42575 42060 42035
42073 41889 42030 41932 41893 42008 42055 41871
42615 42176 42500 42310 42504 42255 42562 42057
38514 38714 38580 39102 38599 38676 38513 38427
42782 42789 43173 42342 42687 42209 42838 42690
42918 42938 42952 43039 42807 42494 42647 42467
42843 42363 42633 42737 42378 42646 42394 42545
42850 43440 42981 43070 43018 43133 43250 42759
42876 42554 42593 42460 42721 42681 42670 42994
42926 43361 43051 43023 43103 42957 43042 42742
42879 42429 42847 42914 43087 42648 42918 42498
42910 43072 42803 42638 42721 42621 42607 42166
42987 42770 42316 42721 42896 42861 42724 42364
42861 42806 42554 42702 42406 42722 42179 42162
42749 43062 43401 42745 42819 43068 42378 42742
42877 42121 42351 42243 42139 42414 42157 42244
42813 42339 43047 42866 42753 42951 42364 42613
42828 42684 42830 42730 42581 42624 42218 42959
42747 43089 43228 43582 43085 42924 42842 43141
42732 42984 43383 43077 43218 43110 42601 42907
42824 42887 42459 42410 42524 42194 42468 42390
42766 43122 42890 43038 43221 42913 42638 42720
41994 41960 42421 42062 42020 42010 41874 41905
42762 42458 42221 42083 41932 42382 42021 42228
42772 42819 42445 42420 42564 42480 42099 42304
42134 42417 42474 42090 42099 42448 41953 42040
42243 42154 42021 42109 41838 41515 41942 42036
42569 42897 42882 42658 42322 43064 42566 42062
42750 42582 42303 42178 41799 42301 42636 42102
41875 41529 41421 41259 41472 41585 41311 41553
42584 42457 42662 42658 42897 42565 42253 42441
42732 42787 42913 42703 42738 42319 42618 42887
42225 42408 42963 42347 42266 42342 41970 42446
