1
farreach 73059043 70
1128995 1075525 1034629 1038876 1028363 1062332 1124207 1075375 1003403 1035183 934622 1085005 1097378 1047449 1045522 1042153 1057557 1113732 1057441 1049313 948572 1035304 1081877 1049093 1061417 1048275 1026800 1030646 1022815 1067388 950263 1033152 1029309 1065598 1108110 1052575 1029341 1025163 1026021 1094843 976759 1053094 1043814 1032917 1001896 1121676 1074720 1044462 1037029 1015782 952995 1076909 1051195 1029962 1009052 1009724 1075612 1059451 1039581 1031204 911033 1016902 1097284 1060509 1041600 1031991 1018541 1091515 1078287 1048959
71691 71258 71852 72002 71520 72019 71826 71941
68562 68144 68336 68153 68329 68448 68545 68266
65794 66247 65661 65977 65852 65614 65550 65659
66089 65798 65917 65614 65753 66136 66171 65750
65399 65600 65434 65247 65375 65393 65081 65301
67444 67587 67723 67073 67379 67511 66967 67699
71413 70921 71295 71855 71668 71395 71348 71494
68335 68516 68526 68151 68144 68506 68366 68505
63410 63838 63883 63547 63970 63958 63812 63882
66300 66173 65955 66190 65927 65933 66073 66142
64527 65050 64161 64500 64474 64481 64317 64626
68503 69447 69447 69289 69430 69212 69492 69236
69857 69771 70058 69980 69901 70010 69926 69870
66787 66859 66723 66656 66891 66845 67244 66914
66662 67263 66473 66623 66926 66550 66957 66525
66703 66725 66312 66802 66602 66207 65855 66776
67713 67463 67201 67721 67358 67712 67295 67786
70871 71262 71228 70904 70882 70800 71537 71055
67682 67503 67289 67380 67738 67348 67580 67136
66961 67315 66646 66802 67541 67047 66732 67069
66120 66676 65833 65571 65883 66270 65991 65995
66595 65985 66362 66412 66614 65764 66129 66190
68806 69138 69183 69105 69384 68902 69344 69146
66895 67412 67488 67353 67419 66952 67061 66638
68063 68009 67561 67954 68116 68054 67700 67692
66801 66968 66637 67564 66968 67040 67281 66711
65762 65969 65445 66065 65430 65403 65577 66229
66007 65848 65595 66025 65815 65951 66215 65799
65514 65144 65526 65386 65654 65442 65407 65683
68289 68848 68778 68582 68387 67661 68339 68453
66687 67426 67202 66926 66482 66985 67500 67028
66027 66650 66168 66378 66314 66232 66215 66418
66504 66087 65923 66347 65551 65587 65941 65946
68608 68134 68129 68347 67962 68141 68363 68491
71434 70354 71169 71251 71229 71051 70919 70838
67305 67740 67681 67414 68083 66876 67259 67645
66075 66759 65821 66040 65961 66230 65955 66203
65717 65770 65894 65844 65280 65843 65880 65478
65430 65502 65612 65356 65668 65777 66096 65564
70149 70264 70853 70449 70067 69872 70394 70172
69526 69420 69346 68812 69375 69122 68767 69099
67452 67618 67232 67517 67556 67725 67522 68066
67241 66632 67250 66579 67107 67042 67353 66764
66332 66026 66325 66490 66651 66488 66249 66704
63614 64507 64011 64768 64666 64049 64140 64011
73045 71191 72617 72260 72123 72084 71668 72262
69058 68879 68834 69627 68917 68715 68954 69146
67431 67013 67282 66929 67040 66712 67601 66923
66603 66538 66930 66211 66498 66304 66816 66462
65452 65957 65271 65901 65636 64978 65375 65173
68225 68497 67562 68333 67689 68012 67646 67801
69249 69036 69253 69418 69061 69832 69317 69539
67166 67393 67528 67361 67907 67425 67699 67203
66087 66095 66197 66147 66355 66222 66230 66162
64963 65447 64984 64937 64965 64820 65320 65063
65137 65055 64540 65117 64906 65252 65447 64857
69306 69329 69163 69217 69344 68869 69601 68821
68551 68494 67957 67994 68190 67687 68428 67882
66687 66957 66579 66736 67231 66995 66938 66362
66258 66390 66521 66677 66538 66735 66550 66425
65377 65809 65829 64877 64648 64549 65238 64799
65627 65898 65946 65818 65596 65995 65547 65313
71145 70295 71099 70811 70547 70444 70648 71010
67800 67921 68439 68356 68118 68041 68426 68211
67070 67285 66733 67036 66987 67332 67075 67075
66475 66471 67138 67139 66405 66389 65999 66349
65355 65938 65781 65848 65579 65955 66138 65302
70242 69760 70839 71142 70347 70206 70398 70599
69491 69722 69234 69671 69559 69414 69144 69016
67740 67998 67650 67461 67813 67276 67474 67706
