1
farreach 62693340 70 
811594 842669 874817 913113 954443 947190 971743 962596 949822 949389 882021 987214 998459 1004762 995095 959912 970191 965973 963258 963708 892566 949695 971321 957785 950235 932735 923258 922932 924823 914788 815897 925901 920782 927677 925636 912975 913773 915096 898384 892544 816157 870644 864496 880302 887089 884187 878609 887909 867589 886158 803943 895348 870613 851650 852382 847571 856748 832532 842701 824849 758810 845435 839311 829534 833764 841989 820606 814507 824570 825475
51844 52073 52430 52372 51920 52366 52261 52247
53808 53346 53336 53472 53607 53937 53652 53596
55629 55877 55833 55592 55395 55281 55459 55521
58312 58736 57673 58137 58225 57969 57890 57442
60371 60082 60763 60426 60361 60742 60934 60877
60116 60657 60217 60024 60146 60145 59854 60270
61703 61661 61931 61390 61829 61857 61254 61873
61175 60724 61288 61305 61385 61052 61156 61260
60329 60235 60328 60201 60085 60714 60488 60352
60744 60524 60430 60481 60843 60512 60552 60525
61442 61686 61153 61429 60966 61173 60848 61526
63132 63075 63230 63438 63586 63272 63374 63653
63292 64037 63349 63856 63697 63679 63304 63579
63727 63992 64497 63904 64080 64129 64217 64185
63314 63306 63181 63483 63214 63613 63768 63538
61169 60933 61131 61333 61550 61192 61562 61052
62074 62264 61873 61715 62113 61867 61899 61853
61993 61827 61251 62148 61641 61572 61076 61815
61597 62004 61422 61709 61341 61461 61020 61638
61365 61657 61809 61611 61517 61649 62125 61787
61910 62051 61438 61821 62229 61741 62071 61547
60889 61498 60566 60706 61354 60482 60638 60728
62264 62168 62052 62052 62061 62591 62175 62279
61857 61110 61548 60971 61099 61550 61294 61131
60585 60226 60654 60992 61338 60639 60708 61065
59708 59306 59673 59439 59882 59549 59782 59825
58965 59253 59210 59158 59067 59094 58815 58809
58919 58836 58827 58991 59336 59323 59034 58870
58994 59088 58566 59705 59235 59082 59354 58764
58776 59547 58290 58905 58355 58406 58398 59258
57212 56898 57167 57532 56915 57493 57348 57543
59594 59496 59346 59500 59642 59709 59489 59522
59268 58954 59066 59092 58888 58642 58973 58968
59521 59619 59895 59312 59354 59525 59518 59580
58863 59551 59275 59256 59109 59349 59572 59602
58444 58111 58395 58650 58401 58615 58808 59379
58370 58806 58306 59033 58349 58470 58579 58542
58817 58618 58296 58485 58178 58980 58554 58750
58035 57186 57799 57711 58293 56931 57001 57663
57489 57400 57634 57593 57684 57319 57718 57712
58616 58617 58402 58034 58895 58168 57919 58441
56387 56264 55661 56014 55835 56436 56267 55866
56109 56107 55722 55626 55224 56031 54929 55647
56077 56270 56452 55873 56224 56267 57128 56507
56825 56526 57043 57099 56902 57156 57073 56877
57159 56340 57149 56738 56988 56801 56320 56769
56858 56320 56476 56058 56327 56751 55923 56933
56832 56960 57004 56851 56979 56939 56975 57318
56049 56187 55673 55725 55735 55564 55847 55519
57046 56683 57060 56849 57456 57268 57273 57321
57721 57998 57811 58100 57989 58587 57622 58129
57265 57675 57588 58103 58093 57940 57675 57782
56154 55977 56024 56107 56309 56107 55622 56234
55446 54753 54570 55051 54619 54477 54987 54613
55135 54994 55104 54612 55092 54892 54818 55129
54665 54161 54492 54528 54259 54384 54920 54836
54994 54980 55475 55311 55351 54663 55054 55190
53603 53797 53379 54241 53463 53796 53730 53391
54445 54190 53998 54044 54394 54645 53862 54581
53332 53886 53581 53607 52762 52917 53439 53399
54077 55055 54984 55152 55367 55527 56117 55402
54935 54594 54932 54391 54959 54831 54525 54638
54442 53821 54091 53846 54345 54408 54257 54636
53148 53644 53129 53782 53404 53269 53750 53652
53795 54389 53779 53662 53600 53947 53824 53684
54262 54189 54000 54468 54573 54329 55144 53962
53380 52893 53035 52376 53253 52831 52993 52585
52327 52822 52105 52537 52726 52513 52567 52596
52885 52947 52916 53327 53055 53335 53078 53039
53079 53738 53289 53391 52943 53492 53202 53154
