1
farreach 87867618 70
796241 999342 1083015 1081827 1162401 1195325 1227285 1244951 1231787 1197582 1081161 1177882 1212364 1222848 1218506 1223557 1225525 1219260 1201272 1185446 1111814 1193164 1230231 1232044 1228528 1226570 1252097 1288159 1313520 1323522 1237395 1321508 1327149 1310522 1326949 1294970 1306674 1315769 1310504 1318082 1111512 1328312 1329915 1320676 1334333 1327499 1333598 1330623 1324974 1329916 1231736 1329778 1319304 1326346 1330585 1333129 1327360 1320908 1324318 1296590 1204321 1323040 1302930 1303030 1314242 1313217 1291226 1313451 1325140 1307467
51245 52019 52065 52054 51654 52156 51949 51877
63722 63457 63453 63420 63458 63738 63506 63605
68510 69502 68993 69151 68859 68533 68607 68712
68820 68647 68301 68327 68478 68902 69188 68355
74000 73911 74010 73804 73875 73938 73523 73939
76241 75802 76217 75352 76016 75772 75385 76311
77885 77800 77939 78414 78128 78109 78044 77964
78968 79166 78917 78676 79034 79187 79210 79049
78164 78569 78393 78602 78242 78577 78265 78614
76748 76623 76414 76286 76068 76273 76340 76648
75007 74968 74982 74825 75631 74982 74983 74996
74959 75759 75540 75129 75260 75397 75494 75094
77402 77542 76803 77394 77113 77441 77493 77194
77962 78141 78009 78017 78497 77638 78279 77748
78051 78251 77402 77889 77709 77759 77177 77756
78141 78002 77996 78054 77931 78081 77868 78459
78356 78536 77762 78284 78489 78128 78090 77455
77426 77880 77781 77227 78221 78104 77460 77722
77054 76638 76418 76657 76766 76820 76412 76481
76342 76031 75950 75522 76236 75364 76057 75947
77015 76691 76280 76545 76685 76794 76169 76385
76358 76729 76463 76344 76885 76715 76447 76543
78540 78915 78815 78471 78692 78878 78648 78107
78654 78913 78183 79085 78779 78896 78252 78945
78638 78277 77953 78785 78554 78503 78557 78326
78796 78978 78386 78389 78233 78194 78512 78555
79709 80020 80151 80110 80015 79811 79808 80285
82227 82708 82582 82074 82338 82171 82385 82604
84161 84739 83203 84214 83745 84035 83663 83782
85315 84629 84704 84701 84674 84901 84593 84800
85037 83780 84498 83965 84369 84080 83840 83727
84909 85201 84825 85029 84568 84312 84797 84844
85252 85553 84503 84963 84649 85043 84708 85028
83767 84031 84397 83378 84147 83918 83680 83549
84940 85148 85131 84786 85095 84756 84656 84596
83202 82741 83051 82643 82568 83849 81856 83387
84014 83485 83481 83456 84141 83754 83530 83683
84245 83939 84302 84146 84614 84330 83976 83947
83855 83758 84214 84162 83951 84145 83909 83738
84984 84524 84491 85021 84696 84185 84695 84496
76592 76485 76421 77482 76490 76144 76029 76553
85280 85688 85538 85077 85265 85109 85283 85150
85532 85749 85681 85626 85687 85016 85137 84953
85471 84772 84928 84948 84698 84915 84360 84879
85485 86004 85633 85616 85333 85643 85646 85225
85533 84935 84936 84759 85536 85282 84889 85752
85608 86198 85473 85435 85679 85773 85428 85439
85507 85575 85416 85721 85920 85348 86164 85144
85590 85631 85332 84715 85117 85204 84797 84382
85632 85669 84798 85532 85904 85497 85123 84932
85558 85524 84680 85420 84824 85154 84194 84633
85274 85831 86013 85292 85386 85538 85264 85483
85393 84898 85313 85360 84644 84725 84230 84767
85323 85080 85407 85211 85333 85651 85316 85074
85291 85601 85946 85494 85356 85647 84859 85881
85256 85706 85819 86803 85942 85844 85468 85966
85266 85571 85976 85601 85631 85497 84744 84881
85344 85746 84901 85064 84956 84448 85011 84773
85346 85568 85365 85303 86218 84936 84621 84926
83814 83667 83682 83432 83805 83299 83104 83295
85317 84684 84457 83836 84129 84577 83928 84191
85227 85471 85259 84912 85560 85240 84699 85396
84076 84365 84422 83632 84032 84346 83778 83644
84244 84306 84062 83851 84111 83554 84184 83910
84956 85118 84798 84446 84138 85234 84513 83884
85271 85417 84645 84340 83933 84358 84631 84518
83478 83464 83213 83122 83220 83296 83286 83240
84921 84615 84890 84566 84965 84228 84625 84414
85168 85346 85584 85512 85219 85163 85309 85335
84298 84280 85321 84168 84298 84458 83840 84576
