1
farreach 83233913 70
827543 1021786 1161998 1219411 1251513 1227879 1128862 1257652 1240723 1155584 920665 1212297 1205198 1199168 1211120 1239823 1214175 1199757 1235687 1229109 873082 1164749 1207989 1226546 1220495 1185246 1222784 1214815 1226120 1197179 1131069 1215493 1220107 1184285 1216416 1171053 1177376 1206082 1174851 1199666 1121755 1203476 1213877 1206386 1210446 1207476 1179640 1198143 1209129 1162500 1080365 1184570 1175117 1167162 1192407 1193221 1168802 1193201 1190317 1164895 1088631 1205638 1248528 1280390 1298040 1295080 1296790 1300985 1296706 1303465
53990 53330 54037 53992 53546 54069 54017 53945
64955 65336 64803 64761 64839 65218 64603 64909
73895 74430 73898 74325 73952 73457 73646 73707
77517 77579 77278 76933 77298 77642 77363 77169
79440 79353 79565 79246 79528 79601 79921 79635
78301 78138 78322 77722 77926 77642 77260 78273
71634 71749 71694 72209 71746 72257 71220 71656
79896 79830 79867 79346 80157 79904 79879 79918
78821 79279 79152 79307 78810 78934 78956 79256
73733 74063 73195 73448 73643 73736 73582 74045
64313 64465 64638 64487 63990 64538 65346 64576
77695 77554 77941 77485 78345 77754 78105 77774
76819 77633 76494 76884 76868 76850 76761 76888
76699 75852 76177 76418 77413 76454 76715 76359
77661 77603 76992 77589 77200 77319 77031 77251
79115 79553 79198 79161 78604 78985 78761 79462
77287 78103 76761 77464 76920 77387 77429 76956
76565 76517 76429 76000 77205 76694 76274 76488
79023 78891 78860 78822 78898 79271 78820 79128
78824 78381 78512 78176 78848 78146 78387 78776
61475 61045 60725 61525 62524 61089 61298 60720
75273 76012 75188 75103 75128 75376 75015 74511
77121 77042 76845 77145 77864 77698 77223 77416
78307 78635 78028 79075 78014 78094 78291 78205
78166 78205 77348 78119 77992 78056 77994 78419
75853 75310 75493 75818 76113 75920 75947 75542
77811 78473 78099 78162 77876 78080 77884 78503
77400 78064 77742 77447 77967 77821 77984 77576
78032 78662 78248 78785 78088 78146 78110 78886
77578 76546 76487 76445 76087 76878 76679 76282
77999 77049 77440 77825 77999 77044 77014 77404
77754 77863 77700 77980 78221 77988 77427 78090
78138 78502 78110 78140 78044 77826 78264 78179
75636 76507 75498 75540 76139 75965 76125 75429
77966 78001 78004 77747 77665 77417 77670 77755
75140 74715 74900 74891 74993 75714 74780 74669
75153 75190 75106 75371 75726 75679 74932 75689
77177 77205 77097 76996 77413 77665 77118 77340
75304 75064 75329 74793 75679 75223 75325 75311
77005 76412 76486 77195 76924 77555 76816 76770
77082 76939 77036 77599 77207 76987 76715 76931
77165 77118 77139 77158 77534 77198 77344 77672
78003 78508 78092 77900 77678 77963 78042 77753
77865 77308 77255 77838 77536 77179 77645 77498
77416 78089 77954 78023 77599 77893 77621 77411
77450 77698 77160 77511 77672 77830 77446 77512
75924 75441 75827 75823 75457 75778 75717 75293
76268 77205 76603 76835 77403 77241 77103 76948
78108 77754 77363 77291 77515 77905 77868 77585
74875 74909 74278 74663 74872 74749 75147 74464
75244 75531 74357 74745 76286 75077 75154 74799
76487 76295 75820 76154 76767 76271 76537 75639
74980 75990 75189 75592 75311 75884 75430 75594
75178 75413 75180 75039 75034 75180 74897 74993
77215 76866 76767 76839 76748 76810 76212 76372
76523 76864 76722 76702 76712 76870 77009 76639
74979 75049 75396 75251 74828 75530 75253 75190
76438 76582 76611 77011 76649 77177 76532 76831
76269 76494 76935 77100 76649 76896 76252 76728
74735 75526 75014 75242 74912 74793 75189 74705
76468 76849 76546 76933 77163 76413 76639 76211
77484 78328 77704 77770 78250 77729 77332 77502
79962 81087 80406 80183 80712 80489 79816 80250
82760 82253 82163 82237 82861 82477 82510 82816
83528 83893 83319 83539 83403 83973 83882 83765
83435 83311 83636 83564 83666 83813 83375 83036
83490 83984 83399 83465 83441 83902 84036 83484
84003 84558 83040 83014 83569 84247 84110 83348
83479 83824 83497 83910 83399 83729 83720 83578
84195 84799 84141 83469 83528 83810 84526 83693
