1
farreach 87243218 70
1023070 1022747 1120783 1160599 1149758 1152399 1190636 1233863 1202007 1200810 1083783 1161393 1193095 1189495 1179079 1188056 1207299 1203737 1192703 1216919 1126957 1180654 1188812 1194699 1186447 1198394 1202020 1237426 1271425 1285968 1173346 1296854 1314901 1315624 1322243 1318515 1324162 1319845 1309831 1308341 1228058 1310242 1288282 1299522 1309497 1302425 1292047 1304303 1309211 1294210 1196839 1282477 1292237 1306349 1295610 1298421 1293314 1299600 1309820 1309918 1218295 1294083 1289797 1278301 1295735 1281024 1294491 1280494 1291573 1546329
66578 66489 66374 66398 65884 66026 66269 66433
65100 64858 64899 64984 65296 65052 65058 64947
71056 71875 71166 71534 71122 71029 71182 71094
73852 73637 73737 73155 73638 73742 74072 73310
72922 73019 73052 73016 72695 73409 72620 73291
73632 73038 73292 72706 73643 73021 72720 73525
75266 75568 75863 76051 75636 75617 75738 75544
78331 78528 78489 78089 78572 78402 78392 78526
76409 76778 76424 76792 76042 76605 76538 76692
76775 76521 75991 76346 76327 76270 76223 76580
74343 75123 75556 75068 75189 75566 74894 76171
74469 74709 74875 74512 74763 75085 75040 74793
75996 76438 75980 76439 75991 76301 76487 75957
76163 75901 75971 75555 76019 75873 75494 75809
75404 75540 74683 75809 75112 75068 74952 75533
75699 75586 75874 75879 75759 75883 75492 75984
77145 77117 76811 76980 76927 76845 77106 76487
76569 77101 76755 76428 77442 76642 76834 76756
76487 76299 75991 75768 76156 76184 76299 76080
77832 76858 77898 77471 77709 77620 77606 78104
77598 78007 77210 77806 77955 77207 78006 77188
76110 76643 75912 75670 76430 76706 76048 76362
75790 75772 76289 76459 76019 76193 76067 75320
76148 76182 75778 76329 76306 76222 76205 76854
75936 75948 75248 76115 75699 76210 76227 75941
76671 76809 76302 76792 76544 76487 76865 76557
76691 76869 76943 76680 76689 76714 76687 77059
78957 79562 79448 79115 78853 79231 79071 79395
81251 81153 81466 80885 80704 81050 81165 81601
82347 82136 81477 82431 82459 82408 82235 81752
80561 79663 80485 80622 80262 81131 79862 80515
83352 83833 83784 83296 83620 83735 83139 83739
84467 84532 83992 84222 83850 84415 84155 84083
83894 84447 84373 84009 84143 84567 84281 84379
84643 84376 84703 84326 84431 84726 84620 84064
84355 84088 84354 84131 84478 84799 83787 84772
84864 84630 84994 84310 84909 84823 84596 84985
84657 83934 84440 84080 84957 84780 84802 84588
83936 83432 83637 84039 84011 84477 83691 84126
83647 83555 83482 84220 84119 83757 83207 83919
83926 83480 83786 83824 84364 83685 84341 83990
84023 84786 84229 84032 83736 84055 84101 83778
82843 82399 82599 82662 82948 82606 83175 82534
83355 83635 83389 83449 83149 83476 83183 83516
84165 83695 83916 83857 83771 84078 84201 83870
83346 83613 83156 83176 83681 83799 83385 83509
82763 82775 82626 82373 83185 83118 83570 83024
83648 83611 83272 83861 83617 83893 84301 83915
84186 84500 83959 83582 84394 84048 84233 83406
82501 83070 82919 83134 83474 83070 83326 82327
82178 82395 81248 81658 82020 82732 81957 81961
82554 82685 82851 82368 82155 82617 81886 82298
83180 82696 82999 83228 83239 83098 82902 83293
83704 83545 83950 83520 83408 83781 84559 84131
83103 83141 83172 83569 82848 83932 83220 83157
83190 83232 83611 84098 83506 83647 82838 83774
82509 83085 83087 83466 82876 83455 83102 83369
83615 83941 83624 84174 83813 83960 83671 83132
84037 84504 83984 84090 84522 83750 84543 84114
83884 84526 84126 83531 84635 83857 83555 84235
83441 83346 83325 83805 83142 83591 83377 83580
83295 83682 83233 83057 83839 83813 83481 83364
83030 82753 83021 82945 83207 83642 83383 83142
82170 82825 82068 81958 82345 82916 82516 82041
83554 83347 83336 83286 83241 83467 83888 83223
82343 83135 82217 82127 82385 82480 82850 82828
83490 83488 83132 83249 83035 83445 83874 83391
82496 82539 82294 82275 82121 82748 82602 82509
83070 83011 82670 82902 83474 83553 83880 83071
99807 99631 100305 99403 99090 99560 99913 100041
