1
FarReach 158225604 70
2575056 2406839 2344141 2275097 2283456 2608779 2399826 2335058 2275267 2228204 2291881 2352498 2270012 2268770 2233121 2523306 2374715 2333096 2282992 2256662 2285616 2334807 2242760 2271575 2236426 2507475 2381926 2311032 2255997 2244856 2264043 2336489 2314345 2046866 2216955 2467391 2368131 2303300 2268700 2232080 1906196 2308405 1916401 922966 2227688 2207985 1653796 2367143 2284316 2212753 2030228 2345890 2369951 2243616 2248203 2205477 2337711 2408711 2328761 2284033 2047094 2330244 2390634 2321435 2257569 2201962 2359705 2348629 2280140 2062571
81391 81666 82091 82007 81685 82258 81889 81736 81449 81933 81901 81844 82184 81514 81791 81950
76538 76371 76645 76300 76389 76187 76329 76577 76227 76406 76715 76601 76470 76509 76388 76292
74605 74576 74530 74263 74642 74718 74274 74288 74087 75063 74759 73955 73904 74403 74183 75045
72318 72010 72350 72315 72270 72269 72259 72461 72116 72461 72442 72661 72463 72222 72210 72453
72505 72684 72802 73012 72698 72205 72515 72516 72424 72697 72529 72556 72427 72503 72605 72820
82822 82752 82997 82757 82751 83169 82737 82888 82712 83062 82939 83189 83740 82841 82735 83187
75908 76600 76766 76646 76320 76183 76686 76479 75829 76937 76076 76092 76094 76605 76602 76047
74058 74533 74690 73956 74140 73983 74478 74034 74367 74120 74023 74649 74475 73668 74336 74515
72353 72777 72371 72590 71917 72693 72471 72240 72574 72843 72151 72688 72428 72069 72385 71785
71138 70852 70735 70995 70942 71139 70661 70636 71356 70951 70662 70810 71000 70735 70868 71484
79194 78030 78542 77898 78739 77502 78253 78322 78633 78608 78559 78089 77924 78171 77814 78145
75082 75750 75870 75116 75296 75158 75941 75907 75290 75423 76251 75066 75399 75552 75538 75559
73524 73119 72601 73123 73300 72875 72782 73256 72952 73363 73532 73290 73162 73291 73281 73435
73037 73295 73394 73168 73513 73168 73143 72865 72741 73111 73353 73060 73052 72855 73091 73308
71919 72489 72232 71842 71970 71518 72571 71828 71757 72276 71843 71872 72039 71826 72157 72044
81648 81813 81058 81092 81598 81320 81554 81188 81025 81756 80942 81396 81075 80886 81052 82110
76817 76977 76913 76334 76254 76690 76415 76485 76295 76647 76822 76535 76214 76215 76308 76654
74845 75390 75478 74376 75543 75265 74814 75483 74786 75652 75521 75427 74866 75129 75016 74823
73921 74112 73078 72944 73706 73326 73160 72957 73937 73600 73558 73734 73171 73434 73984 73667
72604 73025 72295 72778 72503 72811 72686 72711 73079 73277 72710 73097 72934 72394 72680 72866
79401 79610 78811 79443 78652 79501 79282 79958 79009 80056 78877 79965 78765 79300 77969 80091
75601 75819 75833 75899 75681 75704 75450 75287 74995 76008 76001 75663 75515 75749 75128 75564
72920 73305 72598 72571 73288 73047 73051 72926 71961 72929 72407 72528 72609 72306 72393 73086
73280 74341 73564 73385 73571 73370 73649 73283 73652 74344 74365 74127 73830 74162 73651 74161
72557 72272 73173 72479 72544 72741 72692 72187 72307 73084 72503 72473 73110 72323 72488 72732
81631 81972 81711 81005 81279 81731 80934 81812 81706 81677 81605 81109 81562 81253 80846 80959
77049 77445 77747 77586 77342 77348 76985 77034 76615 77475 77245 77945 77489 77365 76993 77098
74756 75204 75333 75094 74873 75252 74858 74999 75154 74874 75117 74781 75012 74592 74851 75051
73334 73232 73510 72105 73584 73671 73827 73169 72731 73422 73958 73747 73442 72799 72857 73035
72567 72852 72815 72692 73071 73086 72834 73030 72841 72928 72857 73387 72915 72177 72928 72740
78948 79548 78647 79650 78997 79425 78384 78821 78587 78948 77858 78835 78697 78294 78103 78920
75769 76265 76451 75734 76212 76265 75647 75972 76118 76976 75834 76604 76053 75320 75671 76169
75383 74923 75666 75630 75811 75877 75354 75231 75037 75802 74984 76052 76010 74918 75190 75746
66906 66796 67037 66819 66803 67155 66561 66485 66433 66955 66779 67010 66434 66202 66393 66489
72553 72703 72569 72834 72343 72159 72051 71300 72091 72215 72513 72572 72954 72021 71828 72558
80534 80214 80873 80426 79922 80876 80094 80354 79238 79974 80141 80927 80566 80339 80626 80222
77352 77063 77638 76814 77731 78006 76877 77123 77168 77293 76931 77453 77131 77789 76675 77143
75260 75103 74509 75050 75504 75583 74448 75290 74730 75090 75405 75339 75688 74445 74828 75211
73816 73670 74019 74243 74468 74210 73643 73830 73996 74112 74046 74252 73861 73533 74365 74218
72995 73095 72839 72446 73266 72990 72827 72917 72351 72543 72721 73041 73232 72482 72535 72249
68084 65929 66895 66905 67311 66528 66792 66803 66243 66926 67142 67670 67854 66452 67208 67343
74881 75274 75164 76025 75065 75503 75463 75676 76414 75505 75665 75509 75499 74718 75117 75508
63061 63015 62815 62473 62935 63025 62217 62708 62301 62612 62824 62813 62727 62440 62493 62720
29990 30198 30339 30322 30205 30357 30155 30113 30154 30339 30647 30414 30262 30010 30092 29382
72486 72277 72862 72648 73291 73508 72907 72793 72941 73213 72225 72888 73283 72104 72325 74128
72477 71970 72720 71782 72486 72050 71546 71664 71511 71757 72683 71874 72505 71561 72085 72527
54028 53844 53988 53225 54281 54242 53579 54299 53698 55077 54332 54054 54247 53751 53981 54314
77090 76910 77299 77825 78119 77479 76761 77585 77290 77992 77354 77300 77102 77292 77021 77561
74425 75002 74862 75338 75221 75212 74321 74625 74512 75271 74900 74844 74379 73922 74088 75094
72301 71986 72459 72322 72359 72750 71541 72301 71881 72862 72546 72985 73153 71929 71787 72780
71275 71536 70838 71947 71031 71021 71080 71508 70322 72040 71768 71679 71973 70788 71301 71621
76540 76669 77622 77096 77354 77441 76868 77540 76055 76979 76999 77353 77438 76166 76740 77373
77306 78273 77899 77939 77630 77921 77525 77344 77950 78494 77705 77741 78077 77594 77860 77724
73859 73332 73999 73786 73656 73870 73366 73475 73745 74192 73580 74073 73550 73537 72905 73624
73259 73352 74209 74362 74103 73871 73184 74193 74612 73990 73653 74154 74022 73342 73089 74098
71823 72540 72078 72583 72452 72686 71773 72481 72068 72587 72672 72074 72330 72069 72191 72474
77227 76753 76693 76969 76984 76304 76352 76812 76656 76760 76829 76263 76947 76412 76438 76797
78512 78899 79023 79194 79584 79284 78324 79256 78496 79066 79115 78990 78873 78822 78623 78798
76426 75875 76753 76541 76994 76590 76717 76634 75930 76357 76624 76732 76933 76241 76382 76370
75030 75236 74833 74995 75006 75096 74696 74587 74637 75084 75054 74822 74688 74407 75189 75067
71816 72384 72435 73308 73056 72951 72554 72073 71673 72413 72336 72335 72655 71410 72168 72555
76882 76509 76767 76740 76837 76831 76617 76716 76212 76799 76813 76420 76823 76230 76040 76634
78433 78691 78582 78438 78838 78493 77904 79059 78694 79161 78676 78407 78950 78520 78308 78201
76020 76581 75901 76520 76599 76305 75963 76757 76721 76747 76448 76373 76137 75930 76540 76595
74899 73802 73831 74217 74277 74750 73926 74631 74079 74763 74310 74445 74458 73510 73874 74644
73069 72044 71827 72128 72634 72739 72185 72566 72266 72950 72874 72506 72535 71973 71721 73254
77469 77725 77212 77561 77705 77275 77267 77629 77370 77672 78041 77676 77646 77069 76932 77984
77001 77483 76967 77635 77820 77351 76790 77359 76938 77406 77456 77022 77266 77473 76970 77706
74900 75107 74829 75479 75149 74374 75027 75058 75105 75594 74956 74708 75689 74939 74398 75544
67450 67913 68348 68556 67747 68074 67308 68013 67837 68211 68157 67558 67752 67404 67756 67993
