1
FarReach 39118431 70
629760 566996 580578 571394 562167 612787 595928 583548 569158 560469 534907 557168 558560 558387 550997 590697 567870 562449 561375 549307 509698 565175 560978 550573 551717 578173 581743 570140 559684 535577 490740 579168 569348 559469 555159 570701 587394 568299 561628 549041 479045 579083 569473 558986 539778 551670 600794 567978 552245 532311 459929 569401 563534 545127 538287 539592 579164 575405 560534 536884 468745 557704 571517 563772 553129 546696 575890 580309 563011 558964
79354 80246 80064 80487
72230 72133 72142 71872
73730 73485 73866 73877
72721 72797 72350 72747
71691 71901 71567 70963
78041 77498 78076 77919
75792 75247 75430 75691
73937 74365 74160 74019
72650 72256 72458 72199
71844 70879 71318 71534
77401 77820 77323 77095
73924 74135 74801 74527
73040 73876 73453 74248
72796 72083 73209 73510
72165 70991 72234 72425
76765 76584 77161 77171
74011 73697 73763 73811
73931 73041 73072 73077
72915 72449 72696 73513
72256 71315 71610 70936
74476 74073 74487 74480
74891 75206 75505 75366
73521 74362 74134 74093
72108 72388 72747 72599
72096 72165 72936 73010
75303 75262 75743 76162
76448 75711 76242 76189
74569 74163 74507 74005
73201 72850 72939 72724
70216 69943 70255 69538
73426 72905 72716 73148
77017 78114 77586 77345
75026 74894 74499 75580
73416 73203 73278 73680
72442 72664 72065 73151
74054 74520 74495 75084
76830 76537 76949 76676
74483 73860 73602 74268
73030 73348 72759 73445
72166 71949 71417 72138
72554 71571 71983 71969
77028 77284 78087 77994
74924 75477 75359 75306
73614 73518 73518 73255
71313 70938 71054 70921
72685 71887 72843 72330
78209 78826 78847 79125
74400 74181 74567 74071
72316 72655 71945 72233
70152 69681 69658 69943
69831 69406 70615 69803
77055 76869 76852 76969
74792 74968 75168 74724
72654 71820 71928 72057
70513 71029 70948 71121
71249 71685 70981 71107
76376 76073 76318 76253
75170 75587 75684 75984
73368 73595 73476 73654
71051 70608 70585 70414
71270 71394 70969 70825
75892 75881 75531 75734
76625 75780 76484 75471
74338 74744 74864 73864
72839 73118 73579 72312
71967 72468 72281 71759
75804 75940 75724 76034
76266 76669 76554 76013
74268 73995 74221 73139
73136 73236 73875 72727
