1
FarReach 58844692 70
934463 879681 853026 906480 890735 853292 874924 910748 876957 839833 828927 858193 840295 855252 899718 862069 854943 901945 841679 814159 664329 859140 836936 814995 912542 866325 836509 763348 891270 848859 750542 884825 840020 807462 881253 880879 841109 847350 883439 839255 718190 634028 866069 848183 842534 892624 839238 819129 898346 864072 725065 838401 887598 850324 837375 898661 870459 837205 871025 858379 707035 791509 903403 837648 807514 872907 867611 828415 780522 623196
118140 119008 118710 119001
111962 111534 112052 111827
108603 109006 108082 108308
115412 114905 115516 114942
113021 112782 112990 113372
108819 108394 108464 108128
111335 110950 110983 110865
115759 115929 115683 115665
110756 111532 111836 111445
107357 106962 107185 107552
115841 115791 116137 115496
111910 110967 110989 111035
107606 107336 107056 107456
109232 109065 109348 109223
114325 115165 114826 115307
109892 110089 110125 110031
109063 109168 109205 109624
115774 115155 115464 115097
108090 107445 107301 107455
104856 104286 104639 104627
95513 95018 94065 94634
112457 112209 113383 112533
107536 107221 107208 107065
104640 104089 105219 104197
117348 116849 117537 117146
111288 111251 111076 111444
107388 107048 107280 107496
98224 97913 97173 97960
113566 114489 115177 114015
109912 109250 109678 109197
106488 106670 106510 106503
115001 115263 115083 114522
108477 108229 107701 108731
104139 103638 103949 103825
113411 113314 113690 113886
113091 113494 113074 113879
108512 108807 108135 108157
108843 108857 108922 109754
113798 114064 113624 114316
109024 108817 108149 108680
103829 102820 103320 103548
83947 82216 83304 82106
111780 112572 112779 113430
109464 109804 109594 109950
109161 108931 108634 109306
115431 115411 115799 115309
108697 107915 108035 108497
105414 105807 105915 106051
115817 116264 115772 115886
112354 112143 112661 111889
105758 104942 105399 104902
108951 109986 109691 110156
115120 114530 115340 115539
110067 110168 110621 110331
107642 108924 109354 107955
117413 116404 116579 116019
112259 113466 112760 113180
108197 108704 108379 108556
113307 112603 113287 113026
111965 112100 111690 111723
104569 103273 102935 104017
105226 103863 103285 103576
117048 118792 117684 117196
109048 108970 109346 109044
104711 104849 104978 105090
113226 113229 113684 113014
112699 112419 112993 113031
108263 107241 107627 107743
102512 101518 101503 101122
80904 80451 80129 82302
