1
FarReach 106346307 70
2197304 2174890 2118819 2150303 1820982 1911033 2091439 1886403 1539134 2171387 400487 1411137 1864259 2028666 2111086 2136768 1938028 166753 1361558 1477681 1240779 1607876 700385 2084289 1777069 2144959 1694358 250421 1812059 1270902 1902364 586538 1663979 1780980 2119365 1518263 1563594 1046157 1873371 1582214 1466425 1419075 1290936 1528170 226011 2005023 1805459 402233 2005643 568423 1406295 1675217 1367586 1927506 2073710 2073152 656886 906827 1979041 1896793 830713 1179345 1964377 1520139 1133303 0 1888729 1480886 1904802 581159
69481 69725 69967 69767 69514 70100 69924 69819 69498 69876 70127 69856 70216 69654 69830 69938
68821 69168 69357 69287 69107 69048 68795 69230 68815 69218 68863 69341 69143 69264 68900 68846
67781 67213 67709 67087 67482 67467 67174 66825 67075 67560 67702 66988 66719 66859 67235 67806
68293 68132 67972 68189 68375 68149 68161 68552 68061 68706 68573 68166 68522 68204 68148 68497
58621 57944 58175 58454 57730 58196 58171 57915 57781 56814 57893 58083 57775 58103 57752 58220
60521 60742 60831 60511 61065 60078 60721 60798 60580 62021 60638 60292 60702 60681 60797 60630
66347 66161 66436 65881 66361 66972 66129 66454 66413 66577 66610 67070 67259 66184 66258 66765
59107 60176 60571 60613 59805 59908 60119 59997 59602 60584 59794 59856 59886 60313 60076 59964
49234 49089 49228 48671 48798 48643 49259 49166 48828 49148 48667 49212 48533 48789 49213 48937
68733 69362 69650 69114 69156 69019 69181 68701 69043 68846 69012 69401 69626 68778 69154 69121
15972 15075 14783 15112 14881 15065 15035 14976 15017 15192 14965 14620 14470 14905 15066 14781
46596 46824 46571 45901 46459 46649 46810 46341 46724 46967 46613 46940 47003 46108 46650 46781
60003 59599 59537 60485 59323 59567 59245 59288 60026 59715 59008 59616 59979 59528 59456 60185
64153 64893 65362 64544 64996 64753 64674 65251 65205 65246 65158 64897 64320 65041 64359 65065
67601 67581 67865 67019 66852 67007 67844 67772 67336 67464 67412 67356 67149 67873 67549 67384
68520 68552 68215 68353 68120 67946 68293 68666 68009 67932 68351 68456 68274 68393 68491 68351
61368 61799 61802 62683 62149 61704 62099 61731 61812 62293 61608 61619 61822 62279 62217 62210
5673 5318 5422 5871 5352 5440 5326 5397 5300 5230 4963 5458 5388 4959 4844 5324
43077 43833 43817 43019 43761 43449 43620 43309 43320 43261 43846 43455 43265 43646 44080 43563
47803 47145 47727 47695 46684 46830 47522 47234 47245 46555 47315 47200 47389 47222 47519 46842
43397 44059 43614 43162 43185 43755 43524 43728 43458 44748 43266 44398 43107 44255 43210 44050
51927 52363 52137 54273 51876 52793 52179 52130 52097 52699 51564 51877 51501 51350 51687 52119
22368 22781 22693 22335 22596 22602 22517 22324 22593 22585 22589 22321 22452 23246 23008 22718
67091 67109 67616 67172 66426 67174 66908 66923 67071 66457 67316 67381 66979 67089 67231 67151
56035 57335 57019 57078 57514 56927 57227 57296 57190 57675 57391 57197 56698 56985 57142 56871
68952 69143 68879 68784 68984 68316 68666 68780 69216 68963 69173 69543 68713 68846 69303 69051
54753 54949 54238 54057 54439 54470 54769 54232 54827 54408 54584 54598 54303 54474 54797 54404
8717 8033 8051 8427 8052 7966 7967 8037 8154 8053 8040 7062 8093 8129 8154 8103
58075 58360 58186 57594 57748 58284 58698 58700 58262 58462 58221 59645 58160 57805 57909 58719
41122 40878 40736 41592 41040 40549 40763 40994 40878 40888 41272 40269 40770 40898 40893 40670
66179 66442 65823 66507 66326 66920 66048 65877 66329 66189 66106 67263 66422 66453 65896 66475
18935 19185 19104 19850 18884 19516 19123 18812 19271 18390 19356 18942 18938 18885 19160 19200
53838 54434 53550 53336 53911 54208 54873 54017 54177 54372 54360 54143 53457 54258 54192 54121
57085 58627 58310 58203 57646 57362 58681 57476 57932 57508 58026 58035 57432 58378 57944 57712
68782 68738 68980 68287 67972 68581 68851 68050 68727 69082 69014 68711 68919 68896 68622 68859
49013 48913 49379 49533 49165 49281 48967 49247 49042 49043 49175 48819 49303 49388 49137 48969
50889 50942 50727 51214 50569 50516 50638 50769 51116 49732 50806 50412 50428 50733 50079 50106
33724 33927 34006 33220 33612 33859 33633 33878 33950 34970 34123 33828 33797 34131 33448 33998
60595 60824 60967 61026 60500 60638 60804 60345 60597 60249 60294 60959 60709 60667 60562 60793
51270 51531 51353 50648 50741 51654 51453 50974 51469 50869 51846 51179 51082 51206 51501 51134
51926 51625 52288 52275 52083 51625 51806 51672 51624 52126 51759 51417 51682 51283 51948 51621
46413 46279 46182 45389 46484 46850 47063 45817 45942 46103 47312 46819 46453 46060 47014 46009
42090 41808 42245 41926 41894 42228 42487 42677 42027 41825 41715 42112 41607 42279 41925 41920
49590 49925 49537 50531 49919 49336 49610 49931 49885 49394 50281 49901 49613 49491 48897 49504
7304 7412 7412 7313 7376 7266 7399 7296 7312 7330 6780 7342 7360 7496 8200 7190
64395 65416 65523 64276 65194 65269 64919 64761 65325 65555 65033 65192 64877 64892 64915 65483
58651 58876 58931 59450 58657 58414 58560 58633 58770 59034 58288 58725 58794 58648 58348 57806
13087 13072 13152 13073 12970 13093 13235 13025 12951 13094 13314 12072 13047 12938 12943 13859
65248 64943 65164 64634 64867 65278 65161 64537 64630 65171 65275 66531 64993 65115 65016 65437
18528 18545 18547 19057 18609 18373 18246 18277 17553 18506 18718 18529 18587 18402 18255 18251
49405 49914 49980 49138 49311 49810 49774 48980 50708 50183 49878 50296 49917 49870 49663 49706
55496 55657 55767 56231 54682 54807 55336 54468 54166 54492 55829 55177 55844 56770 54190 55153
44914 45118 45258 44704 44482 44801 44656 44478 45511 44736 45511 45166 44409 44791 44497 44507
63728 63537 63329 62981 62603 63311 63136 62475 62939 63166 62906 63321 63100 64036 63242 62992
67813 67886 68149 67650 68179 67910 67309 67908 67419 67486 68230 67770 67186 67615 67360 67825
68056 68051 67460 67601 67657 68397 67960 67330 67764 67294 67744 67558 67732 67707 67884 67781
21749 21473 21269 22055 21626 21510 21484 21618 21202 21023 21603 21574 21275 20808 21518 21545
29297 29505 29274 28900 29836 29666 29599 29582 29659 30375 30024 29191 29613 30076 29624 29519
64306 64926 64516 65019 64860 64465 65067 64543 64611 63941 64743 64949 64204 64523 64891 64523
62937 61534 61734 62042 62417 61813 61877 61781 61705 61970 62286 62255 62079 62231 61697 62117
30310 30499 30768 30555 30417 30186 31175 29990 30628 30200 30516 30489 30509 29696 30788 30424
39470 39851 39441 38937 40069 40098 40119 39648 40372 39299 39855 39694 39906 40482 39797 39826
64702 64653 64756 64473 63771 64451 65060 64557 65061 64412 64181 64051 63842 64057 64019 64086
49334 50227 49613 49850 49834 49713 49697 49983 49929 49579 49179 49779 49444 49475 50198 49602
37086 37037 36964 36723 37272 37147 37127 37130 37277 37089 38305 37147 37196 36920 35867 37085
0 0 0 0 0 0 0 0 0 0 0 0 0 0 0 0
61878 61547 62130 60865 61904 61993 61913 61863 61768 61625 61420 61727 61914 61442 62833 62258
48042 48277 48571 48602 48464 48480 48767 48122 48213 48172 48603 48255 48056 48751 48215 48579
62488 62453 62595 62314 62317 61925 62102 62084 61894 62414 62184 61966 62103 62232 62226 62464
18956 18936 19082 19505 19093 19201 19186 19285 18861 18666 18985 18971 18602 18930 18871 19280
