1
FarReach 9266261 70
162992 154729 153965 151397 152640 159749 152205 152759 149024 153153 113147 128201 129852 128735 133664 132126 130790 129073 128489 135616 115286 128931 126996 127031 136102 131135 130770 129171 127655 135482 117986 124970 126889 127441 134539 131702 129665 128901 130701 135325 118022 122095 123631 130306 130104 130365 129362 128288 133894 131704 118542 126269 127746 134827 131444 131148 129518 128370 130292 132621 117406 125056 125962 133426 134108 131159 130208 131236 127475 132655
82787
78712
78114
77010
77945
81195
77389
77567
76052
77731
76068
78284
77754
76907
79554
78640
78047
77109
76363
80437
77691
78189
76255
76050
81038
78041
77807
76644
75821
80531
78343
76539
76310
76263
80542
78690
77142
76472
77483
80094
78113
75519
75150
78090
78310
78050
76981
76245
79497
78143
77902
77646
76628
80603
78362
78061
77226
76390
77537
78968
77415
76841
76067
80405
79680
78241
77503
78087
75606
78883
