1
FarReach 14460874 70
244771 229113 224140 240197 229185 226883 236720 234941 221906 233372 191048 198909 203123 209646 201742 197110 213252 193473 200126 215821 184826 192045 204886 206300 202749 206461 210456 203985 202624 214391 180675 193480 213486 203945 193867 184967 210305 203899 208924 211437 178704 196689 210049 205758 200878 215107 204525 200470 213102 205841 174416 202914 204052 201039 207697 210164 200648 203251 215966 205695 176840 208523 202356 198594 212496 207361 201934 209298 206767 200549
124703
116373
114352
122705
116511
115457
120249
119707
112827
118553
120464
116894
117846
121354
115362
113230
122473
110165
114039
122991
117341
113056
118610
117979
115638
117924
120624
116383
115958
121919
115929
113433
123707
116668
110781
105770
120239
116735
119230
120919
115482
115279
121615
118029
115251
123229
116750
114004
121523
117760
114008
119028
118148
115249
118845
119875
114990
116279
123306
117555
114713
122530
117205
114606
122541
119197
115599
120048
118422
115270
