1
FarReach 14517744 70
246847 231434 221748 241004 232171 226054 241346 237136 223705 233333 189570 198389 201820 214862 205259 201720 215217 195340 200419 216840 184580 191982 206100 205716 200488 208417 209735 204709 205761 213241 182546 194382 213363 203215 198819 189743 207488 200370 211661 209023 181631 202077 208386 203436 204784 213895 203477 199761 217038 206576 177681 209783 205354 200130 211353 208212 203150 207327 210175 203787 179579 208614 201868 198149 213689 203477 198023 213595 206863 200266
125419
117484
112970
122703
118029
115085
122645
120000
113385
118359
120696
116896
116871
123175
117475
115225
122872
110840
114317
123056
117617
113824
119245
118477
114883
119121
120280
116835
117671
121503
116080
115150
124023
116821
114343
109179
119057
115150
121451
119260
115456
118860
120650
117033
117275
122144
116391
113972
124326
118246
114048
122858
118591
114737
121024
119236
115973
117776
119878
116394
116935
122302
117059
114977
123027
117031
114238
122815
118203
114604
