1
FarReach 80189928 70
1378136 1281770 1258218 1219435 1102674 1216057 1207638 1191798 1194761 1212376 1110451 1174094 1188039 1174610 1138972 1159457 1100573 1144587 1138694 1232865 1077269 1173192 1174343 1168176 1150710 1151843 1155894 1135663 1134879 1296939 1065518 1147736 1166443 1156890 1148194 1154417 1144655 1121823 1210288 927628 697287 1006898 1136987 1130559 1109405 1139643 1107147 1120337 1144823 1276008 1050445 1128610 1148344 1146287 1134055 1133603 1119048 1108022 1189501 1230555 1016117 1107490 1134532 1122871 1114263 1109613 1108673 1085225 1231194 1212356
87491 87773 87562 87269 87327 88018 87658 87595
81626 81847 81662 81032 81434 81252 81498 81511
79848 80053 79653 79613 79892 80187 80188 79570
77956 77624 77516 77426 77332 77419 77150 77584
70157 69871 70081 69720 70279 70079 69193 70318
76703 77026 77534 77290 77394 77256 77733 77054
77064 76685 76722 76557 76611 76752 76670 77161
75618 75924 75792 76266 75515 76001 75802 75726
75821 76584 76021 75797 76165 76001 75954 76214
77338 77400 77443 77431 77734 77339 77269 77758
83256 83338 83831 83515 83770 83694 83736 83370
81546 81054 80936 81218 81184 81184 81936 81319
79326 80477 79560 79768 79710 79399 80148 80589
79147 78854 78237 78445 78870 78896 78413 78986
75990 76247 75960 75906 76736 76389 76295 75800
77600 77356 77657 76596 77147 76645 77602 77058
73198 73051 73483 72720 73611 73410 73923 73289
76556 76325 76489 75525 76569 76376 76302 75812
76452 75655 76153 75122 75808 75748 76122 75325
82019 81998 82633 81791 82400 81985 82866 82464
81881 82004 81695 82308 82027 82425 82411 81825
81661 81310 81395 80840 81725 81824 81645 81707
79421 79968 78581 79476 79094 79343 79511 79250
78987 78833 77889 78374 78253 78364 77784 78957
77740 76837 75900 77568 77242 77071 77228 76728
76888 76989 76636 77136 76436 76880 77062 77276
77185 77561 76719 76909 77342 76925 77700 77117
75447 76203 75597 76662 75523 75246 75756 76474
76363 75127 75009 76108 75648 76170 75883 75966
87414 87259 85825 86529 86572 86356 86312 86709
82105 81863 82077 82439 82658 81798 82133 82101
80173 79424 79860 80233 79775 79755 79536 79942
79487 79579 79007 79483 78805 79226 79147 78826
78683 78426 78680 78109 77959 78537 78282 77424
78083 77320 77570 77404 77574 77596 77135 77425
78283 77257 77940 77617 77744 77799 77585 77543
77921 76371 77096 76889 77160 77269 76262 76940
75965 75149 75176 75434 75904 75213 75174 75501
81518 80515 80842 81190 81707 81727 81540 81230
62922 61930 62098 63386 62588 62433 61363 62583
56150 55320 55610 55475 55533 55655 56887 54723
72031 71367 72029 71986 71359 71832 71813 73562
78501 77920 78037 78643 78169 78774 78901 78135
78117 77373 77803 77710 77170 76448 77862 76829
75994 75299 75724 75404 75939 75085 75542 75779
77490 77207 77773 76914 76913 77556 77287 77471
75607 74621 75260 75788 74812 75108 74686 75076
75730 75499 75600 75905 75639 75990 76583 75620
77907 77197 77027 76613 77952 77647 77303 77416
85908 86088 86480 86742 85215 86087 86553 86169
82025 81074 80715 81691 81687 80817 81327 81419
79659 79365 78514 78708 80097 79557 79565 78915
79032 78582 78959 79026 79098 78391 78135 78087
78063 77923 77493 78092 78236 78733 78206 77882
77780 76990 76945 77118 77090 77161 76798 76769
77467 77012 77042 76599 76954 77570 77235 76443
76529 75673 75790 75755 75551 76015 75902 76234
75079 74872 75213 75254 75145 75308 74761 75118
80318 79929 80509 80859 80108 80664 81021 80234
83993 83221 83356 82978 83090 83466 82457 83333
79368 78416 78988 80081 78597 78919 79247 79132
78612 78129 78536 78673 78464 78154 78017 78157
78658 78749 77994 78018 78671 78371 78128 78302
77512 77412 76895 77296 77059 76381 77033 76540
76642 76105 76350 76457 76634 76527 76023 76281
75935 75326 75810 76005 75561 76444 75494 75729
76132 75110 75381 75553 75324 75803 75465 75275
74227 73405 73954 73517 73695 74178 73472 73997
83376 84078 83859 84032 83560 83880 83914 83690
82629 82179 82795 82589 82151 82539 82396 81954
