13250240
87386 88642 90886 88180 88307 88067 88336 87802 88113 85967 206593 210205 212269 205215 207329 210694 209542 213700 217337 208791 202306 199370 197744 201527 196164 196568 201767 200277 198301 195725 211361 209125 208013 211954 207617 205797 210093 207622 208102 208781 211089 214197 209361 212634 206283 210463 208106 212857 210950 207226 200516 197384 200973 196102 197967 199047 199652 198931 198102 195955 212675 210655 211372 205864 208091 209628 212094 209953 207354 213021
10588 11077 11248 10507 9627 10232 10190 13917
10788 11134 11744 10295 9760 10278 10360 14283
11119 11553 11865 10746 9947 10512 10805 14339
10663 11254 11824 10491 9645 10191 10232 13880
10726 11086 11697 10652 9681 10239 10207 14019
10641 11159 11542 10394 9608 10306 10271 14146
10562 11086 11710 10503 9930 10301 10363 13881
10647 10993 11740 10586 9648 10266 10287 13635
10705 11190 11725 10367 9728 10189 10355 13854
10473 10624 11660 10130 9498 9989 10107 13486
25071 25401 27846 24831 22524 24079 24193 32648
25533 26358 28064 25487 22900 24333 24712 32818
25697 26631 27908 25759 23201 24763 25036 33274
25296 25427 27053 24737 22450 23992 24064 32196
25232 25859 27408 24831 22391 24310 24625 32673
25672 26247 27978 25355 22867 24600 25031 32944
25722 26274 27606 25478 22685 24409 24433 32935
26079 26631 28235 25702 23433 25032 25110 33478
26546 26702 28769 26355 23607 25509 25529 34320
25627 25969 27601 25270 22759 24104 24229 33232
23671 31784 22406 23244 27259 24073 24448 25421
23161 31589 22220 22972 26572 23447 24302 25107
22914 31269 21822 22718 26532 23525 24012 24952
23380 31722 22428 23342 27079 24002 24494 25080
23065 31082 21822 22284 26290 23355 23947 24319
22672 31169 21844 22648 26150 23293 23928 24864
23422 32103 22176 23117 27319 23781 24496 25353
23253 31648 22055 23211 26890 23984 24198 25038
22934 31458 22117 22878 26438 23679 23874 24923
22819 30841 21562 22590 26064 23310 23674 24865
25588 26657 28223 25557 22699 24923 25037 32677
25514 26412 27628 25040 22385 24894 24711 32541
25139 26127 27671 25009 22365 24595 24640 32467
25407 26941 28304 25275 22889 24925 24965 33248
24997 26230 27573 25059 22354 24698 24606 32100
24563 25543 27895 24606 22303 24346 24288 32253
25582 26714 27334 25182 22628 24828 24950 32875
25313 25638 27881 24781 22244 24742 24475 32548
25111 26378 27342 24774 22454 24875 24947 32221
25471 25716 28207 24611 22614 24618 24904 32640
25880 26022 25109 28190 24639 23116 33193 24940
26983 25739 25394 28761 24866 23667 34155 24632
26135 25426 25012 28048 24075 22883 33294 24488
26513 25690 25220 28267 24947 23436 33640 24921
26339 25009 24280 27259 24111 22555 32356 24374
26320 25373 24983 28585 24392 23242 33214 24354
26268 25495 24511 27893 24182 22818 32624 24315
26683 25544 25529 28321 24844 23377 33618 24941
26140 25395 24964 28365 24422 23395 33231 25038
25923 25206 24486 27554 23965 22973 32588 24531
23550 31498 22250 23027 26818 23852 24312 25209
22901 31415 21695 22929 26183 23538 23753 24970
23562 31712 22415 23373 26560 23735 24311 25305
22543 31428 21869 22460 26270 23470 23743 24319
23098 31409 21669 22705 26451 23775 23760 25100
23018 31754 21950 22874 26734 23691 23948 25078
23352 31716 21993 22981 26528 23823 23996 25263
23130 31742 21707 22963 26510 23732 24258 24889
23085 31394 22065 22631 26691 23630 23873 24733
22750 31288 21373 22555 26341 23386 23543 24719
26704 25561 25440 28451 24371 23464 33866 24818
26774 25291 24948 28307 24244 23585 32956 24550
26573 25522 24896 28184 24226 23324 33976 24671
25577 24550 24484 27931 23650 22923 32760 23989
25800 25253 24675 28064 24062 23350 32981 23906
26594 25255 24983 28055 23731 23573 33067 24370
26414 25798 24873 28382 24715 23688 33783 24441
25985 25585 24815 28401 23981 23458 33403 24325
26012 24833 24765 27765 23650 23129 33066 24134
26689 26120 25125 28556 24613 23743 33721 24454
