45865008
486081 571211 567053 603202 606648 618647 640735 645026 653621 659394 609035 671246 668728 676686 683300 690433 694562 696954 702108 693667 570544 530338 543097 579609 573012 595635 646603 669190 665248 673874 638204 681677 688186 688579 686153 684560 671670 652317 676349 666422 641559 687227 685711 689623 675617 667120 680345 661433 663923 671625 648834 688422 686431 687050 679901 685779 683743 682481 689396 681850 645350 687599 680763 675359 655591 654080 669304 680666 679190 678833
30905 31123 30659 30853 30615 30892 30775 30923
36168 36479 36388 36336 36291 36834 36310 36281
35836 36172 36113 36094 36171 35703 36013 35895
38428 38337 38377 38128 38227 38489 38693 38219
38482 38565 38500 38373 38477 38598 38227 38810
39651 39196 39290 39249 39130 39264 39010 39637
40513 40352 40823 40787 40935 40713 41165 40483
40874 40955 41014 41060 41250 41026 41048 41052
41638 41955 41746 41833 41306 41678 41483 41710
41865 42168 41999 42113 41941 41676 41733 41945
41888 42041 42063 41996 42105 42084 42036 42343
42699 42931 42624 42765 42786 42915 42966 42481
42742 42640 42850 42436 42940 42346 42855 42680
43579 43374 43001 43509 42946 43085 42813 43418
43343 43157 43334 43515 43788 43773 43658 43685
44185 44009 44329 44039 43616 43882 43938 43900
44561 44397 43905 44228 44370 44476 44319 44263
44691 44157 44574 44548 44683 44611 44479 44497
44893 44628 44919 44702 45036 44656 44864 44822
43893 44650 44134 44384 44416 44333 44449 44097
38935 39453 39013 39006 39270 39011 38736 38790
33814 34058 33791 34424 34195 33693 33828 34210
34666 34576 34510 34690 34722 34625 34748 34762
37465 37126 36762 37264 37155 36892 37109 37045
36844 36522 36600 36951 35976 36488 36384 36843
37696 38036 38283 37828 38168 38378 38273 37996
40834 41566 41390 41330 41434 41482 41046 41452
43017 42788 42639 42934 42546 42923 42983 42589
42521 42394 42705 42936 42752 42817 41974 42541
43343 43438 42814 43232 42815 42911 43267 43181
43526 43452 43487 43578 42645 43252 43284 43310
43641 44043 43577 43504 43391 43678 43493 43731
43715 43802 44186 43805 44273 44046 44006 43729
43792 43943 44264 44115 43943 44621 43674 44386
43862 43831 44056 44030 43885 43617 43838 43901
43910 43462 43771 43789 43988 43727 43702 43888
43140 42923 43189 43548 42654 43156 43262 43093
41929 42098 41433 42085 41705 41589 41430 42023
43148 43409 43339 43484 43148 43437 43138 43450
42689 42930 42540 42984 42567 42923 42512 42499
43753 43844 43723 43582 44020 43620 43657 43789
43850 44143 43972 44033 44211 44139 43898 44202
44075 43959 44053 43976 43861 44028 44063 43850
43942 44367 43900 44370 44320 44332 44116 44468
43412 43732 43399 43153 43325 43601 43489 43611
43193 43083 42156 42753 42620 42972 43235 42629
43139 44106 43883 43646 44137 43621 43624 43462
42653 42627 42162 42347 42334 42716 42405 42530
42174 42989 42644 42900 42629 42493 42347 42591
43120 43132 42867 43173 42973 42805 43353 43123
43972 44512 44273 44291 44049 44411 44271 44006
43781 44315 44231 44273 44326 44132 44451 44455
43917 44144 44258 44234 44209 44458 44267 44220
43972 44097 43948 44793 44207 44470 44395 44124
43977 44221 43714 43959 43503 43509 43719 43495
43943 44338 44065 43899 44559 43768 43958 44205
44089 44333 43921 43998 44259 43889 43993 43643
44009 43952 43886 43552 44260 43962 43501 43856
43949 44277 44178 44274 44338 44332 44418 44686
43973 44122 43849 43427 43788 43843 43910 43923
44151 44069 44506 43793 44324 44262 44560 43868
43939 44839 43737 44358 44237 44536 44582 44054
44039 44340 44087 43732 44000 43843 43823 44042
43247 43690 43282 43547 43287 43464 43836 43638
42489 42186 42073 42347 42095 41932 42835 41987
42095 42085 42321 42223 42123 42487 42578 42302
43167 43228 43511 43103 43223 43342 43199 43294
43844 43838 44223 43773 43743 43962 43834 43713
43771 44010 44025 43818 43710 43926 43965 44109
43989 43668 43711 43817 43812 43841 43660 43743
