12516149
176014 171592 172847 171716 167304 170448 169681 168076 172405 169329 202798 191095 189733 188921 197698 192063 189930 187722 191652 188173 183955 150488 146202 143015 150259 151188 150408 152883 146886 143704 205626 197648 198847 194535 195655 195314 197651 195712 193990 197590 195442 189169 192800 194294 196385 198942 194812 194652 191996 198286 183067 155331 148842 149519 146660 154835 146386 151624 151884 151908 194734 191053 189925 191414 191225 191569 189389 190846 188730 189502
16927 17574 18995 16362 15194 16091 16057 21794
16628 17107 18939 15999 14855 15491 15784 20764
16624 17246 19009 16138 14987 15617 15458 21444
16327 17218 19115 16239 15137 15774 15681 20696
15839 16462 18716 15414 14595 15109 15361 20045
16541 16782 19091 15849 14951 15391 15348 20781
16214 16880 19061 15981 14684 15020 15424 20583
15983 16563 18864 15589 14784 15121 15135 20180
16463 17030 19460 16105 15108 15577 15632 20920
16318 16677 18602 15903 14580 15400 15655 20535
20805 21228 23064 20428 19033 20196 20219 26460
19225 19528 21124 18640 17277 18301 18416 24805
19116 19334 21068 18797 17226 17830 18198 23910
18946 18910 21462 18593 16916 18136 17949 23969
19884 20057 22067 19570 17894 18840 18793 24980
19182 19247 21584 18656 17528 18215 18148 24544
19226 19175 21336 18887 17076 18078 18094 24118
18924 18999 21289 18224 16875 17791 17714 23289
19010 19469 21504 18651 17473 18109 18260 24605
18866 19012 21218 18532 16917 17920 17999 23628
18332 24038 17982 18034 20199 18555 18905 19273
14366 19604 13853 14240 16176 14711 14726 14870
13919 19261 13499 13806 15369 14224 14384 14678
13832 18736 13283 13517 15045 13801 13796 14286
13952 19876 13626 14265 16171 14595 14544 15144
14550 19737 13932 14164 16142 14758 14849 15280
14289 19626 13892 14278 15865 14821 14637 15072
14714 20189 14044 14515 16099 14653 14926 15364
13946 19263 13429 13866 15552 14271 14398 14647
13944 18798 13198 13693 15111 13826 14016 14276
20798 22298 22638 20748 19186 20506 20453 26631
19606 20504 21282 19418 17923 18824 18991 25524
19643 20667 22091 19363 17783 18983 18922 25525
19026 19524 22095 18895 17437 18591 18526 25131
19307 20298 22192 19242 17619 18640 18696 24808
19193 19905 21136 18764 17630 18648 18779 25179
19581 20409 21723 19238 17633 19017 18886 25308
19412 19992 21814 18997 17503 18704 18657 25233
19407 19882 21191 18735 17280 18585 18691 25188
19666 20105 22237 19055 17788 18773 18768 25131
20267 19934 19450 21380 19113 18553 25664 19813
19214 18711 18520 20698 18096 17321 25060 18043
19559 19198 18779 20850 18389 17567 25303 18435
20159 19210 18873 20900 18539 18021 25548 18692
20161 19361 18980 21765 18742 17831 25188 18704
20550 19899 19155 22087 18854 18244 25637 19020
20081 19274 18660 21931 18555 17367 25483 18511
19676 19287 18736 21467 18440 17869 25394 18465
19696 18890 18628 20370 17955 17625 25354 18467
20600 19719 19302 22719 18687 18127 25212 18739
17941 23692 17450 18106 19942 18249 18874 19379
14587 20761 14433 14756 16682 15187 15215 15799
14057 19677 13849 14280 15678 14458 14496 15158
14531 19728 13895 14365 15809 14256 14663 14956
13997 19338 13651 14010 15498 14292 14202 14713
14770 20211 14207 14674 16553 15179 15114 15837
14010 19378 13411 14003 15489 14349 14321 14693
14538 19966 13901 14188 16417 14633 14788 15211
14559 20196 13911 14441 15934 14940 15063 15179
14490 20153 13997 14183 16140 15038 14927 15302
20198 20270 19219 21656 19069 18499 25452 19158
19298 18705 18664 20564 18005 17713 25179 18304
19269 18538 18414 20299 17915 17709 25068 18146
19833 18663 18483 20889 18054 17496 25048 18465
19298 18953 18528 20535 17965 17606 25008 18263
19306 18829 18502 21075 18050 17611 25136 18207
19071 18526 18136 20660 18061 17297 25005 18100
19395 18814 18824 20552 17984 17597 24938 18017
18878 18587 18338 20874 17783 17412 24895 17839
18979 18807 18384 20806 18037 17393 24926 17931
