12504164
170487 169438 171209 171145 169046 172578 169993 170866 172214 169448 203787 191799 187389 191374 195905 192347 190163 186904 190380 191273 178882 146970 147540 142945 150436 149546 148912 154108 147569 144398 206386 196347 199291 195343 198126 193086 197148 195524 193336 198577 194468 192136 192436 192333 194837 195834 196960 193940 190107 202527 176966 156188 147137 148064 146149 155122 142536 151893 151165 155537 192335 192075 191062 188728 192306 191260 189413 190300 189884 197960
16523 16879 18652 15953 14725 15387 15561 20868
16285 16343 19105 15682 14742 15328 15386 20866
16548 17027 19093 15871 15061 15746 15450 20730
16580 17040 18899 16130 15048 15219 15470 21136
16107 16395 18757 15708 14809 15339 15542 20460
16363 16902 19160 16037 15143 15514 15662 21272
16039 16913 18953 15705 14772 15305 15692 20603
16113 16879 19108 16146 14835 15397 15330 20589
16577 17139 19202 16170 15138 15484 15630 20888
16148 16923 19035 15988 14750 15542 15470 20607
21106 21216 23045 20437 19060 20080 20245 26315
19353 19205 21223 18819 17169 18320 18317 24857
18892 18765 21026 18411 16916 17984 17636 23747
19233 19270 21527 18890 17338 18013 18305 24204
19830 19887 22166 19268 17776 18670 18736 24728
19288 19619 21491 18820 17403 18371 18409 24152
19293 19211 21413 18588 17357 18154 17893 24008
18590 18804 21324 18224 16998 17731 17739 23366
18909 19622 21636 18695 17187 17865 18352 24020
19460 19416 21694 18817 17604 18129 18163 24069
17854 23691 17120 17350 19686 17938 18109 18721
13976 19381 13634 13827 15500 14281 14361 14627
14099 19294 13489 13784 15500 14544 14279 14985
13620 18786 13122 13609 15024 13924 13985 14250
14370 19985 13962 14074 15883 14690 14523 14821
14379 19678 13779 13948 15823 14778 14697 14746
14204 19544 13637 13898 15642 14527 14615 15031
14544 20162 14031 14517 16308 15110 14932 15626
14106 19329 13472 13859 15672 14426 14381 14854
13963 19075 13426 13649 15246 13999 14227 14467
20939 21748 22593 20702 19349 20550 20615 26644
19463 19991 21248 19013 17778 18873 18909 25535
19609 20567 21748 19599 18169 19096 19052 25617
19323 19672 21483 18875 17558 18664 18808 25413
19549 20563 22275 19505 17750 18874 19053 25172
19092 19607 21088 18439 17214 18416 18523 25201
19360 20067 22070 19195 17614 18773 19123 25248
19453 20016 21867 19194 17263 18488 18829 25107
19321 19758 21112 18703 17025 18512 18631 25246
19594 20452 22191 19587 17883 18906 19470 25186
19998 19622 19358 21105 19216 18612 25474 19228
19542 19139 18378 20604 18508 17859 25124 18491
19432 19304 18576 20590 18476 17736 25298 18362
19669 19053 18675 20860 18324 17662 25628 18512
19499 19438 18771 21687 18584 17608 25182 18826
20098 19675 18753 21590 18629 18010 25672 18537
20187 19642 19219 21975 18614 18014 25466 18505
19879 19221 18452 21581 18341 17711 25478 18305
19428 18725 18517 20521 17626 17397 25232 18066
20823 20438 19611 23148 19531 18681 25729 19388
17367 23401 16731 17374 19030 17303 18101 18568
15083 20709 14485 14880 16789 15192 15195 15760
14249 19465 13611 13911 15684 14278 14311 14826
14117 19745 13780 14059 15806 14363 14573 14752
13882 19281 13424 13873 15456 14176 14353 14959
14789 20585 14199 15053 16558 14914 15171 15718
13643 18994 13072 13426 15244 13942 13672 14362
14403 20200 13991 14174 16356 14656 14919 15308
14388 20158 13841 14375 16201 14582 14892 15285
15022 20548 14609 15044 16679 15070 15566 15608
19794 19685 19179 20998 18792 18323 25261 18674
19504 18913 18748 20760 17935 17695 25207 18444
19303 18834 18384 20771 18008 17641 25059 18234
19348 18541 18317 20471 17650 17140 25039 18159
19454 18923 18624 20713 18424 17587 25049 18351
19409 18839 18595 20694 18150 17546 25197 18131
18953 18906 18425 20240 17772 17222 24909 18087
19091 18661 18437 20689 17953 17567 24961 18167
19287 18851 18327 20712 17990 17410 24982 17855
20041 19667 19300 21473 18552 18119 25790 18713
