13238216
87408 86623 87456 88444 87760 85879 87880 88375 88270 86929 205946 210494 211992 204416 205480 213017 211307 213104 215737 209836 203921 197947 197710 200605 195787 196460 201157 199669 198342 196644 210999 211463 209146 212676 207344 206385 209344 208097 207605 209774 211178 213540 210650 213113 208813 210846 209891 212615 210587 206681 199769 196253 198840 197409 195779 198514 198149 198506 197128 195474 212171 210243 211068 205958 205015 210504 212423 209538 205332 214622
10622 11090 11273 10484 9582 10218 10345 13794
10589 10799 11764 10319 9416 9884 10132 13720
10636 10792 11861 10193 9587 10133 10276 13978
10743 11042 11788 10445 9787 10362 10441 13836
10866 11060 11734 10481 9635 10161 10203 13620
10182 10731 11545 10195 9546 10080 9884 13716
10840 11034 11701 10430 9740 9952 10224 13959
10795 10979 11743 10372 9804 10297 10349 14036
10674 10903 11701 10533 9825 10342 10390 13902
10374 10735 11681 10265 9733 10147 10297 13697
25174 25367 27743 24834 22323 23879 24289 32337
25531 26379 28021 25326 22807 24526 24683 33221
25861 26573 27832 25972 23192 24847 24741 32974
24806 25521 27155 24941 22356 23716 23871 32050
25197 25879 27256 24658 22193 24000 24192 32105
26370 25972 28381 25773 22887 25024 24861 33749
25655 26321 28007 25742 22939 24702 24848 33093
26201 26412 28289 25694 23146 24972 24829 33561
26681 26807 28640 25982 23378 25076 25341 33832
25578 26354 27593 25127 23063 24562 24586 32973
23422 31830 22953 23478 27553 24431 24827 25427
22940 31565 22257 22701 26520 23316 23940 24708
23164 31226 22006 22689 26458 23277 23988 24902
23413 31750 22187 22950 27101 23724 24229 25251
22820 31063 21580 22354 25883 23401 24038 24648
22785 31192 21759 22663 26204 23358 23655 24844
23500 32115 22346 22960 26895 24159 24270 24912
23009 31665 22250 22823 26594 23787 24236 25305
23077 31473 21719 22810 26456 23787 24036 24984
22951 30843 21811 22599 26228 23642 23834 24736
25645 26644 28221 24974 22849 24925 25011 32730
25558 26277 28002 25264 22757 25004 25335 33266
25424 26161 27790 24866 22641 25020 24613 32631
25836 26571 28084 25314 23039 25093 25669 33070
24630 26359 27037 25395 22307 24430 24556 32630
24610 25586 28016 24837 22149 24404 24550 32233
25615 26230 27432 24982 22737 24656 25014 32678
25127 25658 28120 24993 22278 24498 25136 32287
25208 26616 27190 24954 22209 24501 24502 32425
25558 25687 28181 25147 22374 24803 25170 32854
25922 26091 24971 27984 24686 23433 33295 24796
27164 25958 25113 28283 24748 23822 33462 24990
26103 25668 24798 27826 24907 23150 33538 24660
26437 26221 25233 28545 24630 23315 33711 25021
26075 25240 24799 28022 24382 23008 32884 24403
26243 25589 25097 28302 24442 23201 33373 24599
26260 25512 24717 28111 24445 23247 33065 24534
26607 25908 25063 28321 24665 23556 33578 24917
26154 25403 25131 28388 24354 23189 33327 24641
25914 25100 24554 27702 23971 22619 32513 24308
23799 31413 22046 22953 26686 23835 24069 24968
22723 31397 21667 22762 26236 23118 23705 24645
23341 31753 21820 22945 26430 23587 23999 24965
22840 31441 21661 22968 26439 23477 23620 24963
22743 31432 21408 22494 26133 23179 23599 24791
23021 31782 21840 22820 26930 23648 23676 24797
22903 31744 21917 22664 26357 23472 24075 25017
23241 31741 21852 22922 26621 23417 23807 24905
22829 31402 21943 22512 26278 23560 23661 24943
22521 31172 21573 22605 26132 23240 23707 24524
26199 25887 25439 28220 24474 23387 33986 24579
26521 25402 25066 28087 24235 23227 33041 24664
26411 25588 24923 28082 24245 23463 33743 24613
25628 24974 24635 27767 23665 22875 32676 23738
25937 24580 24393 27618 23402 22817 32666 23602
26486 25405 24909 27938 24194 23606 33512 24454
26732 25695 24957 28431 24534 23872 33640 24562
25939 25384 25010 27973 24261 23162 33500 24309
26066 24781 24318 27294 23504 22949 32666 23754
27046 26010 25341 28902 24348 23901 34359 24715
