46227019
482553 573291 568731 608843 605087 628468 644731 647617 658190 657804 622600 676616 676275 684518 687244 693410 699486 705620 714999 695758 577378 535449 544815 589128 572515 602982 649576 673131 665145 680895 647711 687813 690068 686125 689861 690351 675239 655509 679249 667419 654443 695041 697142 693583 682370 670437 683444 667572 667353 671963 651719 690668 692518 694516 686848 691711 694907 690584 689231 681678 658202 692292 686769 675781 665459 656937 678785 684364 686523 700461
30522 30588 31005 30848 30465 30616 30868 30753
36405 36375 36232 36209 36498 36463 36390 36539
35816 36325 36053 36484 36280 36244 36156 36112
38769 38533 38511 38495 38387 38639 38536 38528
38680 38700 38599 37973 38498 38497 38319 38348
39809 39793 40322 40127 40184 39775 39611 39726
40830 41222 40770 40866 40799 41099 40899 41109
41125 41260 41074 41177 40988 41445 41001 41300
41896 41865 41728 41614 42027 41780 42027 42087
42296 42078 41845 42135 42145 42188 42170 42367
42133 42268 42584 42244 42446 42288 42712 42812
42974 43243 42945 43492 43072 43158 43297 42998
43087 43379 43065 42938 43216 43133 43139 43108
43608 43911 43531 43928 43691 43947 43580 43521
43928 44311 43856 43796 43646 43835 43761 43813
44380 44368 44025 44013 44492 44079 44281 43672
44476 44781 44801 44388 45032 44842 44391 44609
45289 44937 44909 44866 44980 44722 45122 45025
45709 44874 45809 45612 45883 45660 45423 45445
44865 44986 44688 44453 44753 44570 44581 44728
38625 39312 38797 39389 39012 39424 39018 39034
33734 34635 34069 34406 34463 34454 34066 34453
34900 34790 34697 35086 34591 35270 35030 34785
37578 37770 37833 37586 37554 37711 37575 37648
37108 36781 36847 36402 36101 36464 36589 36679
38279 38950 38348 38591 38545 38300 38386 38729
41166 41951 41233 41717 41669 41292 41536 41790
43368 42985 42878 43240 42601 42975 42865 43031
42827 42230 42537 42348 42878 42611 42264 42541
43594 43967 44110 43876 44075 43579 44012 43958
43711 43923 43296 43800 43762 44007 43568 43400
43936 44318 44206 43743 44012 44147 44119 43963
44116 44077 44031 44220 44098 44231 43909 44143
44220 43954 43916 43886 43918 43941 43807 44007
44204 44259 44097 43659 44231 44796 43803 44489
44248 44003 43964 44130 44337 44481 44363 43822
43635 43088 43068 43372 42833 43382 42956 42992
42224 41896 42053 42000 41988 42116 42162 41924
43309 43557 43619 43483 43515 43242 43435 43592
42979 43286 43461 42760 42836 42341 43324 42791
44352 44191 44321 44658 44179 44268 44218 44231
44458 44780 44593 44727 44645 44918 44674 44424
44271 44610 44436 44875 44946 44380 44993 44622
44439 44574 44521 44256 44371 44862 44532 44559
43682 43877 43835 43719 43818 43612 44085 43431
43596 43302 43086 43261 43038 42909 43106 42597
43396 43887 43764 43758 44092 44055 44132 43476
42850 43047 42382 42945 42681 42901 42781 42680
42786 43071 43421 42837 42644 42886 42609 42301
43614 43328 43288 43012 42807 43414 42977 43590
44319 43772 43959 44407 44350 44467 44254 44108
44353 44241 44720 44358 44474 44501 44110 44269
44298 44573 44596 45029 44316 44509 44291 44664
44322 44872 44904 44819 44693 44519 44448 45002
44360 44245 44162 44296 44410 44043 44060 43864
44389 44994 44401 44374 44549 44437 44506 44428
44222 44560 44816 44689 44918 44800 44320 44615
44368 44677 44307 44249 43849 44373 44718 44481
44433 44515 44240 44378 44470 44531 44048 44225
44369 44423 44402 44143 43807 44155 44243 43865
44595 45167 44598 44944 44372 44664 44907 44733
44422 44769 44558 44513 44432 44736 44825 44175
44427 44244 44239 44053 43899 44136 44575 44207
43649 43606 43453 43502 43807 43643 43548 43560
42604 42881 43121 42731 42814 43128 42569 42806
42435 42498 42178 42295 42163 42115 42426 42451
43499 43636 44264 43766 43780 43579 43556 43711
44226 44334 44120 44002 44159 44119 44080 43786
44135 44263 44075 44483 43968 44221 44524 43744
44652 45340 45014 45510 45093 45602 45250 45570
