1
netcache 92092027 70
968634 1144502 1135784 1212045 1211735 1247115 1285466 1292643 1311811 1317198 1231635 1347862 1345003 1361204 1370544 1383843 1394048 1402574 1417107 1389425 1147922 1065787 1087912 1168737 1145527 1198617 1296179 1342321 1330393 1354769 1285915 1369490 1378254 1374704 1376014 1374911 1346909 1307826 1355598 1333841 1296002 1382268 1382853 1383206 1357987 1337557 1363789 1329005 1331276 1343588 1300553 1379090 1378949 1381566 1366749 1377490 1378650 1373065 1378627 1363528 1303552 1379891 1367532 1351140 1321050 1311017 1348089 1365030 1365713 1379294
61427 61711 61664 61701 61080 61508 61643 61676
72573 72854 72620 72545 72789 73297 72700 72820
71652 72497 72166 72578 72451 71947 72169 72007
77197 76870 76888 76623 76614 77128 77229 76747
77162 77265 77099 76346 76975 77095 76546 77158
79460 78989 79612 79376 79314 79039 78621 79363
81343 81574 81593 81653 81734 81812 82064 81592
81999 82215 82088 82237 82238 82471 82049 82352
83534 83820 83474 83447 83333 83458 83510 83797
84161 84246 83844 84248 84086 83864 83903 84312
84021 84309 84647 84240 84551 84372 84748 85155
85673 86174 85569 86257 85858 86073 86263 85479
85829 86019 85915 85374 86156 85479 85994 85788
87187 87285 86532 87437 86637 87032 86393 86939
87271 87468 87190 87311 87434 87608 87419 87498
88565 88377 88354 88052 88108 87961 88219 87572
89037 89178 88706 88616 89402 89318 88710 88872
89980 89094 89483 89414 89663 89333 89601 89522
90602 89502 90728 90314 90919 90316 90287 90267
88758 89636 88822 88837 89169 88903 89030 88825
77560 78765 77810 78395 78282 78435 77754 77824
67548 68693 67860 68830 68658 68147 67894 68663
69566 69366 69207 69776 69313 69895 69778 69547
75043 74896 74595 74850 74709 74603 74684 74693
73952 73303 73447 73353 72077 72952 72973 73522
75975 76986 76631 76419 76713 76678 76659 76725
82000 83517 82623 83047 83103 82774 82582 83242
86385 85773 85517 86174 85147 85898 85848 85620
85348 84624 85242 85284 85630 85428 84238 85082
86937 87405 86924 87108 86890 86490 87279 87139
87237 87375 86783 87378 86407 87259 86852 86710
87577 88361 87783 87247 87403 87825 87612 87694
87831 87879 88217 88025 88371 88277 87915 87872
88012 87897 88180 88001 87861 88562 87481 88393
88066 88090 88153 87689 88116 88413 87641 88390
88158 87465 87735 87919 88325 88208 88065 87710
86775 86011 86257 86920 85487 86538 86218 86085
84153 83994 83486 84085 83693 83705 83592 83947
86457 86966 86958 86967 86663 86679 86573 87042
85668 86216 86001 85744 85403 85264 85836 85290
88105 88035 88044 88240 88199 87888 87875 88020
88308 88923 88565 88760 88856 89057 88572 88626
88346 88569 88489 88851 88807 88408 89056 88472
88381 88941 88421 88626 88691 89194 88648 89027
87094 87609 87234 86872 87143 87213 87574 87042
86789 86385 85242 86014 85658 85881 86341 85226
86535 87993 87647 87404 88229 87676 87756 86938
85503 85674 84544 85292 85015 85617 85186 85210
84960 86060 86065 85737 85273 85379 84956 84892
86734 86460 86155 86185 85780 86219 86330 86713
88291 88284 88232 88698 88399 88878 88525 88114
88134 88556 88951 88631 88800 88633 88561 88724
88215 88717 88854 89263 88525 88967 88558 88884
88294 88969 88852 89612 88900 88989 88843 89126
88337 88466 87876 88255 87913 87552 87779 87359
88332 89332 88466 88273 89108 88205 88464 88633
88311 88893 88737 88687 89177 88689 88313 88258
88377 88629 88193 87801 88109 88335 88219 88337
88382 88792 88418 88652 88808 88863 88466 88911
88342 88545 88251 87570 87595 87998 88153 87788
88746 89236 89104 88737 88696 88926 89467 88601
88361 89608 88295 88871 88669 89272 89407 88229
88466 88584 88326 87785 87899 87979 88398 88249
86896 87296 86735 87049 87094 87107 87384 87198
85093 85067 85194 85078 84909 85060 85404 84793
84530 84583 84499 84518 84286 84602 85004 84753
86666 86864 87775 86869 87003 86921 86755 87005
88070 88172 88343 87775 87902 88081 87914 87499
87906 88273 88100 88301 87678 88147 88489 87853
88641 89008 88725 89327 88905 89443 88910 89313
