1
netcache 26488456 70
174794 175265 178342 176624 176067 173946 176216 176177 176383 172896 412539 420699 424261 409631 412809 423711 420849 426804 433074 418627 406227 397317 395454 402132 391951 393028 402924 399946 396643 392369 422360 420588 417159 424630 414961 412182 419437 415719 415707 418555 422267 427737 420011 425747 415096 421309 417997 425472 421537 413907 400285 393637 399813 393511 393746 397561 397801 397437 395230 391429 424846 420898 422440 411822 413106 420132 424517 419491 412686 427643
21210 22167 22521 20991 19209 20450 20535 27711
21377 21933 23508 20614 19176 20162 20492 28003
21755 22345 23726 20939 19534 20645 21081 28317
21406 22296 23612 20936 19432 20553 20673 27716
21592 22146 23431 21133 19316 20400 20410 27639
20823 21890 23087 20589 19154 20386 20155 27862
21402 22120 23411 20933 19670 20253 20587 27840
21442 21972 23483 20958 19452 20563 20636 27671
21379 22093 23426 20900 19553 20531 20745 27756
20847 21359 23341 20395 19231 20136 20404 27183
50245 50768 55589 49665 44847 47958 48482 64985
51064 52737 56085 50813 45707 48859 49395 66039
51558 53204 55740 51731 46393 49610 49777 66248
50102 50948 54208 49678 44806 47708 47935 64246
50429 51738 54664 49489 44584 48310 48817 64778
52042 52219 56359 51128 45754 49624 49892 66693
51377 52595 55613 51220 45624 49111 49281 66028
52280 53043 56524 51396 46579 50004 49939 67039
53227 53509 57409 52337 46985 50585 50870 68152
51205 52323 55194 50397 45822 48666 48815 66205
47093 63614 45359 46722 54812 48504 49275 50848
46101 63154 44477 45673 53092 46763 48242 49815
46078 62495 43828 45407 52990 46802 48000 49854
46793 63472 44615 46292 54180 47726 48723 50331
45885 62145 43402 44638 52173 46756 47985 48967
45457 62361 43603 45311 52354 46651 47583 49708
46922 64218 44522 46077 54214 47940 48766 50265
46262 63313 44305 46034 53484 47771 48434 50343
46011 62931 43836 45688 52894 47466 47910 49907
45770 61684 43373 45189 52292 46952 47508 49601
51233 53301 56444 50531 45548 49848 50048 65407
51072 52689 55630 50304 45142 49898 50046 65807
50563 52288 55461 49875 45006 49615 49253 65098
51243 53512 56388 50589 45928 50018 50634 66318
49627 52589 54610 50454 44661 49128 49162 64730
49173 51129 55911 49443 44452 48750 48838 64486
51197 52944 54766 50164 45365 49484 49964 65553
50440 51296 56001 49774 44522 49240 49611 64835
50319 52994 54532 49728 44663 49376 49449 64646
51029 51403 56388 49758 44988 49421 50074 65494
51802 52113 50080 56174 49325 46549 66488 49736
54147 51697 50507 57044 49614 47489 67617 49622
52238 51094 49810 55874 48982 46033 66832 49148
52950 51911 50453 56812 49577 46751 67351 49942
52414 50249 49079 55281 48493 45563 65240 48777
52563 50962 50080 56887 48834 46443 66587 48953
52528 51007 49228 56004 48627 46065 65689 48849
53290 51452 50592 56642 49509 46933 67196 49858
52294 50798 50095 56753 48776 46584 66558 49679
51837 50306 49040 55256 47936 45592 65101 48839
47349 62911 44296 45980 53504 47687 48381 50177
45624 62812 43362 45691 52419 46656 47458 49615
46903 63465 44235 46318 52990 47322 48310 50270
45383 62869 43530 45428 52709 46947 47363 49282
45841 62841 43077 45199 52584 46954 47359 49891
46039 63536 43790 45694 53664 47339 47624 49875
46255 63460 43910 45645 52885 47295 48071 50280
46371 63483 43559 45885 53131 47149 48065 49794
45914 62796 44008 45143 52969 47190 47534 49676
45271 62460 42946 45160 52473 46626 47250 49243
52903 51448 50879 56671 48845 46851 67852 49397
53295 50693 50014 56394 48479 46812 65997 49214
52984 51110 49819 56266 48471 46787 67719 49284
51205 49524 49119 55698 47315 45798 65436 47727
51737 49833 49068 55682 47464 46167 65647 47508
53080 50660 49892 55993 47925 47179 66579 48824
53146 51493 49830 56813 49249 47560 67423 49003
51924 50969 49825 56374 48242 46620 66903 48634
52078 49614 49083 55059 47154 46078 65732 47888
53735 52130 50466 57458 48961 47644 68080 49169
