1
netcache 25020313 70
346501 341030 344056 342861 336350 343026 339674 338942 344619 338777 406585 382894 377122 380295 393603 384410 380093 374626 382032 379446 362837 297458 293742 285960 300695 300734 299320 306991 294455 288102 412012 393995 398138 389878 393781 388400 394799 391236 387326 396167 389910 381305 385236 386627 391222 394776 391772 388592 382103 400813 360033 311519 295979 297583 292809 309957 288922 303517 303049 307445 387069 383128 380987 380142 383531 382829 378802 381146 378614 387462
33450 34453 37647 32315 29919 31478 31618 42662
32913 33450 38044 31681 29597 30819 31170 41630
33172 34273 38102 32009 30048 31363 30908 42174
32907 34258 38014 32369 30185 30993 31151 41832
31946 32857 37473 31122 29404 30448 30903 40505
32904 33684 38251 31886 30094 30905 31010 42053
32253 33793 38014 31686 29456 30325 31116 41186
32096 33442 37972 31735 29619 30518 30465 40769
33040 34169 38662 32275 30246 31061 31262 41808
32466 33600 37637 31891 29330 30942 31125 41142
41911 42444 46109 40865 38093 40276 40464 52775
38578 38733 42347 37459 34446 36621 36733 49662
38008 38099 42094 37208 34142 35814 35834 47657
38179 38180 42989 37483 34254 36149 36254 48173
39714 39944 44233 38838 35670 37510 37529 49708
38470 38866 43075 37476 34931 36586 36557 48696
38519 38386 42749 37475 34433 36232 35987 48126
37514 37803 42613 36448 33873 35522 35453 46655
37919 39091 43140 37346 34660 35974 36612 48625
38326 38428 42912 37349 34521 36049 36162 47697
36186 47729 35102 35384 39885 36493 37014 37994
28342 38985 27487 28067 31676 28992 29087 29497
28018 38555 26988 27590 30869 28768 28663 29663
27452 37522 26405 27126 30069 27725 27781 28536
28322 39861 27588 28339 32054 29285 29067 29965
28929 39415 27711 28112 31965 29536 29546 30026
28493 39170 27529 28176 31507 29348 29252 30103
29258 40351 28075 29032 32407 29763 29858 30990
28052 38592 26901 27725 31224 28697 28779 29501
27907 37873 26624 27342 30357 27825 28243 28743
41737 44046 45231 41450 38535 41056 41068 53275
39069 40495 42530 38431 35701 37697 37900 51059
39252 41234 43839 38962 35952 38079 37974 51142
38349 39196 43578 37770 34995 37255 37334 50544
38856 40861 44467 38747 35369 37514 37749 49980
38285 39512 42224 37203 34844 37064 37302 50380
38941 40476 43793 38433 35247 37790 38009 50556
38865 40008 43681 38191 34766 37192 37486 50340
38728 39640 42303 37438 34305 37097 37322 50434
39260 40557 44428 38642 35671 37679 38238 50317
40265 39556 38808 42485 38329 37165 51138 39041
38756 37850 36898 41302 36604 35180 50184 36534
38991 38502 37355 41440 36865 35303 50601 36797
39828 38263 37548 41760 36863 35683 51176 37204
39660 38799 37751 43452 37326 35439 50370 37530
40648 39574 37908 43677 37483 36254 51309 37557
40268 38916 37879 43906 37169 35381 50949 37016
39555 38508 37188 43048 36781 35580 50872 36770
39124 37615 37145 40891 35581 35022 50586 36533
41423 40157 38913 45867 38218 36808 50941 38127
35308 47093 34181 35480 38972 35552 36975 37947
29670 41470 28918 29636 33471 30379 30410 31559
28306 39142 27460 28191 31362 28736 28807 29984
28648 39473 27675 28424 31615 28619 29236 29708
27879 38619 27075 27883 30954 28468 28555 29672
29559 40796 28406 29727 33111 30093 30285 31555
27653 38372 26483 27429 30733 28291 27993 29055
28941 40166 27892 28362 32773 29289 29707 30519
28947 40354 27752 28816 32135 29522 29955 30464
29512 40701 28606 29227 32819 30108 30493 30910
39992 39955 38398 42654 37861 36822 50713 37832
38802 37618 37412 41324 35940 35408 50386 36748
38572 37372 36798 41070 35923 35350 50127 36380
39181 37204 36800 41360 35704 34636 50087 36624
38752 37876 37152 41248 36389 35193 50057 36614
38715 37668 37097 41769 36200 35157 50333 36338
38024 37432 36561 40900 35833 34519 49914 36187
38486 37475 37261 41241 35937 35164 49899 36184
38165 37438 36665 41586 35773 34822 49877 35694
39020 38474 37684 42279 36589 35512 50716 36644
