128
818598 818598 0.078049 1563.077690 123
824206 83453 907659 0.086541 1408.604501 123 0
826638 94716 921354 0.087852 1387.668113 123 1
822630 138382 961012 0.091631 1328.170553 123 2
818138 85603 903741 0.086167 1414.944873 123 3
833218 95429 928647 0.088542 1376.688332 123 4
821234 83308 904542 0.086244 1413.778328 123 5
835311 87238 922549 0.087961 1385.905806 123 6
805992 161536 967528 0.092251 1322.321705 123 7
825618 83817 909435 0.086708 1405.207555 123 8
829029 94810 923839 0.088087 1383.805443 123 9
830209 156935 987144 0.094121 1291.015280 123 10
827778 86884 914662 0.087210 1397.611914 123 11
814986 93834 908820 0.086655 1406.758422 123 12
838370 85544 923914 0.088096 1384.046299 123 13
831806 87334 919140 0.087636 1391.157164 123 14
821220 286297 1107517 0.105598 1154.511585 123 15
832837 84782 917619 0.087491 1394.097144 123 16
829483 94293 923776 0.088080 1383.963291 123 17
830157 173542 1003699 0.095700 1274.626503 123 18
799798 83369 883167 0.084205 1448.062231 123 19
789983 89581 879565 0.083861 1453.551076 123 20
836694 85287 921981 0.087910 1386.179647 123 21
831860 86870 918730 0.087599 1392.231325 123 22
822014 134926 956940 0.091242 1336.468220 123 23
835324 85071 920395 0.087756 1389.528784 123 24
816910 94150 911060 0.086870 1403.401824 123 25
838512 356923 1195435 0.113980 1069.850399 123 26
826591 86819 913410 0.087090 1399.474405 123 27
824740 94169 918909 0.087617 1391.391270 123 28
828250 84507 912757 0.087029 1401.262367 123 29
825115 86035 911150 0.086878 1403.401502 123 30
815156 148608 963764 0.091893 1318.664643 123 31
813624 82615 896239 0.085455 1426.858772 123 32
830015 94608 924623 0.088158 1383.380343 123 33
816597 176722 993319 0.094707 1282.825793 123 34
814165 85163 899328 0.085747 1422.013762 123 35
792803 89995 882798 0.084171 1448.701897 123 36
824853 83577 908430 0.086613 1407.821494 123 37
815817 84614 900431 0.085851 1420.313217 123 38
821428 134087 955515 0.091107 1338.351687 123 39
819368 83814 903182 0.086113 1416.571658 123 40
798761 92361 891122 0.084967 1428.957295 123 41
822076 466976 1289052 0.122902 991.809238 123 42
833163 87714 920877 0.087806 1384.524062 123 43
824116 94449 918565 0.087582 1386.707754 123 44
809683 82583 892266 0.085075 1433.200104 123 45
824342 85953 910296 0.086796 1404.726884 123 46
827123 149675 976798 0.093135 1309.087012 123 47
806625 82317 888943 0.084758 1438.538612 123 48
816781 93118 909899 0.086757 1405.168264 123 49
828986 140374 969360 0.092426 1319.299802 123 50
826477 86530 913007 0.087054 1400.211452 123 51
833300 94766 928066 0.088484 1377.763171 123 52
831726 84467 916193 0.087360 1395.759766 123 53
815858 84737 900596 0.085867 1420.259832 123 54
819936 159543 979479 0.093388 1305.994408 123 55
815678 83001 898679 0.085684 1422.789878 123 56
824380 95262 919642 0.087684 1390.597706 123 57
812474 155606 968080 0.092305 1315.340975 123 58
834609 87950 922559 0.087963 1385.840832 123 59
807128 92861 899989 0.085809 1420.556950 123 60
822871 82835 905706 0.086355 1411.963385 123 61
818229 85982 904211 0.086212 1414.798039 123 62
818403 250893 1069296 0.101954 1195.623940 123 63
836170 95726 931896 0.088856 1371.396793 123 64
833636 84627 918263 0.087552 1393.093243 123 65
832078 86543 918621 0.087591 1391.889304 123 66
824919 196836 1021755 0.097419 1251.744385 123 67
802582 81432 884014 0.084284 1443.116365 123 68
835882 94823 930705 0.088739 1373.659071 123 69
831642 133053 964695 0.091983 1325.821727 123 70
831668 86587 918255 0.087554 1391.444858 123 71
836770 96075 932845 0.088942 1371.116757 123 72
826791 84090 910881 0.086851 1403.666568 123 73
833080 87695 920775 0.087788 1388.876134 123 74
839480 110094 949574 0.090539 1341.603498 123 75
811726 82435 894161 0.085256 1430.395350 123 76
784235 89512 873747 0.083311 1463.681103 123 77
827906 146419 974325 0.092898 1306.537155 123 78
795120 83298 878418 0.083757 1455.798432 123 79
808586 92209 900795 0.085888 1419.592004 123 80
810504 82275 892780 0.085125 1432.467647 123 81
810252 84933 895185 0.085351 1421.120540 123 82
823308 141582 964890 0.091999 1325.318211 123 83
832534 84572 917106 0.087441 1394.288848 123 84
812480 92605 905085 0.086293 1407.895781 123 85
819200 151777 970977 0.092580 1316.649602 123 86
819977 85535 905512 0.086336 1412.382287 123 87
824246 95074 919320 0.087654 1390.882897 123 88
823544 84302 907846 0.086562 1408.664527 123 89
830625 87297 917923 0.087519 1393.550034 123 90
830771 163940 994711 0.094841 1285.858948 123 91
811615 82806 894421 0.085281 1430.291523 123 92
792522 91178 883700 0.084259 1447.232943 123 93
822272 210241 1032513 0.098444 1238.827308 123 94
806438 85041 891479 0.085000 1434.464031 123 95
819567 93649 913216 0.087076 1400.174845 123 96
827493 83831 911324 0.086894 1403.402782 123 97
828266 86421 914687 0.087212 1397.942184 123 98
830586 141381 971967 0.092673 1310.635193 123 99
806169 82096 888265 0.084693 1439.787563 123 100
825846 94128 919974 0.087715 1390.043625 123 101
819259 155736 974996 0.092963 1311.283439 123 102
812027 84647 896674 0.085495 1425.868407 123 103
825245 94309 919556 0.087679 1390.766888 123 104
829614 84493 914107 0.087160 1399.032138 123 105
814075 85498 899573 0.085770 1421.608728 123 106
811798 158884 970682 0.092548 1317.417374 123 107
800814 81947 882761 0.084167 1449.308927 123 108
819056 93520 912576 0.087013 1401.239528 123 109
833407 230560 1063967 0.101446 1201.903138 123 110
826886 86763 913649 0.087111 1396.314796 123 111
817304 93787 911091 0.086871 1403.585416 123 112
814023 82406 896430 0.085473 1426.866113 123 113
815768 85203 900971 0.085905 1418.515581 123 114
821498 186209 1007707 0.096082 1268.405658 123 115
828183 84390 912573 0.087012 1400.329053 123 116
821733 92747 914480 0.087195 1398.736948 123 117
815748 132099 947847 0.090377 1349.536453 123 118
816667 85375 902042 0.086008 1417.313083 123 119
825837 95187 921024 0.087814 1388.432627 123 120
820728 83470 904198 0.086213 1414.490474 123 121
826269 86705 912974 0.087050 1400.516414 123 122
832584 84620 917204 0.087452 1393.907198 123 124
827268 94455 921723 0.087879 1387.761207 123 125
816088 145212 961300 0.091659 1330.178717 123 126
822683 86325 909008 0.086672 1406.069799 123 127
