1
FarReach 29590573 70
478955 440959 429725 472236 448026 439836 455935 460185 435639 417574 398650 419769 409528 448171 432785 413507 435383 431729 395445 409590 393037 414315 409116 444038 428859 417637 436527 439659 416899 425705 384536 413718 405626 451242 423652 415836 339277 438960 420803 414865 390606 416180 406394 440099 425524 415053 438240 438410 423373 426059 385340 411925 400908 445703 424363 410286 439506 428616 411950 426650 379324 401205 399059 445207 420541 411438 444238 432703 415174 428380
121725 121520
112225 112430
109581 108928
119572 120128
113889 113197
111956 111360
115628 115886
116929 117259
110584 110683
105878 106218
119484 119109
114666 114553
111016 110436
119790 120932
114940 115700
110223 110447
115974 116302
115413 114859
105691 105708
109125 109135
119512 118972
113140 113069
110457 110192
119168 119972
114986 115113
111707 111839
116378 117000
116970 117288
111349 111206
113267 113583
118521 117948
112960 113087
109536 110851
121179 122136
114365 114246
111126 111944
90927 90955
117259 118365
112221 113093
110565 111514
120382 119676
113969 113820
110614 109741
119089 118857
115194 114267
111761 111591
117994 116766
117283 117096
112710 112973
113979 113731
118514 118629
113168 113151
108742 109272
119852 121024
114025 115007
110806 110430
118445 117707
115005 115045
110904 110495
114046 114686
116795 116212
111838 111291
109304 108855
121094 121007
113828 114014
111013 111006
120154 119969
116186 116667
112088 111811
115549 115559
