36447201
354518 418369 463642 487382 499614 501793 506577 503415 503004 502140 457343 503012 500080 498998 503042 500439 500828 503247 484867 485343 454693 494806 496966 497716 498626 498264 497986 498143 497014 501648 454394 500267 503474 513895 535031 557619 556976 565602 571013 567975 511008 531607 557701 559945 561992 558550 563863 560789 563556 564767 505893 556820 563509 562084 557062 560233 562746 555613 557179 559639 500569 555042 538027 525796 546776 549654 555734 554805 553668 552371
22658 22896 22442 22486 21913 22688 22546 22498
26657 26583 26428 26631 26500 26791 26548 26530
29437 29652 29809 29575 29501 29339 29421 29470
31112 30885 30768 31044 30969 31034 30869 30848
31566 31861 31946 31420 31625 31900 32221 31638
32035 31975 31659 31781 31948 31861 31673 32203
32426 32052 32228 32081 32012 31977 31779 32382
31679 31725 32084 32062 32073 32150 32110 31995
32034 31767 31981 31935 32104 32049 32048 31915
31710 31849 31723 32036 32136 31800 32133 32024
32783 32055 32127 31908 32320 31910 32355 31816
32335 32677 32242 32308 32136 32195 32267 32348
31751 32158 31972 31867 32198 32029 32124 31957
31801 31967 32052 31957 32148 32107 31694 31805
32300 32264 31965 32122 32117 32193 32421 32063
31808 32068 31879 31981 32166 31900 32450 31927
32447 32065 32199 32000 32114 32024 31813 32127
32231 32376 31948 32373 32160 32008 32027 32373
31048 30872 30939 30996 30977 31022 31062 31152
30990 31075 31157 31238 31108 31071 31331 31136
31903 31442 31640 31823 31590 31725 31519 31577
32589 31835 31792 32012 32058 32028 31932 32046
31930 32081 31894 32119 32158 32033 32292 32239
32483 32009 32123 31914 32226 31787 32380 32174
31947 32254 32158 32257 32213 31923 32262 32250
31891 32289 32192 31877 32243 32183 32138 31922
32271 32188 32011 32309 32233 31821 32079 32370
32340 31917 31951 32306 32204 31879 32279 31908
31964 32049 31989 31937 32210 31615 32039 32328
32475 32159 31992 32459 32249 32148 32387 32325
32811 32170 32531 32936 32387 32310 32565 32745
32343 32610 32581 32565 32298 32026 32569 32680
32419 32436 32697 32561 32713 32470 32945 32717
33182 33362 33608 33561 33308 33437 33834 33539
34881 34991 35030 34580 34393 34546 34954 34918
36518 36033 36159 36580 36135 35678 36347 36107
36382 36233 36018 36440 36080 36086 36002 36191
36638 36972 36769 36870 36584 36128 36610 36824
37227 37201 37034 37293 36695 36951 37170 37015
36849 37164 36695 36607 36733 36332 37026 36576
36772 36931 36676 36596 36230 36277 36989 36925
34599 34485 34770 34578 34988 34326 34772 34723
36138 36287 36652 36560 36380 36210 36221 36633
36444 36478 36331 36985 36676 36168 36273 36745
36721 36297 36718 36768 36681 36141 36966 36818
36411 36108 36552 36865 36661 35951 36717 36603
36872 36869 36780 37278 36725 36279 36845 36901
36551 36473 36305 36993 36610 36422 36441 36825
36902 36766 36717 37100 36656 36232 37085 37257
37024 36954 36902 37221 36678 36499 36746 36906
36526 36675 36218 36532 36517 36117 36616 36623
36727 36852 36874 36925 36708 36007 36540 36516
36864 36819 36835 37019 36667 37062 36949 37554
36762 36841 37091 37202 36671 36216 37053 36946
36279 36551 36227 37035 36752 36546 36632 36838
36700 37067 36686 37009 36577 36253 37233 37140
37373 36882 36868 36965 36609 36646 37383 37164
36209 36599 36122 36604 36717 36160 36643 36548
36357 36774 36409 37138 36727 36216 36618 36620
36540 36950 36551 37386 36669 36321 36814 36782
36165 36028 36192 36374 36423 35653 36195 36319
36380 36789 36861 37058 36630 36765 37029 37024
35063 35493 35418 35526 35853 35257 35785 35528
34466 34820 34837 35297 34602 34320 34660 34774
35817 36158 35955 36261 36044 35897 36526 36491
36039 36248 36165 37028 36438 36331 36393 36587
36514 36481 36887 37010 36611 36792 36735 37042
36400 37153 36376 37178 36605 36489 36883 36416
36220 36731 36417 36767 36676 36265 36768 36706
36437 36874 36230 36734 36654 36342 36317 36529
