36611217
352581 416338 466457 487640 504501 503784 502286 506869 509573 507485 454172 503161 506036 505654 506172 499751 505368 502150 490130 485474 449041 490467 503753 503694 495355 499776 505506 503066 502313 504645 454752 503145 509386 518868 532781 563288 557822 561198 573266 566377 509215 535832 558878 561390 564517 563424 565309 563921 568889 564065 514302 559852 564633 563377 563711 562345 561139 560354 563862 563466 505987 556317 546977 523670 544431 559838 556366 559834 553866 556825
22494 22318 22812 22465 21819 22397 22569 22555
26373 26407 26329 26537 26562 26639 26445 26475
29646 29824 29435 29567 29584 29505 29737 29622
30846 31161 31033 31054 31099 30942 30900 30972
32106 31866 31908 32078 31725 32072 32004 31941
32421 32044 32140 31730 32047 31949 31845 31789
31679 32024 31865 31781 32186 32028 31618 31770
32023 32097 32373 32369 32171 32175 32103 32391
32447 32701 32226 32433 32227 32454 32340 32402
32234 32397 32363 32086 32249 32498 32135 32453
32305 31394 31206 31383 32446 31383 31970 31529
32211 32443 32045 32031 32272 32165 32511 32350
32147 32253 32185 32540 32280 32576 32620 32417
32091 32255 32482 32083 32263 32320 32688 32236
32314 32509 32246 32479 32219 32358 32390 32378
32099 32235 31833 31999 32297 32139 32175 31956
32387 32615 32182 32323 32229 32293 32274 32187
32155 32368 32138 32345 32286 32030 32191 32129
31522 31621 31414 31459 31051 31349 31280 31337
31145 31277 30881 31095 31243 31003 31185 30890
31395 31581 31220 31126 31733 31343 31569 30800
31656 31488 31611 31566 32205 31491 31528 31912
32857 32667 32399 32263 32276 32374 32302 32745
32518 32234 32545 32312 32316 32332 32653 32432
31909 31745 31959 31742 32365 31700 31879 32187
32271 32196 32028 32226 32345 32280 31942 32259
32616 32225 32645 32416 32316 32432 32888 32549
32155 32411 32414 32690 32309 32278 32254 32556
32275 32351 32038 32586 32312 32407 32628 32511
32687 32582 32461 32631 32348 32814 32643 32580
32222 32099 32469 32474 32492 32466 32511 32418
32978 33061 32782 32763 32411 32383 32637 32899
32982 33629 33417 32899 32824 32589 33381 33183
33447 33649 33665 34002 33453 33038 34250 34193
34707 34762 34421 34585 34590 34120 34426 34881
37076 36436 36671 36549 36326 36448 36843 36210
36419 36098 36163 36567 36290 35544 36024 36483
36489 36429 36284 36409 36825 36000 36637 36417
36998 37220 37324 37249 36929 37067 37215 37028
37009 37342 36860 36742 36951 36642 37053 36717
36138 36588 36118 36334 36414 35680 36759 36456
35180 34887 35090 34990 35121 34778 34918 35211
36464 36190 36422 36616 36619 36253 36405 36618
36753 36841 36505 36682 36885 36432 36731 36646
37201 36779 36621 36625 36901 36517 36931 36839
36688 36297 36598 36673 36861 36490 37005 36823
36957 36742 36953 37223 36921 36409 36776 36917
36848 36695 36802 36960 36832 36612 36939 36779
37410 37180 37031 37094 36857 36656 37322 37254
36996 37161 36950 36906 36863 36071 37423 36949
36885 37087 37033 36857 36646 36631 36982 37323
36758 36674 36978 37329 36902 36395 36970 36676
36959 37109 36876 37481 36875 36738 37510 37063
36893 36716 36682 37204 36888 36504 37428 37170
36635 36892 37322 37360 36918 36467 37141 36999
37030 36906 36962 37145 36789 36629 37156 36884
36780 36764 36678 37318 36856 36154 37288 36709
37001 37009 36690 37025 36894 36380 37033 36675
36995 36948 36791 37249 36905 36532 37271 36967
36924 37096 37076 37371 36857 36941 37427 37134
36529 36553 36796 36737 36558 36021 36397 36087
37178 36862 37046 37056 36816 36713 36386 36915
35928 36097 36049 36387 35991 35905 36177 36354
34489 34289 34490 34873 34776 34705 34702 34622
35929 35728 35814 36269 36249 36055 35740 36112
36584 36753 37175 37601 36586 36713 36777 37278
36435 36824 36754 37256 36789 36677 36823 37154
36857 37073 37196 37172 36805 36459 36914 37176
36320 36725 36788 37035 36873 36278 36556 36592
36168 36940 36842 37344 36811 36702 36791 36915
