14381309
182351 178240 177026 173108 173222 171786 175549 180710 178213 175942 209681 207775 206332 216955 211776 208838 207951 206240 209678 216451 210993 208908 214816 220349 215597 216240 214584 212827 217403 212860 209859 205965 218290 212623 206942 209335 205754 212416 214546 211699 215667 213779 210000 207900 206336 218109 215059 212012 209730 203520 215298 209085 209296 207718 207402 216708 212729 208952 178809 206529 213240 208256 204856 203600 207583 212151 208159 209940 203396 205423
22231 22914 24637 21739 19889 21095 21482 28364
21662 22182 23990 20949 19704 20645 20977 28131
21611 22189 23585 21086 19465 20709 20522 27859
21078 21632 23159 20488 19293 20134 19974 27350
20948 21400 22977 20502 19194 19991 20655 27555
20688 21528 22877 20231 18862 19938 20325 27337
21038 21928 23597 20820 19406 20500 20695 27565
21707 22803 24047 21750 19877 20874 21073 28579
21540 22171 23917 21337 19642 20537 21024 28045
21333 22106 23478 20763 19362 20494 20519 27887
25654 26071 27886 25276 22752 24591 24598 32853
25541 25615 27606 25254 22388 24283 24289 32799
25152 25583 27354 25151 22475 24074 24096 32447
26678 26995 28767 26141 23654 25217 25488 34015
26189 26502 28116 25354 22916 24784 24768 33147
25510 25965 27714 25112 22781 24417 24482 32857
25056 25956 27629 25306 22688 24346 24366 32604
25215 25568 27732 24749 22588 23760 24182 32446
25693 26350 27727 25231 22571 24488 24652 32966
26586 26933 28691 26132 23575 25194 25403 33937
24736 33185 23449 24082 27963 25204 25463 26911
24204 33101 23043 24025 28051 24828 25365 26291
24810 34272 23794 24591 28741 25668 26135 26805
25636 34886 24248 25268 29461 26490 26692 27668
25193 34133 23935 24878 28669 25813 25873 27103
25146 34125 23941 24582 28940 25843 26336 27327
25030 33788 23671 24861 28996 25388 26013 26837
24594 33664 23457 24466 28723 25197 25803 26923
25108 34251 24117 25231 28908 25930 26679 27179
24581 33753 23547 24526 28500 25354 25887 26712
25287 26685 27650 25240 22479 24846 25145 32527
24935 25691 27489 24473 21992 24280 24799 32306
26425 27374 29318 26271 23544 25656 25911 33791
25866 26700 28407 25453 22638 25208 25336 33015
24685 26001 27379 24825 22190 24667 24604 32591
25364 26255 27944 24961 22546 24815 25096 32354
24916 25877 27076 24285 22399 24466 24418 32317
25974 26701 28326 25104 23154 25166 25108 32883
26080 27132 28488 25553 22944 25160 25540 33649
25775 26457 28068 25427 22853 24857 25105 33157
26837 26191 25403 29011 25093 23702 33759 25671
26775 25805 25294 28488 25033 23867 33388 25129
26332 25428 24895 28174 24386 23279 33150 24356
25754 25373 24714 27990 23884 22702 32980 24503
25952 25023 24409 27643 23788 22792 32626 24103
27238 26321 25776 28892 25698 23970 34642 25572
27204 25999 25646 28900 24928 23666 33945 24771
26491 25903 25058 28513 24634 23391 33357 24665
26311 25168 24925 28111 24598 23226 32795 24596
25365 24978 23886 26879 23688 22562 32356 23806
24980 33892 23542 24749 28988 25568 26446 27133
24110 33597 23274 23862 28063 24892 25182 26105
24505 33286 23276 24032 27603 24910 25291 26393
23931 33176 23082 23929 27714 24778 24842 26266
24243 32960 23037 24067 27780 24443 24900 25972
25182 34590 23960 24757 29071 25730 26087 27331
24510 34030 23525 24408 28361 25085 25924 26886
24333 33268 23152 24012 27756 24860 25279 26292
20760 28262 19878 20694 24157 21253 21535 22270
23898 32654 22780 23970 27633 24681 25123 25790
26605 26316 25210 28686 24535 23803 33453 24632
26470 25308 24609 27697 23841 23109 33095 24127
25624 24684 24210 27435 23457 22907 32683 23856
25621 24475 24069 27463 23280 22666 32323 23703
26245 25204 24573 27552 23892 23042 33075 24000
26384 25896 25182 28328 24327 23691 33826 24517
26061 25377 24207 28121 23857 23080 33181 24275
26395 25456 24761 28198 23861 23837 32850 24582
25545 24512 24001 27325 23313 22784 32460 23456
25695 24908 24190 27554 23599 22991 32800 23686
