1
distcache 30412665 70
450267 462568 461939 472650 471777 475660 476342 482409 482392 482208 477432 471542 467256 475620 472775 466550 465296 466113 460304 462374 451835 449558 464518 420258 460052 477232 425120 446022 427385 413036 437828 435900 421596 449980 439402 425149 448098 421648 414148 423514 448215 449255 445149 453435 410093 407535 418779 399762 398734 405444 385714 390241 358319 377322 367005 380653 386201 388254 416454 412835 428147 422428 426995 426048 425822 432517 417795 402720 395503 379241
41703 42708 44731 40983 38939 40487 40758 49968
42935 44065 45557 42177 40072 41760 41772 51687
42560 43776 45535 42222 40287 41566 41383 52163
43990 44484 46620 42870 41118 42399 42927 52898
43245 44747 46782 42871 40768 42235 42897 53093
43725 45320 47160 43598 41446 42407 42744 53270
43987 45118 46898 43822 41417 42889 43184 53136
44953 45574 47837 43537 41773 43502 43551 54031
44586 45707 47856 43575 41907 43359 43999 54080
44996 45466 47730 44043 42074 43315 43245 54096
47739 48275 50335 47575 44059 45404 46619 57600
46480 46678 48191 45192 42813 44487 44421 54368
45238 45797 47994 44473 41963 44136 43933 54047
45685 46481 48637 45750 42826 44532 44839 54566
45717 46199 48286 45275 42673 44257 44703 54426
45213 45817 47451 44866 41948 43783 44039 53614
45041 45590 47359 44421 41344 43762 43974 53337
45001 45702 47163 44524 42049 43609 43951 53682
44400 45250 46438 44242 41451 43322 43293 52674
44800 44948 47176 44337 41333 43412 43600 53124
44122 53687 42660 43904 47793 44546 45015 46224
42422 52674 41064 42168 46280 43291 43566 44461
43973 53426 42082 42985 48050 45305 44956 45713
39141 49420 37972 39525 43461 39861 39512 41707
42976 52555 41661 42943 47489 43875 45011 45419
44176 55840 43438 44290 48825 45455 45968 46739
39339 50290 38736 39615 43468 40366 39964 42051
41463 52108 40638 41242 45691 41491 43585 43742
39905 49648 38929 39780 42789 40981 41524 41864
38680 47550 37598 38362 43265 39021 40043 39566
43800 44906 46742 43484 40495 42580 43460 53068
41713 43107 44987 41443 40121 42491 40915 50101
40639 41561 43340 40185 38185 39833 40409 48375
43581 44598 46242 42715 40206 41940 44124 51674
42280 43329 45147 41927 39270 42550 40745 50508
40962 42147 43291 40701 37924 40369 40294 48616
43410 44017 46064 42943 39810 42354 43215 50735
40546 41476 42890 40197 37486 40147 40582 48504
39619 40472 42184 39449 36999 39454 39804 47739
40585 41839 43198 40565 37628 39984 40305 48596
46304 45200 44715 47926 44070 42511 52701 45329
44887 43262 42967 46030 41759 39809 53617 42113
44046 42635 42691 45734 41799 40826 51426 42153
44226 44139 42842 46595 42805 42268 52662 41632
40248 39761 39372 42134 38738 37650 47148 38281
40127 39225 39026 41698 38021 37102 47510 38307
41042 40306 39902 42834 39378 38239 48866 39559
39346 38657 38196 41101 37200 36316 46628 37441
39319 38336 38122 40845 37087 36215 46298 37178
39695 39011 38534 41638 38158 36842 47190 38135
38367 46550 36831 38044 42066 38688 39319 39955
37381 46161 35947 37232 40541 37138 38024 38868
34060 41641 32863 33693 37314 34520 35093 35496
35857 43989 34887 35310 39463 36026 36755 37313
34868 42785 33605 34802 38173 34648 35617 36406
35856 44681 34979 35894 39416 36856 36690 37361
36434 45170 35114 36151 39933 37261 37378 38324
36618 45726 35902 36261 39802 37304 37405 38543
39348 48716 38395 39148 43058 38713 39940 42353
38707 48447 37516 38754 42615 40072 39947 40698
43994 43155 42594 46572 41912 40871 51563 42354
41846 41202 40490 44065 39563 38945 49968 40014
42075 41574 40806 44411 39900 39160 49908 40255
42472 41112 40323 44052 39965 38982 49355 40564
42348 41165 40704 44159 39768 39090 49788 40193
43052 41584 41013 44816 40366 39248 50579 41034
41317 40185 39688 43362 38952 39146 48662 38172
39957 38445 38274 41824 37443 36745 46841 38126
39041 38248 37644 41024 36768 35904 45946 37536
37506 36564 36349 39195 35484 34502 43984 36040
