1
FarReach 148785524 70
2556509 2395480 2319289 2298646 2253215 2260973 2215665 2208676 2173945 2190519 2089977 2268765 2277651 2277148 2242623 2232436 2221006 2198378 2193721 2169324 1930172 2268461 2231428 2242544 2233490 2197949 2195605 2115436 2163473 2152798 1837217 2191760 2217481 2228242 2212575 2184864 2185840 2164868 2151633 2126971 1837416 1897692 1683991 1646584 1833848 826755 2067436 2214538 2192353 2158594 1486611 1928638 2010276 2097958 2348822 2273602 2222027 2179640 2164460 2166845 1819150 1946131 2026962 2042311 2375480 2273780 2228771 2189095 2173421 2190337
81488 80992 81506 80696 80909 81580 81328 81189 80860 81338 81363 81405 81640 80955 81164 81397
76217 76309 76250 75966 76140 75857 75807 76155 75741 76147 76279 76049 76020 76106 76039 75755
73796 73390 73663 73442 74010 73965 73679 73506 73535 74167 74116 73341 73272 73452 73256 74445
73188 72992 73213 73125 72909 72987 72746 73079 72792 73300 72802 73461 73031 73126 73134 73121
71592 71777 71875 72284 71821 71359 71690 71577 71371 71478 71878 71410 71371 71495 71693 72060
71444 71540 71657 71497 71883 72144 71862 72115 71781 72179 71853 72148 72654 71610 71527 71943
70419 70456 71040 70656 70102 70328 70463 70381 70177 71074 70189 70493 70497 70642 70601 70208
70148 70661 70628 70022 69930 70161 70536 70412 70048 70290 70005 70353 69992 70087 70494 70510
68803 69475 69591 69068 69181 69005 69396 68811 69381 69150 69054 69268 69585 68862 68973 68811
70089 69939 69147 69895 69579 69890 69403 69452 69894 70038 69453 70061 69775 69286 69804 69961
76635 76691 76540 77339 76826 77099 76867 76747 77078 77083 76321 76723 76667 76691 76498 77113
75800 76681 76748 76495 76227 75860 76532 76736 76238 77004 76671 75685 75988 76245 76178 76505
74370 74892 74760 74632 74386 74280 74618 75137 74833 74562 74735 74112 74185 74102 75090 74784
73687 73627 73813 73933 73732 73613 73689 73731 73305 73916 73258 73441 73620 73489 73651 73919
72576 72713 73616 72758 72438 72446 73134 73025 72477 72368 72795 72549 72350 72648 72725 72816
72726 72743 72420 72507 72136 72092 73331 72171 71628 72444 72127 72452 72578 71846 72201 72332
72244 72756 72600 71820 71716 71815 72502 72128 71894 72204 71813 71453 71899 72159 71724 72281
71148 71391 72132 71403 70692 71570 71203 71415 70780 71137 71454 71436 71159 71231 70898 71355
71181 71022 70946 70747 71318 70550 71521 71545 70809 71298 71068 71324 70916 70981 70784 70780
70215 70588 70441 70397 70022 70170 70341 70236 70354 70105 70236 70435 70139 70754 70320 70555
72955 73261 72646 73875 72178 72056 72971 73470 73084 73447 72867 72778 72798 72425 72606 72779
78369 78779 78314 78715 78019 78201 78877 79524 78225 78270 78328 78501 78382 78029 78543 78474
74737 75082 73975 75657 74200 74449 74045 74776 73457 75108 74179 74589 74130 75041 74087 74362
73653 74267 73530 73749 73405 73156 74168 73835 73923 73818 73517 73352 73023 73313 72831 74005
72243 73936 73695 73058 72768 72607 74154 73239 72733 73183 73387 73212 72748 72912 72920 73019
72290 72302 72367 72305 71736 71834 72163 71847 71817 71979 71933 71754 72229 72026 72151 72164
71914 72028 72583 71973 71709 71912 71779 72219 72329 71807 72040 71428 71851 72007 71764 71506
69164 69623 69757 70201 68795 69082 69533 69906 69013 68915 69831 69217 69212 69644 68712 69054
70912 71211 71411 70708 70751 71063 71408 71080 70982 70537 70751 71217 70525 70594 71210 70715
70276 71024 71001 70355 70685 70720 71024 70482 70047 69922 70873 70250 70466 70431 70942 70401
70105 69994 70569 69956 70092 69955 70679 70144 70084 69288 70009 70440 69816 69445 69801 69946
76738 77471 77726 78099 77650 76821 78038 77943 77407 76907 77473 76896 77248 76287 76877 76434
75065 75680 75652 74935 75145 74626 74986 76067 75422 74845 74299 75202 74934 75367 75681 75125
74237 74332 74559 74062 73528 73625 73672 74220 74042 74571 74040 74640 73867 73842 73792 73990
73115 72575 73184 72724 72981 72859 73121 72674 72817 72829 72938 73731 72911 72642 72931 73083
72726 74400 72597 72207 71363 72129 72202 71671 71593 71996 72181 72917 71951 71579 72656 71684
72203 72521 72928 72042 71939 71838 72765 72249 71669 71618 72027 72583 72249 72557 72336 72160
71969 71911 72094 71454 70820 71286 71416 71474 70910 71085 71193 72192 71712 71857 71877 71069
71146 70942 71558 70805 71268 71569 70561 71064 70732 70925 71182 71653 70846 71243 71151 70864
70676 70782 70123 70293 70159 70354 70569 70434 70062 69737 70405 70136 70133 69793 70662 70378
70667 70043 70031 70330 70644 69711 70710 69812 69685 70589 70017 70516 70493 69418 70561 69771
67699 66674 67351 67380 66808 67280 67456 67719 67230 66299 67694 67467 67183 67077 67684 66151
57944 57623 57564 57735 58043 57211 57786 58194 57549 57812 57820 58174 57972 57290 57798 57733
55040 55268 55722 55084 54745 54849 55138 55583 54763 54881 55332 55806 55499 54692 55424 55000
60853 60936 61245 60560 60337 60311 61023 61215 60706 61260 61045 61303 61141 60105 61268 60877
27306 27908 27555 26779 27650 27227 27474 27383 27407 27502 27629 27645 27604 28000 27712 27296
68357 69139 68944 68297 68313 68637 68827 68851 68870 68739 69233 69179 68877 68213 68770 68388
73812 73668 74183 73493 73384 74006 73356 74065 72815 73686 73205 73757 73760 73026 73965 73802
73356 73008 73081 72190 73041 72371 72789 72598 72333 72480 72758 72918 72938 71894 73140 72945
72634 71590 71999 70989 71670 71194 71520 71753 71272 71892 71610 71759 71678 71544 71629 71183
57921 58532 58547 59069 58557 58275 58035 57461 58031 58336 58216 57093 57992 57922 58278 57963
69825 69390 69571 68800 69445 68918 68974 69231 69225 69806 68705 70754 69388 69018 69783 69230
70180 70189 71159 69689 69633 70201 69662 70414 70601 70357 69958 70591 70444 69230 69914 70875
71388 71637 71804 71962 71418 71382 71134 71747 71341 71379 71778 72546 72083 71328 72117 71757
79547 79481 78995 78374 77853 77970 79170 79410 78110 78876 79219 79353 79241 79035 79333 78589
76478 76359 76835 75613 75978 75652 75959 75917 75299 76453 75612 76009 76108 75529 76442 75935
74170 74863 74633 73775 74107 73864 73754 73896 74537 74810 74443 74892 74626 73670 74271 73939
72727 73100 73046 72865 73036 72830 72956 73144 73154 73353 72757 73510 72594 72614 72989 72709
72558 72242 72680 72025 72195 72053 72242 72114 72584 72836 72202 72592 72633 71766 71773 72127
72610 73181 72687 71406 72004 72062 72284 72653 71705 72377 72681 72858 72100 72144 72654 72108
70669 70384 70757 70831 70174 69142 69853 70798 70663 70207 70394 69851 70556 70337 69994 70050
69939 69907 69281 70316 70145 69272 69817 69603 69598 69842 69817 69935 69446 69877 69633 69796
70632 70841 70703 70383 70877 70250 70328 70752 69812 70347 71301 71251 70447 70415 70693 70691
70037 70444 70217 69828 69913 69877 70189 69857 69781 70195 70339 69826 70426 70010 69758 70161
80512 80653 80829 80356 80167 80003 80820 79817 80202 80525 80126 80706 80150 79533 80499 80288
76358 77038 76478 76026 76408 76228 76046 76252 75869 76235 76301 76561 76798 75775 76458 75617
74985 74517 75262 74017 74826 74446 74201 75053 74993 75484 74396 75125 74728 74472 74961 74208
73633 73930 73418 73177 73597 72757 73209 73302 73722 73861 73526 73963 73317 73305 73889 73613
73285 73341 73049 72572 72342 73053 72595 72942 73091 73455 72972 73220 73143 72376 73836 73039
73877 73739 73562 73357 73832 73212 73229 73529 73813 74027 73342 74441 73706 72908 73643 73298
