1
FarReach 226198286 70
3979010 3684022 3478853 3397405 3365816 3231790 3349197 3697411 3608059 3543166 2837395 3001410 3130714 3240531 3592458 3534807 3387264 3285533 3238402 3174072 2953762 3419102 3351998 3276123 3297154 3283756 3180849 3482786 3666389 3498373 2919522 3048978 3097084 3057041 3473435 3461161 3381275 3300254 3168169 3114566 2689366 3398659 3352895 3312105 3310657 3281432 3197374 3156273 3710998 3506020 2899296 2987271 3074457 3068303 3264226 3598795 2973575 2269652 2187818 2647000 2728408 2778689 3216055 3387107 3363895 3224021 3104484 3034969 2991925 3286007
127174 126523 127043 126058 126380 126519 126310 126092 125735 126494 126559 126261 126718 125864 125955 126601
116706 116806 116892 116919 116646 117206 116618 117536 116255 117439 117612 117206 117694 117139 117272 117153
110780 110931 110832 110600 110784 110408 110103 110459 110423 111271 110916 110183 109744 110242 110873 110834
107813 108103 108555 108707 107717 107856 108517 108489 108569 108309 107422 108197 107912 107970 107635 107856
106857 106412 107109 107008 107065 106781 107544 107011 106746 106832 107041 107161 107563 107119 106260 107344
102520 102942 102619 102535 102697 102626 103043 102421 102790 103567 102403 102590 102896 102927 103058 102773
106324 106443 107124 106876 106222 106620 106229 106850 106721 106472 106215 106933 106050 106183 106348 106871
117811 117460 117426 117127 118033 117408 117602 116976 117373 117484 117516 117973 117703 117560 117657 117658
114440 114980 114821 115400 114619 115050 114928 114660 114596 114300 114526 114665 114678 114490 114677 114669
113022 113178 112306 112115 112837 112174 112176 112535 112455 112847 112989 112841 112174 112528 112740 113048
105704 106300 106725 106186 106447 106574 106109 106298 105543 107237 106259 106120 105262 106226 105856 106513
103273 103592 103958 103751 105209 103438 103486 103586 103119 104323 103288 104294 103320 103665 104115 103850
105436 105893 105471 104559 107174 106017 105618 104893 104797 106276 105267 105349 104943 105974 105992 105962
106727 107182 107234 106862 110385 107825 107135 106353 107726 107564 107188 107844 106089 107002 107546 107730
116695 117181 118359 115954 120016 117640 118529 116559 118135 117997 117411 117594 117517 117087 117137 118636
114408 115242 116158 114631 116965 114842 114970 114237 114223 115897 114621 114627 113790 114493 115210 115532
109854 110060 110515 109647 109811 109826 109964 109605 110396 110202 109604 110912 109248 110041 110284 110675
105915 106922 107184 106911 106289 106706 106619 106434 107744 107108 106556 107720 107044 107128 106939 107582
104918 105612 105677 104783 105808 105571 105047 105644 105829 105159 105038 106233 106379 105382 106412 105777
103966 103917 104372 104083 103924 103817 103931 103488 103483 103342 103029 104311 102707 103445 103107 103219
111816 112501 112411 112878 111938 111465 112024 112104 111907 112824 111160 113323 112187 111937 112794 111940
119582 119762 120959 119428 120007 118929 119245 119274 119559 119982 119736 121122 120059 119231 119649 120064
113892 114487 114218 114191 114569 113078 114368 113530 114483 114290 114986 114993 114259 114460 114156 114880
110715 109489 110172 109389 109692 109044 109934 109670 108811 108787 109456 110574 109641 110205 109920 110531
108922 110276 109556 108841 109802 108753 109110 109491 108344 109638 108758 109554 109880 108346 109888 109796
107944 108673 108716 107824 108042 107019 107900 107600 107673 107564 107987 108267 107560 107764 108858 108477
104324 104539 105045 104225 104571 104660 104501 103407 104050 105271 104968 105265 104877 103970 104762 105413
114169 114797 115153 114237 114630 114652 114381 114067 113763 114541 114600 115578 114685 114269 115358 114725
120457 120824 121819 120044 121315 120821 120077 120192 120586 121516 120373 121408 120796 119975 121666 121419
114965 115516 116988 114970 116171 115638 115268 114228 115249 115467 115121 115630 115695 115193 116031 115795
112185 112442 114223 111613 113260 112753 112570 112929 112514 112585 112194 112862 113254 112333 113413 112915
108399 107976 109354 107481 108261 108351 108554 107228 107108 108271 108736 109648 109246 108281 109119 107972
105380 105749 106668 105593 106288 107025 106510 105500 106020 106191 106392 106906 106596 106163 106588 106701
102732 102478 103766 102600 103016 103412 103125 102839 102799 103113 103194 103655 102940 103145 104227 103439
115052 115148 117495 116325 115587 115978 115518 114523 115977 115778 115547 116644 115694 115462 116903 116650
114569 114636 115982 114206 115045 114814 114378 113926 114486 115188 114124 115845 114449 113776 115138 115372
111721 112656 113485 111802 112009 111792 112127 111429 112378 111867 111835 112522 112723 111856 112756 112322
109145 109796 110722 109155 109514 108985 109153 109104 109205 109886 108962 110920 109114 109170 110100 109224
104632 105260 106235 104700 105776 105122 105561 104924 104960 105213 104682 105916 105428 104384 105978 105058
103316 103400 103884 103480 103623 102810 103178 102780 103363 103390 103189 103788 103228 103406 103947 103932
104087 104377 105072 104910 103902 104217 105146 103687 103057 104647 103715 105025 104624 104230 105951 104461
120779 121587 122644 122227 121547 122207 122399 120964 121116 121664 122180 122004 122263 121016 121980 122533
115643 115710 116279 115941 116248 115259 116447 116310 116084 116191 116066 116648 115758 115846 117231 116438
111715 112303 113803 111844 112884 112252 112228 111690 112135 112853 111284 113123 112625 112396 113472 113203
109742 111388 111843 110438 110902 110467 111731 110878 110875 110687 109871 110959 110669 110719 111982 112168
109119 109123 110286 109042 108638 108839 109413 109156 108560 110047 109258 110149 109228 109162 111151 109865
106039 107033 107346 106143 106277 106127 106422 106016 106044 106542 106803 107340 106496 106410 107461 106988
104954 105202 107236 105222 105013 105319 105083 105111 105366 105294 104684 105803 105669 104501 105532 105341
123587 123843 125177 123581 123962 123328 124096 122839 123566 123452 123481 124749 124440 122761 123912 124928
116599 117599 118555 117217 117065 117326 116756 116467 116954 116737 116570 117618 117014 116056 117855 117821
112787 112284 114122 112160 112768 112666 114234 111612 113217 112328 113182 112216 113494 112119 112605 113523
107781 108409 109173 108081 108132 108367 108692 107715 108372 108299 108651 108969 108991 107144 108659 109325
107967 108281 109075 107874 107464 107960 107877 107909 108049 107787 106966 109284 108484 106939 108520 108305
104066 105200 106195 105226 103735 104833 105844 105017 104339 105575 105141 106345 105875 103932 105427 105433
110541 110691 111491 110781 109136 110324 109162 108921 110721 109944 108840 111454 111366 108765 110309 110771
119587 120859 121945 120653 119984 120655 121013 119214 120849 121552 119463 120942 121320 119368 121642 121106
99513 99876 100775 100140 98732 99173 99541 99368 99753 99618 99224 99593 100119 98754 99021 100082
75716 75624 77022 76017 75665 75952 76774 75771 76231 75923 75389 76461 76138 75436 76002 76731
72331 73201 73727 73283 72918 73466 72908 73516 73432 73161 72598 74018 73710 72977 74378 74156
88563 88956 89855 88132 88185 89010 88550 88709 88635 89294 88489 89352 89215 88568 89399 88711
106082 106510 107802 106539 106722 107018 106784 107294 106811 106824 107091 107287 107302 106596 107675 106752
101081 101442 103176 101407 101005 101519 102585 102333 100653 101326 100202 101280 102079 101022 101657 101271
113452 113013 114872 114384 114557 112969 114892 113571 114040 113525 113591 114757 114213 114357 114036 114712
116185 117301 119206 117670 115820 117046 117233 117165 116307 117758 116981 117663 118030 116318 118509 118403
113987 113444 115541 113836 114277 114312 114843 113271 114207 115564 113796 114985 114672 114289 115348 114927
107942 107784 109353 108309 109083 108551 109101 107711 108481 109386 107840 108728 109068 109354 109088 108789
104028 103238 105716 104386 104373 104132 104567 103969 104508 104460 104184 105040 104296 105160 104571 104650
102068 101607 103638 102462 101304 103536 102058 101099 101995 102285 101454 103184 101613 101445 102678 102092
99933 100232 101777 100888 100473 102108 101362 100403 100420 101154 100480 101834 100729 100995 101596 100731
110396 110438 112137 111576 110685 110225 111202 110192 110502 109785 109396 111144 110234 110923 111539 110756
