128
485082 676289 0.064484 2017.336296 123
497791 63106 757434 0.072217 1818.533900 123 0
495315 69339 765674 0.073006 1810.162572 123 1
493779 94169 797930 0.076079 1727.192484 123 2
492121 64274 751996 0.071699 1840.601262 123 3
476210 67048 741548 0.070703 1875.805791 123 4
492039 62839 751707 0.071673 1844.170664 123 5
489968 63984 751424 0.071643 1845.132926 123 6
495667 109420 821839 0.078357 1683.291867 123 7
488296 62494 747596 0.071280 1855.391454 123 8
497270 69346 766458 0.073082 1805.526247 123 9
504039 105787 824154 0.078580 1669.818135 123 10
493648 64458 755604 0.072042 1834.057867 123 11
494009 69484 763018 0.072751 1814.964916 123 12
482632 62256 741715 0.070720 1873.541481 123 13
491955 64573 753539 0.071843 1838.681501 123 14
491679 177741 909792 0.086731 1516.438951 123 15
493357 62936 751842 0.071686 1841.424290 123 16
499977 69334 770593 0.073472 1797.159748 123 17
488279 112240 815906 0.077791 1696.148910 123 18
493437 64297 755598 0.072042 1834.848996 123 19
496320 68767 764474 0.072888 1811.114337 123 20
496371 63467 756908 0.072168 1829.912216 123 21
501361 64845 763583 0.072804 1810.880767 123 22
491045 91508 790854 0.075408 1747.001634 123 23
492127 62953 751504 0.071656 1843.777151 123 24
486836 68503 754013 0.071890 1839.229676 123 25
497198 216678 968737 0.092367 1416.991959 123 26
491580 64766 755157 0.072004 1836.966191 123 27
485130 67783 751333 0.071637 1846.410774 123 28
482493 62245 741334 0.070684 1874.144793 123 29
487186 63516 747608 0.071280 1855.472498 123 30
488283 99415 799582 0.076238 1732.036112 123 31
502901 63760 764361 0.072878 1809.165988 123 32
495999 68835 764409 0.072886 1811.634178 123 33
500876 117478 837470 0.079849 1648.311670 123 34
495717 64539 755707 0.072052 1830.557250 123 35
487482 67969 754926 0.071979 1838.024952 123 36
483271 61818 741908 0.070736 1872.073958 123 37
491935 63831 752512 0.071752 1835.874017 123 38
496545 92105 798114 0.076098 1734.287796 123 39
484777 62393 743731 0.070910 1867.109231 123 40
481754 67882 746897 0.071212 1856.913009 123 41
496479 284524 1057911 0.100865 1286.334031 123 42
490256 64554 752033 0.071706 1842.985290 123 43
492833 68844 761207 0.072579 1820.317247 123 44
490570 62961 750228 0.071532 1848.433824 123 45
485585 63324 745340 0.071068 1861.288706 123 46
496733 99960 807649 0.077004 1710.219758 123 47
505503 64532 767621 0.073185 1800.873182 123 48
498673 69413 767951 0.073218 1801.236455 123 49
483938 92934 785213 0.074865 1765.043423 123 50
476146 62824 734116 0.069994 1892.969947 123 51
491926 68271 759644 0.072428 1824.763906 123 52
488078 62504 746853 0.071208 1857.133389 123 53
503127 64754 765698 0.073008 1805.477649 123 54
500197 107056 822577 0.078429 1679.058252 123 55
488274 62407 747614 0.071283 1855.459799 123 56
500958 70454 773072 0.073708 1784.657814 123 57
499979 105843 821666 0.078343 1682.812279 123 58
491749 64837 754338 0.071924 1838.277124 123 59
494191 69216 762676 0.072722 1816.350677 123 60
480569 61093 738628 0.070423 1882.310941 123 61
489317 64418 750767 0.071580 1846.607779 123 62
497590 160337 892646 0.085111 1545.369888 123 63
486712 68308 754675 0.071953 1838.073547 123 64
488438 62182 747936 0.071313 1854.532189 123 65
491853 63960 752373 0.071738 1841.122722 123 66
485198 125385 832459 0.079372 1662.744912 123 67
498986 63606 759915 0.072457 1821.037877 123 68
484904 67263 749661 0.071476 1849.882183 123 69
494178 89948 793115 0.075619 1745.404494 123 70
485500 63323 746452 0.071171 1860.630852 123 71
493878 69055 763176 0.072767 1815.725749 123 72
494728 63250 754792 0.071966 1834.719087 123 73
499646 65434 761995 0.072653 1815.089571 123 74
498258 77131 778408 0.074218 1777.364512 123 75
488714 62341 745781 0.071107 1857.042461 123 76
501202 69397 770392 0.073454 1794.572001 123 77
479458 95542 784407 0.074788 1768.497313 123 78
492864 64483 755807 0.072064 1829.750697 123 79
489863 68234 756978 0.072174 1831.033818 123 80
492638 62538 751399 0.071641 1843.864546 123 81
493121 64592 755934 0.072077 1833.677324 123 82
496976 95910 802597 0.076526 1722.009039 123 83
496726 63360 757656 0.072239 1827.918692 123 84
492850 68605 761251 0.072584 1819.942841 123 85
495139 101834 808978 0.077131 1708.247460 123 86
496755 64806 760323 0.072492 1821.945844 123 87
491602 68876 757525 0.072226 1826.757719 123 88
491656 63301 752356 0.071737 1843.157501 123 89
490571 64315 752933 0.071787 1841.885728 123 90
500197 108154 822758 0.078448 1677.701197 123 91
487126 62603 745552 0.071088 1859.276898 123 92
496013 69469 764241 0.072867 1810.241217 123 93
496012 135395 856670 0.081682 1612.052342 123 94
502327 65850 766055 0.073040 1805.220832 123 95
485973 67925 752359 0.071736 1843.270412 123 96
494431 63184 754879 0.071978 1835.407391 123 97
496197 64469 758666 0.072336 1825.538263 123 98
475499 91524 774052 0.073804 1793.260990 123 99
486113 62181 744552 0.070988 1862.985420 123 100
496964 69362 767294 0.073159 1800.019447 123 101
484909 102392 799138 0.076195 1732.977072 123 102
485912 63120 746242 0.071153 1859.933764 123 103
488433 68083 755630 0.072047 1834.822892 123 104
500448 63816 761641 0.072620 1816.321341 123 105
476982 62763 735114 0.070090 1889.694698 123 106
487705 105720 807357 0.076978 1714.491587 123 107
507118 64809 770391 0.073456 1794.369821 123 108
496136 68996 763317 0.072779 1812.204076 123 109
492608 144404 867335 0.082694 1589.263540 123 110
491782 64067 751959 0.071697 1841.355805 123 111
494432 69320 763636 0.072812 1814.531115 123 112
496301 63143 756391 0.072120 1830.237541 123 113
489122 63673 749564 0.071468 1849.679336 123 114
485737 119152 821940 0.078368 1681.221965 123 115
495445 63354 755936 0.072075 1824.300141 123 116
497711 68515 766661 0.073100 1805.827902 123 117
496915 91287 797539 0.076042 1735.138061 123 118
502629 65120 765174 0.072958 1806.442807 123 119
486349 68624 753689 0.071864 1834.597544 123 120
490984 62660 750120 0.071523 1847.205680 123 121
496118 64712 759416 0.072407 1824.389932 123 122
499439 63787 761170 0.072572 1819.229202 123 124
496130 69048 765109 0.072951 1803.598451 123 125
486024 96572 792053 0.075518 1748.178013 123 126
491620 64045 752258 0.071724 1841.555517 123 127
