14377447
182583 178751 174798 174641 174733 172125 175034 180842 179267 176748 208286 210035 206931 215320 210285 208050 206598 206977 209432 216553 212152 209072 214218 222022 215609 215145 212877 213589 214570 214552 211388 206796 215878 211935 209369 206103 207902 209376 216529 210556 217417 211266 210216 209482 207166 219042 215516 211186 207538 203984 216202 209358 210257 209320 208039 217520 213563 208811 176165 204514 214889 208172 204856 202160 209454 213349 208179 207040 203790 201129
22149 23155 24311 21602 20035 21218 21338 28775
21878 22676 23570 21208 19607 20737 20951 28124
21018 22048 23150 20819 19200 20341 20351 27871
21180 21813 23154 20822 19449 20412 20488 27323
21099 21911 23651 20634 19151 20304 20448 27535
20809 21590 22958 20452 18934 19926 20140 27316
21110 22149 23509 20783 19367 20043 20537 27536
21892 22666 24376 21407 19972 20899 21053 28577
21716 22563 23744 21662 19724 20767 21027 28064
21631 22164 23576 20749 19444 20543 20773 27868
25345 25967 27587 24990 22713 24248 24655 32781
25598 26317 27633 25520 22854 24508 24814 32791
25454 25578 27589 24943 22555 24196 24195 32421
26195 26661 28272 26144 23261 25284 25438 34065
25684 26138 27836 25341 23165 24595 24379 33147
25622 26035 27701 24987 22385 24131 24317 32872
25353 25590 27420 24716 22630 24148 24128 32613
25150 25941 27309 25222 22395 24113 24393 32454
25570 25995 27838 24979 22892 24480 24753 32925
26502 26792 28710 26291 23451 25266 25579 33962
24662 33155 23557 24330 28378 25194 25929 26947
24356 33044 23265 23957 28081 24913 25304 26152
24715 34190 23605 24666 28589 25489 25875 27089
25887 34854 24516 25658 30103 26548 26762 27694
25040 34136 23814 24910 28735 25454 26344 27176
25070 34105 23968 24872 28599 25684 25970 26877
24661 33780 23355 24536 28182 25509 25870 26984
24656 33630 23634 24803 28864 25400 25876 26726
24729 34282 23707 24829 28492 25494 25778 27259
24801 33766 23908 24823 28654 25636 26109 26855
25580 27160 28295 25039 22855 25063 24962 32434
24888 26106 27379 24907 22386 24316 24502 32312
26255 27140 28384 25891 23264 25594 25575 33775
25698 26311 28350 25056 22810 25428 25272 33010
25375 26387 28034 24944 22510 24568 24958 32593
25060 25655 27557 24490 22264 24338 24364 32375
25027 25977 27655 24885 22518 24629 24904 32307
25271 26122 27993 24830 22659 24438 25189 32874
26285 27302 28947 25890 23371 25490 25623 33621
25800 26338 27855 25098 22866 24944 24505 33150
27421 26389 25838 29192 25165 23897 33709 25806
26579 25529 24847 28518 24467 23084 33375 24867
26380 25455 24817 27966 24563 23193 33120 24722
26005 25214 24836 28096 24338 23297 32956 24740
25871 24817 24725 27494 24258 23094 32597 24310
27295 26786 25987 29303 25256 24032 34552 25831
27065 26149 25687 28832 24976 23824 33925 25058
26491 25308 25201 28497 24332 23284 33374 24699
25939 25277 24790 27731 24147 22871 32668 24115
25594 24626 23908 27182 23605 22809 32332 23928
25374 33766 23840 24892 28724 25834 26546 27226
24356 33584 23033 24074 27936 24822 25347 26206
24481 33223 23337 24162 28109 25294 25379 26272
24363 33162 23042 23916 28083 25052 25308 26394
24269 32939 22884 24033 28047 24421 24949 26497
25189 34588 23873 25327 29063 25713 26257 27510
25007 33970 23513 24538 28392 25357 25801 26985
24151 33274 23103 24234 28019 24639 25361 26030
20422 28216 19388 20453 23413 21255 20999 22019
23719 32676 22531 23380 27633 24359 24775 25441
26764 26552 25587 28717 24826 24005 33436 25002
26093 24963 24545 28002 23654 23490 33067 24358
25651 24678 24302 27552 23447 22788 32715 23723
25421 24519 23640 27217 23212 22419 32297 23435
26185 25433 25029 28067 24146 23453 32991 24150
26777 25893 25378 28795 24636 23655 33777 24438
26128 24930 24427 27955 24018 23150 33163 24408
25779 24923 24547 27822 23978 22911 32869 24211
25577 24381 24285 27206 23624 22563 32468 23686
25400 24172 23876 26749 22821 22266 32378 23467
