15215785
225352 230700 230593 236954 236485 239127 238631 241433 240407 242279 238799 236863 234647 236428 236387 233488 234221 233277 229930 231916 225714 225688 232229 210070 230547 238410 213584 223652 212033 206314 219927 217247 210312 225372 218663 214115 225223 210707 206733 209558 224454 224248 222403 225346 204269 204409 208483 198876 199293 203720 192258 195192 180518 189200 182622 191329 193021 193838 208773 206228 214271 211668 214810 213307 213926 218535 208067 201652 198406 188474
20810 21506 22191 20357 19550 20354 20403 25057
21393 22136 22526 21187 19956 20771 20661 25846
21184 21913 22616 20995 20052 20856 20784 26096
22112 22296 23612 21472 20581 21318 21307 26416
21690 22459 23547 21544 20530 21157 21510 26549
22072 22708 23951 21821 20882 21271 21455 26620
21997 22675 23369 21936 20716 21523 21688 26572
22631 22692 23940 21669 20847 21921 21870 27016
22052 22995 23851 21793 20970 21476 22089 27047
22735 22809 24078 22034 21196 21647 21742 27046
23688 24048 25077 23845 22027 22942 23294 28837
23369 23501 24073 22763 21399 22241 22324 27514
22755 23002 24209 22202 21018 22074 22143 27298
22754 23042 24040 22725 21357 22280 22284 27157
22798 23192 23980 22644 21192 22152 22433 27202
22593 22822 23808 22483 21096 21883 22134 26786
22712 22920 23802 22334 20857 21873 22374 26786
22462 22754 23609 22248 21201 21811 21968 26967
22156 22575 23228 22188 20710 21664 21715 26228
22314 22497 23726 22367 20714 21666 21789 26872
22091 26907 21243 21907 23910 22266 22513 23114
21276 26707 20623 21384 23023 21639 21875 22331
21973 26679 21156 21570 23966 22716 22464 22658
19588 24703 19004 19783 21840 19875 19679 20864
21506 26412 20977 21477 23666 21916 22525 22930
22030 27907 21801 22187 24377 22847 22777 23303
19723 25349 19424 19834 21915 20204 20014 21137
20735 26220 20244 20734 22892 20839 21912 21894
19829 24661 19296 19684 21279 20535 20514 20721
19232 23882 18812 19066 21595 19470 19892 19850
22072 22564 23672 21819 20391 21216 21751 26714
20813 21427 22410 20596 20089 21098 20441 24990
20106 20711 21717 20239 18879 19734 20200 24308
21922 22168 23174 21325 20225 20803 22237 25827
21178 21469 22509 20866 19561 21420 20107 25119
20583 21343 21832 20443 19188 20364 20141 24594
21858 22201 23184 21679 19916 21295 21723 25380
20158 20829 21396 20092 18784 20046 20214 24239
19811 20033 21155 19559 18408 19715 19820 23902
19904 20516 21373 20046 18750 19786 19963 24232
23226 22501 22322 23929 22065 21381 26424 22709
22381 21583 21321 23045 20862 19818 26804 21012
22079 21238 21287 22872 20869 20416 25650 21075
21892 21858 21251 23175 21185 21134 26131 20701
20112 19812 19758 20942 19134 18693 23518 19144
20068 19764 19684 21000 18870 18566 23826 19155
20565 19876 19890 21270 19503 19163 24330 19781
19501 19282 18778 20460 18733 18078 23262 18705
19609 19179 19083 20409 18662 18155 23062 18594
19967 19505 19247 20957 19185 18504 23864 19085
19231 23190 18405 18918 20913 19221 19583 19986
18660 23201 17858 18835 20196 18690 18990 19410
17216 21022 16507 16955 18820 17419 17707 17752
17922 22123 17559 17672 19769 18123 18314 18664
17427 21222 16626 17315 19013 17146 17912 18196
17869 22519 17703 17946 19869 18514 18427 18685
18233 22637 17620 18094 20017 18615 18637 19171
18448 22841 17827 18109 20110 18560 18499 19260
19609 24469 19273 19578 21521 19440 20031 21174
19279 24255 18843 19288 21381 19990 20009 20282
21989 21575 21236 23464 21068 20421 25862 21179
20949 20646 20264 22046 19874 19478 25118 20009
21096 20855 20559 22345 20123 19569 25120 20190
21526 20490 20241 21942 20035 19488 24716 20217
21360 20743 20600 22118 20016 19501 25043 20282
21907 20933 20672 22592 20677 19667 25484 20720
20602 20033 19775 21564 19474 19553 24003 19068
20061 19208 19180 21046 18711 18279 23438 19062
19679 19155 18960 20578 18273 17966 23084 18752
18721 18025 18051 19501 17634 17154 21741 18045
