15196880
224915 231868 231346 235696 235292 236533 237711 240976 241985 239929 238633 234679 232609 239192 236388 233062 231075 232836 230374 230458 226121 223870 232289 210188 229505 238822 211536 222370 215352 206722 217901 218653 211284 224608 220739 211034 222875 210941 207415 213956 223761 225007 222746 228089 205824 203126 210296 200886 199441 201724 193456 195049 177801 188122 184383 189324 193180 194416 207681 206607 213876 210760 212185 212741 211896 213982 209728 201068 197097 190767
20893 21202 22540 20626 19389 20133 20355 24911
21542 21929 23031 20990 20116 20989 21111 25841
21376 21863 22919 21227 20235 20710 20599 26067
21878 22188 23008 21398 20537 21081 21620 26482
21555 22288 23235 21327 20238 21078 21387 26544
21653 22612 23209 21777 20564 21136 21289 26650
21990 22443 23529 21886 20701 21366 21496 26564
22322 22882 23897 21868 20926 21581 21681 27015
22534 22712 24005 21782 20937 21883 21910 27033
22261 22657 23652 22009 20878 21668 21503 27050
24051 24227 25258 23730 22032 22462 23325 28763
23111 23177 24118 22429 21414 22246 22097 26854
22483 22795 23785 22271 20945 22062 21790 26749
22931 23439 24597 23025 21469 22252 22555 27409
22919 23007 24306 22631 21481 22105 22270 27224
22620 22995 23643 22383 20852 21900 21905 26828
22329 22670 23557 22087 20487 21889 21600 26551
22539 22948 23554 22276 20848 21798 21983 26715
22244 22675 23210 22054 20741 21658 21578 26446
22486 22451 23450 21970 20619 21746 21811 26252
22031 26780 21417 21997 23883 22280 22502 23110
21146 25967 20441 20784 23257 21652 21691 22130
22000 26747 20926 21415 24084 22589 22492 23055
19553 24717 18968 19742 21621 19986 19833 20843
21470 26143 20684 21466 23823 21959 22486 22489
22146 27933 21637 22103 24448 22608 23191 23436
19616 24941 19312 19781 21553 20162 19950 20914
20728 25888 20394 20508 22799 20652 21673 21848
20076 24987 19633 20096 21510 20446 21010 21143
19448 23668 18786 19296 21670 19551 20151 19716
21728 22342 23070 21665 20104 21364 21709 26354
20900 21680 22577 20847 20032 21393 20474 25111
20533 20850 21623 19946 19306 20099 20209 24067
21659 22430 23068 21390 19981 21137 21887 25847
21102 21860 22638 21061 19709 21130 20638 25389
20379 20804 21459 20258 18736 20005 20153 24022
21552 21816 22880 21264 19894 21059 21492 25355
20388 20647 21494 20105 18702 20101 20368 24265
19808 20439 21029 19890 18591 19739 19984 23837
20681 21323 21825 20519 18878 20198 20342 24364
23078 22699 22393 23997 22005 21130 26277 22620
22506 21679 21646 22985 20897 19991 26813 21101
21967 21397 21404 22862 20930 20410 25776 21078
22334 22281 21591 23420 21620 21134 26531 20931
20136 19949 19614 21192 19604 18957 23630 19137
20059 19461 19342 20698 19151 18536 23684 19152
20477 20430 20012 21564 19875 19076 24536 19778
19845 19375 19418 20641 18467 18238 23366 18736
19710 19157 19039 20436 18425 18060 23236 18584
19728 19506 19287 20681 18973 18338 23326 19050
19136 23360 18426 19126 21153 19467 19736 19969
18721 22960 18089 18397 20345 18448 19034 19458
16844 20619 16356 16738 18494 17101 17386 17744
17935 21866 17328 17638 19694 17903 18441 18649
17441 21563 16979 17487 19160 17502 17705 18210
17987 22162 17276 17948 19547 18342 18263 18676
18201 22533 17494 18057 19916 18646 18741 19153
18170 22885 18075 18152 19692 18744 18906 19283
19739 24247 19122 19570 21537 19273 19909 21179
19428 24192 18673 19466 21234 20082 19938 20416
22005 21580 21358 23108 20844 20450 25701 21175
20897 20556 20226 22019 19689 19467 24850 20005
20979 20719 20247 22066 19777 19591 24788 20065
20946 20622 20082 22110 19930 19494 24639 20347
20988 20422 20104 22041 19752 19589 24745 19911
21145 20651 20341 22224 19689 19581 25095 20314
20715 20152 19913 21798 19478 19593 24659 19104
19896 19237 19094 20778 18732 18466 23403 19064
19362 19093 18684 20446 18495 17938 22862 18784
18785 18539 18298 19694 17850 17348 22243 17995
