1
distcache 73058418 70
707099 834707 930099 975022 1004115 1005577 1008863 1010284 1012577 1009625 911515 1006173 1006116 1004652 1009214 1000190 1006196 1005397 974997 970817 903734 985273 1000719 1001410 993981 998040 1003492 1001209 999327 1006293 909146 1003412 1012860 1032763 1067812 1120907 1114798 1126800 1144279 1134352 1020223 1067439 1116579 1121335 1126509 1121974 1129172 1124710 1132445 1128832 1020195 1116672 1128142 1125461 1120773 1122578 1123885 1115967 1121041 1123105 1006556 1111359 1085004 1049466 1091207 1109492 1112100 1114639 1107534 1109196
45152 45214 45254 44951 43732 45085 45115 45053
53030 52990 52757 53168 53062 53430 52993 53005
59083 59476 59244 59142 59085 58844 59158 59092
61958 62046 61801 62098 62068 61976 61769 61820
63672 63727 63854 63498 63350 63972 64225 63579
64456 64019 63799 63511 63995 63810 63518 63992
64105 64076 64093 63862 64198 64005 63397 64152
63702 63822 64457 64431 64244 64325 64213 64386
64481 64468 64207 64368 64331 64503 64388 64317
63944 64246 64086 64122 64385 64298 64268 64477
65088 63449 63333 63291 64766 63293 64325 63345
64546 65120 64287 64339 64408 64360 64778 64698
63898 64411 64157 64407 64478 64605 64744 64374
63892 64222 64534 64040 64411 64427 64382 64041
64614 64773 64211 64601 64336 64551 64811 64441
63907 64303 63712 63980 64463 64039 64625 63883
64834 64680 64381 64323 64343 64317 64087 64314
64386 64744 64086 64718 64446 64038 64218 64502
62570 62493 62353 62455 62028 62371 62342 62489
62135 62352 62038 62333 62351 62074 62516 62026
63298 63023 62860 62949 63323 63068 63088 62377
64245 63323 63403 63578 64263 63519 63460 63958
64787 64748 64293 64382 64434 64407 64594 64984
65001 64243 64668 64226 64542 64119 65033 64606
63856 63999 64117 63999 64578 63623 64141 64437
64162 64485 64220 64103 64588 64463 64080 64181
64887 64413 64656 64725 64549 64253 64967 64919
64495 64328 64365 64996 64513 64157 64533 64464
64239 64400 64027 64523 64522 64022 64667 64839
65162 64741 64453 65090 64597 64962 65030 64905
65033 64269 65000 65410 64879 64776 65076 65163
65321 65671 65363 65328 64709 64409 65206 65579
65401 66065 66114 65460 65537 65059 66326 65900
66629 67011 67273 67563 66761 66475 68084 67732
69588 69753 69451 69165 68983 68666 69380 69799
73594 72469 72830 73129 72461 72126 73190 72317
72801 72331 72181 73007 72370 71630 72026 72674
73127 73401 73053 73279 73409 72128 73247 73241
74225 74421 74358 74542 73624 74018 74385 74043
73858 74506 73555 73349 73684 72974 74079 73293
72910 73519 72794 72930 72644 71957 73748 73381
69779 69372 69860 69568 70109 69104 69690 69934
72602 72477 73074 73176 72999 72463 72626 73251
73197 73319 72836 73667 73561 72600 73004 73391
73922 73076 73339 73393 73582 72658 73897 73657
73099 72405 73150 73538 73522 72441 73722 73426
73829 73611 73733 74501 73646 72688 73621 73818
73399 73168 73107 73953 73442 73034 73380 73604
74312 73946 73748 74194 73513 72888 74407 74511
74020 74115 73852 74127 73541 72570 74169 73855
73411 73762 73251 73389 73163 72748 73598 73946
73485 73526 73852 74254 73610 72402 73510 73192
73823 73928 73711 74500 73542 73800 74459 74617
73655 73557 73773 74406 73559 72720 74481 74116
72914 73443 73549 74395 73670 73013 73773 73837
73730 73973 73648 74154 73366 72882 74389 74024
74153 73646 73546 74283 73465 72800 74671 73873
73210 73608 72812 73629 73611 72540 73676 73223
73352 73722 73200 74387 73632 72748 73889 73587
73464 74046 73627 74757 73526 73262 74241 73916
72694 72581 72988 73111 72981 71674 72592 72406
73558 73651 73907 74114 73446 73478 73415 73939
70991 71590 71467 71913 71844 71162 71962 71882
68955 69109 69327 70170 69378 69025 69362 69396
71746 71886 71769 72530 72293 71952 72266 72603
72623 73001 73340 74629 73024 73044 73170 73865
72949 73305 73641 74266 73400 73469 73558 74196
73257 74226 73572 74350 73410 72948 73797 73592
72540 73456 73205 73802 73549 72543 73324 73298
72605 73814 73072 74078 73465 73044 73108 73444
