1
distcache 28758756 70
364934 356991 351824 347749 347955 343911 350583 361552 357480 352690 417967 417810 413263 432275 422061 416888 414549 413217 419110 433004 423145 417980 429034 442371 431206 431385 427461 426416 431973 427412 421247 412761 434168 424558 416311 415438 413656 421792 431075 422255 433084 425045 420216 417382 413502 437151 430575 423198 417268 407504 431500 418443 419553 417038 415441 434228 426292 417763 354974 411043 428129 416428 409712 405760 417037 425500 416338 416980 407186 406552
44380 46069 48948 43341 39924 42313 42820 57139
43540 44858 47560 42157 39311 41382 41928 56255
42629 44237 46735 41905 38665 41050 40873 55730
42258 43445 46313 41310 38742 40546 40462 54673
42047 43311 46628 41136 38345 40295 41103 55090
41497 43118 45835 40683 37796 39864 40465 54653
42148 44077 47106 41603 38773 40543 41232 55101
43599 45469 48423 43157 39849 41773 42126 57156
43256 44734 47661 42999 39366 41304 42051 56109
42964 44270 47054 41512 38806 41037 41292 55755
50999 52038 55473 50266 45465 48839 49253 65634
51139 51932 55239 50774 45242 48791 49103 65590
50606 51161 54943 50094 45030 48270 48291 64868
52873 53656 57039 52285 46915 50501 50926 68080
51873 52640 55952 50695 46081 49379 49147 66294
51132 52000 55415 50099 45166 48548 48799 65729
50409 51546 55049 50022 45318 48494 48494 65217
50365 51509 55041 49971 44983 47873 48575 64900
51263 52345 55565 50210 45463 48968 49405 65891
53088 53725 57401 52423 47026 50460 50982 67899
49398 66340 47006 48412 56341 50398 51392 53858
48560 66145 46308 47982 56132 49741 50669 52443
49525 68462 47399 49257 57330 51157 52010 53894
51523 69740 48764 50926 59564 53038 53454 55362
50233 68269 47749 49788 57404 51267 52217 54279
50216 68230 47909 49454 57539 51527 52306 54204
49691 67568 47026 49397 57178 50897 51883 53821
49250 67294 47091 49269 57587 50597 51679 53649
49837 68533 47824 50060 57400 51424 52457 54438
49382 67519 47455 49349 57154 50990 51996 53567
50867 53845 55945 50279 45334 49909 50107 64961
49823 51797 54868 49380 44378 48596 49301 64618
52680 54514 57702 52162 46808 51250 51486 67566
51564 53011 56757 50509 45448 50636 50608 66025
50060 52388 55413 49769 44700 49235 49562 65184
50424 51910 55501 49451 44810 49153 49460 64729
49943 51854 54731 49170 44917 49095 49322 64624
51245 52823 56319 49934 45813 49604 50297 65757
52365 54434 57435 51443 46315 50650 51163 67270
51575 52795 55923 50525 45719 49801 49610 66307
54258 52580 51241 58203 50258 47599 67468 51477
53354 51334 50141 57006 49500 46951 66763 49996
52712 50883 49712 56140 48949 46472 66270 49078
51759 50587 49550 56086 48222 45999 65936 49243
51823 49840 49134 55137 48046 45886 65223 48413
54533 53107 51763 58195 50954 48002 69194 51403
54269 52148 51333 57732 49904 47490 67870 49829
52982 51211 50259 57010 48966 46675 66731 49364
52250 50445 49715 55842 48745 46097 65463 48711
50959 49604 47794 54061 47293 45371 64688 47734
50354 67658 47382 49641 57712 51402 52992 54359
48466 67181 46307 47936 55999 49714 50529 52311
48986 66509 46613 48194 55712 50204 50670 52665
48294 66338 46124 47845 55797 49830 50150 52660
48512 65899 45921 48100 55827 48864 49849 52469
50371 69178 47833 50084 58134 51443 52344 54841
49517 68000 47038 48946 56753 50442 51725 53871
48484 66542 46255 48246 55775 49499 50640 52322
41182 56478 39266 41147 47570 42508 42534 44289
47617 65330 45311 47350 55266 49040 49898 51231
53369 52868 50797 57403 49361 47808 66889 49634
52563 50271 49154 55699 47495 46599 66162 48485
51275 49362 48512 54987 46904 45695 65398 47579
51042 48994 47709 54680 46492 45085 64620 47138
52430 50637 49602 55619 48038 46495 66066 48150
53161 51789 50560 57123 48963 47346 67603 48955
52189 50307 48634 56076 47875 46230 66344 48683
52174 50379 49308 56020 47839 46748 65719 48793
51122 48893 48286 54531 46937 45347 64928 47142
51095 49080 48066 54303 46420 45257 65178 47153
