128
830166 830166 0.079152 1541.715329 123
810023 81990 892013 0.085052 1434.736085 123 0
815297 93469 908766 0.086649 1408.296021 123 1
816891 137382 954273 0.090988 1341.107027 123 2
823422 86173 909595 0.086729 1407.023855 123 3
811435 92843 904278 0.086221 1415.284220 123 4
815804 82763 898567 0.085675 1424.341184 123 5
821918 85815 907733 0.086546 1409.993177 123 6
824052 165199 989251 0.094319 1293.726393 123 7
819247 83120 902367 0.086039 1418.293859 123 8
822731 94083 916814 0.087416 1395.959934 123 9
813803 153879 967682 0.092267 1322.522243 123 10
805807 84510 890317 0.084888 1437.506924 123 11
812669 93561 906230 0.086405 1412.269821 123 12
797219 81187 878406 0.083751 1457.041639 123 13
817374 85822 903197 0.086114 1417.026783 123 14
818259 285323 1103582 0.105224 1159.650995 123 15
805572 81917 887489 0.084616 1442.127500 123 16
814935 92588 907523 0.086530 1410.222436 123 17
805419 168396 973815 0.092850 1314.229377 123 18
831767 86789 918556 0.087582 1393.301460 123 19
828026 93927 921953 0.087906 1388.191985 123 20
797030 81301 878331 0.083745 1457.145675 123 21
798918 83407 882325 0.084130 1450.433659 123 22
824755 135352 960107 0.091542 1332.998565 123 23
808482 82291 890774 0.084932 1436.746550 123 24
822855 94861 917716 0.087503 1394.527560 123 25
810714 345141 1155855 0.110212 1107.150407 123 26
806565 84683 891249 0.084977 1436.037388 123 27
810177 92545 902722 0.086070 1417.796072 123 28
819199 83548 902747 0.086076 1417.676677 123 29
813760 84860 898622 0.085681 1424.221878 123 30
815839 148698 964538 0.091963 1326.892704 123 31
812554 82524 895078 0.085344 1429.820288 123 32
780434 88931 869365 0.082895 1472.079974 123 33
802336 173529 975865 0.093045 1311.493018 123 34
809497 84676 894173 0.085257 1431.316424 123 35
825083 93632 918715 0.087594 1393.087355 123 36
804097 81512 885609 0.084442 1445.107649 123 37
830032 86169 916201 0.087357 1396.912687 123 38
825922 134884 960806 0.091608 1332.041177 123 39
817734 83669 901403 0.085948 1419.815663 123 40
810652 93727 904379 0.086231 1415.104804 123 41
799339 454021 1253360 0.119505 1020.472855 123 42
808186 85113 893299 0.085172 1432.732327 123 43
787578 90275 877853 0.083702 1457.897669 123 44
806463 82266 888729 0.084736 1440.133641 123 45
822373 85765 908138 0.086590 1409.239290 123 46
816769 147806 964575 0.091969 1326.814222 123 47
786646 80229 866875 0.082652 1476.436637 123 48
785057 89547 874604 0.083391 1463.308811 123 49
801365 135605 936970 0.089340 1365.873176 123 50
822966 86134 909100 0.086684 1407.742816 123 51
804549 91430 895979 0.085426 1428.494175 123 52
814959 82723 897682 0.085588 1425.763805 123 53
815577 84729 900306 0.085843 1421.530867 123 54
813187 158240 971427 0.092621 1317.489791 123 55
792019 80603 872622 0.083204 1466.607119 123 56
807031 93199 900230 0.085837 1421.607847 123 57
816836 156421 973257 0.092797 1314.981720 123 58
814392 85836 900228 0.085834 1421.656734 123 59
808955 93088 902043 0.086011 1418.760855 123 60
807900 81328 889228 0.084786 1439.280582 123 61
810231 85151 895382 0.085372 1429.352200 123 62
820732 251615 1072347 0.102240 1193.492637 123 63
830790 95095 925885 0.088284 1382.209379 123 64
811611 82307 893918 0.085233 1431.682332 123 65
816641 84921 901562 0.085960 1419.520280 123 66
815727 194650 1010377 0.096333 1266.689396 123 67
811555 82367 893922 0.085234 1431.663460 123 68
801965 90979 892944 0.085141 1433.263110 123 69
820065 131239 951304 0.090705 1345.308279 123 70
805772 83853 889625 0.084823 1438.618060 123 71
814922 93497 908419 0.086613 1408.889701 123 72
813250 82761 896011 0.085431 1428.372643 123 73
815889 85847 901736 0.085978 1419.266628 123 74
795879 104412 900291 0.085841 1421.563603 123 75
822187 83555 905742 0.086360 1413.008579 123 76
812787 92881 905668 0.086354 1413.104895 123 77
814977 144009 958986 0.091441 1334.504985 123 78
812951 85182 898133 0.085631 1425.059519 123 79
812846 92726 905572 0.086341 1413.262996 123 80
790347 80223 870571 0.083007 1470.087797 123 81
791988 83031 875020 0.083431 1462.651514 123 82
800606 137703 938309 0.089465 1363.963282 123 83
803337 81612 884949 0.084377 1446.255136 123 84
795254 90658 885912 0.084469 1444.646603 123 85
817691 151493 969184 0.092409 1320.477671 123 86
822196 85734 907930 0.086570 1409.566480 123 87
814851 94015 908866 0.086660 1408.102410 123 88
828066 84768 912834 0.087038 1402.004454 123 89
816353 85880 902233 0.086025 1418.513450 123 90
817503 161335 978838 0.093330 1307.465477 123 91
812097 82873 894970 0.085335 1429.986408 123 92
798892 91877 890770 0.084935 1436.708811 123 93
813407 207952 1021359 0.097384 1253.052717 123 94
820862 86487 907349 0.086512 1410.541142 123 95
814959 93122 908081 0.086584 1409.339658 123 96
798176 80973 879149 0.083825 1455.708794 123 97
818988 85468 904456 0.086236 1415.057361 123 98
813074 138509 951583 0.090728 1344.951338 123 99
759432 77204 836636 0.079768 1529.786730 123 100
817135 93107 910242 0.086788 1406.033569 123 101
824338 156709 981047 0.093541 1304.508978 123 102
800126 83425 883551 0.084241 1448.523113 123 103
814164 93049 907213 0.086498 1410.750857 123 104
807956 82222 890178 0.084877 1437.677754 123 105
816530 85775 902305 0.086033 1418.384363 123 106
804293 157476 961769 0.091698 1330.719427 123 107
814785 83387 898172 0.085640 1424.897257 123 108
790841 90340 881181 0.084019 1452.388448 123 109
815230 225403 1040633 0.099220 1229.825441 123 110
810384 85080 895464 0.085381 1429.188022 123 111
814264 93420 907684 0.086544 1409.992424 123 112
821234 83139 904373 0.086228 1415.162163 123 113
798750 83450 882200 0.084115 1450.741062 123 114
812958 184263 997221 0.095081 1283.364604 123 115
802943 81745 884688 0.084351 1446.660725 123 116
820304 92588 912892 0.087041 1401.943895 123 117
826340 133770 960110 0.091544 1332.969721 123 118
829412 86704 916116 0.087348 1396.998513 123 119
795451 91723 887175 0.084588 1442.588213 123 120
819901 83328 903229 0.086122 1416.915784 123 121
807746 84813 892559 0.085104 1433.841116 123 122
800528 81389 881917 0.084086 1451.235735 123 124
821322 93795 915117 0.087252 1398.548056 123 125
810514 144261 954775 0.091034 1340.459248 123 126
810199 85005 895204 0.085356 1429.637501 123 127
