36244361
598134 520656 508256 507563 496690 517054 543951 517108 511330 507503 445660 522656 541072 525294 518541 510511 500176 543551 530227 520806 461914 496517 509768 551363 530733 519693 505591 502940 524209 534535 472111 498661 509748 507645 544038 541160 521814 513596 510494 505771 513908 517229 527126 520337 509607 513464 552930 534551 522731 514502 456693 521361 533787 525788 514799 507951 506691 545744 530068 520568 474263 498394 503239 557465 532716 524026 517570 510143 540849 546506
38063 37450 38351 38126 38100 38176 38206 38003
33100 33086 32849 32971 32897 32810 33252 33314
32238 32548 32237 32471 32436 32420 32135 32259
32292 32090 32121 32076 31994 32152 32117 32073
31700 31703 31736 31542 31664 31613 31426 31429
32757 32935 32905 32570 32890 33010 32562 32645
34510 34388 34761 34686 34737 34364 34478 34710
32898 33229 32737 32848 32604 32963 32693 33066
32346 32528 32402 32365 32457 32836 32493 32383
32303 32282 32209 32051 32334 32150 32413 32402
31425 31505 31385 31281 31174 31354 31361 31840
33483 33731 33530 33489 33825 33561 33970 33761
34260 34294 34658 34403 34254 34267 34546 34351
33262 33480 33235 33556 33334 33525 33452 33535
32903 33175 32806 32859 33275 33079 33036 32883
32604 32696 32294 32537 32256 32260 32327 32546
31834 32107 31846 31737 31846 32144 31831 31688
34671 34775 34711 34637 34434 34306 34593 34521
33594 33995 33620 33658 34008 33716 33863 33205
32924 33220 32958 33163 33448 33063 32890 33235
32115 32298 32035 32057 32190 32190 31815 32240
32398 32268 32372 32079 32382 32033 32316 32507
32373 32419 32489 32280 32457 32295 32290 32310
35318 34752 35062 34994 35011 35264 35092 34976
33556 33520 33738 33862 34007 33747 33429 33730
33025 32909 32744 33017 32696 33318 33116 32946
31922 32473 31931 32495 32139 32156 32009 32260
32125 31980 31863 32180 31938 32284 32105 31985
33297 33270 33406 33185 33125 33493 33491 33230
33836 34186 34250 33847 34036 33776 33875 34224
32505 33089 32409 32558 32421 32561 32764 32551
32172 32621 32599 32844 32476 32252 32275 32648
32645 32490 32290 32480 32366 32313 32494 32559
32591 32556 31988 31973 31902 32240 32173 32323
34839 34266 34536 34479 34723 34550 34447 34667
34357 34333 34538 34060 34878 34087 34387 34439
33228 33084 33168 33683 33324 33069 33092 33213
32529 32830 32506 32617 32763 33031 32859 32738
32351 32410 32559 32358 32586 32410 32317 32084
32421 32093 32268 32115 31918 32224 32188 32229
35270 35454 35217 34821 35069 34901 34968 35114
33863 33592 33297 33868 33425 33887 33431 33512
33548 33447 33503 32826 33639 33830 33402 33531
33199 33045 32816 32948 33267 33472 33192 33103
32154 32625 32197 32212 32603 32498 32373 32483
32695 32473 32906 32538 32683 32634 32360 32382
35418 34789 35076 35314 35152 35193 34834 35105
34041 33751 33932 34131 34062 33780 34352 33815
33273 33166 33510 32927 33002 32996 33659 33179
32814 32687 32815 32875 32813 32242 32783 32584
31566 31961 31423 31468 31471 31662 31144 31469
33814 33773 33897 34067 33654 34208 33998 34041
33875 33885 33815 33863 33903 33983 34221 33768
33287 33244 33375 33448 33711 33239 33377 33042
32746 32702 32738 32461 32557 32641 32607 32865
32262 32275 32289 32281 32121 32322 32476 32400
32161 32159 32107 32311 32472 32350 32644 31781
34877 35062 34723 34685 34773 34481 34600 34384
33881 33687 33558 33772 33513 33686 33751 33356
33034 33055 33129 33034 33341 33096 33090 33075
32691 32936 32577 32333 32422 32545 32366 32664
32381 31989 32796 32214 32207 32219 32087 32014
32051 31965 32106 31949 31788 32160 31886 31969
35644 35071 35693 35282 35180 35467 35217 35479
33796 33736 33692 33794 33855 33911 33523 33626
33308 33158 33411 33409 33461 33348 33182 33245
33043 32844 32839 33016 32699 32872 32580 33184
32321 32618 32922 32521 32445 32307 32325 32514
34334 34437 34303 34498 34380 34480 34588 34227
34646 34717 34731 35180 34845 34648 34401 34902
