1
distfarreach 63114920 70
981353 841293 885681 865604 877707 906289 901330 873271 905133 935713 854672 921322 908346 921641 923596 928516 935643 933911 902614 901771 841895 912996 935572 934211 943341 945732 942009 930343 909840 900871 820744 890915 900093 880799 921858 923239 944589 943952 963610 962445 863133 929123 934702 926786 925372 910654 915610 917659 916871 916987 831359 905225 910356 900001 890238 848949 889624 890533 885998 885633 805786 846946 862818 863582 870432 872981 851662 850130 844154 996037
62741 63307 62953 62769 62714 63251 63154 63236
53535 53261 53489 53579 53479 53777 53439 53321
56233 56792 56376 56006 56239 55933 56184 56349
55351 54948 54861 54749 55103 55325 55146 54758
55896 55806 55567 55435 55493 55648 55916 55538
57524 57795 57834 57664 57695 57691 57153 57778
57578 56930 57084 57032 57259 57242 56658 57544
55215 55446 55972 55256 55625 55228 55564 55509
57496 57569 57558 57595 57347 57709 57610 57398
59562 59324 59295 59165 59588 59552 59671 59573
60421 60956 60984 60826 60110 60503 60516 60703
58466 59576 59031 58856 59014 58705 58851 59497
57790 57722 57549 57793 57894 57817 57590 57719
58138 58692 58566 58632 58762 58693 58620 58598
58564 58621 58945 58337 58663 58811 58762 58636
59442 58923 58826 59275 58794 59277 59322 58822
59105 59899 59385 59505 59586 59163 60002 59603
59801 59458 59485 59455 59603 59290 59002 59700
57560 57652 56880 57680 57187 57305 57307 57305
57165 57399 57168 57841 57651 57593 56998 57405
59963 59781 59601 59388 59503 59789 59681 59946
58754 58762 58691 59007 58809 58609 58786 58070
59192 59831 59099 59390 59874 59482 59317 59855
60002 59446 58910 59807 59594 59470 59405 59267
60293 59834 60094 59819 60095 60084 59919 59942
60261 59947 60297 59983 60448 59800 60442 60306
59468 60044 60117 60007 59853 59960 59692 59772
59145 59275 59232 58692 59575 59261 58907 59057
57550 57663 57960 57722 58006 58177 57910 57517
57430 57527 57173 57476 57031 57275 57286 57330
58324 58040 58457 58608 58352 58058 58093 58603
57635 57438 57049 57773 57307 57739 57483 57711
57545 57290 57031 57573 57194 57114 57244 57454
55214 56004 56106 56685 55662 55939 56046 56074
58919 58908 58515 58130 58717 58394 58883 58581
58386 58846 58763 58823 58382 58657 58707 58887
60131 60165 59847 60120 60261 60158 59981 60687
60239 60205 59721 60275 59857 60094 60040 59841
61775 61021 61044 61431 61210 61138 61006 61255
61334 60866 61269 61271 61424 60976 61348 61204
60855 60191 60883 60915 61079 60403 60265 60820
60082 61031 59960 59966 60364 60466 60110 60214
59581 59729 59171 59641 59393 59451 59304 58990
58952 59290 58978 58772 58654 58820 58795 58639
58938 58633 59081 58459 58517 58518 58672 58997
57721 57530 57630 58120 57970 58312 57661 57682
58141 58209 58332 58009 57979 58144 58049 58175
58619 58170 58172 58225 58618 58473 57991 58560
58513 58087 58222 58037 58347 58440 58098 58176
58233 57793 58350 58040 58605 58543 58546 58458
58261 57811 58318 57620 58413 58220 57942 58275
59360 58456 59169 59036 58989 59515 58611 59047
57744 58080 58157 58165 58128 57804 57698 57673
57096 57176 57349 56925 56926 57270 57503 57232
56618 56727 56272 56960 56631 56417 56640 56646
54278 54184 54322 53896 53638 53963 54021 53890
56763 56796 56482 56750 56600 55977 56133 56791
56449 56444 56622 56502 56616 56827 56600 56497
56510 56328 56772 56463 56365 56616 55849 56272
56781 56170 56185 56159 56190 56457 56747 56314
56041 56124 56019 56575 56394 56080 56564 56158
55394 55473 55437 55066 55392 55229 55433 55423
55181 54648 54660 54840 54724 54843 54831 54888
54783 55102 54700 55134 54855 55438 54806 54767
55366 55634 54959 55678 55451 55220 55817 55156
55694 55421 55891 54520 55992 55320 55866 55560
54212 54201 54280 54521 54372 54139 54100 53787
53928 54442 53874 53742 54207 53987 53912 53751
53570 53831 53464 53433 53445 53526 53773 53657
63297 63526 63485 63480 63394 63280 62986 63169
