1
distfarreach 72660373 70
1310276 1033969 1016648 1008279 993257 1052799 1078252 1034241 1018361 1006840 880270 1064068 1073836 1047343 1032148 1020043 1009604 1086612 1056308 1037718 913293 996620 1038151 1085386 1050675 1030640 1013425 1005794 1058851 1062876 932920 1008123 1017466 1014684 1095738 1066781 1043251 1022971 1016089 1035186 1007977 1039462 1050294 1040016 1004985 1048846 1095237 1059821 1039564 1011886 921647 1055689 1063048 1044734 1022239 1011081 1023927 1089274 1052015 1029689 944704 983314 1037425 1102270 1054434 1044358 1030390 1018006 1094789 1268019
83465 82675 83313 83322 83128 83750 83362 83263
65711 65783 65750 65755 65502 65417 65944 65941
64711 64835 64513 64755 64722 64720 64344 64517
64109 64191 63920 63718 63687 64119 64241 63599
63110 63198 63160 63048 63321 63059 62735 63278
67083 66754 67034 66379 66774 67124 66405 67012
68168 68152 68817 68809 68700 68406 68441 68593
65681 65971 65568 65434 65756 65747 65948 65834
64507 64828 64841 64840 64708 64929 64682 64803
64332 64321 64028 63960 64012 64134 64126 64143
62458 62906 62634 62457 61951 62179 62338 63420
67661 68460 68122 67998 68541 68112 68364 68033
68066 68366 68418 68209 68214 68225 68188 68165
66431 66562 66371 66557 66663 66754 67037 66549
65699 65850 65618 65535 65878 65588 65919 65575
65344 65135 64607 65079 64719 64492 64239 65136
64083 64821 63951 63932 64211 64549 64158 64375
69080 69130 69266 69322 68917 68940 69147 69234
67275 67263 67068 67195 67273 67110 67493 66581
65990 66045 65886 66131 66448 65972 65687 66116
64324 64291 64129 64043 64221 64328 63906 64373
64455 64321 64135 64101 64647 64002 64172 64384
65890 65847 65906 65903 66101 65763 65902 66172
69148 68999 69278 68940 69227 69222 69017 68634
66462 66826 66865 66899 67124 66738 66485 66695
65530 65584 65224 65794 65292 65972 65741 65216
64318 64535 63880 65062 64363 64209 64121 64882
64229 63822 63739 63971 63941 63985 64193 64107
67590 67388 67197 67375 67101 67330 67253 67346
67372 67648 67869 67714 67768 67170 67402 67887
64715 65695 65002 65131 64745 65397 65537 65069
64404 65177 65193 65139 64960 65048 64982 65238
65152 64827 64764 64715 64671 64528 64661 64967
64821 65005 64172 64257 64040 64415 64410 64404
70288 69321 69468 69479 69833 69898 69375 69557
67595 67921 68078 67892 68159 67559 67654 67976
66603 66143 66259 66914 66376 66070 66110 66565
65230 65374 64861 65013 64717 65690 65223 65071
64322 64642 64560 64329 64566 64357 64555 64246
65732 65491 66102 65659 65538 65869 65753 65790
69861 69834 69651 69423 69351 69103 69148 69168
67126 67153 66820 67170 66999 67603 66579 67027
66643 66589 66947 66149 66993 66831 66681 66783
66401 65797 66012 65905 66055 66463 66299 66275
63452 64010 63632 63567 64128 64030 63707 64088
66828 66524 66842 67111 67013 66600 66212 66417
70087 69061 69529 69986 69658 69483 69177 70110
67384 67210 67035 68230 67200 67146 67749 67204
66236 66055 66557 65703 65925 66110 66418 65907
64455 64525 64493 64323 64535 63751 64437 64113
64099 64450 63433 63975 63855 64047 63421 64087
68161 68158 68383 68361 67794 68928 68243 68365
67554 67387 67406 67326 67648 67728 67532 67578
66318 66263 66035 66481 66672 66330 66317 66118
64964 65099 64910 64809 64829 64972 64977 65112
64280 64471 64271 64116 64133 64372 64703 64474
64930 65365 64789 64958 65317 65266 65738 64718
69694 69403 68962 69261 69492 68942 69289 68942
67178 67062 66780 66691 66878 66779 66822 66554
65161 66032 65037 65371 65665 65559 65532 65355
65176 65425 65467 64866 65142 64893 64918 65039
63320 63028 64132 63727 63316 63385 62928 63373
66033 66191 66004 65735 65687 66011 65868 65780
69851 69370 70408 69966 69808 69905 69974 70252
66903 67192 66731 67089 66936 67008 66949 66852
66385 66145 66510 66486 66068 66968 66073 66507
65564 65452 65762 65862 65394 65329 65063 65643
64616 65134 65131 65143 64884 64553 64736 64652
69467 69789 69439 69919 69667 69752 69988 69312
80450 80678 80366 80819 80978 80619 80096 80725
