1
FarReach 77315148 70
1232381 1147359 1111114 1086126 1087038 1183442 1166948 1126966 1109856 1087479 1065395 1171138 1132541 1105360 1086356 1120034 1173704 1135306 1095906 1096838 972705 1180930 1139837 1117612 1097262 1088455 1172746 1143919 1120732 1084657 919847 1094227 1165756 1124379 1105460 1051017 1108591 1182693 1110040 1098263 958396 1041477 1162264 1129513 1105847 1088662 1082130 1145138 1135198 1108908 962750 1049059 1116376 1153255 1119934 1101716 1068693 1008207 1174855 1108195 933810 1037758 1060850 1143977 1136209 1110638 1086588 1078571 1148927 1154491
77812 78466 78401 78363 78093 78835 78415 78456
72751 73184 72878 72954 72716 72588 73032 72834
70456 70744 70512 70740 70918 70886 70316 70418
69258 68894 68844 68775 68744 68970 69235 68949
69175 69391 69176 68456 68934 69239 68775 69300
75310 74966 75650 75345 75414 74838 74585 75180
73770 74052 74050 74042 73997 74493 74412 74084
71795 71591 71628 71545 71808 71564 71565 71779
70496 71263 70473 70814 70501 70787 70513 70741
69785 69415 69464 69508 69170 69390 69338 69722
73717 73315 72838 72391 73477 73129 73491 73404
74649 75017 75290 74900 75094 75156 75108 74917
72454 72612 72025 72245 72478 72222 72743 72250
70592 70916 70644 70875 70977 70398 70731 70795
69625 69780 69306 69698 69169 69233 69251 69643
71657 71730 71431 71631 71809 71668 71649 71797
75218 75503 74836 75475 74849 75079 74780 74600
72418 72601 72684 72012 73041 72458 72659 72631
69998 70348 69933 70139 70333 70068 69785 69946
70651 70636 70392 70283 70497 70320 70557 70607
68397 67476 67494 67928 68271 67600 68082 68091
75705 75822 76525 76177 76562 76087 75985 76480
73005 73573 73037 73029 73616 73206 72907 73223
71888 71800 71412 71741 71807 72114 72387 71246
70371 70559 70070 70945 70288 70326 70225 70796
70078 69582 69658 70070 69658 69834 70214 70135
75683 74875 75104 75680 74917 75439 75337 75469
73079 74158 73579 73358 73451 73107 73540 73689
71591 72472 72498 71546 71897 72016 72249 72264
70151 69894 69335 70057 69814 69733 70065 70355
65030 64868 64601 65541 64394 64395 64571 65122
71024 70386 70600 71260 70540 70964 70408 70528
75430 74854 74914 75222 75219 75238 75365 75016
72846 72826 72907 72499 72523 72233 72490 72904
71467 71409 71042 71158 71097 71548 71354 71336
68001 68056 67403 67616 67628 67545 67696 67391
71041 71328 71911 71392 71234 71539 71730 71593
76500 75934 76250 75684 75914 76495 76137 76267
71488 71468 71538 71314 71672 71763 70860 71341
71599 71020 71110 70876 71320 71192 71137 71404
68206 67071 66848 67611 68086 67490 68021 67901
67975 67063 68324 67682 68050 68362 67788 68053
75266 75367 75332 75871 75247 75626 74854 75471
73112 72741 73033 73525 73248 72961 73421 72952
71795 71759 71238 71572 71155 71557 71813 71853
70738 70569 70962 70698 70356 70721 70390 70258
70306 69952 69917 69787 70224 69517 70368 70071
74466 74302 74180 74273 73811 74570 73540 74543
73506 73144 73422 73680 73794 73503 73586 73400
72193 71920 71773 72059 71751 72373 72293 71815
68971 68549 68384 68866 68954 69358 68585 68644
67987 68571 67928 68656 67795 68563 69190 68400
72779 73003 72352 72612 73121 73170 72783 72637
75381 74776 74438 75202 75128 74868 75113 74685
72660 72916 72715 72667 72957 72817 72793 72269
72057 71717 71458 71400 71545 71708 71311 71510
69435 69621 69456 69361 69235 69248 69218 69298
65614 65593 65406 65453 65366 65955 65579 65513
76546 76735 76314 76502 75835 76267 76044 76094
72135 72106 72463 72682 71787 72485 72426 72307
67387 66836 67380 67613 67375 67213 67057 67266
67820 67897 68555 68336 67758 68836 67448 67994
69406 69067 69328 69756 68941 69230 68469 69416
74496 74849 74525 75148 74504 74519 74693 74310
74228 74107 73857 74100 74306 74151 73933 74130
71793 73037 72227 72123 72671 72340 72420 72240
70977 71018 71007 71054 71141 70612 70166 70734
70198 70314 69818 70649 70445 70469 70059 70094
74880 74712 74648 74477 74714 75150 74996 75146
75647 75356 75186 74886 75316 75432 74640 75270
