1
FarReaech 27926754 539
480974 784332 959422 1147255 1160639 1070440 1155385 1145806 1153655 1160712 528967 779141 899531 996134 1061565 1127101 1131152 1133130 1102247 1134154 279545 413446 651415 729370 811389 878112 922242 1002913 1029529 1096491
26283 38075 35538 32346 29836 28441 27545 86938
42825 62147 57910 52318 48991 46554 44955 96687
52593 76055 70379 63449 59785 57069 54669 96276
63315 90449 84437 76432 71592 67991 65429 95362
64083 92133 84691 77633 72482 68828 66648 84713
59185 85609 79170 71425 66992 63571 61101 73843
63976 92022 85149 76888 72273 69007 66627 79170
63830 91467 84102 76374 71250 67851 65682 77366
64487 91865 84831 76877 71853 68475 66150 76840
64218 92957 85740 77514 71983 68950 66605 76907
29211 42522 38858 35374 32962 31582 96780 38511
43174 62214 57440 51480 48605 46475 96653 56478
49755 72188 66038 59510 55982 53830 94200 65115
55469 79884 73421 65887 62308 59821 93400 72507
59074 84518 78082 71026 66300 63115 92056 77023
62895 90576 82946 75029 70233 66666 85453 81695
62623 90692 83513 75281 70827 67356 81378 82130
63101 91219 83318 75437 70346 67516 76268 82462
61960 89529 81185 73020 68772 65484 70389 79741
63556 91775 83552 75201 70595 67364 68084 81817
15623 23328 20385 18476 17455 16522 96507 15335
22931 33471 30388 27512 25762 24427 96947 23004
36572 52471 47626 43293 40856 38843 95998 36031
41045 59540 53456 48539 45686 43084 95068 40632
45658 66435 59499 54178 50319 48407 94973 45205
50028 71617 64472 58618 54512 51949 95085 49057
51914 75225 67855 61030 57726 54915 91166 51284
56517 81403 74067 66364 62858 59682 94025 56277
58269 83848 76341 68694 64256 61211 91242 57269
61660 89499 80619 73271 68254 65101 93557 61370
