1
FarReach 44431909 686
350603 658950 821523 1019513 1183268 1350887 1527880 1557541 1793972 1824485 152946 651252 958297 1119487 1315526 1399836 1496637 2057802 2962460 2764643 504483 737595 869181 1046769 1192994 1437414 1897723 1922084 2523433 3930176
9540 9492 13292 14722 13392 12473 11996 11603 11136 10857 10505 10369 10090 10179 60366 9668
18215 17799 24933 27308 25143 23593 22332 21552 20683 20300 19822 19613 18987 18890 69946 18245
22629 22406 30695 34222 31334 29455 28182 26646 25921 25421 24746 24054 23596 23169 66951 22940
28274 28050 38304 42705 38441 36215 34421 33306 32227 31353 30666 30044 29544 29008 63088 28224
32330 32304 45307 49115 45021 42149 40177 38761 37381 36421 35324 34615 34025 33700 60742 32560
36874 37552 51798 56194 51568 47986 45196 44086 42811 41575 40753 39633 38877 38225 57258 37610
41902 42772 58131 63513 58061 54237 51882 50174 48155 46717 45694 44932 43703 43331 55138 42077
42779 43232 59536 64593 58957 54803 52865 50840 49146 48087 46911 45830 45137 44502 47316 43128
49555 49993 68988 74706 68743 63544 60974 59046 57079 55510 53916 53029 52042 50547 51613 49862
50203 50923 70078 76073 69249 65097 61893 59563 57838 55231 55029 53923 53041 52106 52440 50267
4235 4341 5825 6454 5745 5601 5178 4923 4968 5267 4545 4617 4497 20951 5884 4125
18194 18170 25001 27206 24557 23136 22107 21401 20395 20110 19728 19168 18781 76160 29110 17908
26336 26925 36931 39688 36394 34047 32601 31490 30399 29787 29003 27857 27654 68572 42971 26568
30698 31983 44034 46201 42173 39729 37826 36866 35079 34353 32940 33293 32526 64973 50512 30766
36129 37051 51792 54830 50052 46927 44498 42716 41529 40462 39674 38865 38009 64085 58543 36759
38974 39809 55102 58195 53468 49352 47479 45559 44060 42613 42216 41295 40634 58579 61996 38457
40890 42850 59010 62002 56999 53581 50662 49107 47395 45921 45200 43874 43071 48202 67227 41545
56630 58724 82092 85311 77569 72595 69733 67368 65026 63164 61927 60925 59776 59956 84524 56546
81812 85151 118918 122356 112338 105552 100417 96762 93593 91299 88975 87701 86084 84054 103545 82245
76352 80098 111699 113985 104596 98650 93489 89452 87912 85270 83692 81480 79940 78577 79591 76475
13988 14536 20501 20876 18881 18066 17210 16356 16102 15563 15202 15058 14695 82123 14284 14030
20323 21344 29659 30584 27945 26305 24888 24081 23282 22545 22180 21719 21418 78075 20682 20342
23994 25378 35274 35992 32963 30553 29244 28261 27617 26786 26164 25657 25138 75349 24232 24239
28777 30432 42593 43462 39965 37245 35636 34114 32883 32397 31645 30738 30163 74442 29540 29031
33111 34334 48492 48906 45426 42354 40673 38953 37975 36965 35419 35065 35048 72493 33485 32840
39421 42005 58955 59069 54846 50749 48469 46845 45241 44494 43173 42037 41726 75546 39941 40105
51986 55995 78424 78793 71966 67403 64437 61862 59740 58719 56785 56368 54584 82847 52856 52869
52895 56937 79308 79372 73071 68374 65010 62383 60621 59089 57843 56563 55284 68292 54218 53136
68966 74336 104279 104422 96129 89019 85663 82274 79653 77816 76069 74254 72882 75688 70825 70070
108046 116483 162892 161843 149406 139109 133341 127816 124076 121204 117534 116094 113341 111875 110264 108885
