128
627006 627006 0.059781 2041.372903 123
629137 63765 692902 0.066067 1847.121590 123 0
587780 67542 655322 0.062483 1953.106682 123 1
609276 102185 711461 0.067834 1799.014355 123 2
606812 63574 670386 0.063917 1909.294578 123 3
607454 69555 677009 0.064549 1890.571022 123 4
628466 63705 692171 0.065996 1849.100130 123 5
598084 62465 660549 0.062982 1937.585403 123 6
636702 127335 764037 0.072848 1675.197165 123 7
625064 63385 688450 0.065641 1859.108633 123 8
613783 69936 683719 0.065189 1872.010741 123 9
609068 115150 724218 0.069054 1767.208101 123 10
610848 64069 674917 0.064352 1896.332122 123 11
614626 70953 685579 0.065368 1866.922467 123 12
604137 61633 665770 0.063482 1922.334363 123 13
616209 64602 680811 0.064912 1879.958604 123 14
613599 213775 827374 0.078886 1546.968978 123 15
619439 62815 682254 0.065051 1875.951134 123 16
596138 67528 663666 0.063280 1928.500897 123 17
610137 127493 737630 0.070332 1735.097261 123 18
601898 62543 664441 0.063350 1926.322301 123 19
629094 71465 700559 0.066793 1827.044509 123 20
608324 61837 670161 0.063897 1909.869116 123 21
611756 63759 675515 0.064406 1894.765972 123 22
606461 99724 706185 0.067331 1812.490883 123 23
592988 60181 653169 0.062275 1959.568759 123 24
632409 72719 705128 0.067232 1815.103941 123 25
612405 260726 873131 0.083246 1465.942893 123 26
615437 64875 680312 0.064865 1881.342965 123 27
597968 68332 666300 0.063530 1920.862870 123 28
614567 62830 677397 0.064588 1889.408212 123 29
614171 63907 678078 0.064652 1887.619305 123 30
614218 111861 726079 0.069232 1762.726772 123 31
628808 63702 692510 0.066031 1848.145846 123 32
634084 71971 706055 0.067319 1812.763961 123 33
617705 133548 751253 0.071630 1703.663591 123 34
634977 66196 701173 0.066855 1825.360151 123 35
611802 69524 681326 0.064959 1878.618158 123 36
595855 60336 656191 0.062566 1950.508548 123 37
615149 63746 678895 0.064732 1885.234003 123 38
617586 100446 718032 0.068459 1782.563679 123 39
624464 63929 688393 0.065634 1859.371882 123 40
626964 72361 699325 0.066676 1830.221786 123 41
615467 348834 964301 0.091943 1327.215533 123 42
605757 63636 669393 0.063823 1912.079555 123 43
600029 68672 668701 0.063758 1914.081059 123 44
618821 63023 681844 0.065012 1877.082408 123 45
613983 63826 677809 0.064630 1888.212895 123 46
613791 110931 724722 0.069099 1766.056067 123 47
625290 63770 689060 0.065700 1857.450108 123 48
621645 70854 692499 0.066028 1848.213916 123 49
640644 108241 748885 0.071402 1709.086015 123 50
614071 64177 678248 0.064671 1887.030332 123 51
609379 69187 678566 0.064701 1886.125057 123 52
616278 62531 678809 0.064722 1885.506267 123 53
622283 64662 686945 0.065496 1863.290247 123 54
616664 119894 736558 0.070228 1737.630533 123 55
624956 63631 688587 0.065652 1858.833373 123 56
632080 72793 704873 0.067210 1815.727843 123 57
610617 116517 727134 0.069330 1760.156357 123 58
618997 65346 684343 0.065248 1870.295352 123 59
629711 72299 702010 0.066933 1823.219682 123 60
618412 62103 680515 0.064883 1880.891436 123 61
599985 63074 663059 0.063219 1930.385433 123 62
605986 185529 791515 0.075467 1617.029091 123 63
612023 70187 682210 0.065045 1876.146749 123 64
618420 62607 681027 0.064933 1879.380172 123 65
617233 64092 681325 0.064963 1878.479186 123 66
609518 145427 754945 0.071980 1695.329208 123 67
623909 63268 687177 0.065520 1862.510578 123 68
605698 68567 674265 0.064292 1898.135342 123 69
621628 99412 721040 0.068751 1775.005360 123 70
632871 65747 698618 0.066613 1832.030446 123 71
615976 70386 686362 0.065444 1863.773379 123 72
610192 61993 672185 0.064090 1904.113010 123 73
622099 65272 687371 0.065540 1861.958842 123 74
637291 83505 720796 0.068724 1775.643854 123 75
616431 62568 678999 0.064743 1884.932770 123 76
609727 69413 679140 0.064754 1884.562717 123 77
587994 103800 691794 0.065960 1850.157858 123 78
607250 63414 670664 0.063946 1908.441511 123 79
613510 69850 683360 0.065156 1872.937734 123 80
633934 64303 698237 0.066574 1833.127593 123 81
608535 63755 672291 0.064100 1903.747112 123 82
622135 107025 729161 0.069525 1755.230546 123 83
607169 61596 668765 0.063762 1913.903800 123 84
628345 71500 699846 0.066729 1828.802098 123 85
600412 111205 711618 0.067849 1798.623934 123 86
610043 63438 673481 0.064213 1900.458074 123 87
620506 71397 691903 0.065972 1849.765264 123 88
616924 63024 679948 0.064831 1882.361623 123 89
618049 64778 682827 0.065103 1874.470857 123 90
597877 118028 715905 0.068262 1787.687633 123 91
617098 62896 679994 0.064835 1882.277255 123 92
603328 69317 672645 0.064136 1902.748864 123 93
591196 151078 742274 0.070772 1724.368901 123 94
617768 65195 682963 0.065117 1874.107360 123 95
623533 71088 694621 0.066232 1842.533034 123 96
633710 64315 698025 0.066555 1833.574620 123 97
611597 63789 675386 0.064396 1895.052103 123 98
611104 104190 715294 0.068202 1789.283815 123 99
617123 62700 679823 0.064818 1882.712354 123 100
596064 67902 663966 0.063307 1927.665438 123 101
619885 117748 737633 0.070328 1735.177342 123 102
609891 63134 673025 0.064170 1901.718639 123 103
610321 69642 679963 0.064832 1882.295351 123 104
620761 63085 683846 0.065203 1871.571112 123 105
611375 64197 675572 0.064414 1894.511325 123 106
614404 120391 734795 0.070058 1741.856870 123 107
621545 63637 685182 0.065330 1867.948786 123 108
576163 65888 642051 0.061220 1993.378413 123 109
629266 173306 802572 0.076521 1594.774321 123 110
629989 65940 695929 0.066355 1839.076155 123 111
618235 70576 688811 0.065679 1858.038400 123 112
608657 61648 670305 0.063912 1909.476910 123 113
607824 63364 671188 0.063994 1907.016864 123 114
632901 143030 775931 0.073982 1649.507118 123 115
617458 62853 680311 0.064867 1881.349905 123 116
603523 68082 671605 0.064035 1905.731970 123 117
631555 101960 733515 0.069939 1744.838504 123 118
619018 64525 683543 0.065175 1872.406843 123 119
627812 72352 700164 0.066758 1828.039642 123 120
614858 62409 677268 0.064577 1889.726862 123 121
616951 64511 681462 0.064976 1878.119808 123 122
614328 62316 676644 0.064516 1891.550247 123 124
607349 69181 676530 0.064504 1891.881453 123 125
624281 110591 734872 0.070067 1741.712817 123 126
610578 64072 674650 0.064324 1897.167567 123 127
