1
FarReach 7479388 70
126309 125146 125389 125078 125566 125899 125944 125335 125662 124963 95257 102023 104279 103785 104976 103667 104424 104908 105637 105628 94911 102187 104510 105027 105435 104842 105734 105858 106439 106069 95491 102757 106183 105712 105918 105103 104082 105145 105653 106230 94228 103378 103751 103521 104081 105278 104716 105607 106180 106142 93967 103282 104414 105038 105282 104827 104625 105852 104909 104694 92787 102236 103263 104521 104505 104546 105069 105198 104485 105570
16023 15958 15913 15920
15911 15990 15955 15938
15909 15977 15968 15950
15990 15980 15886 15926
16114 15965 15941 15941
16133 15999 15938 15924
15998 15978 15953 15946
15930 15993 15960 15938
15954 15976 15930 15928
15920 15988 15945 15937
15942 15951 15950 15921
15952 15969 15924 15910
15620 15998 15951 15949
15743 15670 15952 15911
15848 15860 15967 15925
15371 15837 15935 15937
15715 15674 15944 15932
15749 15684 15943 15938
16055 15903 15950 15930
15868 15984 15973 15949
16070 15799 15925 15915
15827 15989 15940 15941
16027 15973 15932 15717
16117 15982 15942 15839
15989 15992 15922 15829
15970 15980 15938 15497
15949 15996 15945 15918
15970 15984 15945 15928
15893 15999 15937 15964
16031 15981 15943 15937
15789 15976 15940 15913
16127 15986 15850 15926
16104 15975 15958 15939
16122 15985 15921 15944
16110 15975 15915 15952
15988 15798 15843 15943
15901 15603 15618 15946
15533 15848 15845 15947
16013 15998 15711 15932
15881 15952 15864 15954
15723 15894 15512 15898
15857 16000 15825 15941
15884 15847 15921 15954
15724 15625 15932 15930
15796 15807 15970 15935
15937 15989 15937 15943
15938 15969 15942 15932
16134 15940 15929 15934
16105 15992 15890 15941
16131 15758 15956 15936
16070 15432 15943 15910
16120 15495 15934 15910
16113 15818 15932 15951
16119 15988 15928 15923
16095 15985 15944 15935
16006 15990 15892 15924
15717 15991 15793 15935
15993 15984 15906 15941
15994 16000 15876 15936
16061 15967 15928 15916
16083 15689 15422 15907
15396 15899 15677 15925
15670 15792 15877 15949
15829 16052 15815 15946
15828 15977 15946 15938
15949 15980 15979 15935
15907 15976 15933 15945
16000 15972 15962 15915
15870 15740 15912 15941
16203 15801 16173 15939
