1
FarReach 207691439 70
3501992 3145437 3016557 3158346 3388778 3139200 3002011 2684411 3007608 2838064 2738602 3161820 3214727 3039223 3002292 2554232 3222302 3089397 2966190 3334996 2812277 2952029 2874887 2510763 3159042 3061905 2938179 3378321 3189884 3023311 2512980 2611191 3059509 2996157 3073077 3359346 3056205 2860973 2620714 2820769 2750020 2817968 2976248 3258014 3057134 2966379 2588249 3014633 3104003 2922390 2962907 3080633 2872558 2802525 2458899 2955650 2925112 2783946 3142990 3172354 2783010 2855732 2425486 3105947 2979799 2890626 3302048 3067604 2812671 2771976
111542 110942 111543 111057 111044 111525 111214 111392 110780 111252 111496 111539 111615 111255 111089 111240
100137 99784 100397 99519 100014 100046 99777 99701 99420 100300 100377 99593 99600 99478 99728 100405
95875 96169 95716 95844 95707 95896 95616 95906 95562 96335 95754 95846 95857 95979 95703 96186
100083 100493 100798 101054 100692 100026 100375 100463 100256 100720 100714 100530 100254 99968 100501 100652
107656 107530 107778 107386 107525 107868 107970 107920 107582 107961 107459 107953 108595 108090 107194 107879
99618 100032 100703 99558 99522 99696 100170 99533 99230 100215 99413 99873 99439 99491 100431 99822
95291 95852 95431 95764 95158 95721 95351 95392 96136 95661 95241 95757 96010 95159 95375 95028
85555 85592 85117 86172 85343 85278 85396 84901 85492 85877 85316 85243 85137 85257 84780 85846
95041 95565 95851 94758 95753 95130 95439 96074 96021 95541 95698 96074 95199 95623 95669 95651
89988 89806 90219 91026 90268 89901 90301 90356 89926 89659 90642 89317 90173 90784 90560 90231
94498 92896 94014 92383 94112 93036 94956 93203 93102 94051 93996 92920 94606 93270 95100 93102
100853 102736 102975 101917 102202 102017 103715 102059 100866 102870 102235 102346 103174 103208 103419 102166
103326 104453 104976 102583 104338 103727 104269 103650 102675 105593 104663 104256 104745 104223 104807 104490
97366 97793 98095 97292 98272 97781 97940 98640 97983 97795 97593 97820 98454 98068 98333 97199
96455 96541 96376 96586 96376 96801 96364 96200 97303 97080 97275 97303 96855 96912 96615 96669
82701 82919 82357 82674 82229 82356 82121 82189 82595 81827 82693 82555 81865 82118 82519 82573
103786 103849 102874 103869 104034 103246 104116 103292 103424 104667 104400 103327 103846 104023 103868 104398
98825 99864 99528 99117 99829 99146 99154 99213 99536 99636 99599 99752 99477 99826 99509 99765
94971 95643 95566 96326 95180 95778 95726 95325 95835 94984 95803 95282 95560 96246 95971 95195
107008 107769 107464 107506 107168 107441 107039 107837 107518 107030 107832 107620 108027 107565 107003 107115
97404 99768 100255 99526 97388 98817 97534 99150 98595 98523 98507 101020 97558 99740 98039 99172
96202 97137 97292 96179 95416 97585 95434 96242 96095 95504 97248 98964 96341 96813 96227 95581
94018 93004 93495 93907 92676 94452 92890 93445 93082 93920 94184 93212 93621 93755 93614 92694
82034 81526 80912 82687 81847 83183 81796 80995 81282 81733 81586 81682 81703 81289 82502 82221
103428 102252 101879 102571 102615 102766 102676 101737 102433 102070 102870 103186 102906 102105 102473 103130
99682 99723 99713 99225 99543 100026 99326 98947 99271 99444 99332 99449 99297 99279 99147 99290
95253 95050 95521 95503 95008 95982 94861 94754 95005 95147 96033 95824 95668 95193 95479 94856
109856 109375 109351 110442 109861 109779 109329 110071 109332 109215 109670 110276 109619 110309 109753 109499
103898 103733 103333 103062 103295 103400 103974 103644 103332 102841 103723 103632 103375 103905 103418 103621
97653 98311 98032 99205 98602 98384 97745 97942 97760 98021 98877 98752 97961 97959 98148 98355
90962 87972 88097 88533 88440 89660 87400 88060 87350 87394 89175 87675 88287 89122 88213 89318
89042 86101 85303 85177 85266 86038 85393 87472 85880 84830 85557 85328 86081 85218 85758 86111
99727 100676 100228 99159 100513 99993 100435 102622 99238 99327 99864 99641 101460 99454 99371 99587
97477 97178 97299 97509 98255 97461 98369 98825 98065 97448 97835 97732 98171 97688 97350 97681
99830 99850 99833 100714 100444 101197 100163 100590 100191 99526 100399 99957 99707 100097 100659 100076
109377 108771 109362 108759 109246 109724 109618 109646 108575 109706 110459 110061 109360 109482 109018 109429
98856 99326 99780 99370 99627 99720 100456 99662 99559 99417 100635 99897 99669 99788 100098 99583
93029 92994 92847 93151 93300 93522 93239 93163 92901 93626 93635 93303 92982 93418 93150 93344
86083 85173 85690 85436 85135 85798 85796 84905 85110 85162 85305 85705 84691 85290 85060 85503
92002 91670 91985 91741 92340 92846 91877 91904 92659 91942 92706 92337 92918 92480 92283 92107
97514 94586 94961 94708 94610 94952 95300 94259 95180 95424 95159 94813 95505 94678 95123 94693
91915 92750 91970 92253 92424 91902 93367 92192 92175 91986 92546 92392 93877 92518 92051 93453
97541 98147 97472 97681 97246 96946 98597 97474 97710 97104 99242 98789 98074 97468 96945 98180
106126 107724 106679 106701 106774 107028 108061 106438 107056 106616 107897 107560 106426 106267 106622 106548
99908 99920 100259 100657 99792 100328 100636 100103 100007 100613 100157 100093 100261 100734 100266 99901
97601 97066 96619 96745 97090 97279 97431 97013 96722 96938 97489 97037 96060 97143 97377 96786
84563 84410 85143 84958 84508 85173 85279 84276 84379 84485 84751 84147 84221 85467 84987 84722
98046 97837 97947 98410 98282 98738 98559 99179 98343 99161 99060 98772 98199 99344 99167 98159
101906 101177 100588 101127 101957 101643 101366 101435 101399 101901 101651 101491 101617 101730 101115 101837
95901 96368 95675 96630 95643 95775 96303 95405 96058 95572 96147 96332 95551 96072 96192 96270
100822 102178 102140 103252 101832 101446 101593 101792 100997 102066 102279 101886 102874 102673 101832 102000
100698 101501 102214 101738 100600 101385 103363 100878 100862 100547 101429 101676 102273 102925 100983 101746
94061 94954 95512 95300 94509 94885 95884 94494 94557 94683 94626 94058 93569 94325 94059 94481
91277 91922 92261 92615 92643 92313 92391 92022 91917 91972 92178 92568 91988 92443 92417 92202
81891 80650 80682 80973 81024 81278 80602 80341 81150 80698 80721 80633 81155 80371 80763 80102
96694 96796 97200 97252 97191 97347 97236 96999 96917 96278 97194 97824 96756 97609 96970 97067
95806 95804 96001 95859 95805 96405 96538 95731 95563 96009 96411 96392 95595 96523 95708 95563
91766 91644 91827 91364 91501 91617 92135 91267 91581 91407 91629 91562 91222 91617 91297 90801
103733 103469 103643 102697 102492 103661 102918 103453 102840 103393 103595 103258 102774 103125 103217 103228
104807 104228 104735 104665 104408 104716 104993 105070 104650 104024 104356 104714 104459 105364 104124 104859
98136 97152 97615 96902 98272 98025 97372 97924 97657 96668 98619 98080 97522 97084 98396 96252
95068 94638 94014 94480 93604 96231 95579 96178 94177 94781 95299 94245 94402 94556 94357 95713
79736 80251 79388 81043 80024 82192 81222 80706 80291 79612 79730 79606 79626 80179 80970 80829
101328 102452 102426 101870 102102 102918 102393 101972 101969 103058 102220 102384 102143 102949 102087 102265
98107 98208 98007 98405 98420 98452 98569 98212 97257 98272 98473 98179 97591 98212 98547 98520
94956 94544 95014 94952 94902 95335 95459 95297 94760 94724 95566 95458 95236 94969 95556 95547
109079 108429 109298 108216 108162 108718 108406 109168 108314 107975 109015 109196 108339 108704 108658 108677
100423 100380 101393 101074 100539 101279 101276 101161 100964 100404 101350 100868 101049 101404 100746 101267
92816 91858 92611 92371 92619 92905 93054 92449 92021 91950 93311 92391 92463 93151 93129 92650
91402 90911 91300 91132 91777 91277 90615 91212 91016 90641 91729 91568 90570 91515 91371 90902
