1
FarReach 40468668 70
652690 596633 594667 585744 586391 643848 600340 601485 587797 593106 380972 513767 584245 583305 576972 620298 609492 600167 596049 588206 549001 591423 586826 578770 590901 615108 597185 586122 566746 577051 512854 574446 574016 572001 597706 602155 599923 591071 535840 606729 516993 580501 576432 576359 609782 613350 596283 587061 588108 615253 488736 560435 576998 568029 617109 606950 585510 573396 569363 620009 323794 558105 566146 564445 596547 601133 585719 585029 577743 581302
82225 83220 82978 83375
75995 75842 76091 75546
75572 75296 75554 75650
74744 74734 74043 74578
74812 74804 74662 74222
81687 81429 81984 81749
76146 75950 76175 76173
76462 76507 76410 76443
75197 74438 74728 74467
75898 75531 75479 75592
58574 57750 58361 58038
70046 70928 71087 71056
76551 77639 77125 77149
76084 75314 76284 76082
75355 74449 75181 75284
80609 80254 80846 80632
79233 78653 79074 79030
78007 77429 77739 78037
76794 76733 76822 77359
76623 75729 76380 75817
81079 81189 81734 81973
78200 78388 78705 78038
76794 76543 76896 76880
75692 75202 75015 75774
77103 76765 77121 77126
80678 80021 80047 80131
77982 77538 77638 77487
76657 76130 75834 76116
73935 73691 73426 73257
75546 75097 75094 75397
76408 76500 75922 76456
77221 76866 76840 76971
76110 75538 75694 75944
75035 75314 74840 75321
77713 78493 78501 78221
78652 78473 78798 78670
78018 78217 78077 78241
76679 77009 76849 77348
69963 69590 69430 69846
78836 79312 78997 79751
76563 76668 76649 76618
77648 78394 78539 77881
76381 75978 76299 75417
75327 75069 76219 75321
79314 79464 80328 80157
79957 79575 80793 79969
77523 77398 77394 77382
76439 75885 76305 76418
75554 75489 77021 76557
79848 79843 80079 80274
73387 72433 72817 72721
76700 76079 76544 76325
75921 76551 76828 76925
75197 74997 75057 75027
80955 80399 80926 81445
79481 79241 79430 79662
76674 76369 76163 76654
75253 74787 74901 74440
74543 74335 73645 74295
81252 81020 81221 81095
50692 49627 49359 49675
76708 77513 77720 76971
75806 75541 76067 75315
74704 75215 74966 74869
78977 79601 78810 79632
79241 80105 79592 79297
77217 77042 77366 76645
76507 76893 76715 76789
75680 75974 75682 75525
75753 76180 76402 76220
