1
FarReach 143869831 70
2308435 2141869 2087154 2052190 2014473 1982931 2219840 2118715 2085551 2030037 1825226 2121550 2136495 2070361 2032135 2010892 2011106 2247211 2149179 2082941 1856219 1978332 2083515 2178258 2065120 2048067 2031270 1977306 2179678 2134971 1910941 2002001 1961966 1991877 2210583 2111854 2038192 2018536 1981780 2081737 1998446 2029945 2002902 1994787 1988469 2154239 2116991 2052102 2047994 1997858 1758572 2155758 2111161 2051491 2005370 1980493 2073528 2178757 2080934 1998244 1785674 1918422 2098882 2127774 2055785 2017470 1989431 1971259 2225034 2290491
73700 73243 73517 72669 73169 73672 73478 73259 72973 73386 73570 73375 73716 73302 73301 73502
68078 68093 68371 68178 67838 67831 67730 68179 67982 67961 67880 68244 68045 68094 67914 67869
66498 66149 66559 65999 66516 66552 66199 66180 65780 66695 66625 66107 65846 65953 66007 66622
65202 64984 64963 65180 65426 65018 64821 65144 65155 65571 65383 64979 65452 65025 65234 65422
63938 64326 64124 64342 63954 64246 64380 64158 63806 64254 64204 64332 63642 64371 63925 64340
62621 62802 63371 63258 63115 62756 63212 62844 62958 63270 63062 63073 63192 62681 63091 63191
70463 70470 70406 70273 70521 70851 70049 70852 70343 70787 70568 70573 71192 70326 70349 70568
67508 67659 67964 67506 67154 66932 67817 67247 67046 67706 67107 67390 67000 67504 67617 67562
66283 66435 66916 66097 66092 66418 66378 66272 66248 66226 65900 66587 66496 66178 66407 66274
64430 65098 64860 65087 64581 64822 65014 64590 64990 65148 64910 64802 65092 64350 64783 64350
62614 61889 61727 63026 61926 61736 61685 61950 62654 62351 61866 62310 62080 61459 62213 62015
67715 67564 68753 68017 68764 67820 67922 68002 68160 68382 67966 68405 67827 68069 67636 68046
68440 68604 69308 68309 68587 68248 68696 68910 68711 68880 68920 68827 68090 68744 68310 68588
66194 66727 66455 66592 66277 65999 66357 66776 66656 66013 66551 66293 66549 66620 66881 66652
65427 65037 64817 65609 65145 65012 65342 65244 65021 65234 65229 65206 64957 65490 65336 65306
64224 64408 65097 64792 65218 64662 64505 64507 64356 64474 64719 64581 64567 64526 64719 64701
64701 64661 64765 64324 64555 64385 65303 64176 64160 64629 64628 64537 64478 64260 65027 64549
72176 72493 72080 72251 72037 72140 72521 71942 72255 72367 71627 72181 71782 72285 71952 72140
69058 68834 69455 68961 68942 69211 68801 69005 68932 68859 69135 69179 68937 69030 69194 69299
66729 67096 67309 66671 67181 67126 66997 67299 66717 67129 67209 67111 66742 67103 66903 66517
63320 66440 63358 64251 64324 63666 63422 63901 64355 64099 63806 64621 63345 64097 63984 64003
64089 67761 63873 63948 64120 63733 64245 63449 63899 63802 64290 64622 63658 64030 64340 64671
67345 67250 67268 67111 67018 67386 67638 67522 67909 67393 67307 68000 67328 66542 66930 67681
70328 70529 69889 70361 70619 70441 70538 70473 70269 70427 70647 70319 70117 70316 70170 70269
66768 66952 66369 67373 66580 66966 66765 66416 66052 66878 66750 66997 66611 67031 66314 66958
65803 66433 65856 66107 66174 66074 66389 65785 66338 66083 66333 66353 65982 66207 65659 66543
65014 65907 65826 65225 65656 65424 66102 65321 65350 65489 65942 65842 65471 65689 65506 65746
63684 63687 64195 64385 63723 63728 63823 63468 63907 63766 64018 63937 64144 64008 64049 63706
70626 70311 70527 70305 70177 70537 69972 70355 70858 70280 70588 70476 70601 70629 69806 70274
68865 69159 69212 69822 68790 69032 69031 69437 69363 68782 69628 69288 69031 69547 68658 69032
65017 65479 65856 66276 65796 65816 65412 65345 66002 65532 65092 66207 65352 65460 65521 65694
64747 65528 65003 65222 65300 65283 64954 65322 65154 64101 65642 65184 65111 64685 65488 65131
63302 63556 63802 63539 63263 63897 64187 63500 63493 63369 64154 64028 63673 63057 63813 63286
64048 64587 64753 65223 64948 64435 65460 64737 64480 64341 64841 64974 64535 64111 64366 64656
71848 71578 71397 71196 71960 72036 71296 71501 71891 71617 71491 72209 71491 71394 71635 71592
68383 68706 68661 68302 68285 68266 68662 68325 68810 69141 68062 69122 68339 68200 68677 68465
66170 65696 66032 66277 66235 66323 66204 65743 65702 66057 66039 66614 66027 65681 65555 66077
65231 65200 65678 65355 65235 65560 65120 64885 65663 65301 65859 66035 65488 65271 65338 65420
64597 64582 64416 64773 64008 64012 64800 63563 63895 63984 64561 64768 64435 64181 64371 63991
67486 67790 68511 68244 67846 68019 68476 67807 67546 67332 67596 68265 67964 68302 68049 67578
70215 68892 69079 67807 68283 69140 68028 68286 68353 68696 68569 69009 69103 69055 69046 68005
65996 66122 65946 66218 66742 66741 65880 66221 66509 65581 66211 66315 66124 66493 66020 65955
65152 65263 64749 65243 65003 65504 65318 64841 64963 65050 65508 65195 64766 65096 65245 65233
64916 64838 64596 64892 65183 65208 65141 64849 64730 64638 65144 65306 64865 64867 65218 64539
64707 64222 64562 64299 64919 64730 64514 64466 64691 63999 64897 65180 64423 64630 64753 64689
69623 70225 69865 70208 70058 69898 70350 70119 69758 69968 70549 70936 70201 70023 70073 70364
68712 68356 69133 68763 68602 68834 68970 68766 69099 68388 68956 68603 68398 68833 69239 68511
66324 67067 66668 66661 66647 66616 66817 67031 66846 66580 67046 67125 67011 66327 66616 66314
66719 66397 66613 65732 66568 67089 66666 66805 66717 66354 66918 67153 66026 66430 66583 66599
65064 65416 65491 65136 65324 65651 65440 65350 64652 65157 64901 65464 65629 64991 65260 65312
61093 61114 61673 62231 61309 60751 61494 61272 61257 61072 61766 61265 60471 61125 60886 61565
70752 71582 70468 69810 70716 70279 70489 69913 70306 70880 70553 70347 70718 70191 70142 71355
68751 68668 68389 68490 69475 68824 68711 68644 68647 69036 69197 69014 68560 68887 69068 68897
66796 67223 66848 67098 66775 67028 67096 67140 66308 67237 66834 67479 66473 66630 67027 66918
64763 65319 65581 65515 65202 65376 65802 65536 65377 65411 65442 65917 65657 65265 65334 65905
63900 64246 64553 64680 64613 64856 64915 64533 64125 64779 64879 64654 65092 64347 64851 64380
66976 67732 68187 67637 67180 67400 68487 67430 67147 67283 67470 68182 67514 67535 67775 68049
71062 71499 71597 70765 70938 71585 71202 70986 70846 71411 70987 71015 71190 70860 71300 71005
67817 68111 67693 67306 67923 67795 68166 67906 68137 67742 67983 68419 68016 67657 67974 67881
65272 65788 65664 65853 65419 65788 65940 65624 66026 65968 65530 65945 65420 65791 65554 65292
62481 62168 62378 62329 62895 63396 62688 62398 62621 62270 62518 62009 62289 61939 62548 62685
63353 63733 62823 62189 62763 63572 63182 62658 62702 63023 63599 63619 62528 62951 62856 62345
68195 68440 68816 69172 68559 68274 68496 69094 69271 68290 68550 68309 68716 68999 68635 68954
69276 69670 69464 69328 69619 69196 69962 69525 69455 69303 70225 69951 69836 69738 69704 69211
67055 67234 67446 67231 67424 67426 68144 67209 67046 66946 67109 67219 66707 67215 67428 67284
65454 66313 65993 65790 66152 66252 65841 65638 65659 66147 65910 66039 65810 65954 66442 65795
64750 65345 65192 64891 65152 64954 65806 64899 64710 65034 65249 64942 64660 64951 65091 65182
64171 64781 64473 64538 64598 64571 64706 64477 64665 63914 64347 64735 64099 64572 64835 64223
72441 72613 72926 72423 72456 73098 72930 73133 72662 72916 72991 72724 72573 73075 72513 72295
74455 75099 74498 75212 74958 74543 74978 74676 75061 74666 74751 75160 74474 74977 74895 75042
