1
FarReach 113185099 70
1801959 1671579 1616776 1713935 1734470 1645732 1609069 1801428 1612136 1639361 1592784 1718782 1642978 1609574 1348300 1685077 1636699 1621280 1757854 1651950 1475735 1391902 1621381 1623544 1596936 1732899 1669151 1613562 1510720 1664071 1515987 1602857 1713378 1677029 1616557 1598181 1388934 1671131 1619391 1653362 1556881 1605216 1585539 1747178 1661934 1602663 1648959 1713682 1627264 1583821 1594137 1648136 1582713 1619581 1715248 1599766 1569824 1349903 1613129 1613472 1422238 1713533 1637307 1586412 1463841 1472099 1643702 1594168 1697903 1644310
113947 114608 114545 114611 114279 115029 114614 114676
106009 106675 106071 106304 106285 106221 106053 105996
102918 102939 102775 102449 102463 102683 102717 102502
109118 108676 109346 108442 109020 108758 108157 109242
110028 110054 109949 110151 110274 110349 110581 110133
104369 105273 104583 104964 104489 104927 104503 104883
102447 102319 102247 102141 102440 102118 102120 102511
113916 114627 114852 114272 114567 114756 114962 114582
102481 102809 102112 102774 102425 102399 102871 102356
104496 104582 104250 104324 104401 104034 104136 104407
108916 108975 108341 108906 108765 108836 108262 109145
110066 110651 109928 109689 110218 110279 109932 109520
105509 105394 105193 105008 105755 105489 105081 105077
103346 103141 103101 102860 103533 102844 103324 103379
86372 86543 86615 86412 86009 86257 86135 86211
107547 108212 107953 107929 108909 107922 107934 107623
104340 105016 104055 105385 104395 105043 104774 104831
104300 103567 103175 103994 103807 103850 103869 103799
112094 113364 113043 112377 112224 112317 112490 112628
105435 106113 105968 105551 105556 105634 106045 106100
102355 102480 100864 102419 101881 101908 101431 101421
90784 89136 89583 89633 88443 89609 88996 89333
103734 104262 104374 103959 105174 103812 104306 104560
104875 105065 104345 104154 104231 104533 104158 104374
103079 102791 102378 102076 102748 102673 102648 102172
110915 111114 111957 111134 111014 111760 111234 111607
106995 107130 106890 107576 107479 107746 106754 107737
103945 103231 103742 103119 103912 104142 103722 103750
97817 96716 97283 97390 97246 97345 96719 96129
106333 106877 106796 107514 107020 106904 106898 108001
105875 105339 106133 105148 105520 105579 105403 105385
103521 104029 103751 103591 103554 102986 104110 103339
111218 110470 111058 110780 110497 110892 109814 110451
108260 108125 107912 108082 108160 108192 108456 108077
104506 104090 103948 104025 104417 104281 104353 104918
103540 103538 102857 103288 102513 103075 104192 103206
89266 89991 89949 89434 91291 89921 89382 88952
107880 108087 107368 107836 107573 107571 107868 107474
104353 104751 104090 104625 104831 104333 104473 104217
106577 107385 107464 106912 105821 106716 106141 106722
108767 108251 109025 108189 108774 109631 108973 108739
104607 104397 105195 104476 103900 105624 104111 104442
102510 102373 103176 103965 102584 103123 102200 102745
112923 113935 113280 113183 113330 113224 112816 112940
107938 108222 107588 107912 107866 107306 107542 107703
103762 104243 103749 103672 104406 104303 103357 103592
106853 106974 106903 106438 106470 107148 106752 106888
111112 111193 111219 110233 111314 111199 110913 110908
105652 105981 105375 105198 104819 105958 105452 104643
102869 103116 102585 102639 102370 102599 103025 102708
111557 111522 110345 111409 110113 112331 112263 111138
107745 107379 108679 107390 109580 108399 110771 108153
103339 103182 102840 102991 103362 103224 103010 103321
105722 105178 106529 104372 104995 105356 105374 105293
111014 111794 112112 112181 111356 111457 111546 111705
104828 104385 104485 104111 103784 104736 104170 103636
101900 102144 102097 102505 101812 102072 102088 102827
88495 87722 87767 88010 87496 88318 87748 86982
104021 105080 104491 104759 105350 105514 104744 106254
104756 104924 104843 104889 104674 105185 104973 104676
101298 99925 100286 100102 100489 99021 99633 98999
112243 113418 113035 113608 112204 114862 113000 112383
106792 107361 107388 106716 106469 107183 107282 106741
103097 104042 103632 103877 103590 103084 103395 103302
96696 95341 95959 95236 95351 94983 95226 95548
95230 96121 96269 95636 95974 96676 95944 96145
106975 107259 107370 107478 107269 108048 107261 108063
103716 104646 104193 103893 104312 104332 103988 103583
110381 111127 111281 111184 110722 111184 110410 111251
107991 107629 107318 107325 107609 107828 107408 107264
