1
FarReach 136942154 70
2238351 2095201 2023746 2003032 1990917 2047177 2160970 2063700 2008910 1972484 1793718 1797424 1921701 1604302 1752021 2019411 1962282 1867930 2182675 2073854 1905582 1995939 1989199 1904133 1891710 2076574 1941627 1461553 2003263 1919773 1984037 2035546 2007031 1979461 1939377 1905855 1861799 2022365 2031990 1968744 1776564 1936815 2102648 2028482 1989737 1972740 1950882 1837992 1913298 2035655 1804937 1767140 1677525 1986488 2130024 2023425 1999899 1966688 1961449 1839304 1767167 1900068 1953487 1938914 1937870 2002274 2095004 1899917 1970353 2327720
70866 71043 71259 71055 70836 71473 71237 71137 70743 71181 71409 71149 71533 70984 71056 71286
66311 66580 66973 66687 66602 66447 66230 66739 66305 66629 66399 66875 66515 66698 66354 66354
64541 64288 64641 64182 64277 64472 64174 63858 64090 64520 64568 63820 63829 63770 64353 64670
63641 63394 63273 63623 63880 63426 63389 63848 63337 64198 63900 63596 63814 63683 63443 63860
63337 63372 63460 63387 63100 63531 63772 63317 63177 63129 63327 63408 63110 63405 63205 63608
64897 64963 65307 65221 65361 64564 64938 65016 65111 65344 64976 65243 65056 64936 65090 65171
68447 68648 68550 68718 68418 69060 68444 68714 68379 68781 68758 68701 69552 68520 68335 68825
65308 65743 66110 65695 65513 65589 65857 65510 65274 66338 65460 65649 65324 65913 65966 65448
63933 64285 64319 63788 63854 63548 63956 64154 63746 63734 63653 64216 63836 63412 64022 64019
63028 63047 63151 62854 62675 62997 63138 62493 63142 63051 62817 63179 63361 62827 63032 62752
61622 61229 60916 61066 61520 61014 61209 60956 61590 61448 60734 61352 61145 60627 61061 60764
58567 57461 57385 57504 57470 57589 57805 57518 58154 57745 57157 57951 58371 57116 57579 57776
61478 61953 62032 61591 61899 61611 61443 62062 61538 62222 61457 61618 61015 62378 61139 61909
50796 51414 51583 50751 51372 50671 51813 51758 51801 51556 52154 51543 51462 51445 51534 51395
56017 56500 56117 56334 56138 55895 56193 56560 56154 55583 56463 56254 56052 56388 56507 56151
64938 64675 64537 64509 64973 64422 65123 64648 64549 64986 64357 64659 64680 65157 65073 64714
63121 62802 63390 62740 63491 62750 63076 62791 62705 62450 63050 62971 62883 62884 63004 63320
59748 60286 59985 59873 59684 59466 60755 59489 59810 60111 60258 59838 60031 59847 60183 59397
70114 70477 70057 69907 70291 69919 70319 70097 69839 70035 69383 70048 69624 69690 69998 70484
66847 66967 67173 66740 66560 66730 66890 66574 66674 66674 67068 66849 66853 66981 66843 66776
64222 65401 64683 65149 64490 65356 64224 65045 65118 65006 64771 65336 64527 64903 64385 65524
64082 64896 63888 64524 64670 63974 64893 64335 64289 64226 64915 64876 63647 64224 64749 63864
64273 64481 63848 63624 64108 63690 63883 63878 64691 63918 63772 64413 64131 64246 64661 63961
61467 61461 61095 62019 60967 61419 61919 61573 61414 61602 61318 61248 61382 61225 60834 61440
60537 60894 60437 60598 61170 60823 61123 61116 61156 61099 61027 61373 60889 60952 60945 61339
66761 67543 66934 67484 66954 67073 67212 66417 66708 67004 66967 66932 67292 67274 66758 66998
63479 62740 62415 62853 62608 62308 62980 62399 62318 62662 62377 62621 62076 62368 61961 62464
46433 47394 46861 46958 47685 47064 47352 47161 46913 47029 46954 47322 47215 47382 47475 47578
63889 64905 64673 64427 64075 64161 65020 64099 64865 64721 64646 64683 64717 65013 64252 64568
62873 62024 62331 62716 61835 62096 61846 62114 61931 62424 62263 61837 62724 62587 62649 62451
68505 68356 68243 68071 68141 68271 68123 68606 68608 67622 68215 68168 67986 68134 66997 67381
65781 66225 65826 66314 66068 65730 66057 66095 66405 65841 65654 66021 66037 65876 65024 65543
64826 65330 65261 65159 64800 65127 64971 64814 64727 64514 64823 65089 64961 64697 65147 64674
63891 64377 63991 63608 63944 64505 64139 63576 63900 63478 64608 64034 64117 64158 64293 64106
63089 62737 62830 62455 62660 62686 63608 62941 62528 62492 63331 63086 62741 62421 62548 62570
62524 61824 61606 62132 61910 61656 62288 61783 61597 61125 61603 61335 61240 61206 61615 61211
59323 60526 60540 60343 60368 60198 60129 59975 60676 60307 60073 60823 60392 60114 59994 60315
65373 65916 65503 65502 64983 65185 65332 65515 65735 65900 65130 65610 64985 65156 65209 65587
65438 65543 65768 66184 65739 65953 65745 65488 65349 65699 65518 66171 66567 65707 65555 65728
64153 64018 64245 64221 63883 64052 64056 63287 63881 63741 64068 64415 63978 63687 63706 63723
62039 61167 62653 60951 61492 61056 61681 60628 61797 61336 61656 60978 61755 61484 61343 61044
63365 63138 63252 63703 62825 62375 63585 62731 62284 62404 62992 63079 62715 63136 62811 62863
68737 68448 68572 68082 67908 68440 68112 67819 67609 67745 67766 68852 68254 68974 68420 67952
65909 66273 65573 65502 66197 66004 65786 65838 65733 65382 66160 66056 65865 66098 65523 65473
64806 64684 64533 64530 64559 64616 64523 64548 64670 64216 64927 64619 64665 64549 64895 64631
64078 64134 63533 64298 64181 64427 64293 64067 63705 64154 64180 64578 64028 63691 64174 64030
63509 63375 63185 63448 63552 63016 63548 63244 63200 62820 63577 63710 63602 63291 63354 62783
60326 59513 59713 59372 59722 59394 60047 59396 59373 58702 59633 60024 59387 59882 59654 59748
61818 62312 61838 62086 61878 61879 62147 62237 62339 62292 62833 62483 61980 61762 62745 62218
66357 66654 66256 66571 65955 66009 66501 66587 66583 65796 66648 66562 66304 66303 66341 66057
61814 63517 62489 62380 61978 62713 62408 63325 62853 63268 63472 62162 63053 62342 62794 62239
58339 57304 57659 57599 57927 57857 58228 58092 57310 57405 57413 57914 56805 57330 57443 57784
54033 54490 54589 54052 54532 54423 54527 54172 54234 54252 54488 54879 55863 54621 54697 54651
64590 64916 65263 64729 64613 64340 64514 64592 64704 64287 64538 64489 64343 64107 64657 64610
69101 69363 68939 69026 69321 69625 69184 69241 69222 69153 69591 69299 69081 69597 69449 69309
66123 65928 65601 65973 65960 65767 65744 66316 65628 65685 65874 65970 65575 65502 65578 66122
64977 65525 65124 65208 65378 64929 65354 65055 64789 65023 65174 65685 65314 64791 64852 65158
63966 64222 63915 64245 63720 63856 63974 63952 64008 64244 64135 64367 64091 64009 64007 64393
63335 63692 63872 63578 64112 64060 64078 63944 63376 64185 64033 64101 64015 63679 64027 63856
60820 60807 60721 59987 59977 59806 60402 60218 59814 59566 59201 60338 60310 59939 60063 60102
60785 61770 61552 61656 61105 61614 62204 60852 61501 60819 61670 61351 61768 61342 61812 61249
62571 61891 62306 63302 61806 62086 62009 61891 61974 62173 62206 62918 61940 62379 62505 62253
63707 64580 63900 63290 63658 64344 64013 63987 64943 63696 63781 64222 63936 63492 63419 63876
63525 63636 62911 63446 63616 63224 63370 63346 63949 63419 63295 63693 63163 63099 62926 63616
63262 63571 63342 62790 63052 63387 63671 63421 63359 63215 63161 63546 62451 63448 63657 63326
65156 65649 65067 65621 65088 64945 65767 65978 65497 65289 65671 65089 65536 65399 65224 65619
68313 68712 68748 68372 68443 68186 68869 68310 68426 68223 68550 68674 68143 68413 68342 68159
61510 61808 61722 62910 62291 61892 62627 61859 61792 61547 62025 62678 61939 62309 62171 61996
64429 64731 64357 64240 64413 64640 64879 64213 64524 64251 64280 64551 63957 64237 64643 64115
76348 76577 76086 76242 76243 75676 76525 76000 75645 75721 76286 76065 75580 74973 76290 76486
