1
FarReach 131649531 70
2228956 2083010 2005184 1997312 1969478 1953535 1934854 1936749 1921202 1912209 1785844 1882771 2191710 2092784 2009745 1987248 1955123 1946934 1938926 1910425 1793499 1879464 1574119 1863616 1683881 1804874 1704813 587152 1824834 1910335 1794478 1904220 1895981 1902437 1892169 1882435 1880680 2047286 2107335 2016001 1848686 1964208 1940494 1918873 1924054 1897434 1910549 1871139 1841130 1630726 1321956 1790185 2023159 1827867 1916918 1940335 1909081 1899126 1887887 1870999 1716783 1819803 2117188 2022507 1968178 1897481 1880838 1848179 1825368 1822078
70414 70693 70951 70861 70549 71156 70980 70813 70453 70909 71133 70825 71186 70649 70858 70986
65956 66231 66541 66251 66178 66048 65770 66318 65988 66259 65970 66499 66219 66388 65962 66056
64126 63623 64083 63498 63810 63959 63648 63321 63476 63856 64059 63240 63189 63101 63673 63896
63343 63344 63110 63418 63596 63284 63222 63724 63165 63813 63761 63432 63562 63589 63113 63795
62536 62629 62876 62981 62418 62707 62970 62504 62423 62662 62628 62589 62502 62606 62655 62882
61935 62043 62089 62077 62327 61589 61999 62163 62027 62391 61911 62335 62116 62190 62214 62280
61450 61416 61597 61693 61292 61809 61256 61330 61105 61646 61527 61529 62209 61151 61319 61709
61295 61592 61820 61452 61626 61701 61787 61695 61594 62163 61617 61446 61636 61774 61409 61251
61158 61168 61712 61103 61002 60724 61192 61260 60912 61118 60693 61412 60720 61033 61628 61079
61001 61311 61391 60714 60809 60944 61432 60778 60780 60934 61026 61437 61384 60641 60862 61178
60806 60556 59812 60765 60527 60421 60653 59946 60860 61106 60422 60386 60367 59863 60479 60016
60480 60343 59928 60049 60295 60339 60137 60140 60749 60191 59701 60218 60640 60182 60403 60757
70348 70033 70445 70336 70139 70101 69894 70390 70554 70334 70470 70187 69509 70472 69600 70279
66468 66997 67383 66554 66662 66426 67269 67261 66944 67130 67119 66908 66730 66998 67104 67003
64815 64622 63999 64490 64239 64013 64147 64667 64468 63912 64223 64465 64372 64733 64584 64172
63314 63523 63485 63906 63924 63433 63895 63376 63287 63569 63283 63629 63376 63590 63572 63506
62702 62600 62984 62519 62689 62258 62828 62339 62637 62402 62626 62370 62511 62381 63027 62878
62470 62454 62245 62470 62302 62034 62955 62221 62118 62493 62315 62466 62145 62272 62348 61965
62205 62459 62156 62065 61964 62097 62119 61812 62059 61946 61598 62004 62016 62189 62208 62566
61698 61665 61684 61417 60909 61348 61670 61130 61267 61385 61655 61507 61201 60899 61284 61189
61154 61584 61500 60954 61026 61296 60732 61251 61752 61747 60525 61457 60629 61647 61178 60941
60486 60602 60134 60274 60551 60370 60502 60430 60392 60255 60894 60512 59655 60244 61064 60170
50943 50674 50162 50539 50644 50325 50288 50479 51042 50327 50483 50925 50668 50516 50892 50474
59967 59991 59433 59815 59745 59948 59809 59829 60248 60098 60156 60044 59919 60076 59901 59975
55081 54155 53869 54174 53829 54062 54600 54171 54042 54023 52939 54335 54007 53858 53997 54289
57718 58206 57591 58207 58324 57662 58142 57938 57893 58049 59199 58472 57858 57909 57839 57843
55540 54851 55021 55188 54643 55029 54541 54813 54701 54755 54784 54575 54950 54987 53898 55251
18380 19091 18612 18827 18830 18950 18962 18742 18920 18684 18839 18704 18674 18881 19540 18925
59541 59024 58466 58703 58936 58753 59146 58539 58321 57949 58550 58746 58511 58580 58522 58680
60527 61683 61466 61687 61411 61171 61666 61245 61959 62504 62102 61778 61540 62293 61478 61941
62520 61820 61882 62662 62038 62028 61758 61670 61346 61940 61577 61840 61896 62242 62162 62365
61973 61758 61725 61880 61511 61967 61719 61866 62228 61767 62028 61392 61504 61808 61833 61079
61260 61083 61073 61645 60996 60822 60969 61236 61308 60844 61338 61060 61114 61385 60558 61075
61506 61548 61506 61890 61015 61875 61596 61339 61383 61432 61076 61879 61324 61678 61308 61154
61233 60970 61175 60900 60836 61194 61094 60974 61266 60284 61503 60914 61121 60932 61460 60815
60897 60831 60808 60288 60646 60880 60898 60594 60683 60403 61324 60832 60898 60628 60711 60853
60880 60602 60238 60757 60675 60502 61251 61017 60562 60736 60612 61347 60372 60547 61081 60561
66204 66122 66102 66801 65998 66442 66369 66298 66324 65703 65937 66190 66030 65666 66048 66142
68009 68309 68246 68042 67845 67783 67712 67724 68478 68291 67713 68114 68218 68024 67695 67843
65816 64903 65125 65825 64929 65402 65222 65327 65418 65746 65036 65838 65385 65237 65676 65457
64505 63373 64250 63429 64625 63854 64261 64029 63904 63797 63408 63772 64108 64329 63836 64025
63943 63823 64463 64249 63208 64081 64129 64293 63596 64313 64309 64035 65310 63993 64231 63735
63325 62887 63142 63519 62741 62224 63097 62225 63263 62272 62978 63129 63103 63444 62658 62998
62712 62374 62307 61992 61922 62116 62219 62011 61288 61528 61899 62794 62094 62384 62663 61668
62556 62296 62107 62580 62170 62700 62270 62428 62281 62146 62203 62592 62397 63215 62235 62520
62073 61604 61297 61262 61578 61777 61495 61615 61677 61012 61741 61633 61642 61663 61515 61277
61658 61864 61307 62278 61911 62194 61854 62130 61964 62218 62047 62012 61945 61888 62330 61841
61164 60547 60298 60882 60736 60912 60718 60534 60713 60240 60837 61065 60626 60330 61033 60621
59764 59361 59436 59698 59949 59257 60036 59720 59649 59486 59732 60346 59911 59855 59909 59463
53958 52807 53088 53055 52959 52546 53237 52786 53111 52110 53220 53150 52659 53402 53053 53051
46983 46620 46619 47098 46162 46917 47451 47056 46683 47086 46317 46836 46661 46612 46977 46546
58231 58376 59520 58480 57720 58661 59571 59213 58544 58769 58944 59435 59575 58291 58800 58314
65236 66043 65548 65855 65362 65789 65842 66246 66410 65695 66136 65905 65576 66218 65667 65573
59339 59134 59306 59357 59352 59808 59764 59511 59369 59510 59296 59873 59242 59011 59309 59568
62915 62298 62311 61657 62463 62225 62416 61917 62254 62038 62528 62529 62697 62280 62337 62237
62667 62849 63118 63185 62948 62983 62932 62969 63188 63129 63156 62887 62754 63284 63330 63069
62318 62063 61760 61676 61906 62329 61810 61716 61956 61931 62107 62109 61853 62177 62143 62144
61854 61772 61449 61865 61814 61568 61341 62221 61730 61588 62077 62053 61652 61787 61459 61932
61454 61309 61395 61698 61497 61325 61687 61494 61672 61697 61159 61619 60997 61246 61315 61451
61128 61205 60788 61239 60928 60743 60919 60708 61060 61201 61231 61690 61292 61013 60983 61035
60493 60034 59604 60028 59597 60989 59809 60172 60038 60241 59969 59474 60351 60070 60141 60077
60399 59910 60737 58889 59165 60554 59623 60134 59337 59487 60134 60198 59551 59913 59590 59659
69920 69353 69395 68630 68860 68939 69446 69229 69297 69087 69007 69618 69099 68882 69279 69258
66279 66020 66208 66582 65534 66220 66230 65532 66082 66050 66117 66785 66122 66137 65714 65751
63650 64492 64191 64587 64381 64264 64357 64409 65132 64354 64507 64850 64077 64600 64006 64294
62306 61696 61788 62304 61842 62008 61690 62103 62763 62370 61682 61917 61955 62302 61759 62236
61179 61392 61031 61438 61034 61485 61474 61121 61732 61432 61577 62124 60758 61482 61438 61449
60248 60594 60230 60338 60132 60036 60479 60497 60192 60537 60447 60269 60489 60447 60465 60254
59571 59461 59394 59581 59258 59415 59687 59892 59552 59585 59625 59820 59159 60453 59495 59412
59828 59369 59267 59537 60025 59491 59686 59083 59259 59198 59896 59921 59442 59778 59430 59142
