1
FarReach 5262759 70
128920 125586 125686 125799 126115 126556 126026 125734 125661 124322 96061 102574 104660 104355 106052 104972 104379 104990 105878 105189 94647 102807 104847 105105 105664 105995 105125 105641 105205 104707 96968 103371 105360 105414 106320 105495 105531 105848 106172 104906 95205 103414 104253 105410 104797 104900 105641 105481 105917 104039 95165 100759 103984 104477 105027 104365 104384 104476 105064 104375 95547 104474 104514 105101 105485 105028 104330 105189 104401 106188
16359 16334 16184 16258
15973 16076 15998 15969
15928 16084 15967 15991
16098 16056 15984 16028
16224 16001 15976 16016
16231 16045 15989 15988
15910 16106 15971 15986
16064 15912 15992 16023
15976 16053 15973 15980
15833 15947 15966 16017
16275 16023 15980 15978
15964 16054 15952 16013
15804 16039 15955 16005
15729 15784 15972 16003
16051 15953 15953 16010
15486 16056 15978 16015
15598 15909 15990 15566
15635 15824 15942 15761
15909 16088 15963 16004
15761 16085 15975 15828
16051 15914 15954 15824
15858 16080 15957 15912
16039 16070 15951 15669
16002 16026 15971 15955
15935 15997 15960 15976
16025 15846 15979 15956
15915 15835 15961 15909
15840 15946 15983 16001
15840 15577 15959 16007
15878 15872 15963 15975
16075 16090 15934 15993
16039 16027 16014 16002
15937 15921 15989 15986
15807 15935 15962 16000
15833 16088 15983 15997
15840 15979 16011 16005
15723 16044 15922 15998
15669 16100 15868 16010
15792 16072 15866 15988
15648 16112 15740 15962
15836 16033 15664 15986
16121 16062 15931 15963
15890 16041 15926 15986
16017 15664 15994 16002
15972 15741 15968 15986
15949 16007 15983 15997
16207 15970 15966 16023
16279 16095 15987 15982
16207 16036 15976 15991
15661 15577 15986 16018
15767 15435 15952 15880
15686 15245 15994 15537
15970 15939 15965 15774
15945 16074 15981 15841
15890 15999 15962 16019
15505 15876 15990 15990
15833 15985 15984 15822
15996 15839 15995 15744
16018 16056 15967 15763
15937 15943 15971 15998
16146 16085 15958 16015
16071 16055 15969 15991
15808 15994 15969 16041
16194 15907 15972 16004
16272 15957 15969 16008
16232 15825 15983 16009
15749 15815 15971 15759
15880 16077 15968 15997
15774 15615 15976 16001
16350 15870 16007 16229
