1
FarReach 158337979 70
2494073 2359010 2275588 2253665 2202872 2438257 2347285 2296385 2264575 2232766 2272739 2366066 2290795 2242735 2191317 2384450 2339981 2286729 2238425 2205835 2161635 2355615 2282370 2235453 2212944 2332004 2384299 2295461 2246913 2223660 2101510 2387477 2294888 2207070 2204207 2243391 2422681 2288259 2244026 2204414 2017022 2411288 2289369 2255445 2206346 2169697 2429133 2303211 2213146 2170744 1964335 2347381 2311467 2228091 2183199 2172538 2335706 2325387 2257986 2202148 2008483 2298407 2331652 2254724 1991503 2189652 2256764 2382771 2272947 2239706
79035 79133 79504 79226 79122 79576 79375 79132 78802 79369 79384 79310 79592 79031 79206 79379
75284 74943 75190 74498 74838 74649 74649 75127 74618 74952 75010 75004 74876 74975 74855 74770
72652 72207 72273 71944 72571 72587 72240 72067 72143 72801 72733 71885 71817 71992 72017 72770
71443 71392 71623 71727 71540 71607 71456 71693 71389 71779 71474 72007 71697 71664 71559 71867
70245 70226 70359 70093 70151 69803 70060 70127 69956 70028 70059 69896 69817 70011 70060 70354
77179 77250 77384 77576 77443 77738 77293 77478 77138 77845 77647 77637 78276 77167 77223 77705
74697 74804 75065 74829 74397 74474 74725 74658 74468 75165 74467 74728 74654 74801 74788 74370
72767 73334 73686 72624 72789 72917 73441 73075 72856 73046 72665 73280 72762 72857 73135 73375
71679 72415 72251 72089 71808 72053 71926 71646 72239 72249 72061 72197 72417 71795 72065 71527
71470 71196 70574 71472 71278 71193 71283 70966 71490 71244 70718 71136 71286 70647 71183 71543
77222 76477 77130 77254 77201 76743 76822 76833 76851 77232 77065 76711 77466 77048 76908 76583
75453 76077 76320 75323 75465 75413 75833 76264 75644 76025 75832 75832 75568 76429 75721 75933
73835 73857 73582 73732 73751 73156 73692 74003 73691 73208 73766 73967 73833 74005 74022 73985
71887 71904 72486 72361 72545 71951 72310 71947 71794 72434 72132 71846 72336 72499 72379 72332
70890 70619 71030 69992 70448 70530 70795 70544 70253 70023 70529 70583 70460 70469 70880 71038
76768 77112 76884 76399 76984 76580 77155 76342 76642 76840 76503 76940 76661 76642 76998 76615
75681 75651 75638 75179 75165 75171 75226 75166 75101 75441 75225 75204 75288 75824 75398 75681
73124 73779 74104 72829 73692 73692 73189 73824 73238 73581 73717 73635 73536 73738 73330 73471
71872 71905 71848 71794 72379 71608 71855 71839 72163 71906 72057 72340 71701 72012 72581 71909
71005 71489 70912 70664 70764 70522 70755 70848 71402 70994 71066 71234 71012 71306 71659 71100
73817 74765 74082 74500 73469 74519 74068 74797 74720 74878 74021 74351 73873 74059 73505 75145
76352 76585 75976 76364 76780 76110 76078 76018 75670 76484 76431 76191 76398 76548 76329 75983
73983 74414 73794 73981 73903 74076 73879 73826 73506 73781 73827 73751 73715 74146 73423 74579
71660 73167 72731 72459 72789 71718 72692 72274 71993 71934 72960 72594 72038 72877 72106 72574
71315 72018 72009 71373 71810 71620 71746 70919 71948 71708 72085 71439 72032 72213 72107 71537
75211 75613 76110 75535 75480 75309 74722 75458 75495 75625 75580 75177 75792 75788 75315 75732
77338 77247 77752 77011 77142 77010 76694 77335 77558 76634 77737 77221 77345 77656 76684 76763
74092 74950 74743 74086 74551 74372 74476 73905 74293 74151 74271 74428 74266 74483 74467 74080
72530 73220 73112 72483 73219 72941 72690 72300 72514 71897 73052 72557 72513 72970 73018 72740
71478 72276 72439 71761 72116 72177 72594 72224 71735 71394 72378 72312 72223 71463 71880 71892
72777 72622 72912 73406 73659 72488 73313 73105 72547 72642 73029 72880 72294 72440 72626 73274
77407 78178 77986 77232 77789 77568 77035 77614 77955 77687 76771 77897 77564 77671 77388 77716
74010 74742 75246 74424 74924 74851 74604 74335 74495 75012 74758 75266 74830 74770 74072 74990
71517 71580 72456 71848 71842 71946 71394 71145 71531 71624 72105 72122 71715 71398 71599 71872
71813 72253 72346 71608 72005 71756 71257 70927 71498 71317 71873 72044 72045 71546 71638 71374
72821 73333 73823 72723 72872 73009 73235 72794 72395 72112 72902 72996 73119 73739 72938 73122
78552 79256 79489 78666 79001 79149 78139 78371 77984 78628 78713 79499 78915 79732 78709 78532
74412 74414 74745 74113 74987 74823 73952 74374 74408 73707 74721 74508 74291 74878 74074 74565
72774 73430 72973 72999 73396 73457 72779 72776 72653 72781 73197 72872 73085 73079 73050 73256
71556 71733 72008 71473 72420 71781 71809 71691 71526 71198 72134 71934 71644 71662 71912 71552
70378 70072 70672 69936 71036 70422 70159 70100 70094 69693 70569 70611 70636 70587 70434 70421
78401 78908 79048 78664 78644 78481 78443 78210 78759 78061 79225 79081 78845 78784 78667 78894
74054 74767 75152 74634 74683 74403 74400 74856 74763 74310 75054 74653 74641 74925 74832 74578
72847 74268 73645 72848 73988 74146 73330 73390 73508 73501 74155 73971 73808 73393 73215 73467
71817 71745 72956 71451 72303 72413 71776 72015 71396 71642 71670 71977 72056 72150 71599 72481
70822 70992 71309 70307 71257 70482 70303 70210 70433 70122 71210 70784 70887 70584 70847 71303
78803 79161 79477 78964 79659 79420 78626 79106 78965 79261 79346 79057 79070 79755 78899 79108
75104 75502 75503 74657 76161 75244 74432 74845 74860 75378 75652 75289 75100 75433 74880 75380
71803 72472 72554 72207 72750 72451 71896 72334 71859 72184 72017 72500 71848 72071 71914 72694
70101 70660 71335 71055 70870 70894 70653 70260 70587 70805 71187 71367 71563 70678 70521 71410
68137 69422 69560 70145 68908 69469 68660 68965 68462 69313 69668 69417 69633 69759 68958 69319
76729 77238 77981 76385 77435 77017 77069 76399 76756 76520 76733 77327 76539 76677 77179 77174
75010 76697 76173 75280 75805 75871 74931 75180 75721 75842 75912 76109 76132 76047 75438 75542
72652 73000 73220 72902 73344 73015 72990 72655 73432 73192 73063 73440 72943 73267 72763 72965
70858 71597 72082 71429 71893 71428 70794 71304 71822 71418 71566 72107 71564 71584 71066 71358
70526 71695 71396 70662 71223 71156 71123 70946 70683 70752 71363 71363 70792 71729 70985 71159
76090 76722 77023 76540 76499 76130 75896 76620 76312 76013 76489 76331 76358 76769 76548 76773
75508 76172 76072 76116 76701 75740 76161 75873 75791 75661 76414 76746 76235 76581 76175 76181
73594 74119 74919 73422 74451 74367 73883 73533 73489 73560 74088 74163 73684 74018 74184 73689
71708 72496 72414 72075 72636 72087 72019 71296 71159 72021 72451 72205 71908 71990 72015 72033
70130 70911 71099 70553 71511 71126 70562 69831 70535 70286 70845 71336 70619 70389 70668 70516
74957 75951 75909 75208 75731 75864 74848 75412 74792 74782 75546 75580 75855 76241 75445 75620
76539 76339 76888 75998 76890 76375 76343 76296 76477 76335 76879 76979 76332 76938 76488 76253
73621 74380 74248 73340 74336 73783 73480 73467 73721 73871 74582 74174 73908 74445 74578 74141
65575 65645 65261 65189 65048 65483 65085 65337 65375 65090 65348 66147 65190 65179 65601 65839
71706 72308 72090 71380 72492 72128 71394 71673 71628 71739 72612 72332 72033 71787 71422 71620
73820 74559 74280 74088 74074 74190 73623 73816 73461 73713 74513 74267 74007 74734 73654 74383
78289 78295 78191 77940 79082 77680 78008 77596 77822 77816 78686 78283 78166 78940 78158 78605
74573 75108 75282 74329 75075 74210 75068 74439 74844 74338 75274 74886 74617 75054 74616 75002
73116 73496 73888 73810 73375 73568 72580 72946 73231 73497 73611 73632 73693 74477 73211 73379
