1
FarReach 134802437 70
2082117 1937893 1864382 2055423 1912766 1862669 2067197 1920429 1863069 2032244 1825126 1854246 2056493 1787963 1868719 2025522 1966712 1879940 2028223 1948210 1781524 2020913 1967591 1884056 1992005 1928574 1836855 1971104 1912447 1830069 1819020 1984220 1898889 1962101 1980879 1869260 1928497 1983497 1877978 1916717 1886773 1910024 1925778 2016558 1874742 1890453 2009304 1906164 1904349 2022134 1768931 1862115 2068047 1909978 1843922 2048571 1899727 1844975 2068000 1922619 1715933 2043164 1891740 1854065 2034907 1893673 1830530 2028155 1916765 1822374
131814 132420 132274 132392 131957 132829 132483 132499
122968 123646 123153 122984 123099 122900 123198 122561
118778 118609 118402 117818 118285 118599 117917 118813
130306 130170 130863 130979 130654 130698 130410 130645
121386 121798 121579 121668 121623 121890 121645 121755
118735 118920 118285 118358 118469 118207 118171 118663
130630 131564 131623 131033 131495 131577 131972 131581
122288 122299 122023 122216 122498 121962 122481 121746
118734 118975 117965 118957 118405 118317 118168 118868
129480 129516 129186 129387 129101 129349 129127 129080
122641 121942 122011 121724 122360 122730 121799 121678
118522 118181 118421 118096 118829 117940 118422 118873
130672 131053 130943 131372 131478 131399 130821 130927
113902 114093 113901 114178 114344 114249 114076 113591
119315 118484 118206 119569 118421 119381 118913 119712
129057 129632 129144 129161 129150 128978 129280 129252
124847 125551 125582 125262 125016 125612 125658 125798
120167 120243 119152 120300 119786 119791 119948 120124
129617 128642 129629 129585 129266 129355 128572 129527
124688 124696 124214 124335 124273 124014 124626 124152
119078 118891 118120 118098 118781 119132 118775 119152
128744 129169 129405 129053 129025 129719 128344 128949
125798 125422 125187 125361 125708 126100 125347 125821
120401 119569 120646 120303 120833 120830 120361 120521
127515 126980 126609 128218 127402 127359 126561 127082
123235 123432 123127 123265 122965 123903 123349 122957
117625 117773 117631 117408 117334 116562 117712 117185
126249 125947 126152 126130 125555 126570 125357 125897
121829 121737 121559 122132 122468 122584 122346 122392
116699 117282 116533 116567 116938 116926 117448 117218
122220 121604 121940 121771 121526 121710 122088 120523
127177 127500 126353 127258 127048 127077 126496 126588
121073 121927 121230 121353 121672 121708 121524 121398
125530 125730 125986 125796 124882 125925 125495 125294
126660 126376 126761 126730 126058 127803 126672 126894
119474 119145 119801 120731 119297 120216 119105 119502
122985 123875 123745 123892 123676 123038 123289 123539
127386 127851 126642 126896 127296 127179 126759 126409
119902 120108 120107 120143 120732 120595 119872 120137
122284 122884 122915 122248 122285 123109 122713 122857
126515 126410 126144 125642 126274 126649 125941 125549
122662 123262 122223 122394 121903 122543 122922 122677
124007 123857 123152 123391 122202 123692 123825 123227
129253 129616 129552 128882 128852 129723 130065 128532
120378 119785 120441 120504 120296 120650 120339 120406
120850 121143 122143 121196 120555 121184 121120 121313
129252 128932 129038 128785 128657 129600 129143 128444
122044 122341 122371 122494 122078 123007 122078 122366
121786 121742 122161 122169 121777 122584 122223 122539
129255 129589 128933 129466 129844 130062 129483 130208
118942 118604 118349 118951 118625 119501 118679 117937
119457 119625 119952 119816 119409 120123 119524 119648
132147 132991 133024 133058 132680 132916 132487 132938
122464 122802 122749 122558 122010 122967 122695 122348
119046 118092 118196 118193 117928 118470 118129 118340
130861 131248 131632 131381 131738 132071 131947 131779
121233 122367 122226 121919 122032 122234 121928 122191
118260 118953 118638 118674 118338 119027 118308 118519
133053 132393 132550 132710 132821 133411 133091 132541
123145 123879 124011 124041 123718 123654 123927 123758
116000 115792 115195 115701 115675 115660 116041 115718
131439 131660 131417 131603 131151 132105 131061 131647
122416 121750 121529 121868 122182 122482 121911 121101
118847 119302 119637 119094 120533 119343 119838 119363
131143 130688 130965 131215 130924 131181 131400 130330
121755 121497 121518 122103 121928 122553 121635 122436
117502 118102 117219 118977 116925 117880 118237 117972
130461 130541 130633 129980 130498 131307 131534 130032
123066 123589 123634 123560 123039 123975 123412 123610
117725 117402 117038 118160 117276 117628 117703 117117
