workload_name: synthetic
workload_mode: 0
dynamic_periodnum: 7
dynamic_periodinterval: 10
dynamic_ruleprefix: dynamicrules/synthetic-hotin.out
val_t::MAX_VALLEN: 128
ParserIterator::load_batch_size: 10000
client_physical_num: 2
server_physical_num: 1
client_total_logical_num: 128
server_total_logical_num: 1
server_total_logical_num_for_rotation: 128
max_server_total_logical_num: 128

client_rotationdataserver_port: 1025
client_sendpktserver_port_start: 1026
client_rulemapserver_port_start: 1036
client_worker_port_start: 8888

client_logical_nums[0]: 64
client_ips[0]: 10.0.1.11
client_macs[0]: 3c:fd:fe:bb:ca:79
client_fpports[0]: 11/0
client_pipeidxes[0]: 0
client_logical_nums[1]: 64
client_ips[1]: 10.0.1.15
client_macs[1]: 3c:fd:fe:b5:28:59
client_fpports[1]: 15/0
client_pipeidxes[1]: 0

server_load_factor: 5
server_worker_port_start: 1152
server_evictserver_port_start: 2222
server_snapshotserver_port_start: 3333
server_snapshotdataserver_port_start: 4444
transaction_loadfinishserver_port: 8000

server_worker_corenums[0]: 16
server_total_corenums[0]: 24
server_logical_idxes_list[0]: 123 
server_ips[0]: 10.0.1.16
server_macs[0]: 3c:fd:fe:b5:1f:e1
server_fpports[0]: 16/0
server_pipeidxes[0]: 0
server_ip_for_controller_list[0]: 172.16.112.16

controller ip for server: 172.16.112.16
controller ip for switchos: 172.16.112.16
controller_popserver_port_start: 5555
controller_evictserver_port: 5002
controller_snapshot_period: 10000
controller_warmupfinishserver_port: 5010

switch_partition_count: 32768
switch_kv_bucket_num: 10000
switch_pipeline_num: 2
val_t::SWITCH_MAX_VALLEN: 128
switchos_popserver_port: 5003
switchos_sample_cnt: 10
switchos_snapshotserver_port: 5004
switchos_specialcaseserver_port: 5005
switchos_ptf_popserver_port: 5006
switchos_ptf_snapshotserver_port: 5007
spineswitch_total_logical_num: 4
leafswitch_total_logical_num: 16

spineswitch_logical_idxes: 0 1 2 3 
spineswitchos_ip: 172.16.112.19
spineswitch_fpport_to_leaf: 32/0
leafswitch_logical_idxes: 4 5 6 7 8 9 10 11 12 13 14 15 16 17 18 19 
leafswitchos_ip: 172.16.112.17
leafswitch_fpport_to_spine: 32/0
leafswitch_pipeidx: 1
reflector_for_leaf ip for switchos: 172.16.112.16
leaf_reflector_dp2cpserver_port: 5008
leaf_reflector_cp2dpserver_port: 5009
reflector_for_leaf dstip for cp2dp: 10.0.1.11
reflector_for_spine ip for switchos: 172.16.112.11
spine_reflector_dp2cpserver_port: 5018
spine_reflector_cp2dpserver_port: 5019
reflector_for_spine ip for switch: 10.0.2.11
reflector_for_spine mac for switch: 3c:fd:fe:bb:ca:78
reflector_for_spine fpport for switch: 5/0
reflector_for_spine dstip for cp2dp: 10.0.2.15
raw_load_workload_filename for loading phase: synthetic-load.out
server_load_workload_dir for loading phase: synthetic-load-128
raw_warmup_workload_filename for warmup phase: synthetic-warmup.out
raw_run_workload_filename for transaction phase: synthetic-run.out
client_workload_dir for transaction phase: synthetic-run-128
perserver_keyrange: 512

[client] prepare clients ...
[client.sendpktserver] ready
[client 1] Ready.
[client 0] Ready.
[client 6] Ready.
[client 5] Ready.
[client 2] Ready.
[client 10] Ready.
[client 3] Ready.
[client 9] Ready.
[client 4] Ready.
[client 8] Ready.
[client 7] Ready.
[client 14] Ready.
[client 12] Ready.
[client 11] Ready.
[client 13] Ready.
[client 19] Ready.
[client 22] Ready.
[client 18] Ready.
[client 16] Ready.
[client 15] Ready.
[client 21] Ready.
[client 20] Ready.
[client 17] Ready.
[client 24] Ready.
[client 23] Ready.
[client 25] Ready.
[client 34] Ready.
[client 30] Ready.
[client 32] Ready.
[client 28] Ready.
[client 26] Ready.
[client 37] Ready.
[client 36] Ready.
[client 29] Ready.
[client 27] Ready.
[client 33] Ready.
[client 31] Ready.
[client 40] Ready.
[client 35] Ready.
[client 38] Ready.
[client 41] Ready.
[client 46] Ready.
[client 39] Ready.
[client 45] Ready.
[client 44] Ready.
[client 42] Ready.
[client 43] Ready.
[client 52] Ready.
[client 48] Ready.
[client 49] Ready.
[client 50] Ready.
[client 47] Ready.
[client 51] Ready.
[client 59] Ready.
[client 55] Ready.
[client 53] Ready.
[client 54] Ready.
[client 60] Ready.
[client 56] Ready.
[client 57] Ready.
[client 58] Ready.
[client 63] Ready.
[client 62] Ready.
[client 61] Ready.
[client] all clients ready...
wait to be able to send pkt if necessary
start to send pkt
[client] all clients finish!
[client] processing statistics

thpt interval: 1 s, seccnt: 5

[sec 0]

overall totalpktcnt: 581962, throughput (MOPS): 0.555002

[sec 1]

overall totalpktcnt: 516796, throughput (MOPS): 0.492855

[sec 2]

overall totalpktcnt: 489300, throughput (MOPS): 0.466633

[sec 3]

overall totalpktcnt: 496074, throughput (MOPS): 0.473093

[sec 4]

overall totalpktcnt: 501994, throughput (MOPS): 0.478739

[Latency Statistics of total_latency_list ]
| min | max | avg | 90th | 99th | largest | median | sum |
| 13.91 | 23476.7 | 122.932 | 29.452 | 1543.87 | 23476.7 | 21.743 | 3.40575e+08 |
[Latency Statistics of perclient_avgsend_latency_list ]
| min | max | avg | 90th | 99th | largest | median | sum |
| 4.77792 | 5.53244 | 5.08385 | 5.23829 | 5.53244 | 5.53244 | 5.09458 | 325.366 |
[Latency Statistics of perclient_avgwait_latency_list ]
| min | max | avg | 90th | 99th | largest | median | sum |
| 0.612042 | 0.899671 | 0.736956 | 0.811651 | 0.899671 | 0.899671 | 0.73343 | 47.1652 |
total_unmatched_cnt: 0
total_timeout_cnt: 0
client-side total pktcnt: 2770441, total time: 5.431646 s, total thpt: 0.486427 MOPS
cache hit pktcnt: 2572425
per-server pktcnt: 0 0 0 0 0 0 0 0 0 0 0 0 0 0 0 0 0 0 0 0 0 0 0 0 0 0 0 0 0 0 0 0 0 0 0 0 0 0 0 0 0 0 0 0 0 0 0 0 0 0 0 0 0 0 0 0 0 0 0 0 0 0 0 0 0 0 0 0 0 0 0 0 0 0 0 0 0 0 0 0 0 0 0 0 0 0 0 0 0 0 0 0 0 0 0 0 0 0 0 0 0 0 0 0 0 0 0 0 0 0 0 0 0 0 0 0 0 0 0 0 0 0 0 198015 0 0 0 0
result for server rotation of client 1: 198015 2770441 0.486427 122.931561
Finish dumping statistics!
