workload_name: synthetic
workload_mode: 1
dynamic_periodnum: 7
dynamic_periodinterval: 10
dynamic_ruleprefix: dynamicrules/synthetic-hotin.out
val_t::MAX_VALLEN: 128
ParserIterator::load_batch_size: 10000
client_physical_num: 2
server_physical_num: 2
client_total_logical_num: 128
server_total_logical_num: 2
server_total_logical_num_for_rotation: 128
max_server_total_logical_num: 2

client_rotationdataserver_port: 1025
client_sendpktserver_port_start: 1026
client_rulemapserver_port_start: 1036
client_worker_port_start: 8888

client_logical_nums[0]: 64
client_ips[0]: 10.0.1.11
client_macs[0]: 3c:fd:fe:bb:ca:79
client_fpports[0]: 11/0
client_pipeidxes[0]: 0
client_logical_nums[1]: 64
client_ips[1]: 10.0.1.15
client_macs[1]: 3c:fd:fe:b5:28:59
client_fpports[1]: 1/0
client_pipeidxes[1]: 1

server_load_factor: 5
server_worker_port_start: 1152
server_evictserver_port_start: 2222
server_snapshotserver_port_start: 3333
server_snapshotdataserver_port_start: 4444
transaction_loadfinishserver_port: 8000

server_worker_corenums[0]: 16
server_total_corenums[0]: 24
server_logical_idxes_list[0]: 0 
server_ips[0]: 10.0.1.16
server_macs[0]: 3c:fd:fe:b5:1f:e1
server_fpports[0]: 16/0
server_pipeidxes[0]: 0
server_ip_for_controller_list[0]: 172.16.112.16
server_worker_corenums[1]: 16
server_total_corenums[1]: 48
server_logical_idxes_list[1]: 1 
server_ips[1]: 10.0.1.13
server_macs[1]: 3c:fd:fe:bb:c9:c8
server_fpports[1]: 13/0
server_pipeidxes[1]: 0
server_ip_for_controller_list[1]: 172.16.112.13

controller ip for server: 172.16.112.16
controller ip for switchos: 172.16.112.16
controller_popserver_port_start: 5555
controller_evictserver_port: 5002
controller_snapshot_period: 10000
controller_warmupfinishserver_port: 5010

switch_partition_count: 32768
switch_kv_bucket_num: 10000
switch_pipeline_num: 2
val_t::SWITCH_MAX_VALLEN: 128
switchos_popserver_port: 5003
switchos ip: 172.16.112.17
switchos_sample_cnt: 10
switchos_snapshotserver_port: 5004
switchos_specialcaseserver_port: 5005
switchos_ptf_popserver_port: 5006
switchos_ptf_snapshotserver_port: 5007

reflector ip for switchos: 172.16.112.16
reflector_dp2cpserver_port: 5008
reflector_cp2dpserver_port: 5009

raw_load_workload_filename for loading phase: synthetic-load.out
server_load_workload_dir for loading phase: synthetic-load-2
raw_warmup_workload_filename for warmup phase: synthetic-warmup.out
raw_run_workload_filename for transaction phase: synthetic-run.out
client_workload_dir for transaction phase: synthetic-run-128
perserver_keyrange: 32768

[client.sendpktserver] ready
[client] prepare clients ...
[client.rulemapserver] ready
[client 13] Ready.
[client 2] Ready.
[client 7] Ready.
[client 25] Ready.
[client 8] Ready.
[client 3] Ready.
[client 17] Ready.
[client 0] Ready.
[client 4] Ready.
[client 24] Ready.
[client 22] Ready.
[client 34] Ready.
[client 5] Ready.
[client 27] Ready.
[client 16] Ready.
[client 15] Ready.
[client 30] Ready.
[client 49] Ready.
[client 33] Ready.
[client 20] Ready.
[client 50] Ready.
[client 1] Ready.
[client 28] Ready.
[client 47] Ready.
[client 42] Ready.
[client 11] Ready.
[client 57] Ready.
[client 41] Ready.
[client 37] Ready.
[client 18] Ready.
[client 31] Ready.
[client 36] Ready.
[client 32] Ready.
[client 26] Ready.
[client 21] Ready.
[client 14] Ready.
[client 40] Ready.
[client 35] Ready.
[client 38] Ready.
[client 6] Ready.
[client 54] Ready.
[client 9] Ready.
[client 19] Ready.
[client 12] Ready.
[client 43] Ready.
[client 44] Ready.
[client 58] Ready.
[client 52] Ready.
[client 10] Ready.
[client 46] Ready.
[client 48] Ready.
[client 23] Ready.
[client 39] Ready.
[client 59] Ready.
[client 45] Ready.
[client 56] Ready.
[client 51] Ready.
[client 29] Ready.
[client 53] Ready.
[client 55] Ready.
[client 60] Ready.
[client 61] Ready.
[client 62] Ready.
[client 63] Ready.
[client] all clients ready...
wait to be able to send pkt if necessary
start to send pkt
switch dynamic rulemap from period 0 to 1
switch dynamic rulemap from period 1 to 2
switch dynamic rulemap from period 2 to 3
switch dynamic rulemap from period 3 to 4
switch dynamic rulemap from period 4 to 5
switch dynamic rulemap from period 5 to 6
[client] all clients finish!
[client] processing statistics

thpt interval: 1 s, seccnt: 70

[sec 0]

overall totalpktcnt: 107237, throughput (MOPS): 0.102269

[sec 1]

overall totalpktcnt: 107628, throughput (MOPS): 0.102642

[sec 2]

overall totalpktcnt: 112779, throughput (MOPS): 0.107554

[sec 3]

overall totalpktcnt: 116527, throughput (MOPS): 0.111129

[sec 4]

overall totalpktcnt: 118517, throughput (MOPS): 0.113027

[sec 5]

overall totalpktcnt: 118135, throughput (MOPS): 0.112662

[sec 6]

overall totalpktcnt: 120321, throughput (MOPS): 0.114747

[sec 7]

overall totalpktcnt: 119131, throughput (MOPS): 0.113612

[sec 8]

overall totalpktcnt: 122207, throughput (MOPS): 0.116546

[sec 9]

overall totalpktcnt: 120766, throughput (MOPS): 0.115171

[sec 10]

overall totalpktcnt: 106884, throughput (MOPS): 0.101933

[sec 11]

overall totalpktcnt: 115761, throughput (MOPS): 0.110398

[sec 12]

overall totalpktcnt: 119126, throughput (MOPS): 0.113607

[sec 13]

overall totalpktcnt: 116137, throughput (MOPS): 0.110757

[sec 14]

overall totalpktcnt: 113752, throughput (MOPS): 0.108482

[sec 15]

overall totalpktcnt: 116112, throughput (MOPS): 0.110733

[sec 16]

overall totalpktcnt: 114926, throughput (MOPS): 0.109602

[sec 17]

overall totalpktcnt: 114487, throughput (MOPS): 0.109183

[sec 18]

overall totalpktcnt: 115990, throughput (MOPS): 0.110617

[sec 19]

overall totalpktcnt: 112419, throughput (MOPS): 0.107211

[sec 20]

overall totalpktcnt: 104399, throughput (MOPS): 0.099563

[sec 21]

overall totalpktcnt: 108977, throughput (MOPS): 0.103929

[sec 22]

overall totalpktcnt: 113953, throughput (MOPS): 0.108674

[sec 23]

overall totalpktcnt: 115833, throughput (MOPS): 0.110467

[sec 24]

overall totalpktcnt: 115765, throughput (MOPS): 0.110402

[sec 25]

overall totalpktcnt: 113681, throughput (MOPS): 0.108415

[sec 26]

overall totalpktcnt: 112130, throughput (MOPS): 0.106936

[sec 27]

overall totalpktcnt: 113408, throughput (MOPS): 0.108154

[sec 28]

overall totalpktcnt: 111539, throughput (MOPS): 0.106372

[sec 29]

overall totalpktcnt: 109746, throughput (MOPS): 0.104662

[sec 30]

overall totalpktcnt: 100580, throughput (MOPS): 0.095921

[sec 31]

overall totalpktcnt: 106884, throughput (MOPS): 0.101933

[sec 32]

overall totalpktcnt: 109176, throughput (MOPS): 0.104118

[sec 33]

overall totalpktcnt: 110950, throughput (MOPS): 0.105810

[sec 34]

overall totalpktcnt: 111012, throughput (MOPS): 0.105869

[sec 35]

overall totalpktcnt: 110362, throughput (MOPS): 0.105249

[sec 36]

overall totalpktcnt: 109284, throughput (MOPS): 0.104221

[sec 37]

overall totalpktcnt: 107615, throughput (MOPS): 0.102630

[sec 38]

overall totalpktcnt: 106957, throughput (MOPS): 0.102002

[sec 39]

overall totalpktcnt: 106840, throughput (MOPS): 0.101891

[sec 40]

overall totalpktcnt: 96433, throughput (MOPS): 0.091966

[sec 41]

overall totalpktcnt: 95807, throughput (MOPS): 0.091369

[sec 42]

overall totalpktcnt: 98010, throughput (MOPS): 0.093470

[sec 43]

overall totalpktcnt: 96301, throughput (MOPS): 0.091840

[sec 44]

overall totalpktcnt: 97877, throughput (MOPS): 0.093343

[sec 45]

overall totalpktcnt: 97807, throughput (MOPS): 0.093276

[sec 46]

overall totalpktcnt: 101562, throughput (MOPS): 0.096857

[sec 47]

overall totalpktcnt: 100177, throughput (MOPS): 0.095536

[sec 48]

overall totalpktcnt: 104337, throughput (MOPS): 0.099504

[sec 49]

overall totalpktcnt: 103465, throughput (MOPS): 0.098672

[sec 50]

overall totalpktcnt: 94638, throughput (MOPS): 0.090254

[sec 51]

overall totalpktcnt: 93717, throughput (MOPS): 0.089375

[sec 52]

overall totalpktcnt: 97739, throughput (MOPS): 0.093211

[sec 53]

overall totalpktcnt: 99655, throughput (MOPS): 0.095038

[sec 54]

overall totalpktcnt: 96227, throughput (MOPS): 0.091769

[sec 55]

overall totalpktcnt: 97945, throughput (MOPS): 0.093408

[sec 56]

overall totalpktcnt: 97097, throughput (MOPS): 0.092599

[sec 57]

overall totalpktcnt: 99272, throughput (MOPS): 0.094673

[sec 58]

overall totalpktcnt: 99545, throughput (MOPS): 0.094934

[sec 59]

overall totalpktcnt: 100070, throughput (MOPS): 0.095434

[sec 60]

overall totalpktcnt: 92808, throughput (MOPS): 0.088509

[sec 61]

overall totalpktcnt: 92112, throughput (MOPS): 0.087845

[sec 62]

overall totalpktcnt: 93066, throughput (MOPS): 0.088755

[sec 63]

overall totalpktcnt: 93132, throughput (MOPS): 0.088818

[sec 64]

overall totalpktcnt: 92420, throughput (MOPS): 0.088139

[sec 65]

overall totalpktcnt: 92456, throughput (MOPS): 0.088173

[sec 66]

overall totalpktcnt: 92030, throughput (MOPS): 0.087767

[sec 67]

overall totalpktcnt: 96861, throughput (MOPS): 0.092374

[sec 68]

overall totalpktcnt: 94784, throughput (MOPS): 0.090393

[sec 69]

overall totalpktcnt: 95046, throughput (MOPS): 0.090643

[Latency Statistics of total_latency_list ]
| min | max | avg | 90th | 99th | largest | median | sum |
| 12.663 | 30118.9 | 604.266 | 1935.12 | 2240.59 | 30118.9 | 97.252 | 4.47781e+09 |
[Latency Statistics of perclient_avgsend_latency_list ]
| min | max | avg | 90th | 99th | largest | median | sum |
| 4.78434 | 5.18119 | 4.95847 | 5.05041 | 5.18119 | 5.18119 | 4.95232 | 317.342 |
[Latency Statistics of perclient_avgwait_latency_list ]
| min | max | avg | 90th | 99th | largest | median | sum |
| 1.19042 | 1.41737 | 1.27964 | 1.34166 | 1.41737 | 1.41737 | 1.27519 | 81.897 |
total_unmatched_cnt: 0
total_timeout_cnt: 0
client-side total pktcnt: 7410330, total time: 70.035431 s, total thpt: 0.100907 MOPS
cache hit pktcnt: 3170484
per-server pktcnt: 2133405 2106441

per-sec total throughput:
107235 107630 112777 116518 118528 118132 120323 119127 122210 120768 106880 115761 119127 116137 113754 116110 114928 114485 115988 112417 104406 108971 113956 115832 115766 113681 112130 113407 111541 109742 100581 106885 109178 110948 111012 110364 109283 107615 106959 106840 96432 95808 98006 96304 97878 97806 101560 100180 104335 103466 94634 93720 97739 99656 96225 97948 97097 99267 99550 100069 92806 92115 93062 93135 92419 92455 92033 96861 94782 95045

per-sec per-server throughput:
28669 28495
27765 27338
28687 28604
29649 29651
30129 30165
29984 30025
30425 30912
30564 30168
31182 30978
30928 30934
32078 31966
33766 33535
34193 33625
32936 32972
32385 32118
32801 32876
32596 32348
32280 32461
32834 32368
31551 31496
32575 32780
31769 31635
32965 32873
33016 33075
32995 32924
32363 32441
31547 31795
31977 32170
31620 31469
31162 31056
31918 31822
31348 31190
31687 31619
31533 31742
31661 31361
31645 31302
31144 30662
30878 30486
30458 30305
30384 30346
30963 30367
30384 28250
30950 28582
30750 27782
30937 28188
30753 27956
29403 29462
29022 28955
30230 30001
29862 29842
30263 30033
27945 28014
28658 28764
28882 28796
27907 27997
28132 28304
28087 28011
28571 28477
28695 28577
28804 28519
29574 29348
28729 27669
29077 27329
28753 27156
28654 26857
28414 27205
27552 26501
27937 28173
27769 27485
27700 27750
Finish dumping statistics!
