workload_name: synthetic
workload_mode: 1
dynamic_periodnum: 7
dynamic_periodinterval: 10
dynamic_ruleprefix: dynamicrules/synthetic-hotin.out
val_t::MAX_VALLEN: 128
ParserIterator::load_batch_size: 10000
client_physical_num: 2
server_physical_num: 2
client_total_logical_num: 128
server_total_logical_num: 2
server_total_logical_num_for_rotation: 128
max_server_total_logical_num: 2

client_rotationdataserver_port: 1025
client_sendpktserver_port_start: 1026
client_rulemapserver_port_start: 1036
client_worker_port_start: 8888

client_logical_nums[0]: 64
client_ips[0]: 10.0.1.11
client_macs[0]: 3c:fd:fe:bb:ca:79
client_fpports[0]: 11/0
client_pipeidxes[0]: 0
client_logical_nums[1]: 64
client_ips[1]: 10.0.1.15
client_macs[1]: 3c:fd:fe:b5:28:59
client_fpports[1]: 1/0
client_pipeidxes[1]: 1

server_load_factor: 5
server_worker_port_start: 1152
server_evictserver_port_start: 2222
server_snapshotserver_port_start: 3333
server_snapshotdataserver_port_start: 4444
transaction_loadfinishserver_port: 8000

server_worker_corenums[0]: 16
server_total_corenums[0]: 24
server_logical_idxes_list[0]: 0 
server_ips[0]: 10.0.1.16
server_macs[0]: 3c:fd:fe:b5:1f:e1
server_fpports[0]: 16/0
server_pipeidxes[0]: 0
server_ip_for_controller_list[0]: 172.16.112.16
server_worker_corenums[1]: 16
server_total_corenums[1]: 48
server_logical_idxes_list[1]: 1 
server_ips[1]: 10.0.1.13
server_macs[1]: 3c:fd:fe:bb:c9:c8
server_fpports[1]: 13/0
server_pipeidxes[1]: 0
server_ip_for_controller_list[1]: 172.16.112.13

controller ip for server: 172.16.112.16
controller ip for switchos: 172.16.112.16
controller_popserver_port_start: 5555
controller_evictserver_port: 5002
controller_snapshot_period: 10000
controller_warmupfinishserver_port: 5010

switch_partition_count: 32768
switch_kv_bucket_num: 10000
switch_pipeline_num: 2
val_t::SWITCH_MAX_VALLEN: 128
switchos_popserver_port: 5003
switchos ip: 172.16.112.17
switchos_sample_cnt: 10
switchos_snapshotserver_port: 5004
switchos_specialcaseserver_port: 5005
switchos_ptf_popserver_port: 5006
switchos_ptf_snapshotserver_port: 5007

reflector ip for switchos: 172.16.112.16
reflector_dp2cpserver_port: 5008
reflector_cp2dpserver_port: 5009

raw_load_workload_filename for loading phase: synthetic-load.out
server_load_workload_dir for loading phase: synthetic-load-2
raw_warmup_workload_filename for warmup phase: synthetic-warmup.out
raw_run_workload_filename for transaction phase: synthetic-run.out
client_workload_dir for transaction phase: synthetic-run-128
perserver_keyrange: 32768

[client] prepare clients ...
[client 13] Ready.
[client 11] Ready.
[client 8] Ready.
[client 25] Ready.
[client 44] Ready.
[client 22] Ready.
[client 38] Ready.
[client 0] Ready.
[client 14] Ready.
[client 23] Ready.
[client 39] Ready.
[client 4] Ready.
[client 21] Ready.
[client 40] Ready.
[client 18] Ready.
[client 31] Ready.
[client 45] Ready.
[client 16] Ready.
[client 24] Ready.
[client 55] Ready.
[client 37] Ready.
[client 47] Ready.
[client 3] Ready.
[client 6] Ready.
[client 27] Ready.
[client 46] Ready.
[client 2] Ready.
[client 35] Ready.
[client 59] Ready.
[client 36] Ready.
[client 10] Ready.
[client 1] Ready.
[client 41] Ready.
[client 29] Ready.
[client 32] Ready.
[client 43] Ready.
[client 33] Ready.
[client 50] Ready.
[client 56] Ready.
[client 7] Ready.
[client 30] Ready.
[client 51] Ready.
[client 9] Ready.
[client 26] Ready.
[client 48] Ready.
[client 53] Ready.
[client 5] Ready.
[client 15] Ready.
[client 49] Ready.
[client 34] Ready.
[client 54] Ready.
[client 12] Ready.
[client 20] Ready.
[client 17] Ready.
[client 19] Ready.
[client 63] Ready.
[client 57] Ready.
[client 28] Ready.
[client 58] Ready.
[client 42] Ready.
[client 62] Ready.
[client 52] Ready.
[client 60] Ready.
[client 61] Ready.
[client] all clients ready...
start to send pkt
timeout key 35c00016 from client 0 to server 0
switch dynamic rulemap from period 0 to 1
switch dynamic rulemap from period 1 to 2
switch dynamic rulemap from period 2 to 3
switch dynamic rulemap from period 3 to 4
switch dynamic rulemap from period 4 to 5
switch dynamic rulemap from period 5 to 6
[client] all clients finish!
[client] processing statistics

thpt interval: 1 s, seccnt: 70

[sec 0]

overall totalpktcnt: 182621, throughput (MOPS): 0.174161

[sec 1]

overall totalpktcnt: 140663, throughput (MOPS): 0.134147

[sec 2]

overall totalpktcnt: 142278, throughput (MOPS): 0.135687

[sec 3]

overall totalpktcnt: 135379, throughput (MOPS): 0.129107

[sec 4]

overall totalpktcnt: 138838, throughput (MOPS): 0.132406

[sec 5]

overall totalpktcnt: 149878, throughput (MOPS): 0.142935

[sec 6]

overall totalpktcnt: 144833, throughput (MOPS): 0.138124

[sec 7]

overall totalpktcnt: 143501, throughput (MOPS): 0.136853

[sec 8]

overall totalpktcnt: 140743, throughput (MOPS): 0.134223

[sec 9]

overall totalpktcnt: 137985, throughput (MOPS): 0.131593

[sec 10]

overall totalpktcnt: 120348, throughput (MOPS): 0.114773

[sec 11]

overall totalpktcnt: 125678, throughput (MOPS): 0.119856

[sec 12]

overall totalpktcnt: 124818, throughput (MOPS): 0.119036

[sec 13]

overall totalpktcnt: 121997, throughput (MOPS): 0.116345

[sec 14]

overall totalpktcnt: 123839, throughput (MOPS): 0.118102

[sec 15]

overall totalpktcnt: 124698, throughput (MOPS): 0.118921

[sec 16]

overall totalpktcnt: 124571, throughput (MOPS): 0.118800

[sec 17]

overall totalpktcnt: 122617, throughput (MOPS): 0.116937

[sec 18]

overall totalpktcnt: 123040, throughput (MOPS): 0.117340

[sec 19]

overall totalpktcnt: 121422, throughput (MOPS): 0.115797

[sec 20]

overall totalpktcnt: 123056, throughput (MOPS): 0.117355

[sec 21]

overall totalpktcnt: 127670, throughput (MOPS): 0.121756

[sec 22]

overall totalpktcnt: 124481, throughput (MOPS): 0.118714

[sec 23]

overall totalpktcnt: 123236, throughput (MOPS): 0.117527

[sec 24]

overall totalpktcnt: 122753, throughput (MOPS): 0.117066

[sec 25]

overall totalpktcnt: 124076, throughput (MOPS): 0.118328

[sec 26]

overall totalpktcnt: 127411, throughput (MOPS): 0.121509

[sec 27]

overall totalpktcnt: 124084, throughput (MOPS): 0.118336

[sec 28]

overall totalpktcnt: 123481, throughput (MOPS): 0.117761

[sec 29]

overall totalpktcnt: 119849, throughput (MOPS): 0.114297

[sec 30]

overall totalpktcnt: 118936, throughput (MOPS): 0.113426

[sec 31]

overall totalpktcnt: 127595, throughput (MOPS): 0.121684

[sec 32]

overall totalpktcnt: 124169, throughput (MOPS): 0.118417

[sec 33]

overall totalpktcnt: 122987, throughput (MOPS): 0.117290

[sec 34]

overall totalpktcnt: 121258, throughput (MOPS): 0.115641

[sec 35]

overall totalpktcnt: 123103, throughput (MOPS): 0.117400

[sec 36]

overall totalpktcnt: 128524, throughput (MOPS): 0.122570

[sec 37]

overall totalpktcnt: 124595, throughput (MOPS): 0.118823

[sec 38]

overall totalpktcnt: 123467, throughput (MOPS): 0.117747

[sec 39]

overall totalpktcnt: 121859, throughput (MOPS): 0.116214

[sec 40]

overall totalpktcnt: 115589, throughput (MOPS): 0.110234

[sec 41]

overall totalpktcnt: 129807, throughput (MOPS): 0.123794

[sec 42]

overall totalpktcnt: 127199, throughput (MOPS): 0.121306

[sec 43]

overall totalpktcnt: 124978, throughput (MOPS): 0.119188

[sec 44]

overall totalpktcnt: 124135, throughput (MOPS): 0.118384

[sec 45]

overall totalpktcnt: 122475, throughput (MOPS): 0.116801

[sec 46]

overall totalpktcnt: 129797, throughput (MOPS): 0.123784

[sec 47]

overall totalpktcnt: 125841, throughput (MOPS): 0.120011

[sec 48]

overall totalpktcnt: 125056, throughput (MOPS): 0.119263

[sec 49]

overall totalpktcnt: 122560, throughput (MOPS): 0.116882

[sec 50]

overall totalpktcnt: 120899, throughput (MOPS): 0.115298

[sec 51]

overall totalpktcnt: 128475, throughput (MOPS): 0.122523

[sec 52]

overall totalpktcnt: 126390, throughput (MOPS): 0.120535

[sec 53]

overall totalpktcnt: 123218, throughput (MOPS): 0.117510

[sec 54]

overall totalpktcnt: 122199, throughput (MOPS): 0.116538

[sec 55]

overall totalpktcnt: 120709, throughput (MOPS): 0.115117

[sec 56]

overall totalpktcnt: 127931, throughput (MOPS): 0.122005

[sec 57]

overall totalpktcnt: 126054, throughput (MOPS): 0.120214

[sec 58]

overall totalpktcnt: 123191, throughput (MOPS): 0.117484

[sec 59]

overall totalpktcnt: 122224, throughput (MOPS): 0.116562

[sec 60]

overall totalpktcnt: 119509, throughput (MOPS): 0.113973

[sec 61]

overall totalpktcnt: 125950, throughput (MOPS): 0.120115

[sec 62]

overall totalpktcnt: 125892, throughput (MOPS): 0.120060

[sec 63]

overall totalpktcnt: 124619, throughput (MOPS): 0.118846

[sec 64]

overall totalpktcnt: 122897, throughput (MOPS): 0.117204

[sec 65]

overall totalpktcnt: 120807, throughput (MOPS): 0.115211

[sec 66]

overall totalpktcnt: 125872, throughput (MOPS): 0.120041

[sec 67]

overall totalpktcnt: 126208, throughput (MOPS): 0.120361

[sec 68]

overall totalpktcnt: 123331, throughput (MOPS): 0.117618

[sec 69]

overall totalpktcnt: 158963, throughput (MOPS): 0.151599

[Latency Statistics of total_latency_list ]
| min | max | avg | 90th | 99th | largest | median | sum |
| 11.179 | 138006 | 503.665 | 1609.9 | 1763.85 | 138006 | 79.136 | 4.49729e+09 |
[Latency Statistics of perclient_avgsend_latency_list ]
| min | max | avg | 90th | 99th | largest | median | sum |
| 4.15764 | 4.37101 | 4.25952 | 4.32106 | 4.37101 | 4.37101 | 4.26414 | 272.609 |
[Latency Statistics of perclient_avgwait_latency_list ]
| min | max | avg | 90th | 99th | largest | median | sum |
| 1.09588 | 2.13436 | 1.76818 | 2.05173 | 2.13436 | 2.13436 | 1.85179 | 113.163 |
total_unmatched_cnt: 1
total_timeout_cnt: 1
client-side total pktcnt: 8929120, total time: 70.331619 s, total thpt: 0.121076 MOPS
cache hit pktcnt: 3730226
per-server pktcnt: 2593657 2605237

per-sec total throughput:
182614 140667 142281 135377 138832 149878 144837 143502 140744 137976 120355 125679 124818 121997 123837 124697 124574 122616 123043 121420 123056 127668 124481 123237 122754 124072 127411 124089 123482 119845 118940 127594 124168 122984 121260 123104 128521 124598 123467 121861 115586 129804 127205 124972 124138 122473 129800 125840 125057 122557 120900 128478 126388 123219 122200 120708 127932 126053 123191 122226 119508 125949 125892 124620 122897 120808 125869 126209 123333 158950

per-sec per-server throughput:
46285 46508
35758 35982
36080 36274
34614 34449
35427 35310
38107 38275
36880 36903
36601 36472
35971 35962
34741 35425
36046 36046
37561 37488
37088 37382
36726 36421
36408 37392
37325 37021
37293 37146
36428 36616
36428 36499
36041 36265
36701 36631
37890 38393
37237 37215
36755 36538
36345 36726
36750 37150
37484 38239
36738 36789
36460 36605
35483 35458
35368 35737
38013 38137
37206 37030
36747 36887
36315 36130
36783 36786
38323 38334
37242 37402
36671 36700
36162 36636
34284 34370
38352 38769
37831 37793
37137 37262
37048 37126
36438 36580
38493 38760
37347 37453
36868 37245
36479 36586
35849 36447
38021 38871
37605 37885
36925 37261
36440 37039
35998 36348
38097 38698
37474 37926
36834 36745
36233 36879
35693 35616
37452 37411
37823 37042
37171 37159
36724 36738
35968 36308
37408 37486
37320 37694
36564 36914
47295 47465
Finish dumping statistics!
