8929120
182614 140667 142281 135377 138832 149878 144837 143502 140744 137976 120355 125679 124818 121997 123837 124697 124574 122616 123043 121420 123056 127668 124481 123237 122754 124072 127411 124089 123482 119845 118940 127594 124168 122984 121260 123104 128521 124598 123467 121861 115586 129804 127205 124972 124138 122473 129800 125840 125057 122557 120900 128478 126388 123219 122200 120708 127932 126053 123191 122226 119508 125949 125892 124620 122897 120808 125869 126209 123333 158950
46285 46508
35758 35982
36080 36274
34614 34449
35427 35310
38107 38275
36880 36903
36601 36472
35971 35962
34741 35425
36046 36046
37561 37488
37088 37382
36726 36421
36408 37392
37325 37021
37293 37146
36428 36616
36428 36499
36041 36265
36701 36631
37890 38393
37237 37215
36755 36538
36345 36726
36750 37150
37484 38239
36738 36789
36460 36605
35483 35458
35368 35737
38013 38137
37206 37030
36747 36887
36315 36130
36783 36786
38323 38334
37242 37402
36671 36700
36162 36636
34284 34370
38352 38769
37831 37793
37137 37262
37048 37126
36438 36580
38493 38760
37347 37453
36868 37245
36479 36586
35849 36447
38021 38871
37605 37885
36925 37261
36440 37039
35998 36348
38097 38698
37474 37926
36834 36745
36233 36879
35693 35616
37452 37411
37823 37042
37171 37159
36724 36738
35968 36308
37408 37486
37320 37694
36564 36914
47295 47465
