10775844
142407 134550 144989 154397 159258 164280 165998 168357 168406 170359 137453 148037 152103 154112 153477 154445 155174 154510 154857 154492 139413 149064 151371 149549 146696 151030 151289 151891 152293 152786 137304 149666 150564 150658 151475 150588 150985 150326 150421 151715 133784 147662 147528 140612 144613 146463 146997 148882 147666 149028 131997 141957 146164 147029 146616 147547 150706 158990 159516 167959 149810 167245 170143 171798 172305 173233 172838 172937 174128 218902
37926 38399
34441 34478
36919 36907
39206 39318
40731 40398
41711 41871
42383 42261
42715 42862
42994 43024
43116 43448
42480 42127
42201 42266
42655 42343
42573 42679
42698 42181
42664 42733
42791 42515
42755 42531
42698 42876
42729 42362
42820 42757
42430 42461
42264 42442
41682 41597
40787 40761
42064 41800
41875 41740
41997 41827
42341 42021
42350 41865
42594 42133
42265 42726
42127 42117
41984 42153
41979 42208
41811 41916
41851 41931
41820 41487
41804 41723
41866 41957
41922 41609
41478 41914
41355 41239
39245 39368
40366 40004
41098 40811
41234 40878
41272 41527
41287 41042
41335 41426
41655 41875
40448 40048
41325 40616
41162 40923
41127 40790
41159 41394
42147 41940
44174 44073
44263 44147
46417 46405
47092 47175
46908 47272
47534 47374
47407 47591
47502 47660
47574 48084
47574 47723
47620 47602
47590 47951
60318 60129
