7458685
123666 110333 113088 118378 116019 120592 119919 119968 121633 122412 104987 117193 119757 114448 115652 116367 114960 114373 115276 112216 103396 110041 115146 116164 115792 113691 111273 113290 110833 110785 99391 107984 110504 110159 110862 111621 108336 106878 106718 106484 94230 95882 97842 97845 97876 100040 101001 99514 105235 102575 90352 96176 98585 99422 95999 97753 97154 100152 99419 100043 91933 93159 94476 92106 92000 91472 93909 95716 94347 121875
32230 32394
28035 28350
28990 28703
29881 30209
29614 29564
30909 30489
30422 30807
30537 30427
31019 30986
31084 31072
32920 32861
33818 34041
33941 33852
32791 32369
32703 32637
32908 32766
32632 32263
32058 32344
32472 32231
31746 31408
32818 32691
31762 31838
32910 33133
33103 33287
32790 33011
32233 32609
31630 31390
31929 32119
31390 31360
31260 31386
31820 32279
31274 31299
31547 31950
31666 31454
31638 31636
31748 31558
30746 30693
30589 30454
30520 30335
30382 30214
31115 30298
30415 28216
30975 28296
30926 28500
30900 28306
30614 28857
29454 29094
28904 28804
30320 30584
29694 29562
29577 29543
28407 28569
28840 28679
28860 29047
27416 28094
28337 28230
28020 28242
28709 28811
28621 28650
28775 28627
29635 29865
28795 27633
29029 27587
28687 26831
28614 26941
28425 26660
27370 27366
27948 28042
27791 27494
35625 35371
