10678457
117133 130255 142197 151864 157620 163810 164652 166886 168353 169674 144874 145380 150955 153799 154422 154137 153757 155242 153840 154310 141308 148306 150021 150891 144819 151895 150388 150573 152111 152738 138700 148643 149734 150234 150762 150952 150944 151405 150760 150497 135583 146443 146868 142347 141485 147229 147186 148159 148489 148575 133303 140541 146034 145735 146486 148041 148197 157993 160349 165191 153087 164439 169537 171218 171287 172075 173114 171943 174319 174359
32557 32177
33515 33363
36151 35976
38609 38741
40262 39939
41401 42010
42189 41708
42679 42572
42939 42675
43119 43055
42743 42825
41982 42058
42528 42139
42681 42930
42658 42367
42737 42676
42655 42178
42597 42815
42699 42287
42728 42316
42634 42868
42615 42484
42288 41878
42297 41979
40297 40250
41877 41867
42277 41258
41750 41146
42213 41809
42226 41852
42482 41843
42285 42493
42163 41878
42059 41650
41977 41949
41814 41796
41869 41517
41774 41918
41817 41448
41876 41622
41922 41189
41533 41746
41418 40690
39953 39817
39832 39288
40888 40927
41154 40904
41256 40986
41217 41319
41271 41225
41564 41425
40322 40317
41206 41006
41141 40737
41110 40915
41102 41353
41467 41378
44019 43979
44290 44576
45430 45997
46770 47888
46915 46950
47431 46901
47422 47395
47422 47245
47537 47243
47510 47585
47610 46919
47718 47975
47672 47839
