7410330
107235 107630 112777 116518 118528 118132 120323 119127 122210 120768 106880 115761 119127 116137 113754 116110 114928 114485 115988 112417 104406 108971 113956 115832 115766 113681 112130 113407 111541 109742 100581 106885 109178 110948 111012 110364 109283 107615 106959 106840 96432 95808 98006 96304 97878 97806 101560 100180 104335 103466 94634 93720 97739 99656 96225 97948 97097 99267 99550 100069 92806 92115 93062 93135 92419 92455 92033 96861 94782 95045
28669 28495
27765 27338
28687 28604
29649 29651
30129 30165
29984 30025
30425 30912
30564 30168
31182 30978
30928 30934
32078 31966
33766 33535
34193 33625
32936 32972
32385 32118
32801 32876
32596 32348
32280 32461
32834 32368
31551 31496
32575 32780
31769 31635
32965 32873
33016 33075
32995 32924
32363 32441
31547 31795
31977 32170
31620 31469
31162 31056
31918 31822
31348 31190
31687 31619
31533 31742
31661 31361
31645 31302
31144 30662
30878 30486
30458 30305
30384 30346
30963 30367
30384 28250
30950 28582
30750 27782
30937 28188
30753 27956
29403 29462
29022 28955
30230 30001
29862 29842
30263 30033
27945 28014
28658 28764
28882 28796
27907 27997
28132 28304
28087 28011
28571 28477
28695 28577
28804 28519
29574 29348
28729 27669
29077 27329
28753 27156
28654 26857
28414 27205
27552 26501
27937 28173
27769 27485
27700 27750
