8494627
126985 118343 119433 116060 118209 125410 126143 121762 121767 117374 109313 119696 123583 123071 122740 122648 125540 122177 122911 121346 109160 122092 123500 122829 120990 120779 126499 123009 122441 118867 104246 125084 124286 123347 121387 120401 128965 126099 123770 121845 106520 121072 124619 123324 122324 120955 126709 124775 122902 122828 109850 120538 124971 123669 122309 120222 125888 127558 124147 122661 107899 117481 124780 122054 121611 119166 120849 125150 122827 120860
41602 41148
36266 36110
36267 36118
35002 35125
35552 35558
37517 37821
37420 38134
36655 36568
36249 36538
34983 34986
35370 35802
37880 37184
37152 36952
36762 36869
36564 36847
36664 36796
37456 37603
36529 36056
36464 36631
36104 36322
35854 35234
38009 38229
37385 37080
36786 37000
36491 36212
36081 36350
37806 38135
36835 36911
36546 36882
35752 35451
34326 34097
38475 38885
37472 37646
36853 36755
36316 36036
36060 35871
38479 38201
37538 37444
36830 36762
36377 36027
34739 34750
37352 37953
37427 39444
36944 39037
36509 38643
36331 37981
37831 38760
37593 37753
36919 37160
36540 37102
36259 36088
37299 36795
37901 37542
37086 36948
36573 36458
36108 35968
37367 37591
37809 38386
36957 36840
36408 36801
35748 35908
36574 36511
38086 37736
37373 36762
36876 36376
36325 35792
36793 36090
37733 37367
36757 36840
36469 36323
