1
farreach 14869015 70
230901 217963 225865 234896 234547 238724 240242 239095 243843 243180 211867 232954 238884 230585 229406 232477 229888 228858 231264 224633 207802 219012 229102 231996 231558 227372 223403 226697 222374 220527 199972 214869 219682 221107 221874 221985 217619 214493 213677 213324 190662 191690 195848 194149 195754 197846 202561 199694 209570 206041 184986 189896 196324 199078 192224 195701 194251 199419 198969 200112 184739 185274 187538 185241 184419 183927 185942 192577 189129 216920
60899 60889
55800 55688
57677 57307
59530 59860
59743 59729
60893 60514
60847 61719
61101 60595
62201 61964
62012 62006
64998 64827
67584 67576
68134 67477
65727 65341
65088 64755
65709 65642
65228 64611
64338 64805
65306 64599
63297 62904
65393 65471
63531 63473
65875 66006
66119 66362
65785 65935
64596 65050
63177 63185
63906 64289
63010 62829
62422 62442
63738 64101
62622 62489
63234 63569
63199 63196
63299 62997
63393 62860
61890 61355
61467 60940
60978 60640
60766 60560
62078 60665
60799 56466
61925 56878
61676 56282
61837 56494
61367 56813
58857 58556
57926 57759
60550 60585
59556 59404
59840 59576
56352 56583
57498 57443
57742 57843
55323 56091
56469 56534
56107 56253
57280 57288
57316 57227
57579 57146
59209 59213
57524 55302
58106 54916
57440 53987
57268 53798
56839 53865
54922 53867
55885 56215
55560 54979
63325 63121
