1
farreach 21454301 70
259540 264805 287186 306261 316878 328090 330650 335243 336759 340033 282327 293417 303058 307911 307899 308582 308931 309752 308697 308802 280721 297370 301392 300440 291515 302925 301677 302464 304404 305524 276004 298309 300298 300892 302237 301540 301929 301731 301181 302212 269367 294105 294396 282959 286098 293692 294183 297041 296155 297603 265300 282498 292198 292764 293102 295588 298903 316983 319865 333150 302897 331684 339680 343016 343592 345308 345952 344880 348447 393261
70483 70576
67956 67841
73070 72883
77815 78059
80993 80337
83112 83881
84572 83969
85394 85434
85933 85699
86235 86503
85223 84952
84183 84324
85183 84482
85254 85609
85356 84548
85401 85409
85446 84693
85352 85346
85397 85163
85457 84678
85454 85625
85045 84945
84552 84320
83979 83576
81084 81011
83941 83667
84152 82998
83747 82973
84554 83830
84576 83717
85076 83976
84550 85219
84290 83995
84043 83803
83956 84157
83625 83712
83720 83448
83594 83405
83621 83171
83742 83579
83844 82798
83011 83660
82773 81929
79198 79185
80198 79292
81986 81738
82388 81782
82528 82513
82504 82361
82606 82651
83219 83300
80770 80365
82531 81622
82303 81660
82237 81705
82261 82747
83614 83318
88193 88052
88553 88723
91847 92402
93862 95063
93823 94222
94965 94275
94829 94986
94924 94905
95111 95327
95084 95308
95230 94521
95308 95926
107990 107968
