1
farreach 17423747 70
309599 259010 261714 251437 257041 275288 270980 265264 262511 255350 229668 245375 248401 245068 246577 247345 250114 244793 245954 242766 232216 249760 247981 246066 243744 244851 253910 247098 245923 238712 223186 252678 248454 246331 242647 243505 257486 250697 247237 243706 222106 250876 251824 248296 246462 243428 256509 250615 247959 245385 230750 249016 251359 246888 244509 240930 253820 253611 247338 244887 227407 243430 250672 246674 244508 239974 246718 251359 246160 279810
87887 87656
72024 72092
72347 72392
69616 69574
70979 70868
75624 76096
74300 75037
73256 73040
72220 72500
69724 70411
71416 71848
75441 74672
74240 74334
73488 73290
72972 74239
73989 73817
74749 74749
72957 72672
72892 73130
72145 72587
72555 71865
75899 76622
74622 74295
73541 73538
72836 72938
72831 73500
75290 76374
73573 73700
73006 73487
71235 70909
69694 69834
76488 77022
74678 74676
73600 73642
72631 72166
72843 72657
76802 76535
74780 74846
73501 73462
72539 72663
69023 69120
75704 76722
75258 77237
74081 76299
73557 75769
72769 74561
76324 77520
74940 75206
73787 74405
73019 73688
72108 72535
75320 75666
75506 75427
74011 74209
73013 73497
72106 72316
75464 76289
75283 76312
73791 73585
72641 73680
71441 71524
74026 73922
75909 74778
74544 73921
73600 73114
72293 72100
74201 73576
75053 75061
73321 73754
83764 83788
